 
****************************************
Report : timing
        -path full
        -delay max
        -max_paths 1
        -sort_by group
Design : Skinny_0_2
Version: E-2010.12-SP2
Date   : Fri Jun 21 10:33:56 2019
****************************************

Operating Conditions: tt_1p2v_25c   Library: scx3_cmos8rf_lpvt_tt_1p2v_25c
Wire Load Model Mode: top

  Startpoint: CL/COUNT_OP_reg[1]
              (rising edge-triggered flip-flop clocked by CLK)
  Endpoint: KE/CLK_GATE_H_reg
            (negative level-sensitive latch clocked by CLK)
  Path Group: CLK
  Path Type: max

  Point                                    Incr       Path
  -----------------------------------------------------------
  clock CLK (rise edge)                    0.00       0.00
  clock network delay (ideal)              0.00       0.00
  CL/COUNT_OP_reg[1]/CK (DFFTRX1TS)        0.00       0.00 r
  CL/COUNT_OP_reg[1]/QN (DFFTRX1TS)        0.85       0.85 r
  CL/U19/Y (NOR2BX1TS)                     0.27       1.12 r
  CL/U10/Y (NAND2X1TS)                     0.20       1.32 f
  CL/U18/Y (NOR3X1TS)                      0.23       1.56 r
  CL/U3/Y (BUFX3TS)                        0.57       2.12 r
  CL/KEY_CTL[1] (ControlLogic_0_2)         0.00       2.12 r
  KE/KEY_CTL[1] (KeyExpansion_0_2)         0.00       2.12 r
  KE/U6/Y (OR2X2TS)                        0.39       2.51 r
  KE/CLK_GATE_H_reg/D (TLATNX1TS)          0.00       2.51 r
  data arrival time                                   2.51

  clock CLK (fall edge)                 5000.00    5000.00
  clock network delay (ideal)              0.00    5000.00
  KE/CLK_GATE_H_reg/GN (TLATNX1TS)         0.00    5000.00 f
  time borrowed from endpoint              0.00    5000.00
  data required time                               5000.00
  -----------------------------------------------------------
  data required time                               5000.00
  data arrival time                                  -2.51
  -----------------------------------------------------------
  slack (MET)                                      4997.49

  Time Borrowing Information
  -----------------------------------------------
  CLK pulse width                       5000.00   
  library setup time                      -0.14   
  -----------------------------------------------
  max time borrow                       4999.86   
  actual time borrow                       0.00   
  -----------------------------------------------


1
