Information: Updating graph... (UID-83)
 
****************************************
Report : area
Design : Skinny_0_2
Version: E-2010.12-SP2
Date   : Fri Jun 21 10:33:55 2019
****************************************

Information: Updating design information... (UID-85)
Library(s) Used:

    scx3_cmos8rf_lpvt_tt_1p2v_25c (File: /usr/flow/designkits/synthesis/ibm_0.13um/scx3_cmos8rf_lpvt_tt_1p2v_25c.db)

Number of ports:                           13
Number of nets:                            25
Number of cells:                            3
Number of combinational cells:              0
Number of sequential cells:                 0
Number of macros:                           0
Number of buf/inv:                          0
Number of references:                       3

Combinational area:        709.920011
Noncombinational area:    7063.199924
Net Interconnect area:      undefined  (No wire load specified)

Total cell area:          7773.119936
Total area:                 undefined

Hierarchical area distribution
------------------------------

                                  Global cell area          Local cell area
                                  ------------------  --------------------------- 
Hierarchical cell                 Absolute   Percent  Combi-    Noncombi-  Black
                                  Total      Total    national  national   boxes   Design
--------------------------------  ---------  -------  --------  ---------  ------  ---------------------------------------
Skinny_0_2                        7773.1240    100.0    0.0000     0.0000  0.0000  Skinny_0_2
CL                                 640.8000      8.2  253.4400   341.2800  0.0000  ControlLogic_0_2
CL/clk_gate_COUNT_OP_reg            23.0400      0.3    0.0000    23.0400  0.0000  SNPS_CLOCK_GATE_HIGH_ControlLogic_0_2_0
CL/clk_gate_STATE_reg               23.0400      0.3    0.0000    23.0400  0.0000  SNPS_CLOCK_GATE_HIGH_ControlLogic_0_2_1
KE                                5109.1187     65.7   84.9600    34.5600  0.0000  KeyExpansion_0_2
KE/C00                             105.1200      1.4    0.0000     0.0000  0.0000  CellSD_SIZE4_17
KE/C00/DFF                          73.4400      0.9    0.0000    73.4400  0.0000  DataFF_SIZE3_17
KE/C00/SFF                          31.6800      0.4    0.0000    31.6800  0.0000  dflipfloplw_31
KE/C00_0                           105.1200      1.4    0.0000     0.0000  0.0000  CellSD_SIZE4_9
KE/C00_0/DFF                        73.4400      0.9    0.0000    73.4400  0.0000  DataFF_SIZE3_9
KE/C00_0/SFF                        31.6800      0.4    0.0000    31.6800  0.0000  dflipfloplw_23
KE/C00_1                           105.1200      1.4    0.0000     0.0000  0.0000  CellSD_SIZE4_1
KE/C00_1/DFF                        73.4400      0.9    0.0000    73.4400  0.0000  DataFF_SIZE3_1
KE/C00_1/SFF                        31.6800      0.4    0.0000    31.6800  0.0000  dflipfloplw_15
KE/C01                              97.9200      1.3    0.0000     0.0000  0.0000  CellDO_SIZE4_15
KE/C01/DFF                          97.9200      1.3    0.0000    97.9200  0.0000  DataFF_SIZE4_15
KE/C01_0                            97.9200      1.3    0.0000     0.0000  0.0000  CellDO_SIZE4_8
KE/C01_0/DFF                        97.9200      1.3    0.0000    97.9200  0.0000  DataFF_SIZE4_8
KE/C01_1                            97.9200      1.3    0.0000     0.0000  0.0000  CellDO_SIZE4_1
KE/C01_1/DFF                        97.9200      1.3    0.0000    97.9200  0.0000  DataFF_SIZE4_1
KE/C02                              97.9200      1.3    0.0000     0.0000  0.0000  CellDO_SIZE4_16
KE/C02/DFF                          97.9200      1.3    0.0000    97.9200  0.0000  DataFF_SIZE4_16
KE/C02_0                            97.9200      1.3    0.0000     0.0000  0.0000  CellDO_SIZE4_9
KE/C02_0/DFF                        97.9200      1.3    0.0000    97.9200  0.0000  DataFF_SIZE4_9
KE/C02_1                            97.9200      1.3    0.0000     0.0000  0.0000  CellDO_SIZE4_2
KE/C02_1/DFF                        97.9200      1.3    0.0000    97.9200  0.0000  DataFF_SIZE4_2
KE/C03                              97.9200      1.3    0.0000     0.0000  0.0000  CellDO_SIZE4_17
KE/C03/DFF                          97.9200      1.3    0.0000    97.9200  0.0000  DataFF_SIZE4_17
KE/C03_0                            97.9200      1.3    0.0000     0.0000  0.0000  CellDO_SIZE4_10
KE/C03_0/DFF                        97.9200      1.3    0.0000    97.9200  0.0000  DataFF_SIZE4_10
KE/C03_1                            97.9200      1.3    0.0000     0.0000  0.0000  CellDO_SIZE4_3
KE/C03_1/DFF                        97.9200      1.3    0.0000    97.9200  0.0000  DataFF_SIZE4_3
KE/C04                              97.9200      1.3    0.0000     0.0000  0.0000  CellDO_SIZE4_18
KE/C04/DFF                          97.9200      1.3    0.0000    97.9200  0.0000  DataFF_SIZE4_18
KE/C04_0                            97.9200      1.3    0.0000     0.0000  0.0000  CellDO_SIZE4_11
KE/C04_0/DFF                        97.9200      1.3    0.0000    97.9200  0.0000  DataFF_SIZE4_11
KE/C04_1                            97.9200      1.3    0.0000     0.0000  0.0000  CellDO_SIZE4_4
KE/C04_1/DFF                        97.9200      1.3    0.0000    97.9200  0.0000  DataFF_SIZE4_4
KE/C05                              97.9200      1.3    0.0000     0.0000  0.0000  CellDO_SIZE4_19
KE/C05/DFF                          97.9200      1.3    0.0000    97.9200  0.0000  DataFF_SIZE4_19
KE/C05_0                            97.9200      1.3    0.0000     0.0000  0.0000  CellDO_SIZE4_12
KE/C05_0/DFF                        97.9200      1.3    0.0000    97.9200  0.0000  DataFF_SIZE4_12
KE/C05_1                            97.9200      1.3    0.0000     0.0000  0.0000  CellDO_SIZE4_5
KE/C05_1/DFF                        97.9200      1.3    0.0000    97.9200  0.0000  DataFF_SIZE4_5
KE/C06                              97.9200      1.3    0.0000     0.0000  0.0000  CellDO_SIZE4_20
KE/C06/DFF                          97.9200      1.3    0.0000    97.9200  0.0000  DataFF_SIZE4_20
KE/C06_0                            97.9200      1.3    0.0000     0.0000  0.0000  CellDO_SIZE4_13
KE/C06_0/DFF                        97.9200      1.3    0.0000    97.9200  0.0000  DataFF_SIZE4_13
KE/C06_1                            97.9200      1.3    0.0000     0.0000  0.0000  CellDO_SIZE4_6
KE/C06_1/DFF                        97.9200      1.3    0.0000    97.9200  0.0000  DataFF_SIZE4_6
KE/C07                              97.9200      1.3    0.0000     0.0000  0.0000  CellDO_SIZE4_21
KE/C07/DFF                          97.9200      1.3    0.0000    97.9200  0.0000  DataFF_SIZE4_21
KE/C07_0                            97.9200      1.3    0.0000     0.0000  0.0000  CellDO_SIZE4_14
KE/C07_0/DFF                        97.9200      1.3    0.0000    97.9200  0.0000  DataFF_SIZE4_14
KE/C07_1                            97.9200      1.3    0.0000     0.0000  0.0000  CellDO_SIZE4_7
KE/C07_1/DFF                        97.9200      1.3    0.0000    97.9200  0.0000  DataFF_SIZE4_7
KE/C08                             105.1200      1.4    0.0000     0.0000  0.0000  CellSD_SIZE4_18
KE/C08/DFF                          73.4400      0.9    0.0000    73.4400  0.0000  DataFF_SIZE3_18
KE/C08/SFF                          31.6800      0.4    0.0000    31.6800  0.0000  dflipfloplw_32
KE/C08_0                           152.6400      2.0   25.9200     0.0000  0.0000  CellT2_0
KE/C08_0/SFF                       126.7200      1.6    0.0000     0.0000  0.0000  ScanFF_SIZE4_0
KE/C08_0/SFF/SFF_0                  31.6800      0.4    0.0000    31.6800  0.0000  dflipfloplw_8
KE/C08_0/SFF/SFF_1                  31.6800      0.4    0.0000    31.6800  0.0000  dflipfloplw_7
KE/C08_0/SFF/SFF_2                  31.6800      0.4    0.0000    31.6800  0.0000  dflipfloplw_6
KE/C08_0/SFF/SFF_3                  31.6800      0.4    0.0000    31.6800  0.0000  dflipfloplw_5
KE/C08_1                           152.6400      2.0   25.9200     0.0000  0.0000  CellT3_0
KE/C08_1/SFF                       126.7200      1.6    0.0000     0.0000  0.0000  ScanFF_SIZE4_1
KE/C08_1/SFF/SFF_0                  31.6800      0.4    0.0000    31.6800  0.0000  dflipfloplw_4
KE/C08_1/SFF/SFF_1                  31.6800      0.4    0.0000    31.6800  0.0000  dflipfloplw_3
KE/C08_1/SFF/SFF_2                  31.6800      0.4    0.0000    31.6800  0.0000  dflipfloplw_2
KE/C08_1/SFF/SFF_3                  31.6800      0.4    0.0000    31.6800  0.0000  dflipfloplw_1
KE/C09                             105.1200      1.4    0.0000     0.0000  0.0000  CellSD_SIZE4_19
KE/C09/DFF                          73.4400      0.9    0.0000    73.4400  0.0000  DataFF_SIZE3_19
KE/C09/SFF                          31.6800      0.4    0.0000    31.6800  0.0000  dflipfloplw_33
KE/C09_0                           105.1200      1.4    0.0000     0.0000  0.0000  CellSD_SIZE4_10
KE/C09_0/DFF                        73.4400      0.9    0.0000    73.4400  0.0000  DataFF_SIZE3_10
KE/C09_0/SFF                        31.6800      0.4    0.0000    31.6800  0.0000  dflipfloplw_24
KE/C09_1                           105.1200      1.4    0.0000     0.0000  0.0000  CellSD_SIZE4_2
KE/C09_1/DFF                        73.4400      0.9    0.0000    73.4400  0.0000  DataFF_SIZE3_2
KE/C09_1/SFF                        31.6800      0.4    0.0000    31.6800  0.0000  dflipfloplw_16
KE/C10                             105.1200      1.4    0.0000     0.0000  0.0000  CellSD_SIZE4_20
KE/C10/DFF                          73.4400      0.9    0.0000    73.4400  0.0000  DataFF_SIZE3_20
KE/C10/SFF                          31.6800      0.4    0.0000    31.6800  0.0000  dflipfloplw_34
KE/C10_0                           105.1200      1.4    0.0000     0.0000  0.0000  CellSD_SIZE4_11
KE/C10_0/DFF                        73.4400      0.9    0.0000    73.4400  0.0000  DataFF_SIZE3_11
KE/C10_0/SFF                        31.6800      0.4    0.0000    31.6800  0.0000  dflipfloplw_25
KE/C10_1                           105.1200      1.4    0.0000     0.0000  0.0000  CellSD_SIZE4_3
KE/C10_1/DFF                        73.4400      0.9    0.0000    73.4400  0.0000  DataFF_SIZE3_3
KE/C10_1/SFF                        31.6800      0.4    0.0000    31.6800  0.0000  dflipfloplw_17
KE/C11                             105.1200      1.4    0.0000     0.0000  0.0000  CellSD_SIZE4_21
KE/C11/DFF                          73.4400      0.9    0.0000    73.4400  0.0000  DataFF_SIZE3_21
KE/C11/SFF                          31.6800      0.4    0.0000    31.6800  0.0000  dflipfloplw_35
KE/C11_0                           105.1200      1.4    0.0000     0.0000  0.0000  CellSD_SIZE4_12
KE/C11_0/DFF                        73.4400      0.9    0.0000    73.4400  0.0000  DataFF_SIZE3_12
KE/C11_0/SFF                        31.6800      0.4    0.0000    31.6800  0.0000  dflipfloplw_26
KE/C11_1                           105.1200      1.4    0.0000     0.0000  0.0000  CellSD_SIZE4_4
KE/C11_1/DFF                        73.4400      0.9    0.0000    73.4400  0.0000  DataFF_SIZE3_4
KE/C11_1/SFF                        31.6800      0.4    0.0000    31.6800  0.0000  dflipfloplw_18
KE/C12                             105.1200      1.4    0.0000     0.0000  0.0000  CellSD_SIZE4_22
KE/C12/DFF                          73.4400      0.9    0.0000    73.4400  0.0000  DataFF_SIZE3_22
KE/C12/SFF                          31.6800      0.4    0.0000    31.6800  0.0000  dflipfloplw_36
KE/C12_0                           105.1200      1.4    0.0000     0.0000  0.0000  CellSD_SIZE4_13
KE/C12_0/DFF                        73.4400      0.9    0.0000    73.4400  0.0000  DataFF_SIZE3_13
KE/C12_0/SFF                        31.6800      0.4    0.0000    31.6800  0.0000  dflipfloplw_27
KE/C12_1                           105.1200      1.4    0.0000     0.0000  0.0000  CellSD_SIZE4_5
KE/C12_1/DFF                        73.4400      0.9    0.0000    73.4400  0.0000  DataFF_SIZE3_5
KE/C12_1/SFF                        31.6800      0.4    0.0000    31.6800  0.0000  dflipfloplw_19
KE/C13                             105.1200      1.4    0.0000     0.0000  0.0000  CellSD_SIZE4_23
KE/C13/DFF                          73.4400      0.9    0.0000    73.4400  0.0000  DataFF_SIZE3_23
KE/C13/SFF                          31.6800      0.4    0.0000    31.6800  0.0000  dflipfloplw_37
KE/C13_0                           105.1200      1.4    0.0000     0.0000  0.0000  CellSD_SIZE4_14
KE/C13_0/DFF                        73.4400      0.9    0.0000    73.4400  0.0000  DataFF_SIZE3_14
KE/C13_0/SFF                        31.6800      0.4    0.0000    31.6800  0.0000  dflipfloplw_28
KE/C13_1                           105.1200      1.4    0.0000     0.0000  0.0000  CellSD_SIZE4_6
KE/C13_1/DFF                        73.4400      0.9    0.0000    73.4400  0.0000  DataFF_SIZE3_6
KE/C13_1/SFF                        31.6800      0.4    0.0000    31.6800  0.0000  dflipfloplw_20
KE/C14                             105.1200      1.4    0.0000     0.0000  0.0000  CellSD_SIZE4_24
KE/C14/DFF                          73.4400      0.9    0.0000    73.4400  0.0000  DataFF_SIZE3_24
KE/C14/SFF                          31.6800      0.4    0.0000    31.6800  0.0000  dflipfloplw_38
KE/C14_0                           105.1200      1.4    0.0000     0.0000  0.0000  CellSD_SIZE4_15
KE/C14_0/DFF                        73.4400      0.9    0.0000    73.4400  0.0000  DataFF_SIZE3_15
KE/C14_0/SFF                        31.6800      0.4    0.0000    31.6800  0.0000  dflipfloplw_29
KE/C14_1                           105.1200      1.4    0.0000     0.0000  0.0000  CellSD_SIZE4_7
KE/C14_1/DFF                        73.4400      0.9    0.0000    73.4400  0.0000  DataFF_SIZE3_7
KE/C14_1/SFF                        31.6800      0.4    0.0000    31.6800  0.0000  dflipfloplw_21
KE/C15                             105.1200      1.4    0.0000     0.0000  0.0000  CellSD_SIZE4_25
KE/C15/DFF                          73.4400      0.9    0.0000    73.4400  0.0000  DataFF_SIZE3_25
KE/C15/SFF                          31.6800      0.4    0.0000    31.6800  0.0000  dflipfloplw_39
KE/C15_0                           105.1200      1.4    0.0000     0.0000  0.0000  CellSD_SIZE4_16
KE/C15_0/DFF                        73.4400      0.9    0.0000    73.4400  0.0000  DataFF_SIZE3_16
KE/C15_0/SFF                        31.6800      0.4    0.0000    31.6800  0.0000  dflipfloplw_30
KE/C15_1                           105.1200      1.4    0.0000     0.0000  0.0000  CellSD_SIZE4_8
KE/C15_1/DFF                        73.4400      0.9    0.0000    73.4400  0.0000  DataFF_SIZE3_8
KE/C15_1/SFF                        31.6800      0.4    0.0000    31.6800  0.0000  dflipfloplw_22
KE/P1                                0.0000      0.0    0.0000     0.0000  0.0000  Permutation_0_0
KE/P2                                0.0000      0.0    0.0000     0.0000  0.0000  Permutation_0_2
KE/P3                                0.0000      0.0    0.0000     0.0000  0.0000  Permutation_0_1
RF                                2023.1997     26.0   72.0000     0.0000  0.0000  RoundFunction_0_2
RF/C00                             105.1200      1.4    0.0000     0.0000  0.0000  CellSD_SIZE4_26
RF/C00/DFF                          73.4400      0.9    0.0000    73.4400  0.0000  DataFF_SIZE3_26
RF/C00/SFF                          31.6800      0.4    0.0000    31.6800  0.0000  dflipfloplw_40
RF/C01                              97.9200      1.3    0.0000     0.0000  0.0000  CellDO_SIZE4_22
RF/C01/DFF                          97.9200      1.3    0.0000    97.9200  0.0000  DataFF_SIZE4_22
RF/C02                              97.9200      1.3    0.0000     0.0000  0.0000  CellDO_SIZE4_23
RF/C02/DFF                          97.9200      1.3    0.0000    97.9200  0.0000  DataFF_SIZE4_23
RF/C03                              97.9200      1.3    0.0000     0.0000  0.0000  CellDO_SIZE4_0
RF/C03/DFF                          97.9200      1.3    0.0000    97.9200  0.0000  DataFF_SIZE4_0
RF/C04                             105.1200      1.4    0.0000     0.0000  0.0000  CellSD_SIZE4_27
RF/C04/DFF                          73.4400      0.9    0.0000    73.4400  0.0000  DataFF_SIZE3_27
RF/C04/SFF                          31.6800      0.4    0.0000    31.6800  0.0000  dflipfloplw_41
RF/C05                             105.1200      1.4    0.0000     0.0000  0.0000  CellSD_SIZE4_28
RF/C05/DFF                          73.4400      0.9    0.0000    73.4400  0.0000  DataFF_SIZE3_28
RF/C05/SFF                          31.6800      0.4    0.0000    31.6800  0.0000  dflipfloplw_42
RF/C06                             105.1200      1.4    0.0000     0.0000  0.0000  CellSD_SIZE4_29
RF/C06/DFF                          73.4400      0.9    0.0000    73.4400  0.0000  DataFF_SIZE3_29
RF/C06/SFF                          31.6800      0.4    0.0000    31.6800  0.0000  dflipfloplw_43
RF/C07                             204.4800      2.6   14.4000     0.0000  0.0000  CellSB_0_1
RF/C07/S                            63.3600      0.8   63.3600     0.0000  0.0000  SBox_0_1
RF/C07/SF0                          31.6800      0.4    0.0000    31.6800  0.0000  dflipfloplw_44
RF/C07/SFF                          95.0400      1.2    0.0000     0.0000  0.0000  ScanFF_SIZE3_1
RF/C07/SFF/SFF_0                    31.6800      0.4    0.0000    31.6800  0.0000  dflipfloplw_11
RF/C07/SFF/SFF_1                    31.6800      0.4    0.0000    31.6800  0.0000  dflipfloplw_10
RF/C07/SFF/SFF_2                    31.6800      0.4    0.0000    31.6800  0.0000  dflipfloplw_9
RF/C08                             105.1200      1.4    0.0000     0.0000  0.0000  CellSD_SIZE4_30
RF/C08/DFF                          73.4400      0.9    0.0000    73.4400  0.0000  DataFF_SIZE3_30
RF/C08/SFF                          31.6800      0.4    0.0000    31.6800  0.0000  dflipfloplw_45
RF/C09                             105.1200      1.4    0.0000     0.0000  0.0000  CellSD_SIZE4_31
RF/C09/DFF                          73.4400      0.9    0.0000    73.4400  0.0000  DataFF_SIZE3_31
RF/C09/SFF                          31.6800      0.4    0.0000    31.6800  0.0000  dflipfloplw_46
RF/C10                             105.1200      1.4    0.0000     0.0000  0.0000  CellSD_SIZE4_32
RF/C10/DFF                          73.4400      0.9    0.0000    73.4400  0.0000  DataFF_SIZE3_32
RF/C10/SFF                          31.6800      0.4    0.0000    31.6800  0.0000  dflipfloplw_47
RF/C11                             105.1200      1.4    0.0000     0.0000  0.0000  CellSD_SIZE4_33
RF/C11/DFF                          73.4400      0.9    0.0000    73.4400  0.0000  DataFF_SIZE3_33
RF/C11/SFF                          31.6800      0.4    0.0000    31.6800  0.0000  dflipfloplw_48
RF/C12                             105.1200      1.4    0.0000     0.0000  0.0000  CellSD_SIZE4_34
RF/C12/DFF                          73.4400      0.9    0.0000    73.4400  0.0000  DataFF_SIZE3_34
RF/C12/SFF                          31.6800      0.4    0.0000    31.6800  0.0000  dflipfloplw_49
RF/C13                             105.1200      1.4    0.0000     0.0000  0.0000  CellSD_SIZE4_35
RF/C13/DFF                          73.4400      0.9    0.0000    73.4400  0.0000  DataFF_SIZE3_35
RF/C13/SFF                          31.6800      0.4    0.0000    31.6800  0.0000  dflipfloplw_50
RF/C14                             105.1200      1.4    0.0000     0.0000  0.0000  CellSD_SIZE4_0
RF/C14/DFF                          73.4400      0.9    0.0000    73.4400  0.0000  DataFF_SIZE3_0
RF/C14/SFF                          31.6800      0.4    0.0000    31.6800  0.0000  dflipfloplw_51
RF/C15                             204.4800      2.6   14.4000     0.0000  0.0000  CellSB_0_0
RF/C15/S                            63.3600      0.8   63.3600     0.0000  0.0000  SBox_0_0
RF/C15/SF0                          31.6800      0.4    0.0000    31.6800  0.0000  dflipfloplw_0
RF/C15/SFF                          95.0400      1.2    0.0000     0.0000  0.0000  ScanFF_SIZE3_0
RF/C15/SFF/SFF_0                    31.6800      0.4    0.0000    31.6800  0.0000  dflipfloplw_14
RF/C15/SFF/SFF_1                    31.6800      0.4    0.0000    31.6800  0.0000  dflipfloplw_13
RF/C15/SFF/SFF_2                    31.6800      0.4    0.0000    31.6800  0.0000  dflipfloplw_12
RF/KA                               57.6000      0.7   57.6000     0.0000  0.0000  AddConstKey_0_2
RF/MC                               34.5600      0.4   34.5600     0.0000  0.0000  MixColumns_0
RF/SR                                0.0000      0.0    0.0000     0.0000  0.0000  ShiftRows_0
--------------------------------  ---------  -------  --------  ---------  ------  ---------------------------------------
Total                                                 709.9200  7063.2021  0.0000

1
