Information: Updating graph... (UID-83)
 
****************************************
Report : area
Design : Skinny_1_2
Version: E-2010.12-SP2
Date   : Fri Jun 21 10:37:32 2019
****************************************

Information: Updating design information... (UID-85)
Library(s) Used:

    scx3_cmos8rf_lpvt_tt_1p2v_25c (File: /usr/flow/designkits/synthesis/ibm_0.13um/scx3_cmos8rf_lpvt_tt_1p2v_25c.db)

Number of ports:                           13
Number of nets:                            25
Number of cells:                            3
Number of combinational cells:              0
Number of sequential cells:                 0
Number of macros:                           0
Number of buf/inv:                          0
Number of references:                       3

Combinational area:        879.840012
Noncombinational area:    13517.279812
Net Interconnect area:      undefined  (No wire load specified)

Total cell area:          14397.119824
Total area:                 undefined

Hierarchical area distribution
------------------------------

                                  Global cell area           Local cell area
                                  -------------------  ---------------------------- 
Hierarchical cell                 Absolute    Percent  Combi-    Noncombi-   Black
                                  Total       Total    national  national    boxes   Design
--------------------------------  ----------  -------  --------  ----------  ------  ---------------------------------------
Skinny_1_2                        14397.1924    100.0    0.0000      0.0000  0.0000  Skinny_1_2
CL                                  695.5200      4.8  296.6400    352.8000  0.0000  ControlLogic_1_2
CL/clk_gate_COUNT_OP_reg             23.0400      0.2    0.0000     23.0400  0.0000  SNPS_CLOCK_GATE_HIGH_ControlLogic_1_2_0
CL/clk_gate_STATE_reg                23.0400      0.2    0.0000     23.0400  0.0000  SNPS_CLOCK_GATE_HIGH_ControlLogic_1_2_1
KE                                 9866.9023     68.5   84.9600     34.5600  0.0000  KeyExpansion_1_2
KE/C00                              203.0400      1.4    0.0000      0.0000  0.0000  CellSD_SIZE8_17
KE/C00/DFF                          171.3600      1.2    0.0000    171.3600  0.0000  DataFF_SIZE7_17
KE/C00/SFF                           31.6800      0.2    0.0000     31.6800  0.0000  dflipfloplw_47
KE/C00_0                            203.0400      1.4    0.0000      0.0000  0.0000  CellSD_SIZE8_9
KE/C00_0/DFF                        171.3600      1.2    0.0000    171.3600  0.0000  DataFF_SIZE7_9
KE/C00_0/SFF                         31.6800      0.2    0.0000     31.6800  0.0000  dflipfloplw_39
KE/C00_1                            203.0400      1.4    0.0000      0.0000  0.0000  CellSD_SIZE8_1
KE/C00_1/DFF                        171.3600      1.2    0.0000    171.3600  0.0000  DataFF_SIZE7_1
KE/C00_1/SFF                         31.6800      0.2    0.0000     31.6800  0.0000  dflipfloplw_31
KE/C01                              195.8400      1.4    0.0000      0.0000  0.0000  CellDO_SIZE8_15
KE/C01/DFF                          195.8400      1.4    0.0000    195.8400  0.0000  DataFF_SIZE8_15
KE/C01_0                            195.8400      1.4    0.0000      0.0000  0.0000  CellDO_SIZE8_8
KE/C01_0/DFF                        195.8400      1.4    0.0000    195.8400  0.0000  DataFF_SIZE8_8
KE/C01_1                            195.8400      1.4    0.0000      0.0000  0.0000  CellDO_SIZE8_1
KE/C01_1/DFF                        195.8400      1.4    0.0000    195.8400  0.0000  DataFF_SIZE8_1
KE/C02                              195.8400      1.4    0.0000      0.0000  0.0000  CellDO_SIZE8_16
KE/C02/DFF                          195.8400      1.4    0.0000    195.8400  0.0000  DataFF_SIZE8_16
KE/C02_0                            195.8400      1.4    0.0000      0.0000  0.0000  CellDO_SIZE8_9
KE/C02_0/DFF                        195.8400      1.4    0.0000    195.8400  0.0000  DataFF_SIZE8_9
KE/C02_1                            195.8400      1.4    0.0000      0.0000  0.0000  CellDO_SIZE8_2
KE/C02_1/DFF                        195.8400      1.4    0.0000    195.8400  0.0000  DataFF_SIZE8_2
KE/C03                              195.8400      1.4    0.0000      0.0000  0.0000  CellDO_SIZE8_17
KE/C03/DFF                          195.8400      1.4    0.0000    195.8400  0.0000  DataFF_SIZE8_17
KE/C03_0                            195.8400      1.4    0.0000      0.0000  0.0000  CellDO_SIZE8_10
KE/C03_0/DFF                        195.8400      1.4    0.0000    195.8400  0.0000  DataFF_SIZE8_10
KE/C03_1                            195.8400      1.4    0.0000      0.0000  0.0000  CellDO_SIZE8_3
KE/C03_1/DFF                        195.8400      1.4    0.0000    195.8400  0.0000  DataFF_SIZE8_3
KE/C04                              195.8400      1.4    0.0000      0.0000  0.0000  CellDO_SIZE8_18
KE/C04/DFF                          195.8400      1.4    0.0000    195.8400  0.0000  DataFF_SIZE8_18
KE/C04_0                            195.8400      1.4    0.0000      0.0000  0.0000  CellDO_SIZE8_11
KE/C04_0/DFF                        195.8400      1.4    0.0000    195.8400  0.0000  DataFF_SIZE8_11
KE/C04_1                            195.8400      1.4    0.0000      0.0000  0.0000  CellDO_SIZE8_4
KE/C04_1/DFF                        195.8400      1.4    0.0000    195.8400  0.0000  DataFF_SIZE8_4
KE/C05                              195.8400      1.4    0.0000      0.0000  0.0000  CellDO_SIZE8_19
KE/C05/DFF                          195.8400      1.4    0.0000    195.8400  0.0000  DataFF_SIZE8_19
KE/C05_0                            195.8400      1.4    0.0000      0.0000  0.0000  CellDO_SIZE8_12
KE/C05_0/DFF                        195.8400      1.4    0.0000    195.8400  0.0000  DataFF_SIZE8_12
KE/C05_1                            195.8400      1.4    0.0000      0.0000  0.0000  CellDO_SIZE8_5
KE/C05_1/DFF                        195.8400      1.4    0.0000    195.8400  0.0000  DataFF_SIZE8_5
KE/C06                              195.8400      1.4    0.0000      0.0000  0.0000  CellDO_SIZE8_20
KE/C06/DFF                          195.8400      1.4    0.0000    195.8400  0.0000  DataFF_SIZE8_20
KE/C06_0                            195.8400      1.4    0.0000      0.0000  0.0000  CellDO_SIZE8_13
KE/C06_0/DFF                        195.8400      1.4    0.0000    195.8400  0.0000  DataFF_SIZE8_13
KE/C06_1                            195.8400      1.4    0.0000      0.0000  0.0000  CellDO_SIZE8_6
KE/C06_1/DFF                        195.8400      1.4    0.0000    195.8400  0.0000  DataFF_SIZE8_6
KE/C07                              195.8400      1.4    0.0000      0.0000  0.0000  CellDO_SIZE8_21
KE/C07/DFF                          195.8400      1.4    0.0000    195.8400  0.0000  DataFF_SIZE8_21
KE/C07_0                            195.8400      1.4    0.0000      0.0000  0.0000  CellDO_SIZE8_14
KE/C07_0/DFF                        195.8400      1.4    0.0000    195.8400  0.0000  DataFF_SIZE8_14
KE/C07_1                            195.8400      1.4    0.0000      0.0000  0.0000  CellDO_SIZE8_7
KE/C07_1/DFF                        195.8400      1.4    0.0000    195.8400  0.0000  DataFF_SIZE8_7
KE/C08                              203.0400      1.4    0.0000      0.0000  0.0000  CellSD_SIZE8_18
KE/C08/DFF                          171.3600      1.2    0.0000    171.3600  0.0000  DataFF_SIZE7_18
KE/C08/SFF                           31.6800      0.2    0.0000     31.6800  0.0000  dflipfloplw_48
KE/C08_0                            279.3600      1.9   25.9200      0.0000  0.0000  CellT2_1
KE/C08_0/SFF                        253.4400      1.8    0.0000      0.0000  0.0000  ScanFF_SIZE8_0
KE/C08_0/SFF/SFF_0                   31.6800      0.2    0.0000     31.6800  0.0000  dflipfloplw_16
KE/C08_0/SFF/SFF_1                   31.6800      0.2    0.0000     31.6800  0.0000  dflipfloplw_15
KE/C08_0/SFF/SFF_2                   31.6800      0.2    0.0000     31.6800  0.0000  dflipfloplw_14
KE/C08_0/SFF/SFF_3                   31.6800      0.2    0.0000     31.6800  0.0000  dflipfloplw_13
KE/C08_0/SFF/SFF_4                   31.6800      0.2    0.0000     31.6800  0.0000  dflipfloplw_12
KE/C08_0/SFF/SFF_5                   31.6800      0.2    0.0000     31.6800  0.0000  dflipfloplw_11
KE/C08_0/SFF/SFF_6                   31.6800      0.2    0.0000     31.6800  0.0000  dflipfloplw_10
KE/C08_0/SFF/SFF_7                   31.6800      0.2    0.0000     31.6800  0.0000  dflipfloplw_9
KE/C08_1                            279.3600      1.9   25.9200      0.0000  0.0000  CellT3_1
KE/C08_1/SFF                        253.4400      1.8    0.0000      0.0000  0.0000  ScanFF_SIZE8_1
KE/C08_1/SFF/SFF_0                   31.6800      0.2    0.0000     31.6800  0.0000  dflipfloplw_8
KE/C08_1/SFF/SFF_1                   31.6800      0.2    0.0000     31.6800  0.0000  dflipfloplw_7
KE/C08_1/SFF/SFF_2                   31.6800      0.2    0.0000     31.6800  0.0000  dflipfloplw_6
KE/C08_1/SFF/SFF_3                   31.6800      0.2    0.0000     31.6800  0.0000  dflipfloplw_5
KE/C08_1/SFF/SFF_4                   31.6800      0.2    0.0000     31.6800  0.0000  dflipfloplw_4
KE/C08_1/SFF/SFF_5                   31.6800      0.2    0.0000     31.6800  0.0000  dflipfloplw_3
KE/C08_1/SFF/SFF_6                   31.6800      0.2    0.0000     31.6800  0.0000  dflipfloplw_2
KE/C08_1/SFF/SFF_7                   31.6800      0.2    0.0000     31.6800  0.0000  dflipfloplw_1
KE/C09                              203.0400      1.4    0.0000      0.0000  0.0000  CellSD_SIZE8_19
KE/C09/DFF                          171.3600      1.2    0.0000    171.3600  0.0000  DataFF_SIZE7_19
KE/C09/SFF                           31.6800      0.2    0.0000     31.6800  0.0000  dflipfloplw_49
KE/C09_0                            203.0400      1.4    0.0000      0.0000  0.0000  CellSD_SIZE8_10
KE/C09_0/DFF                        171.3600      1.2    0.0000    171.3600  0.0000  DataFF_SIZE7_10
KE/C09_0/SFF                         31.6800      0.2    0.0000     31.6800  0.0000  dflipfloplw_40
KE/C09_1                            203.0400      1.4    0.0000      0.0000  0.0000  CellSD_SIZE8_2
KE/C09_1/DFF                        171.3600      1.2    0.0000    171.3600  0.0000  DataFF_SIZE7_2
KE/C09_1/SFF                         31.6800      0.2    0.0000     31.6800  0.0000  dflipfloplw_32
KE/C10                              203.0400      1.4    0.0000      0.0000  0.0000  CellSD_SIZE8_20
KE/C10/DFF                          171.3600      1.2    0.0000    171.3600  0.0000  DataFF_SIZE7_20
KE/C10/SFF                           31.6800      0.2    0.0000     31.6800  0.0000  dflipfloplw_50
KE/C10_0                            203.0400      1.4    0.0000      0.0000  0.0000  CellSD_SIZE8_11
KE/C10_0/DFF                        171.3600      1.2    0.0000    171.3600  0.0000  DataFF_SIZE7_11
KE/C10_0/SFF                         31.6800      0.2    0.0000     31.6800  0.0000  dflipfloplw_41
KE/C10_1                            203.0400      1.4    0.0000      0.0000  0.0000  CellSD_SIZE8_3
KE/C10_1/DFF                        171.3600      1.2    0.0000    171.3600  0.0000  DataFF_SIZE7_3
KE/C10_1/SFF                         31.6800      0.2    0.0000     31.6800  0.0000  dflipfloplw_33
KE/C11                              203.0400      1.4    0.0000      0.0000  0.0000  CellSD_SIZE8_21
KE/C11/DFF                          171.3600      1.2    0.0000    171.3600  0.0000  DataFF_SIZE7_21
KE/C11/SFF                           31.6800      0.2    0.0000     31.6800  0.0000  dflipfloplw_51
KE/C11_0                            203.0400      1.4    0.0000      0.0000  0.0000  CellSD_SIZE8_12
KE/C11_0/DFF                        171.3600      1.2    0.0000    171.3600  0.0000  DataFF_SIZE7_12
KE/C11_0/SFF                         31.6800      0.2    0.0000     31.6800  0.0000  dflipfloplw_42
KE/C11_1                            203.0400      1.4    0.0000      0.0000  0.0000  CellSD_SIZE8_4
KE/C11_1/DFF                        171.3600      1.2    0.0000    171.3600  0.0000  DataFF_SIZE7_4
KE/C11_1/SFF                         31.6800      0.2    0.0000     31.6800  0.0000  dflipfloplw_34
KE/C12                              203.0400      1.4    0.0000      0.0000  0.0000  CellSD_SIZE8_22
KE/C12/DFF                          171.3600      1.2    0.0000    171.3600  0.0000  DataFF_SIZE7_22
KE/C12/SFF                           31.6800      0.2    0.0000     31.6800  0.0000  dflipfloplw_52
KE/C12_0                            203.0400      1.4    0.0000      0.0000  0.0000  CellSD_SIZE8_13
KE/C12_0/DFF                        171.3600      1.2    0.0000    171.3600  0.0000  DataFF_SIZE7_13
KE/C12_0/SFF                         31.6800      0.2    0.0000     31.6800  0.0000  dflipfloplw_43
KE/C12_1                            203.0400      1.4    0.0000      0.0000  0.0000  CellSD_SIZE8_5
KE/C12_1/DFF                        171.3600      1.2    0.0000    171.3600  0.0000  DataFF_SIZE7_5
KE/C12_1/SFF                         31.6800      0.2    0.0000     31.6800  0.0000  dflipfloplw_35
KE/C13                              203.0400      1.4    0.0000      0.0000  0.0000  CellSD_SIZE8_23
KE/C13/DFF                          171.3600      1.2    0.0000    171.3600  0.0000  DataFF_SIZE7_23
KE/C13/SFF                           31.6800      0.2    0.0000     31.6800  0.0000  dflipfloplw_53
KE/C13_0                            203.0400      1.4    0.0000      0.0000  0.0000  CellSD_SIZE8_14
KE/C13_0/DFF                        171.3600      1.2    0.0000    171.3600  0.0000  DataFF_SIZE7_14
KE/C13_0/SFF                         31.6800      0.2    0.0000     31.6800  0.0000  dflipfloplw_44
KE/C13_1                            203.0400      1.4    0.0000      0.0000  0.0000  CellSD_SIZE8_6
KE/C13_1/DFF                        171.3600      1.2    0.0000    171.3600  0.0000  DataFF_SIZE7_6
KE/C13_1/SFF                         31.6800      0.2    0.0000     31.6800  0.0000  dflipfloplw_36
KE/C14                              203.0400      1.4    0.0000      0.0000  0.0000  CellSD_SIZE8_24
KE/C14/DFF                          171.3600      1.2    0.0000    171.3600  0.0000  DataFF_SIZE7_24
KE/C14/SFF                           31.6800      0.2    0.0000     31.6800  0.0000  dflipfloplw_54
KE/C14_0                            203.0400      1.4    0.0000      0.0000  0.0000  CellSD_SIZE8_15
KE/C14_0/DFF                        171.3600      1.2    0.0000    171.3600  0.0000  DataFF_SIZE7_15
KE/C14_0/SFF                         31.6800      0.2    0.0000     31.6800  0.0000  dflipfloplw_45
KE/C14_1                            203.0400      1.4    0.0000      0.0000  0.0000  CellSD_SIZE8_7
KE/C14_1/DFF                        171.3600      1.2    0.0000    171.3600  0.0000  DataFF_SIZE7_7
KE/C14_1/SFF                         31.6800      0.2    0.0000     31.6800  0.0000  dflipfloplw_37
KE/C15                              203.0400      1.4    0.0000      0.0000  0.0000  CellSD_SIZE8_25
KE/C15/DFF                          171.3600      1.2    0.0000    171.3600  0.0000  DataFF_SIZE7_25
KE/C15/SFF                           31.6800      0.2    0.0000     31.6800  0.0000  dflipfloplw_55
KE/C15_0                            203.0400      1.4    0.0000      0.0000  0.0000  CellSD_SIZE8_16
KE/C15_0/DFF                        171.3600      1.2    0.0000    171.3600  0.0000  DataFF_SIZE7_16
KE/C15_0/SFF                         31.6800      0.2    0.0000     31.6800  0.0000  dflipfloplw_46
KE/C15_1                            203.0400      1.4    0.0000      0.0000  0.0000  CellSD_SIZE8_8
KE/C15_1/DFF                        171.3600      1.2    0.0000    171.3600  0.0000  DataFF_SIZE7_8
KE/C15_1/SFF                         31.6800      0.2    0.0000     31.6800  0.0000  dflipfloplw_38
KE/P1                                 0.0000      0.0    0.0000      0.0000  0.0000  Permutation_1_0
KE/P2                                 0.0000      0.0    0.0000      0.0000  0.0000  Permutation_1_2
KE/P3                                 0.0000      0.0    0.0000      0.0000  0.0000  Permutation_1_1
RF                                 3834.7166     26.6   72.0000      0.0000  0.0000  RoundFunction_1_2
RF/C00                              203.0400      1.4    0.0000      0.0000  0.0000  CellSD_SIZE8_26
RF/C00/DFF                          171.3600      1.2    0.0000    171.3600  0.0000  DataFF_SIZE7_26
RF/C00/SFF                           31.6800      0.2    0.0000     31.6800  0.0000  dflipfloplw_56
RF/C01                              195.8400      1.4    0.0000      0.0000  0.0000  CellDO_SIZE8_22
RF/C01/DFF                          195.8400      1.4    0.0000    195.8400  0.0000  DataFF_SIZE8_22
RF/C02                              195.8400      1.4    0.0000      0.0000  0.0000  CellDO_SIZE8_23
RF/C02/DFF                          195.8400      1.4    0.0000    195.8400  0.0000  DataFF_SIZE8_23
RF/C03                              195.8400      1.4    0.0000      0.0000  0.0000  CellDO_SIZE8_0
RF/C03/DFF                          195.8400      1.4    0.0000    195.8400  0.0000  DataFF_SIZE8_0
RF/C04                              203.0400      1.4    0.0000      0.0000  0.0000  CellSD_SIZE8_27
RF/C04/DFF                          171.3600      1.2    0.0000    171.3600  0.0000  DataFF_SIZE7_27
RF/C04/SFF                           31.6800      0.2    0.0000     31.6800  0.0000  dflipfloplw_57
RF/C05                              203.0400      1.4    0.0000      0.0000  0.0000  CellSD_SIZE8_28
RF/C05/DFF                          171.3600      1.2    0.0000    171.3600  0.0000  DataFF_SIZE7_28
RF/C05/SFF                           31.6800      0.2    0.0000     31.6800  0.0000  dflipfloplw_58
RF/C06                              203.0400      1.4    0.0000      0.0000  0.0000  CellSD_SIZE8_29
RF/C06/DFF                          171.3600      1.2    0.0000    171.3600  0.0000  DataFF_SIZE7_29
RF/C06/SFF                           31.6800      0.2    0.0000     31.6800  0.0000  dflipfloplw_59
RF/C07                              424.8002      3.0   14.4000      0.0000  0.0000  CellSB_1_1
RF/C07/S                            126.7200      0.9  126.7200      0.0000  0.0000  SBox_1_1
RF/C07/SF0                           31.6800      0.2    0.0000     31.6800  0.0000  dflipfloplw_60
RF/C07/SFF                          252.0000      1.8    0.0000      0.0000  0.0000  ScanFF_SIZE7_1
RF/C07/SFF/SFF_0                     36.0000      0.3    0.0000     36.0000  0.0000  dflipfloplw_23
RF/C07/SFF/SFF_1                     36.0000      0.3    0.0000     36.0000  0.0000  dflipfloplw_22
RF/C07/SFF/SFF_2                     36.0000      0.3    0.0000     36.0000  0.0000  dflipfloplw_21
RF/C07/SFF/SFF_3                     36.0000      0.3    0.0000     36.0000  0.0000  dflipfloplw_20
RF/C07/SFF/SFF_4                     36.0000      0.3    0.0000     36.0000  0.0000  dflipfloplw_19
RF/C07/SFF/SFF_5                     36.0000      0.3    0.0000     36.0000  0.0000  dflipfloplw_18
RF/C07/SFF/SFF_6                     36.0000      0.3    0.0000     36.0000  0.0000  dflipfloplw_17
RF/C08                              203.0400      1.4    0.0000      0.0000  0.0000  CellSD_SIZE8_30
RF/C08/DFF                          171.3600      1.2    0.0000    171.3600  0.0000  DataFF_SIZE7_30
RF/C08/SFF                           31.6800      0.2    0.0000     31.6800  0.0000  dflipfloplw_61
RF/C09                              203.0400      1.4    0.0000      0.0000  0.0000  CellSD_SIZE8_31
RF/C09/DFF                          171.3600      1.2    0.0000    171.3600  0.0000  DataFF_SIZE7_31
RF/C09/SFF                           31.6800      0.2    0.0000     31.6800  0.0000  dflipfloplw_62
RF/C10                              203.0400      1.4    0.0000      0.0000  0.0000  CellSD_SIZE8_32
RF/C10/DFF                          171.3600      1.2    0.0000    171.3600  0.0000  DataFF_SIZE7_32
RF/C10/SFF                           31.6800      0.2    0.0000     31.6800  0.0000  dflipfloplw_63
RF/C11                              203.0400      1.4    0.0000      0.0000  0.0000  CellSD_SIZE8_33
RF/C11/DFF                          171.3600      1.2    0.0000    171.3600  0.0000  DataFF_SIZE7_33
RF/C11/SFF                           31.6800      0.2    0.0000     31.6800  0.0000  dflipfloplw_64
RF/C12                              203.0400      1.4    0.0000      0.0000  0.0000  CellSD_SIZE8_34
RF/C12/DFF                          171.3600      1.2    0.0000    171.3600  0.0000  DataFF_SIZE7_34
RF/C12/SFF                           31.6800      0.2    0.0000     31.6800  0.0000  dflipfloplw_65
RF/C13                              203.0400      1.4    0.0000      0.0000  0.0000  CellSD_SIZE8_35
RF/C13/DFF                          171.3600      1.2    0.0000    171.3600  0.0000  DataFF_SIZE7_35
RF/C13/SFF                           31.6800      0.2    0.0000     31.6800  0.0000  dflipfloplw_66
RF/C14                              203.0400      1.4    0.0000      0.0000  0.0000  CellSD_SIZE8_0
RF/C14/DFF                          171.3600      1.2    0.0000    171.3600  0.0000  DataFF_SIZE7_0
RF/C14/SFF                           31.6800      0.2    0.0000     31.6800  0.0000  dflipfloplw_67
RF/C15                              424.8002      3.0   14.4000      0.0000  0.0000  CellSB_1_0
RF/C15/S                            126.7200      0.9  126.7200      0.0000  0.0000  SBox_1_0
RF/C15/SF0                           31.6800      0.2    0.0000     31.6800  0.0000  dflipfloplw_0
RF/C15/SFF                          252.0000      1.8    0.0000      0.0000  0.0000  ScanFF_SIZE7_0
RF/C15/SFF/SFF_0                     36.0000      0.3    0.0000     36.0000  0.0000  dflipfloplw_30
RF/C15/SFF/SFF_1                     36.0000      0.3    0.0000     36.0000  0.0000  dflipfloplw_29
RF/C15/SFF/SFF_2                     36.0000      0.3    0.0000     36.0000  0.0000  dflipfloplw_28
RF/C15/SFF/SFF_3                     36.0000      0.3    0.0000     36.0000  0.0000  dflipfloplw_27
RF/C15/SFF/SFF_4                     36.0000      0.3    0.0000     36.0000  0.0000  dflipfloplw_26
RF/C15/SFF/SFF_5                     36.0000      0.3    0.0000     36.0000  0.0000  dflipfloplw_25
RF/C15/SFF/SFF_6                     36.0000      0.3    0.0000     36.0000  0.0000  dflipfloplw_24
RF/KA                                57.6000      0.4   57.6000      0.0000  0.0000  AddConstKey_1_2
RF/MC                                34.5600      0.2   34.5600      0.0000  0.0000  MixColumns_1
RF/SR                                 0.0000      0.0    0.0000      0.0000  0.0000  ShiftRows_1
--------------------------------  ----------  -------  --------  ----------  ------  ---------------------------------------
Total                                                  879.8400  13517.2822  0.0000

1
