Information: Updating graph... (UID-83)
 
****************************************
Report : area
Design : Skinny_0_1
Version: E-2010.12-SP2
Date   : Fri Jun 21 11:48:38 2019
****************************************

Information: Updating design information... (UID-85)
Library(s) Used:

    scx3_cmos8rf_lpvt_tt_1p2v_25c (File: /usr/flow/designkits/synthesis/ibm_0.13um/scx3_cmos8rf_lpvt_tt_1p2v_25c.db)

Number of ports:                           67
Number of nets:                           113
Number of cells:                            3
Number of combinational cells:              0
Number of sequential cells:                 0
Number of macros:                           0
Number of buf/inv:                          0
Number of references:                       3

Combinational area:       2151.360025
Noncombinational area:    6143.040033
Net Interconnect area:      undefined  (No wire load specified)

Total cell area:          8294.400059
Total area:                 undefined

Hierarchical area distribution
------------------------------

                                  Global cell area          Local cell area
                                  ------------------  ---------------------------- 
Hierarchical cell                 Absolute   Percent  Combi-     Noncombi-  Black
                                  Total      Total    national   national   boxes   Design
--------------------------------  ---------  -------  ---------  ---------  ------  -------------------------------------
Skinny_0_1                        8294.4209    100.0     0.0000     0.0000  0.0000  Skinny_0_1
CL                                 455.0399      5.5   181.4400   250.5600  0.0000  ControlLogic_0_1
CL/clk_gate_STATE_reg               23.0400      0.3     0.0000    23.0400  0.0000  SNPS_CLOCK_GATE_HIGH_ControlLogic_0_1
KE                                4299.8379     51.8   457.9199    17.2800  0.0000  KeyExpansion_0_1
KE/P1                                0.0000      0.0     0.0000     0.0000  0.0000  Permutation_0_0
KE/P1_0                              0.0000      0.0     0.0000     0.0000  0.0000  Permutation_0_1
KE/TK10                            506.8799      6.1     0.0000     0.0000  0.0000  ScanFF_SIZE16_4
KE/TK10/SFF_0                       31.6800      0.4     0.0000    31.6800  0.0000  dflipfloplw_64
KE/TK10/SFF_1                       31.6800      0.4     0.0000    31.6800  0.0000  dflipfloplw_63
KE/TK10/SFF_10                      31.6800      0.4     0.0000    31.6800  0.0000  dflipfloplw_54
KE/TK10/SFF_11                      31.6800      0.4     0.0000    31.6800  0.0000  dflipfloplw_53
KE/TK10/SFF_12                      31.6800      0.4     0.0000    31.6800  0.0000  dflipfloplw_52
KE/TK10/SFF_13                      31.6800      0.4     0.0000    31.6800  0.0000  dflipfloplw_51
KE/TK10/SFF_14                      31.6800      0.4     0.0000    31.6800  0.0000  dflipfloplw_50
KE/TK10/SFF_15                      31.6800      0.4     0.0000    31.6800  0.0000  dflipfloplw_49
KE/TK10/SFF_2                       31.6800      0.4     0.0000    31.6800  0.0000  dflipfloplw_62
KE/TK10/SFF_3                       31.6800      0.4     0.0000    31.6800  0.0000  dflipfloplw_61
KE/TK10/SFF_4                       31.6800      0.4     0.0000    31.6800  0.0000  dflipfloplw_60
KE/TK10/SFF_5                       31.6800      0.4     0.0000    31.6800  0.0000  dflipfloplw_59
KE/TK10/SFF_6                       31.6800      0.4     0.0000    31.6800  0.0000  dflipfloplw_58
KE/TK10/SFF_7                       31.6800      0.4     0.0000    31.6800  0.0000  dflipfloplw_57
KE/TK10/SFF_8                       31.6800      0.4     0.0000    31.6800  0.0000  dflipfloplw_56
KE/TK10/SFF_9                       31.6800      0.4     0.0000    31.6800  0.0000  dflipfloplw_55
KE/TK11                            391.6800      4.7     0.0000   391.6800  0.0000  DataFF_SIZE16_0
KE/TK12                            506.8799      6.1     0.0000     0.0000  0.0000  ScanFF_SIZE16_5
KE/TK12/SFF_0                       31.6800      0.4     0.0000    31.6800  0.0000  dflipfloplw_80
KE/TK12/SFF_1                       31.6800      0.4     0.0000    31.6800  0.0000  dflipfloplw_79
KE/TK12/SFF_10                      31.6800      0.4     0.0000    31.6800  0.0000  dflipfloplw_70
KE/TK12/SFF_11                      31.6800      0.4     0.0000    31.6800  0.0000  dflipfloplw_69
KE/TK12/SFF_12                      31.6800      0.4     0.0000    31.6800  0.0000  dflipfloplw_68
KE/TK12/SFF_13                      31.6800      0.4     0.0000    31.6800  0.0000  dflipfloplw_67
KE/TK12/SFF_14                      31.6800      0.4     0.0000    31.6800  0.0000  dflipfloplw_66
KE/TK12/SFF_15                      31.6800      0.4     0.0000    31.6800  0.0000  dflipfloplw_65
KE/TK12/SFF_2                       31.6800      0.4     0.0000    31.6800  0.0000  dflipfloplw_78
KE/TK12/SFF_3                       31.6800      0.4     0.0000    31.6800  0.0000  dflipfloplw_77
KE/TK12/SFF_4                       31.6800      0.4     0.0000    31.6800  0.0000  dflipfloplw_76
KE/TK12/SFF_5                       31.6800      0.4     0.0000    31.6800  0.0000  dflipfloplw_75
KE/TK12/SFF_6                       31.6800      0.4     0.0000    31.6800  0.0000  dflipfloplw_74
KE/TK12/SFF_7                       31.6800      0.4     0.0000    31.6800  0.0000  dflipfloplw_73
KE/TK12/SFF_8                       31.6800      0.4     0.0000    31.6800  0.0000  dflipfloplw_72
KE/TK12/SFF_9                       31.6800      0.4     0.0000    31.6800  0.0000  dflipfloplw_71
KE/TK13                            506.8799      6.1     0.0000     0.0000  0.0000  ScanFF_SIZE16_6
KE/TK13/SFF_0                       31.6800      0.4     0.0000    31.6800  0.0000  dflipfloplw_96
KE/TK13/SFF_1                       31.6800      0.4     0.0000    31.6800  0.0000  dflipfloplw_95
KE/TK13/SFF_10                      31.6800      0.4     0.0000    31.6800  0.0000  dflipfloplw_86
KE/TK13/SFF_11                      31.6800      0.4     0.0000    31.6800  0.0000  dflipfloplw_85
KE/TK13/SFF_12                      31.6800      0.4     0.0000    31.6800  0.0000  dflipfloplw_84
KE/TK13/SFF_13                      31.6800      0.4     0.0000    31.6800  0.0000  dflipfloplw_83
KE/TK13/SFF_14                      31.6800      0.4     0.0000    31.6800  0.0000  dflipfloplw_82
KE/TK13/SFF_15                      31.6800      0.4     0.0000    31.6800  0.0000  dflipfloplw_81
KE/TK13/SFF_2                       31.6800      0.4     0.0000    31.6800  0.0000  dflipfloplw_94
KE/TK13/SFF_3                       31.6800      0.4     0.0000    31.6800  0.0000  dflipfloplw_93
KE/TK13/SFF_4                       31.6800      0.4     0.0000    31.6800  0.0000  dflipfloplw_92
KE/TK13/SFF_5                       31.6800      0.4     0.0000    31.6800  0.0000  dflipfloplw_91
KE/TK13/SFF_6                       31.6800      0.4     0.0000    31.6800  0.0000  dflipfloplw_90
KE/TK13/SFF_7                       31.6800      0.4     0.0000    31.6800  0.0000  dflipfloplw_89
KE/TK13/SFF_8                       31.6800      0.4     0.0000    31.6800  0.0000  dflipfloplw_88
KE/TK13/SFF_9                       31.6800      0.4     0.0000    31.6800  0.0000  dflipfloplw_87
KE/TK20                            506.8799      6.1     0.0000     0.0000  0.0000  ScanFF_SIZE16_1
KE/TK20/SFF_0                       31.6800      0.4     0.0000    31.6800  0.0000  dflipfloplw_16
KE/TK20/SFF_1                       31.6800      0.4     0.0000    31.6800  0.0000  dflipfloplw_15
KE/TK20/SFF_10                      31.6800      0.4     0.0000    31.6800  0.0000  dflipfloplw_6
KE/TK20/SFF_11                      31.6800      0.4     0.0000    31.6800  0.0000  dflipfloplw_5
KE/TK20/SFF_12                      31.6800      0.4     0.0000    31.6800  0.0000  dflipfloplw_4
KE/TK20/SFF_13                      31.6800      0.4     0.0000    31.6800  0.0000  dflipfloplw_3
KE/TK20/SFF_14                      31.6800      0.4     0.0000    31.6800  0.0000  dflipfloplw_2
KE/TK20/SFF_15                      31.6800      0.4     0.0000    31.6800  0.0000  dflipfloplw_1
KE/TK20/SFF_2                       31.6800      0.4     0.0000    31.6800  0.0000  dflipfloplw_14
KE/TK20/SFF_3                       31.6800      0.4     0.0000    31.6800  0.0000  dflipfloplw_13
KE/TK20/SFF_4                       31.6800      0.4     0.0000    31.6800  0.0000  dflipfloplw_12
KE/TK20/SFF_5                       31.6800      0.4     0.0000    31.6800  0.0000  dflipfloplw_11
KE/TK20/SFF_6                       31.6800      0.4     0.0000    31.6800  0.0000  dflipfloplw_10
KE/TK20/SFF_7                       31.6800      0.4     0.0000    31.6800  0.0000  dflipfloplw_9
KE/TK20/SFF_8                       31.6800      0.4     0.0000    31.6800  0.0000  dflipfloplw_8
KE/TK20/SFF_9                       31.6800      0.4     0.0000    31.6800  0.0000  dflipfloplw_7
KE/TK21                            391.6800      4.7     0.0000   391.6800  0.0000  DataFF_SIZE16_1
KE/TK22                            506.8799      6.1     0.0000     0.0000  0.0000  ScanFF_SIZE16_2
KE/TK22/SFF_0                       31.6800      0.4     0.0000    31.6800  0.0000  dflipfloplw_32
KE/TK22/SFF_1                       31.6800      0.4     0.0000    31.6800  0.0000  dflipfloplw_31
KE/TK22/SFF_10                      31.6800      0.4     0.0000    31.6800  0.0000  dflipfloplw_22
KE/TK22/SFF_11                      31.6800      0.4     0.0000    31.6800  0.0000  dflipfloplw_21
KE/TK22/SFF_12                      31.6800      0.4     0.0000    31.6800  0.0000  dflipfloplw_20
KE/TK22/SFF_13                      31.6800      0.4     0.0000    31.6800  0.0000  dflipfloplw_19
KE/TK22/SFF_14                      31.6800      0.4     0.0000    31.6800  0.0000  dflipfloplw_18
KE/TK22/SFF_15                      31.6800      0.4     0.0000    31.6800  0.0000  dflipfloplw_17
KE/TK22/SFF_2                       31.6800      0.4     0.0000    31.6800  0.0000  dflipfloplw_30
KE/TK22/SFF_3                       31.6800      0.4     0.0000    31.6800  0.0000  dflipfloplw_29
KE/TK22/SFF_4                       31.6800      0.4     0.0000    31.6800  0.0000  dflipfloplw_28
KE/TK22/SFF_5                       31.6800      0.4     0.0000    31.6800  0.0000  dflipfloplw_27
KE/TK22/SFF_6                       31.6800      0.4     0.0000    31.6800  0.0000  dflipfloplw_26
KE/TK22/SFF_7                       31.6800      0.4     0.0000    31.6800  0.0000  dflipfloplw_25
KE/TK22/SFF_8                       31.6800      0.4     0.0000    31.6800  0.0000  dflipfloplw_24
KE/TK22/SFF_9                       31.6800      0.4     0.0000    31.6800  0.0000  dflipfloplw_23
KE/TK23                            506.8799      6.1     0.0000     0.0000  0.0000  ScanFF_SIZE16_3
KE/TK23/SFF_0                       31.6800      0.4     0.0000    31.6800  0.0000  dflipfloplw_48
KE/TK23/SFF_1                       31.6800      0.4     0.0000    31.6800  0.0000  dflipfloplw_47
KE/TK23/SFF_10                      31.6800      0.4     0.0000    31.6800  0.0000  dflipfloplw_38
KE/TK23/SFF_11                      31.6800      0.4     0.0000    31.6800  0.0000  dflipfloplw_37
KE/TK23/SFF_12                      31.6800      0.4     0.0000    31.6800  0.0000  dflipfloplw_36
KE/TK23/SFF_13                      31.6800      0.4     0.0000    31.6800  0.0000  dflipfloplw_35
KE/TK23/SFF_14                      31.6800      0.4     0.0000    31.6800  0.0000  dflipfloplw_34
KE/TK23/SFF_15                      31.6800      0.4     0.0000    31.6800  0.0000  dflipfloplw_33
KE/TK23/SFF_2                       31.6800      0.4     0.0000    31.6800  0.0000  dflipfloplw_46
KE/TK23/SFF_3                       31.6800      0.4     0.0000    31.6800  0.0000  dflipfloplw_45
KE/TK23/SFF_4                       31.6800      0.4     0.0000    31.6800  0.0000  dflipfloplw_44
KE/TK23/SFF_5                       31.6800      0.4     0.0000    31.6800  0.0000  dflipfloplw_43
KE/TK23/SFF_6                       31.6800      0.4     0.0000    31.6800  0.0000  dflipfloplw_42
KE/TK23/SFF_7                       31.6800      0.4     0.0000    31.6800  0.0000  dflipfloplw_41
KE/TK23/SFF_8                       31.6800      0.4     0.0000    31.6800  0.0000  dflipfloplw_40
KE/TK23/SFF_9                       31.6800      0.4     0.0000    31.6800  0.0000  dflipfloplw_39
RF                                3539.5181     42.7   653.7599     0.0000  0.0000  RoundFunction_0_1
RF/KA                              449.2799      5.4   449.2799     0.0000  0.0000  AddConstKey_0_1
RF/MC                              138.2400      1.7   138.2400     0.0000  0.0000  MixColumns_0
RF/R0                              506.8799      6.1     0.0000     0.0000  0.0000  ScanFF_SIZE16_7
RF/R0/SFF_0                         31.6800      0.4     0.0000    31.6800  0.0000  dflipfloplw_112
RF/R0/SFF_1                         31.6800      0.4     0.0000    31.6800  0.0000  dflipfloplw_111
RF/R0/SFF_10                        31.6800      0.4     0.0000    31.6800  0.0000  dflipfloplw_102
RF/R0/SFF_11                        31.6800      0.4     0.0000    31.6800  0.0000  dflipfloplw_101
RF/R0/SFF_12                        31.6800      0.4     0.0000    31.6800  0.0000  dflipfloplw_100
RF/R0/SFF_13                        31.6800      0.4     0.0000    31.6800  0.0000  dflipfloplw_99
RF/R0/SFF_14                        31.6800      0.4     0.0000    31.6800  0.0000  dflipfloplw_98
RF/R0/SFF_15                        31.6800      0.4     0.0000    31.6800  0.0000  dflipfloplw_97
RF/R0/SFF_2                         31.6800      0.4     0.0000    31.6800  0.0000  dflipfloplw_110
RF/R0/SFF_3                         31.6800      0.4     0.0000    31.6800  0.0000  dflipfloplw_109
RF/R0/SFF_4                         31.6800      0.4     0.0000    31.6800  0.0000  dflipfloplw_108
RF/R0/SFF_5                         31.6800      0.4     0.0000    31.6800  0.0000  dflipfloplw_107
RF/R0/SFF_6                         31.6800      0.4     0.0000    31.6800  0.0000  dflipfloplw_106
RF/R0/SFF_7                         31.6800      0.4     0.0000    31.6800  0.0000  dflipfloplw_105
RF/R0/SFF_8                         31.6800      0.4     0.0000    31.6800  0.0000  dflipfloplw_104
RF/R0/SFF_9                         31.6800      0.4     0.0000    31.6800  0.0000  dflipfloplw_103
RF/R1                              512.6400      6.2     5.7600     0.0000  0.0000  ScanFF_SIZE16_8
RF/R1/SFF_0                         31.6800      0.4     0.0000    31.6800  0.0000  dflipfloplw_128
RF/R1/SFF_1                         31.6800      0.4     0.0000    31.6800  0.0000  dflipfloplw_127
RF/R1/SFF_10                        31.6800      0.4     0.0000    31.6800  0.0000  dflipfloplw_118
RF/R1/SFF_11                        31.6800      0.4     0.0000    31.6800  0.0000  dflipfloplw_117
RF/R1/SFF_12                        31.6800      0.4     0.0000    31.6800  0.0000  dflipfloplw_116
RF/R1/SFF_13                        31.6800      0.4     0.0000    31.6800  0.0000  dflipfloplw_115
RF/R1/SFF_14                        31.6800      0.4     0.0000    31.6800  0.0000  dflipfloplw_114
RF/R1/SFF_15                        31.6800      0.4     0.0000    31.6800  0.0000  dflipfloplw_113
RF/R1/SFF_2                         31.6800      0.4     0.0000    31.6800  0.0000  dflipfloplw_126
RF/R1/SFF_3                         31.6800      0.4     0.0000    31.6800  0.0000  dflipfloplw_125
RF/R1/SFF_4                         31.6800      0.4     0.0000    31.6800  0.0000  dflipfloplw_124
RF/R1/SFF_5                         31.6800      0.4     0.0000    31.6800  0.0000  dflipfloplw_123
RF/R1/SFF_6                         31.6800      0.4     0.0000    31.6800  0.0000  dflipfloplw_122
RF/R1/SFF_7                         31.6800      0.4     0.0000    31.6800  0.0000  dflipfloplw_121
RF/R1/SFF_8                         31.6800      0.4     0.0000    31.6800  0.0000  dflipfloplw_120
RF/R1/SFF_9                         31.6800      0.4     0.0000    31.6800  0.0000  dflipfloplw_119
RF/R2                              512.6400      6.2     5.7600     0.0000  0.0000  ScanFF_SIZE16_9
RF/R2/SFF_0                         31.6800      0.4     0.0000    31.6800  0.0000  dflipfloplw_144
RF/R2/SFF_1                         31.6800      0.4     0.0000    31.6800  0.0000  dflipfloplw_143
RF/R2/SFF_10                        31.6800      0.4     0.0000    31.6800  0.0000  dflipfloplw_134
RF/R2/SFF_11                        31.6800      0.4     0.0000    31.6800  0.0000  dflipfloplw_133
RF/R2/SFF_12                        31.6800      0.4     0.0000    31.6800  0.0000  dflipfloplw_132
RF/R2/SFF_13                        31.6800      0.4     0.0000    31.6800  0.0000  dflipfloplw_131
RF/R2/SFF_14                        31.6800      0.4     0.0000    31.6800  0.0000  dflipfloplw_130
RF/R2/SFF_15                        31.6800      0.4     0.0000    31.6800  0.0000  dflipfloplw_129
RF/R2/SFF_2                         31.6800      0.4     0.0000    31.6800  0.0000  dflipfloplw_142
RF/R2/SFF_3                         31.6800      0.4     0.0000    31.6800  0.0000  dflipfloplw_141
RF/R2/SFF_4                         31.6800      0.4     0.0000    31.6800  0.0000  dflipfloplw_140
RF/R2/SFF_5                         31.6800      0.4     0.0000    31.6800  0.0000  dflipfloplw_139
RF/R2/SFF_6                         31.6800      0.4     0.0000    31.6800  0.0000  dflipfloplw_138
RF/R2/SFF_7                         31.6800      0.4     0.0000    31.6800  0.0000  dflipfloplw_137
RF/R2/SFF_8                         31.6800      0.4     0.0000    31.6800  0.0000  dflipfloplw_136
RF/R2/SFF_9                         31.6800      0.4     0.0000    31.6800  0.0000  dflipfloplw_135
RF/R3                              512.6400      6.2     5.7600     0.0000  0.0000  ScanFF_SIZE16_0
RF/R3/SFF_0                         31.6800      0.4     0.0000    31.6800  0.0000  dflipfloplw_0
RF/R3/SFF_1                         31.6800      0.4     0.0000    31.6800  0.0000  dflipfloplw_159
RF/R3/SFF_10                        31.6800      0.4     0.0000    31.6800  0.0000  dflipfloplw_150
RF/R3/SFF_11                        31.6800      0.4     0.0000    31.6800  0.0000  dflipfloplw_149
RF/R3/SFF_12                        31.6800      0.4     0.0000    31.6800  0.0000  dflipfloplw_148
RF/R3/SFF_13                        31.6800      0.4     0.0000    31.6800  0.0000  dflipfloplw_147
RF/R3/SFF_14                        31.6800      0.4     0.0000    31.6800  0.0000  dflipfloplw_146
RF/R3/SFF_15                        31.6800      0.4     0.0000    31.6800  0.0000  dflipfloplw_145
RF/R3/SFF_2                         31.6800      0.4     0.0000    31.6800  0.0000  dflipfloplw_158
RF/R3/SFF_3                         31.6800      0.4     0.0000    31.6800  0.0000  dflipfloplw_157
RF/R3/SFF_4                         31.6800      0.4     0.0000    31.6800  0.0000  dflipfloplw_156
RF/R3/SFF_5                         31.6800      0.4     0.0000    31.6800  0.0000  dflipfloplw_155
RF/R3/SFF_6                         31.6800      0.4     0.0000    31.6800  0.0000  dflipfloplw_154
RF/R3/SFF_7                         31.6800      0.4     0.0000    31.6800  0.0000  dflipfloplw_153
RF/R3/SFF_8                         31.6800      0.4     0.0000    31.6800  0.0000  dflipfloplw_152
RF/R3/SFF_9                         31.6800      0.4     0.0000    31.6800  0.0000  dflipfloplw_151
RF/SR                                0.0000      0.0     0.0000     0.0000  0.0000  ShiftRows_0
RF/S_0                              63.3600      0.8    63.3600     0.0000  0.0000  SBox_0_0
RF/S_1                              63.3600      0.8    63.3600     0.0000  0.0000  SBox_0_3
RF/S_2                              63.3600      0.8    63.3600     0.0000  0.0000  SBox_0_2
RF/S_3                              63.3600      0.8    63.3600     0.0000  0.0000  SBox_0_1
--------------------------------  ---------  -------  ---------  ---------  ------  -------------------------------------
Total                                                 2151.3599  6143.0493  0.0000

1
