 
****************************************
Report : timing
        -path full
        -delay max
        -max_paths 1
        -sort_by group
Design : Skinny_1_1
Version: E-2010.12-SP2
Date   : Fri Jun 21 11:52:46 2019
****************************************

Operating Conditions: tt_1p2v_25c   Library: scx3_cmos8rf_lpvt_tt_1p2v_25c
Wire Load Model Mode: top

  Startpoint: CL/COUNTER_reg[2]
              (rising edge-triggered flip-flop clocked by CLK)
  Endpoint: KE/CLK_GATE_K_reg
            (negative level-sensitive latch clocked by CLK)
  Path Group: CLK
  Path Type: max

  Point                                    Incr       Path
  -----------------------------------------------------------
  clock CLK (rise edge)                    0.00       0.00
  clock network delay (ideal)              0.00       0.00
  CL/COUNTER_reg[2]/CK (DFFQX1TS)          0.00       0.00 r
  CL/COUNTER_reg[2]/Q (DFFQX1TS)           1.09       1.09 r
  CL/U22/Y (NAND2BX1TS)                    0.52       1.61 r
  CL/U12/Y (INVX2TS)                       0.11       1.72 f
  CL/KEY_CTL[0] (ControlLogic_1_1)         0.00       1.72 f
  KE/KEY_CTL[0] (KeyExpansion_1_1)         0.00       1.72 f
  KE/U13/Y (OR2X2TS)                       0.31       2.03 f
  KE/CLK_GATE_K_reg/D (TLATNX1TS)          0.00       2.03 f
  data arrival time                                   2.03

  clock CLK (fall edge)                 5000.00    5000.00
  clock network delay (ideal)              0.00    5000.00
  KE/CLK_GATE_K_reg/GN (TLATNX1TS)         0.00    5000.00 f
  time borrowed from endpoint              0.00    5000.00
  data required time                               5000.00
  -----------------------------------------------------------
  data required time                               5000.00
  data arrival time                                  -2.03
  -----------------------------------------------------------
  slack (MET)                                      4997.97

  Time Borrowing Information
  -----------------------------------------------
  CLK pulse width                       5000.00   
  library setup time                      -0.12   
  -----------------------------------------------
  max time borrow                       4999.88   
  actual time borrow                       0.00   
  -----------------------------------------------


1
