Information: Updating graph... (UID-83)
 
****************************************
Report : area
Design : Skinny_1_2
Version: E-2010.12-SP2
Date   : Fri Jun 21 11:54:30 2019
****************************************

Information: Updating design information... (UID-85)
Library(s) Used:

    scx3_cmos8rf_lpvt_tt_1p2v_25c (File: /usr/flow/designkits/synthesis/ibm_0.13um/scx3_cmos8rf_lpvt_tt_1p2v_25c.db)

Number of ports:                          163
Number of nets:                           273
Number of cells:                            3
Number of combinational cells:              0
Number of sequential cells:                 0
Number of macros:                           0
Number of buf/inv:                          0
Number of references:                       3

Combinational area:       4733.280060
Noncombinational area:    15825.600082
Net Interconnect area:      undefined  (No wire load specified)

Total cell area:          20558.880142
Total area:                 undefined

Hierarchical area distribution
------------------------------

                                  Global cell area            Local cell area
                                  -------------------  ----------------------------- 
Hierarchical cell                 Absolute    Percent  Combi-     Noncombi-   Black
                                  Total       Total    national   national    boxes   Design
--------------------------------  ----------  -------  ---------  ----------  ------  -------------------------------------
Skinny_1_2                        20558.7715    100.0     0.0000      0.0000  0.0000  Skinny_1_2
CL                                  465.1200      2.3   185.7600    256.3200  0.0000  ControlLogic_1_2
CL/clk_gate_STATE_reg                23.0400      0.1     0.0000     23.0400  0.0000  SNPS_CLOCK_GATE_HIGH_ControlLogic_1_2
KE                                12752.6328     62.0  1203.8407     17.2800  0.0000  KeyExpansion_1_2
KE/P1                                 0.0000      0.0     0.0000      0.0000  0.0000  Permutation_1_0
KE/P1_0                               0.0000      0.0     0.0000      0.0000  0.0000  Permutation_1_2
KE/P1_1                               0.0000      0.0     0.0000      0.0000  0.0000  Permutation_1_1
KE/TK10                            1013.7598      4.9     0.0000      0.0000  0.0000  ScanFF_SIZE32_7
KE/TK10/SFF_0                        31.6800      0.2     0.0000     31.6800  0.0000  dflipfloplw_224
KE/TK10/SFF_1                        31.6800      0.2     0.0000     31.6800  0.0000  dflipfloplw_223
KE/TK10/SFF_10                       31.6800      0.2     0.0000     31.6800  0.0000  dflipfloplw_214
KE/TK10/SFF_11                       31.6800      0.2     0.0000     31.6800  0.0000  dflipfloplw_213
KE/TK10/SFF_12                       31.6800      0.2     0.0000     31.6800  0.0000  dflipfloplw_212
KE/TK10/SFF_13                       31.6800      0.2     0.0000     31.6800  0.0000  dflipfloplw_211
KE/TK10/SFF_14                       31.6800      0.2     0.0000     31.6800  0.0000  dflipfloplw_210
KE/TK10/SFF_15                       31.6800      0.2     0.0000     31.6800  0.0000  dflipfloplw_209
KE/TK10/SFF_16                       31.6800      0.2     0.0000     31.6800  0.0000  dflipfloplw_208
KE/TK10/SFF_17                       31.6800      0.2     0.0000     31.6800  0.0000  dflipfloplw_207
KE/TK10/SFF_18                       31.6800      0.2     0.0000     31.6800  0.0000  dflipfloplw_206
KE/TK10/SFF_19                       31.6800      0.2     0.0000     31.6800  0.0000  dflipfloplw_205
KE/TK10/SFF_2                        31.6800      0.2     0.0000     31.6800  0.0000  dflipfloplw_222
KE/TK10/SFF_20                       31.6800      0.2     0.0000     31.6800  0.0000  dflipfloplw_204
KE/TK10/SFF_21                       31.6800      0.2     0.0000     31.6800  0.0000  dflipfloplw_203
KE/TK10/SFF_22                       31.6800      0.2     0.0000     31.6800  0.0000  dflipfloplw_202
KE/TK10/SFF_23                       31.6800      0.2     0.0000     31.6800  0.0000  dflipfloplw_201
KE/TK10/SFF_24                       31.6800      0.2     0.0000     31.6800  0.0000  dflipfloplw_200
KE/TK10/SFF_25                       31.6800      0.2     0.0000     31.6800  0.0000  dflipfloplw_199
KE/TK10/SFF_26                       31.6800      0.2     0.0000     31.6800  0.0000  dflipfloplw_198
KE/TK10/SFF_27                       31.6800      0.2     0.0000     31.6800  0.0000  dflipfloplw_197
KE/TK10/SFF_28                       31.6800      0.2     0.0000     31.6800  0.0000  dflipfloplw_196
KE/TK10/SFF_29                       31.6800      0.2     0.0000     31.6800  0.0000  dflipfloplw_195
KE/TK10/SFF_3                        31.6800      0.2     0.0000     31.6800  0.0000  dflipfloplw_221
KE/TK10/SFF_30                       31.6800      0.2     0.0000     31.6800  0.0000  dflipfloplw_194
KE/TK10/SFF_31                       31.6800      0.2     0.0000     31.6800  0.0000  dflipfloplw_193
KE/TK10/SFF_4                        31.6800      0.2     0.0000     31.6800  0.0000  dflipfloplw_220
KE/TK10/SFF_5                        31.6800      0.2     0.0000     31.6800  0.0000  dflipfloplw_219
KE/TK10/SFF_6                        31.6800      0.2     0.0000     31.6800  0.0000  dflipfloplw_218
KE/TK10/SFF_7                        31.6800      0.2     0.0000     31.6800  0.0000  dflipfloplw_217
KE/TK10/SFF_8                        31.6800      0.2     0.0000     31.6800  0.0000  dflipfloplw_216
KE/TK10/SFF_9                        31.6800      0.2     0.0000     31.6800  0.0000  dflipfloplw_215
KE/TK11                             783.3599      3.8     0.0000    783.3599  0.0000  DataFF_SIZE32_0
KE/TK12                            1025.2799      5.0    11.5200      0.0000  0.0000  ScanFF_SIZE32_8
KE/TK12/SFF_0                        31.6800      0.2     0.0000     31.6800  0.0000  dflipfloplw_256
KE/TK12/SFF_1                        31.6800      0.2     0.0000     31.6800  0.0000  dflipfloplw_255
KE/TK12/SFF_10                       31.6800      0.2     0.0000     31.6800  0.0000  dflipfloplw_246
KE/TK12/SFF_11                       31.6800      0.2     0.0000     31.6800  0.0000  dflipfloplw_245
KE/TK12/SFF_12                       31.6800      0.2     0.0000     31.6800  0.0000  dflipfloplw_244
KE/TK12/SFF_13                       31.6800      0.2     0.0000     31.6800  0.0000  dflipfloplw_243
KE/TK12/SFF_14                       31.6800      0.2     0.0000     31.6800  0.0000  dflipfloplw_242
KE/TK12/SFF_15                       31.6800      0.2     0.0000     31.6800  0.0000  dflipfloplw_241
KE/TK12/SFF_16                       31.6800      0.2     0.0000     31.6800  0.0000  dflipfloplw_240
KE/TK12/SFF_17                       31.6800      0.2     0.0000     31.6800  0.0000  dflipfloplw_239
KE/TK12/SFF_18                       31.6800      0.2     0.0000     31.6800  0.0000  dflipfloplw_238
KE/TK12/SFF_19                       31.6800      0.2     0.0000     31.6800  0.0000  dflipfloplw_237
KE/TK12/SFF_2                        31.6800      0.2     0.0000     31.6800  0.0000  dflipfloplw_254
KE/TK12/SFF_20                       31.6800      0.2     0.0000     31.6800  0.0000  dflipfloplw_236
KE/TK12/SFF_21                       31.6800      0.2     0.0000     31.6800  0.0000  dflipfloplw_235
KE/TK12/SFF_22                       31.6800      0.2     0.0000     31.6800  0.0000  dflipfloplw_234
KE/TK12/SFF_23                       31.6800      0.2     0.0000     31.6800  0.0000  dflipfloplw_233
KE/TK12/SFF_24                       31.6800      0.2     0.0000     31.6800  0.0000  dflipfloplw_232
KE/TK12/SFF_25                       31.6800      0.2     0.0000     31.6800  0.0000  dflipfloplw_231
KE/TK12/SFF_26                       31.6800      0.2     0.0000     31.6800  0.0000  dflipfloplw_230
KE/TK12/SFF_27                       31.6800      0.2     0.0000     31.6800  0.0000  dflipfloplw_229
KE/TK12/SFF_28                       31.6800      0.2     0.0000     31.6800  0.0000  dflipfloplw_228
KE/TK12/SFF_29                       31.6800      0.2     0.0000     31.6800  0.0000  dflipfloplw_227
KE/TK12/SFF_3                        31.6800      0.2     0.0000     31.6800  0.0000  dflipfloplw_253
KE/TK12/SFF_30                       31.6800      0.2     0.0000     31.6800  0.0000  dflipfloplw_226
KE/TK12/SFF_31                       31.6800      0.2     0.0000     31.6800  0.0000  dflipfloplw_225
KE/TK12/SFF_4                        31.6800      0.2     0.0000     31.6800  0.0000  dflipfloplw_252
KE/TK12/SFF_5                        31.6800      0.2     0.0000     31.6800  0.0000  dflipfloplw_251
KE/TK12/SFF_6                        31.6800      0.2     0.0000     31.6800  0.0000  dflipfloplw_250
KE/TK12/SFF_7                        31.6800      0.2     0.0000     31.6800  0.0000  dflipfloplw_249
KE/TK12/SFF_8                        31.6800      0.2     0.0000     31.6800  0.0000  dflipfloplw_248
KE/TK12/SFF_9                        31.6800      0.2     0.0000     31.6800  0.0000  dflipfloplw_247
KE/TK13                            1019.5198      5.0     5.7600      0.0000  0.0000  ScanFF_SIZE32_9
KE/TK13/SFF_0                        31.6800      0.2     0.0000     31.6800  0.0000  dflipfloplw_288
KE/TK13/SFF_1                        31.6800      0.2     0.0000     31.6800  0.0000  dflipfloplw_287
KE/TK13/SFF_10                       31.6800      0.2     0.0000     31.6800  0.0000  dflipfloplw_278
KE/TK13/SFF_11                       31.6800      0.2     0.0000     31.6800  0.0000  dflipfloplw_277
KE/TK13/SFF_12                       31.6800      0.2     0.0000     31.6800  0.0000  dflipfloplw_276
KE/TK13/SFF_13                       31.6800      0.2     0.0000     31.6800  0.0000  dflipfloplw_275
KE/TK13/SFF_14                       31.6800      0.2     0.0000     31.6800  0.0000  dflipfloplw_274
KE/TK13/SFF_15                       31.6800      0.2     0.0000     31.6800  0.0000  dflipfloplw_273
KE/TK13/SFF_16                       31.6800      0.2     0.0000     31.6800  0.0000  dflipfloplw_272
KE/TK13/SFF_17                       31.6800      0.2     0.0000     31.6800  0.0000  dflipfloplw_271
KE/TK13/SFF_18                       31.6800      0.2     0.0000     31.6800  0.0000  dflipfloplw_270
KE/TK13/SFF_19                       31.6800      0.2     0.0000     31.6800  0.0000  dflipfloplw_269
KE/TK13/SFF_2                        31.6800      0.2     0.0000     31.6800  0.0000  dflipfloplw_286
KE/TK13/SFF_20                       31.6800      0.2     0.0000     31.6800  0.0000  dflipfloplw_268
KE/TK13/SFF_21                       31.6800      0.2     0.0000     31.6800  0.0000  dflipfloplw_267
KE/TK13/SFF_22                       31.6800      0.2     0.0000     31.6800  0.0000  dflipfloplw_266
KE/TK13/SFF_23                       31.6800      0.2     0.0000     31.6800  0.0000  dflipfloplw_265
KE/TK13/SFF_24                       31.6800      0.2     0.0000     31.6800  0.0000  dflipfloplw_264
KE/TK13/SFF_25                       31.6800      0.2     0.0000     31.6800  0.0000  dflipfloplw_263
KE/TK13/SFF_26                       31.6800      0.2     0.0000     31.6800  0.0000  dflipfloplw_262
KE/TK13/SFF_27                       31.6800      0.2     0.0000     31.6800  0.0000  dflipfloplw_261
KE/TK13/SFF_28                       31.6800      0.2     0.0000     31.6800  0.0000  dflipfloplw_260
KE/TK13/SFF_29                       31.6800      0.2     0.0000     31.6800  0.0000  dflipfloplw_259
KE/TK13/SFF_3                        31.6800      0.2     0.0000     31.6800  0.0000  dflipfloplw_285
KE/TK13/SFF_30                       31.6800      0.2     0.0000     31.6800  0.0000  dflipfloplw_258
KE/TK13/SFF_31                       31.6800      0.2     0.0000     31.6800  0.0000  dflipfloplw_257
KE/TK13/SFF_4                        31.6800      0.2     0.0000     31.6800  0.0000  dflipfloplw_284
KE/TK13/SFF_5                        31.6800      0.2     0.0000     31.6800  0.0000  dflipfloplw_283
KE/TK13/SFF_6                        31.6800      0.2     0.0000     31.6800  0.0000  dflipfloplw_282
KE/TK13/SFF_7                        31.6800      0.2     0.0000     31.6800  0.0000  dflipfloplw_281
KE/TK13/SFF_8                        31.6800      0.2     0.0000     31.6800  0.0000  dflipfloplw_280
KE/TK13/SFF_9                        31.6800      0.2     0.0000     31.6800  0.0000  dflipfloplw_279
KE/TK20                            1013.7598      4.9     0.0000      0.0000  0.0000  ScanFF_SIZE32_4
KE/TK20/SFF_0                        31.6800      0.2     0.0000     31.6800  0.0000  dflipfloplw_128
KE/TK20/SFF_1                        31.6800      0.2     0.0000     31.6800  0.0000  dflipfloplw_127
KE/TK20/SFF_10                       31.6800      0.2     0.0000     31.6800  0.0000  dflipfloplw_118
KE/TK20/SFF_11                       31.6800      0.2     0.0000     31.6800  0.0000  dflipfloplw_117
KE/TK20/SFF_12                       31.6800      0.2     0.0000     31.6800  0.0000  dflipfloplw_116
KE/TK20/SFF_13                       31.6800      0.2     0.0000     31.6800  0.0000  dflipfloplw_115
KE/TK20/SFF_14                       31.6800      0.2     0.0000     31.6800  0.0000  dflipfloplw_114
KE/TK20/SFF_15                       31.6800      0.2     0.0000     31.6800  0.0000  dflipfloplw_113
KE/TK20/SFF_16                       31.6800      0.2     0.0000     31.6800  0.0000  dflipfloplw_112
KE/TK20/SFF_17                       31.6800      0.2     0.0000     31.6800  0.0000  dflipfloplw_111
KE/TK20/SFF_18                       31.6800      0.2     0.0000     31.6800  0.0000  dflipfloplw_110
KE/TK20/SFF_19                       31.6800      0.2     0.0000     31.6800  0.0000  dflipfloplw_109
KE/TK20/SFF_2                        31.6800      0.2     0.0000     31.6800  0.0000  dflipfloplw_126
KE/TK20/SFF_20                       31.6800      0.2     0.0000     31.6800  0.0000  dflipfloplw_108
KE/TK20/SFF_21                       31.6800      0.2     0.0000     31.6800  0.0000  dflipfloplw_107
KE/TK20/SFF_22                       31.6800      0.2     0.0000     31.6800  0.0000  dflipfloplw_106
KE/TK20/SFF_23                       31.6800      0.2     0.0000     31.6800  0.0000  dflipfloplw_105
KE/TK20/SFF_24                       31.6800      0.2     0.0000     31.6800  0.0000  dflipfloplw_104
KE/TK20/SFF_25                       31.6800      0.2     0.0000     31.6800  0.0000  dflipfloplw_103
KE/TK20/SFF_26                       31.6800      0.2     0.0000     31.6800  0.0000  dflipfloplw_102
KE/TK20/SFF_27                       31.6800      0.2     0.0000     31.6800  0.0000  dflipfloplw_101
KE/TK20/SFF_28                       31.6800      0.2     0.0000     31.6800  0.0000  dflipfloplw_100
KE/TK20/SFF_29                       31.6800      0.2     0.0000     31.6800  0.0000  dflipfloplw_99
KE/TK20/SFF_3                        31.6800      0.2     0.0000     31.6800  0.0000  dflipfloplw_125
KE/TK20/SFF_30                       31.6800      0.2     0.0000     31.6800  0.0000  dflipfloplw_98
KE/TK20/SFF_31                       31.6800      0.2     0.0000     31.6800  0.0000  dflipfloplw_97
KE/TK20/SFF_4                        31.6800      0.2     0.0000     31.6800  0.0000  dflipfloplw_124
KE/TK20/SFF_5                        31.6800      0.2     0.0000     31.6800  0.0000  dflipfloplw_123
KE/TK20/SFF_6                        31.6800      0.2     0.0000     31.6800  0.0000  dflipfloplw_122
KE/TK20/SFF_7                        31.6800      0.2     0.0000     31.6800  0.0000  dflipfloplw_121
KE/TK20/SFF_8                        31.6800      0.2     0.0000     31.6800  0.0000  dflipfloplw_120
KE/TK20/SFF_9                        31.6800      0.2     0.0000     31.6800  0.0000  dflipfloplw_119
KE/TK21                             783.3599      3.8     0.0000    783.3599  0.0000  DataFF_SIZE32_2
KE/TK22                            1025.2799      5.0    11.5200      0.0000  0.0000  ScanFF_SIZE32_5
KE/TK22/SFF_0                        31.6800      0.2     0.0000     31.6800  0.0000  dflipfloplw_160
KE/TK22/SFF_1                        31.6800      0.2     0.0000     31.6800  0.0000  dflipfloplw_159
KE/TK22/SFF_10                       31.6800      0.2     0.0000     31.6800  0.0000  dflipfloplw_150
KE/TK22/SFF_11                       31.6800      0.2     0.0000     31.6800  0.0000  dflipfloplw_149
KE/TK22/SFF_12                       31.6800      0.2     0.0000     31.6800  0.0000  dflipfloplw_148
KE/TK22/SFF_13                       31.6800      0.2     0.0000     31.6800  0.0000  dflipfloplw_147
KE/TK22/SFF_14                       31.6800      0.2     0.0000     31.6800  0.0000  dflipfloplw_146
KE/TK22/SFF_15                       31.6800      0.2     0.0000     31.6800  0.0000  dflipfloplw_145
KE/TK22/SFF_16                       31.6800      0.2     0.0000     31.6800  0.0000  dflipfloplw_144
KE/TK22/SFF_17                       31.6800      0.2     0.0000     31.6800  0.0000  dflipfloplw_143
KE/TK22/SFF_18                       31.6800      0.2     0.0000     31.6800  0.0000  dflipfloplw_142
KE/TK22/SFF_19                       31.6800      0.2     0.0000     31.6800  0.0000  dflipfloplw_141
KE/TK22/SFF_2                        31.6800      0.2     0.0000     31.6800  0.0000  dflipfloplw_158
KE/TK22/SFF_20                       31.6800      0.2     0.0000     31.6800  0.0000  dflipfloplw_140
KE/TK22/SFF_21                       31.6800      0.2     0.0000     31.6800  0.0000  dflipfloplw_139
KE/TK22/SFF_22                       31.6800      0.2     0.0000     31.6800  0.0000  dflipfloplw_138
KE/TK22/SFF_23                       31.6800      0.2     0.0000     31.6800  0.0000  dflipfloplw_137
KE/TK22/SFF_24                       31.6800      0.2     0.0000     31.6800  0.0000  dflipfloplw_136
KE/TK22/SFF_25                       31.6800      0.2     0.0000     31.6800  0.0000  dflipfloplw_135
KE/TK22/SFF_26                       31.6800      0.2     0.0000     31.6800  0.0000  dflipfloplw_134
KE/TK22/SFF_27                       31.6800      0.2     0.0000     31.6800  0.0000  dflipfloplw_133
KE/TK22/SFF_28                       31.6800      0.2     0.0000     31.6800  0.0000  dflipfloplw_132
KE/TK22/SFF_29                       31.6800      0.2     0.0000     31.6800  0.0000  dflipfloplw_131
KE/TK22/SFF_3                        31.6800      0.2     0.0000     31.6800  0.0000  dflipfloplw_157
KE/TK22/SFF_30                       31.6800      0.2     0.0000     31.6800  0.0000  dflipfloplw_130
KE/TK22/SFF_31                       31.6800      0.2     0.0000     31.6800  0.0000  dflipfloplw_129
KE/TK22/SFF_4                        31.6800      0.2     0.0000     31.6800  0.0000  dflipfloplw_156
KE/TK22/SFF_5                        31.6800      0.2     0.0000     31.6800  0.0000  dflipfloplw_155
KE/TK22/SFF_6                        31.6800      0.2     0.0000     31.6800  0.0000  dflipfloplw_154
KE/TK22/SFF_7                        31.6800      0.2     0.0000     31.6800  0.0000  dflipfloplw_153
KE/TK22/SFF_8                        31.6800      0.2     0.0000     31.6800  0.0000  dflipfloplw_152
KE/TK22/SFF_9                        31.6800      0.2     0.0000     31.6800  0.0000  dflipfloplw_151
KE/TK23                            1025.2799      5.0    11.5200      0.0000  0.0000  ScanFF_SIZE32_6
KE/TK23/SFF_0                        31.6800      0.2     0.0000     31.6800  0.0000  dflipfloplw_192
KE/TK23/SFF_1                        31.6800      0.2     0.0000     31.6800  0.0000  dflipfloplw_191
KE/TK23/SFF_10                       31.6800      0.2     0.0000     31.6800  0.0000  dflipfloplw_182
KE/TK23/SFF_11                       31.6800      0.2     0.0000     31.6800  0.0000  dflipfloplw_181
KE/TK23/SFF_12                       31.6800      0.2     0.0000     31.6800  0.0000  dflipfloplw_180
KE/TK23/SFF_13                       31.6800      0.2     0.0000     31.6800  0.0000  dflipfloplw_179
KE/TK23/SFF_14                       31.6800      0.2     0.0000     31.6800  0.0000  dflipfloplw_178
KE/TK23/SFF_15                       31.6800      0.2     0.0000     31.6800  0.0000  dflipfloplw_177
KE/TK23/SFF_16                       31.6800      0.2     0.0000     31.6800  0.0000  dflipfloplw_176
KE/TK23/SFF_17                       31.6800      0.2     0.0000     31.6800  0.0000  dflipfloplw_175
KE/TK23/SFF_18                       31.6800      0.2     0.0000     31.6800  0.0000  dflipfloplw_174
KE/TK23/SFF_19                       31.6800      0.2     0.0000     31.6800  0.0000  dflipfloplw_173
KE/TK23/SFF_2                        31.6800      0.2     0.0000     31.6800  0.0000  dflipfloplw_190
KE/TK23/SFF_20                       31.6800      0.2     0.0000     31.6800  0.0000  dflipfloplw_172
KE/TK23/SFF_21                       31.6800      0.2     0.0000     31.6800  0.0000  dflipfloplw_171
KE/TK23/SFF_22                       31.6800      0.2     0.0000     31.6800  0.0000  dflipfloplw_170
KE/TK23/SFF_23                       31.6800      0.2     0.0000     31.6800  0.0000  dflipfloplw_169
KE/TK23/SFF_24                       31.6800      0.2     0.0000     31.6800  0.0000  dflipfloplw_168
KE/TK23/SFF_25                       31.6800      0.2     0.0000     31.6800  0.0000  dflipfloplw_167
KE/TK23/SFF_26                       31.6800      0.2     0.0000     31.6800  0.0000  dflipfloplw_166
KE/TK23/SFF_27                       31.6800      0.2     0.0000     31.6800  0.0000  dflipfloplw_165
KE/TK23/SFF_28                       31.6800      0.2     0.0000     31.6800  0.0000  dflipfloplw_164
KE/TK23/SFF_29                       31.6800      0.2     0.0000     31.6800  0.0000  dflipfloplw_163
KE/TK23/SFF_3                        31.6800      0.2     0.0000     31.6800  0.0000  dflipfloplw_189
KE/TK23/SFF_30                       31.6800      0.2     0.0000     31.6800  0.0000  dflipfloplw_162
KE/TK23/SFF_31                       31.6800      0.2     0.0000     31.6800  0.0000  dflipfloplw_161
KE/TK23/SFF_4                        31.6800      0.2     0.0000     31.6800  0.0000  dflipfloplw_188
KE/TK23/SFF_5                        31.6800      0.2     0.0000     31.6800  0.0000  dflipfloplw_187
KE/TK23/SFF_6                        31.6800      0.2     0.0000     31.6800  0.0000  dflipfloplw_186
KE/TK23/SFF_7                        31.6800      0.2     0.0000     31.6800  0.0000  dflipfloplw_185
KE/TK23/SFF_8                        31.6800      0.2     0.0000     31.6800  0.0000  dflipfloplw_184
KE/TK23/SFF_9                        31.6800      0.2     0.0000     31.6800  0.0000  dflipfloplw_183
KE/TK30                            1013.7598      4.9     0.0000      0.0000  0.0000  ScanFF_SIZE32_1
KE/TK30/SFF_0                        31.6800      0.2     0.0000     31.6800  0.0000  dflipfloplw_32
KE/TK30/SFF_1                        31.6800      0.2     0.0000     31.6800  0.0000  dflipfloplw_31
KE/TK30/SFF_10                       31.6800      0.2     0.0000     31.6800  0.0000  dflipfloplw_22
KE/TK30/SFF_11                       31.6800      0.2     0.0000     31.6800  0.0000  dflipfloplw_21
KE/TK30/SFF_12                       31.6800      0.2     0.0000     31.6800  0.0000  dflipfloplw_20
KE/TK30/SFF_13                       31.6800      0.2     0.0000     31.6800  0.0000  dflipfloplw_19
KE/TK30/SFF_14                       31.6800      0.2     0.0000     31.6800  0.0000  dflipfloplw_18
KE/TK30/SFF_15                       31.6800      0.2     0.0000     31.6800  0.0000  dflipfloplw_17
KE/TK30/SFF_16                       31.6800      0.2     0.0000     31.6800  0.0000  dflipfloplw_16
KE/TK30/SFF_17                       31.6800      0.2     0.0000     31.6800  0.0000  dflipfloplw_15
KE/TK30/SFF_18                       31.6800      0.2     0.0000     31.6800  0.0000  dflipfloplw_14
KE/TK30/SFF_19                       31.6800      0.2     0.0000     31.6800  0.0000  dflipfloplw_13
KE/TK30/SFF_2                        31.6800      0.2     0.0000     31.6800  0.0000  dflipfloplw_30
KE/TK30/SFF_20                       31.6800      0.2     0.0000     31.6800  0.0000  dflipfloplw_12
KE/TK30/SFF_21                       31.6800      0.2     0.0000     31.6800  0.0000  dflipfloplw_11
KE/TK30/SFF_22                       31.6800      0.2     0.0000     31.6800  0.0000  dflipfloplw_10
KE/TK30/SFF_23                       31.6800      0.2     0.0000     31.6800  0.0000  dflipfloplw_9
KE/TK30/SFF_24                       31.6800      0.2     0.0000     31.6800  0.0000  dflipfloplw_8
KE/TK30/SFF_25                       31.6800      0.2     0.0000     31.6800  0.0000  dflipfloplw_7
KE/TK30/SFF_26                       31.6800      0.2     0.0000     31.6800  0.0000  dflipfloplw_6
KE/TK30/SFF_27                       31.6800      0.2     0.0000     31.6800  0.0000  dflipfloplw_5
KE/TK30/SFF_28                       31.6800      0.2     0.0000     31.6800  0.0000  dflipfloplw_4
KE/TK30/SFF_29                       31.6800      0.2     0.0000     31.6800  0.0000  dflipfloplw_3
KE/TK30/SFF_3                        31.6800      0.2     0.0000     31.6800  0.0000  dflipfloplw_29
KE/TK30/SFF_30                       31.6800      0.2     0.0000     31.6800  0.0000  dflipfloplw_2
KE/TK30/SFF_31                       31.6800      0.2     0.0000     31.6800  0.0000  dflipfloplw_1
KE/TK30/SFF_4                        31.6800      0.2     0.0000     31.6800  0.0000  dflipfloplw_28
KE/TK30/SFF_5                        31.6800      0.2     0.0000     31.6800  0.0000  dflipfloplw_27
KE/TK30/SFF_6                        31.6800      0.2     0.0000     31.6800  0.0000  dflipfloplw_26
KE/TK30/SFF_7                        31.6800      0.2     0.0000     31.6800  0.0000  dflipfloplw_25
KE/TK30/SFF_8                        31.6800      0.2     0.0000     31.6800  0.0000  dflipfloplw_24
KE/TK30/SFF_9                        31.6800      0.2     0.0000     31.6800  0.0000  dflipfloplw_23
KE/TK31                             783.3599      3.8     0.0000    783.3599  0.0000  DataFF_SIZE32_1
KE/TK32                            1019.5198      5.0     5.7600      0.0000  0.0000  ScanFF_SIZE32_2
KE/TK32/SFF_0                        31.6800      0.2     0.0000     31.6800  0.0000  dflipfloplw_64
KE/TK32/SFF_1                        31.6800      0.2     0.0000     31.6800  0.0000  dflipfloplw_63
KE/TK32/SFF_10                       31.6800      0.2     0.0000     31.6800  0.0000  dflipfloplw_54
KE/TK32/SFF_11                       31.6800      0.2     0.0000     31.6800  0.0000  dflipfloplw_53
KE/TK32/SFF_12                       31.6800      0.2     0.0000     31.6800  0.0000  dflipfloplw_52
KE/TK32/SFF_13                       31.6800      0.2     0.0000     31.6800  0.0000  dflipfloplw_51
KE/TK32/SFF_14                       31.6800      0.2     0.0000     31.6800  0.0000  dflipfloplw_50
KE/TK32/SFF_15                       31.6800      0.2     0.0000     31.6800  0.0000  dflipfloplw_49
KE/TK32/SFF_16                       31.6800      0.2     0.0000     31.6800  0.0000  dflipfloplw_48
KE/TK32/SFF_17                       31.6800      0.2     0.0000     31.6800  0.0000  dflipfloplw_47
KE/TK32/SFF_18                       31.6800      0.2     0.0000     31.6800  0.0000  dflipfloplw_46
KE/TK32/SFF_19                       31.6800      0.2     0.0000     31.6800  0.0000  dflipfloplw_45
KE/TK32/SFF_2                        31.6800      0.2     0.0000     31.6800  0.0000  dflipfloplw_62
KE/TK32/SFF_20                       31.6800      0.2     0.0000     31.6800  0.0000  dflipfloplw_44
KE/TK32/SFF_21                       31.6800      0.2     0.0000     31.6800  0.0000  dflipfloplw_43
KE/TK32/SFF_22                       31.6800      0.2     0.0000     31.6800  0.0000  dflipfloplw_42
KE/TK32/SFF_23                       31.6800      0.2     0.0000     31.6800  0.0000  dflipfloplw_41
KE/TK32/SFF_24                       31.6800      0.2     0.0000     31.6800  0.0000  dflipfloplw_40
KE/TK32/SFF_25                       31.6800      0.2     0.0000     31.6800  0.0000  dflipfloplw_39
KE/TK32/SFF_26                       31.6800      0.2     0.0000     31.6800  0.0000  dflipfloplw_38
KE/TK32/SFF_27                       31.6800      0.2     0.0000     31.6800  0.0000  dflipfloplw_37
KE/TK32/SFF_28                       31.6800      0.2     0.0000     31.6800  0.0000  dflipfloplw_36
KE/TK32/SFF_29                       31.6800      0.2     0.0000     31.6800  0.0000  dflipfloplw_35
KE/TK32/SFF_3                        31.6800      0.2     0.0000     31.6800  0.0000  dflipfloplw_61
KE/TK32/SFF_30                       31.6800      0.2     0.0000     31.6800  0.0000  dflipfloplw_34
KE/TK32/SFF_31                       31.6800      0.2     0.0000     31.6800  0.0000  dflipfloplw_33
KE/TK32/SFF_4                        31.6800      0.2     0.0000     31.6800  0.0000  dflipfloplw_60
KE/TK32/SFF_5                        31.6800      0.2     0.0000     31.6800  0.0000  dflipfloplw_59
KE/TK32/SFF_6                        31.6800      0.2     0.0000     31.6800  0.0000  dflipfloplw_58
KE/TK32/SFF_7                        31.6800      0.2     0.0000     31.6800  0.0000  dflipfloplw_57
KE/TK32/SFF_8                        31.6800      0.2     0.0000     31.6800  0.0000  dflipfloplw_56
KE/TK32/SFF_9                        31.6800      0.2     0.0000     31.6800  0.0000  dflipfloplw_55
KE/TK33                            1025.2799      5.0    11.5200      0.0000  0.0000  ScanFF_SIZE32_3
KE/TK33/SFF_0                        31.6800      0.2     0.0000     31.6800  0.0000  dflipfloplw_96
KE/TK33/SFF_1                        31.6800      0.2     0.0000     31.6800  0.0000  dflipfloplw_95
KE/TK33/SFF_10                       31.6800      0.2     0.0000     31.6800  0.0000  dflipfloplw_86
KE/TK33/SFF_11                       31.6800      0.2     0.0000     31.6800  0.0000  dflipfloplw_85
KE/TK33/SFF_12                       31.6800      0.2     0.0000     31.6800  0.0000  dflipfloplw_84
KE/TK33/SFF_13                       31.6800      0.2     0.0000     31.6800  0.0000  dflipfloplw_83
KE/TK33/SFF_14                       31.6800      0.2     0.0000     31.6800  0.0000  dflipfloplw_82
KE/TK33/SFF_15                       31.6800      0.2     0.0000     31.6800  0.0000  dflipfloplw_81
KE/TK33/SFF_16                       31.6800      0.2     0.0000     31.6800  0.0000  dflipfloplw_80
KE/TK33/SFF_17                       31.6800      0.2     0.0000     31.6800  0.0000  dflipfloplw_79
KE/TK33/SFF_18                       31.6800      0.2     0.0000     31.6800  0.0000  dflipfloplw_78
KE/TK33/SFF_19                       31.6800      0.2     0.0000     31.6800  0.0000  dflipfloplw_77
KE/TK33/SFF_2                        31.6800      0.2     0.0000     31.6800  0.0000  dflipfloplw_94
KE/TK33/SFF_20                       31.6800      0.2     0.0000     31.6800  0.0000  dflipfloplw_76
KE/TK33/SFF_21                       31.6800      0.2     0.0000     31.6800  0.0000  dflipfloplw_75
KE/TK33/SFF_22                       31.6800      0.2     0.0000     31.6800  0.0000  dflipfloplw_74
KE/TK33/SFF_23                       31.6800      0.2     0.0000     31.6800  0.0000  dflipfloplw_73
KE/TK33/SFF_24                       31.6800      0.2     0.0000     31.6800  0.0000  dflipfloplw_72
KE/TK33/SFF_25                       31.6800      0.2     0.0000     31.6800  0.0000  dflipfloplw_71
KE/TK33/SFF_26                       31.6800      0.2     0.0000     31.6800  0.0000  dflipfloplw_70
KE/TK33/SFF_27                       31.6800      0.2     0.0000     31.6800  0.0000  dflipfloplw_69
KE/TK33/SFF_28                       31.6800      0.2     0.0000     31.6800  0.0000  dflipfloplw_68
KE/TK33/SFF_29                       31.6800      0.2     0.0000     31.6800  0.0000  dflipfloplw_67
KE/TK33/SFF_3                        31.6800      0.2     0.0000     31.6800  0.0000  dflipfloplw_93
KE/TK33/SFF_30                       31.6800      0.2     0.0000     31.6800  0.0000  dflipfloplw_66
KE/TK33/SFF_31                       31.6800      0.2     0.0000     31.6800  0.0000  dflipfloplw_65
KE/TK33/SFF_4                        31.6800      0.2     0.0000     31.6800  0.0000  dflipfloplw_92
KE/TK33/SFF_5                        31.6800      0.2     0.0000     31.6800  0.0000  dflipfloplw_91
KE/TK33/SFF_6                        31.6800      0.2     0.0000     31.6800  0.0000  dflipfloplw_90
KE/TK33/SFF_7                        31.6800      0.2     0.0000     31.6800  0.0000  dflipfloplw_89
KE/TK33/SFF_8                        31.6800      0.2     0.0000     31.6800  0.0000  dflipfloplw_88
KE/TK33/SFF_9                        31.6800      0.2     0.0000     31.6800  0.0000  dflipfloplw_87
RF                                 7341.1323     35.7  1304.6393      0.0000  0.0000  RoundFunction_1_2
RF/KA                              1186.5609      5.8  1186.5609      0.0000  0.0000  AddConstKey_1_2
RF/MC                               276.4800      1.3   276.4800      0.0000  0.0000  MixColumns_1
RF/R0                              1013.7598      4.9     0.0000      0.0000  0.0000  ScanFF_SIZE32_10
RF/R0/SFF_0                          31.6800      0.2     0.0000     31.6800  0.0000  dflipfloplw_320
RF/R0/SFF_1                          31.6800      0.2     0.0000     31.6800  0.0000  dflipfloplw_319
RF/R0/SFF_10                         31.6800      0.2     0.0000     31.6800  0.0000  dflipfloplw_310
RF/R0/SFF_11                         31.6800      0.2     0.0000     31.6800  0.0000  dflipfloplw_309
RF/R0/SFF_12                         31.6800      0.2     0.0000     31.6800  0.0000  dflipfloplw_308
RF/R0/SFF_13                         31.6800      0.2     0.0000     31.6800  0.0000  dflipfloplw_307
RF/R0/SFF_14                         31.6800      0.2     0.0000     31.6800  0.0000  dflipfloplw_306
RF/R0/SFF_15                         31.6800      0.2     0.0000     31.6800  0.0000  dflipfloplw_305
RF/R0/SFF_16                         31.6800      0.2     0.0000     31.6800  0.0000  dflipfloplw_304
RF/R0/SFF_17                         31.6800      0.2     0.0000     31.6800  0.0000  dflipfloplw_303
RF/R0/SFF_18                         31.6800      0.2     0.0000     31.6800  0.0000  dflipfloplw_302
RF/R0/SFF_19                         31.6800      0.2     0.0000     31.6800  0.0000  dflipfloplw_301
RF/R0/SFF_2                          31.6800      0.2     0.0000     31.6800  0.0000  dflipfloplw_318
RF/R0/SFF_20                         31.6800      0.2     0.0000     31.6800  0.0000  dflipfloplw_300
RF/R0/SFF_21                         31.6800      0.2     0.0000     31.6800  0.0000  dflipfloplw_299
RF/R0/SFF_22                         31.6800      0.2     0.0000     31.6800  0.0000  dflipfloplw_298
RF/R0/SFF_23                         31.6800      0.2     0.0000     31.6800  0.0000  dflipfloplw_297
RF/R0/SFF_24                         31.6800      0.2     0.0000     31.6800  0.0000  dflipfloplw_296
RF/R0/SFF_25                         31.6800      0.2     0.0000     31.6800  0.0000  dflipfloplw_295
RF/R0/SFF_26                         31.6800      0.2     0.0000     31.6800  0.0000  dflipfloplw_294
RF/R0/SFF_27                         31.6800      0.2     0.0000     31.6800  0.0000  dflipfloplw_293
RF/R0/SFF_28                         31.6800      0.2     0.0000     31.6800  0.0000  dflipfloplw_292
RF/R0/SFF_29                         31.6800      0.2     0.0000     31.6800  0.0000  dflipfloplw_291
RF/R0/SFF_3                          31.6800      0.2     0.0000     31.6800  0.0000  dflipfloplw_317
RF/R0/SFF_30                         31.6800      0.2     0.0000     31.6800  0.0000  dflipfloplw_290
RF/R0/SFF_31                         31.6800      0.2     0.0000     31.6800  0.0000  dflipfloplw_289
RF/R0/SFF_4                          31.6800      0.2     0.0000     31.6800  0.0000  dflipfloplw_316
RF/R0/SFF_5                          31.6800      0.2     0.0000     31.6800  0.0000  dflipfloplw_315
RF/R0/SFF_6                          31.6800      0.2     0.0000     31.6800  0.0000  dflipfloplw_314
RF/R0/SFF_7                          31.6800      0.2     0.0000     31.6800  0.0000  dflipfloplw_313
RF/R0/SFF_8                          31.6800      0.2     0.0000     31.6800  0.0000  dflipfloplw_312
RF/R0/SFF_9                          31.6800      0.2     0.0000     31.6800  0.0000  dflipfloplw_311
RF/R1                              1019.5198      5.0     5.7600      0.0000  0.0000  ScanFF_SIZE32_11
RF/R1/SFF_0                          31.6800      0.2     0.0000     31.6800  0.0000  dflipfloplw_352
RF/R1/SFF_1                          31.6800      0.2     0.0000     31.6800  0.0000  dflipfloplw_351
RF/R1/SFF_10                         31.6800      0.2     0.0000     31.6800  0.0000  dflipfloplw_342
RF/R1/SFF_11                         31.6800      0.2     0.0000     31.6800  0.0000  dflipfloplw_341
RF/R1/SFF_12                         31.6800      0.2     0.0000     31.6800  0.0000  dflipfloplw_340
RF/R1/SFF_13                         31.6800      0.2     0.0000     31.6800  0.0000  dflipfloplw_339
RF/R1/SFF_14                         31.6800      0.2     0.0000     31.6800  0.0000  dflipfloplw_338
RF/R1/SFF_15                         31.6800      0.2     0.0000     31.6800  0.0000  dflipfloplw_337
RF/R1/SFF_16                         31.6800      0.2     0.0000     31.6800  0.0000  dflipfloplw_336
RF/R1/SFF_17                         31.6800      0.2     0.0000     31.6800  0.0000  dflipfloplw_335
RF/R1/SFF_18                         31.6800      0.2     0.0000     31.6800  0.0000  dflipfloplw_334
RF/R1/SFF_19                         31.6800      0.2     0.0000     31.6800  0.0000  dflipfloplw_333
RF/R1/SFF_2                          31.6800      0.2     0.0000     31.6800  0.0000  dflipfloplw_350
RF/R1/SFF_20                         31.6800      0.2     0.0000     31.6800  0.0000  dflipfloplw_332
RF/R1/SFF_21                         31.6800      0.2     0.0000     31.6800  0.0000  dflipfloplw_331
RF/R1/SFF_22                         31.6800      0.2     0.0000     31.6800  0.0000  dflipfloplw_330
RF/R1/SFF_23                         31.6800      0.2     0.0000     31.6800  0.0000  dflipfloplw_329
RF/R1/SFF_24                         31.6800      0.2     0.0000     31.6800  0.0000  dflipfloplw_328
RF/R1/SFF_25                         31.6800      0.2     0.0000     31.6800  0.0000  dflipfloplw_327
RF/R1/SFF_26                         31.6800      0.2     0.0000     31.6800  0.0000  dflipfloplw_326
RF/R1/SFF_27                         31.6800      0.2     0.0000     31.6800  0.0000  dflipfloplw_325
RF/R1/SFF_28                         31.6800      0.2     0.0000     31.6800  0.0000  dflipfloplw_324
RF/R1/SFF_29                         31.6800      0.2     0.0000     31.6800  0.0000  dflipfloplw_323
RF/R1/SFF_3                          31.6800      0.2     0.0000     31.6800  0.0000  dflipfloplw_349
RF/R1/SFF_30                         31.6800      0.2     0.0000     31.6800  0.0000  dflipfloplw_322
RF/R1/SFF_31                         31.6800      0.2     0.0000     31.6800  0.0000  dflipfloplw_321
RF/R1/SFF_4                          31.6800      0.2     0.0000     31.6800  0.0000  dflipfloplw_348
RF/R1/SFF_5                          31.6800      0.2     0.0000     31.6800  0.0000  dflipfloplw_347
RF/R1/SFF_6                          31.6800      0.2     0.0000     31.6800  0.0000  dflipfloplw_346
RF/R1/SFF_7                          31.6800      0.2     0.0000     31.6800  0.0000  dflipfloplw_345
RF/R1/SFF_8                          31.6800      0.2     0.0000     31.6800  0.0000  dflipfloplw_344
RF/R1/SFF_9                          31.6800      0.2     0.0000     31.6800  0.0000  dflipfloplw_343
RF/R2                              1013.7598      4.9     0.0000      0.0000  0.0000  ScanFF_SIZE32_12
RF/R2/SFF_0                          31.6800      0.2     0.0000     31.6800  0.0000  dflipfloplw_384
RF/R2/SFF_1                          31.6800      0.2     0.0000     31.6800  0.0000  dflipfloplw_383
RF/R2/SFF_10                         31.6800      0.2     0.0000     31.6800  0.0000  dflipfloplw_374
RF/R2/SFF_11                         31.6800      0.2     0.0000     31.6800  0.0000  dflipfloplw_373
RF/R2/SFF_12                         31.6800      0.2     0.0000     31.6800  0.0000  dflipfloplw_372
RF/R2/SFF_13                         31.6800      0.2     0.0000     31.6800  0.0000  dflipfloplw_371
RF/R2/SFF_14                         31.6800      0.2     0.0000     31.6800  0.0000  dflipfloplw_370
RF/R2/SFF_15                         31.6800      0.2     0.0000     31.6800  0.0000  dflipfloplw_369
RF/R2/SFF_16                         31.6800      0.2     0.0000     31.6800  0.0000  dflipfloplw_368
RF/R2/SFF_17                         31.6800      0.2     0.0000     31.6800  0.0000  dflipfloplw_367
RF/R2/SFF_18                         31.6800      0.2     0.0000     31.6800  0.0000  dflipfloplw_366
RF/R2/SFF_19                         31.6800      0.2     0.0000     31.6800  0.0000  dflipfloplw_365
RF/R2/SFF_2                          31.6800      0.2     0.0000     31.6800  0.0000  dflipfloplw_382
RF/R2/SFF_20                         31.6800      0.2     0.0000     31.6800  0.0000  dflipfloplw_364
RF/R2/SFF_21                         31.6800      0.2     0.0000     31.6800  0.0000  dflipfloplw_363
RF/R2/SFF_22                         31.6800      0.2     0.0000     31.6800  0.0000  dflipfloplw_362
RF/R2/SFF_23                         31.6800      0.2     0.0000     31.6800  0.0000  dflipfloplw_361
RF/R2/SFF_24                         31.6800      0.2     0.0000     31.6800  0.0000  dflipfloplw_360
RF/R2/SFF_25                         31.6800      0.2     0.0000     31.6800  0.0000  dflipfloplw_359
RF/R2/SFF_26                         31.6800      0.2     0.0000     31.6800  0.0000  dflipfloplw_358
RF/R2/SFF_27                         31.6800      0.2     0.0000     31.6800  0.0000  dflipfloplw_357
RF/R2/SFF_28                         31.6800      0.2     0.0000     31.6800  0.0000  dflipfloplw_356
RF/R2/SFF_29                         31.6800      0.2     0.0000     31.6800  0.0000  dflipfloplw_355
RF/R2/SFF_3                          31.6800      0.2     0.0000     31.6800  0.0000  dflipfloplw_381
RF/R2/SFF_30                         31.6800      0.2     0.0000     31.6800  0.0000  dflipfloplw_354
RF/R2/SFF_31                         31.6800      0.2     0.0000     31.6800  0.0000  dflipfloplw_353
RF/R2/SFF_4                          31.6800      0.2     0.0000     31.6800  0.0000  dflipfloplw_380
RF/R2/SFF_5                          31.6800      0.2     0.0000     31.6800  0.0000  dflipfloplw_379
RF/R2/SFF_6                          31.6800      0.2     0.0000     31.6800  0.0000  dflipfloplw_378
RF/R2/SFF_7                          31.6800      0.2     0.0000     31.6800  0.0000  dflipfloplw_377
RF/R2/SFF_8                          31.6800      0.2     0.0000     31.6800  0.0000  dflipfloplw_376
RF/R2/SFF_9                          31.6800      0.2     0.0000     31.6800  0.0000  dflipfloplw_375
RF/R3                              1019.5198      5.0     5.7600      0.0000  0.0000  ScanFF_SIZE32_0
RF/R3/SFF_0                          31.6800      0.2     0.0000     31.6800  0.0000  dflipfloplw_0
RF/R3/SFF_1                          31.6800      0.2     0.0000     31.6800  0.0000  dflipfloplw_415
RF/R3/SFF_10                         31.6800      0.2     0.0000     31.6800  0.0000  dflipfloplw_406
RF/R3/SFF_11                         31.6800      0.2     0.0000     31.6800  0.0000  dflipfloplw_405
RF/R3/SFF_12                         31.6800      0.2     0.0000     31.6800  0.0000  dflipfloplw_404
RF/R3/SFF_13                         31.6800      0.2     0.0000     31.6800  0.0000  dflipfloplw_403
RF/R3/SFF_14                         31.6800      0.2     0.0000     31.6800  0.0000  dflipfloplw_402
RF/R3/SFF_15                         31.6800      0.2     0.0000     31.6800  0.0000  dflipfloplw_401
RF/R3/SFF_16                         31.6800      0.2     0.0000     31.6800  0.0000  dflipfloplw_400
RF/R3/SFF_17                         31.6800      0.2     0.0000     31.6800  0.0000  dflipfloplw_399
RF/R3/SFF_18                         31.6800      0.2     0.0000     31.6800  0.0000  dflipfloplw_398
RF/R3/SFF_19                         31.6800      0.2     0.0000     31.6800  0.0000  dflipfloplw_397
RF/R3/SFF_2                          31.6800      0.2     0.0000     31.6800  0.0000  dflipfloplw_414
RF/R3/SFF_20                         31.6800      0.2     0.0000     31.6800  0.0000  dflipfloplw_396
RF/R3/SFF_21                         31.6800      0.2     0.0000     31.6800  0.0000  dflipfloplw_395
RF/R3/SFF_22                         31.6800      0.2     0.0000     31.6800  0.0000  dflipfloplw_394
RF/R3/SFF_23                         31.6800      0.2     0.0000     31.6800  0.0000  dflipfloplw_393
RF/R3/SFF_24                         31.6800      0.2     0.0000     31.6800  0.0000  dflipfloplw_392
RF/R3/SFF_25                         31.6800      0.2     0.0000     31.6800  0.0000  dflipfloplw_391
RF/R3/SFF_26                         31.6800      0.2     0.0000     31.6800  0.0000  dflipfloplw_390
RF/R3/SFF_27                         31.6800      0.2     0.0000     31.6800  0.0000  dflipfloplw_389
RF/R3/SFF_28                         31.6800      0.2     0.0000     31.6800  0.0000  dflipfloplw_388
RF/R3/SFF_29                         31.6800      0.2     0.0000     31.6800  0.0000  dflipfloplw_387
RF/R3/SFF_3                          31.6800      0.2     0.0000     31.6800  0.0000  dflipfloplw_413
RF/R3/SFF_30                         31.6800      0.2     0.0000     31.6800  0.0000  dflipfloplw_386
RF/R3/SFF_31                         31.6800      0.2     0.0000     31.6800  0.0000  dflipfloplw_385
RF/R3/SFF_4                          31.6800      0.2     0.0000     31.6800  0.0000  dflipfloplw_412
RF/R3/SFF_5                          31.6800      0.2     0.0000     31.6800  0.0000  dflipfloplw_411
RF/R3/SFF_6                          31.6800      0.2     0.0000     31.6800  0.0000  dflipfloplw_410
RF/R3/SFF_7                          31.6800      0.2     0.0000     31.6800  0.0000  dflipfloplw_409
RF/R3/SFF_8                          31.6800      0.2     0.0000     31.6800  0.0000  dflipfloplw_408
RF/R3/SFF_9                          31.6800      0.2     0.0000     31.6800  0.0000  dflipfloplw_407
RF/SR                                 0.0000      0.0     0.0000      0.0000  0.0000  ShiftRows_1
RF/S_0                              126.7200      0.6   126.7200      0.0000  0.0000  SBox_1_0
RF/S_1                              126.7200      0.6   126.7200      0.0000  0.0000  SBox_1_3
RF/S_2                              126.7200      0.6   126.7200      0.0000  0.0000  SBox_1_2
RF/S_3                              126.7200      0.6   126.7200      0.0000  0.0000  SBox_1_1
--------------------------------  ----------  -------  ---------  ----------  ------  -------------------------------------
Total                                                  4733.2812  15825.5469  0.0000

1
