Information: Updating graph... (UID-83)
 
****************************************
Report : area
Design : Skinny_1_1
Version: E-2010.12-SP2
Date   : Fri Jun 21 11:52:46 2019
****************************************

Information: Updating design information... (UID-85)
Library(s) Used:

    scx3_cmos8rf_lpvt_tt_1p2v_25c (File: /usr/flow/designkits/synthesis/ibm_0.13um/scx3_cmos8rf_lpvt_tt_1p2v_25c.db)

Number of ports:                          131
Number of nets:                           209
Number of cells:                            3
Number of combinational cells:              0
Number of sequential cells:                 0
Number of macros:                           0
Number of buf/inv:                          0
Number of references:                       3

Combinational area:       3919.680042
Noncombinational area:    11999.520067
Net Interconnect area:      undefined  (No wire load specified)

Total cell area:          15919.200109
Total area:                 undefined

Hierarchical area distribution
------------------------------

                                  Global cell area            Local cell area
                                  -------------------  ----------------------------- 
Hierarchical cell                 Absolute    Percent  Combi-     Noncombi-   Black
                                  Total       Total    national   national    boxes   Design
--------------------------------  ----------  -------  ---------  ----------  ------  -------------------------------------
Skinny_1_1                        15919.1289    100.0     0.0000      0.0000  0.0000  Skinny_1_1
CL                                  473.7599      3.0   195.8400    254.8800  0.0000  ControlLogic_1_1
CL/clk_gate_STATE_reg                23.0400      0.1     0.0000     23.0400  0.0000  SNPS_CLOCK_GATE_HIGH_ControlLogic_1_1
KE                                 8472.9727     53.2   777.6002     17.2800  0.0000  KeyExpansion_1_1
KE/P1                                 0.0000      0.0     0.0000      0.0000  0.0000  Permutation_1_0
KE/P1_0                               0.0000      0.0     0.0000      0.0000  0.0000  Permutation_1_1
KE/TK10                            1013.7598      6.4     0.0000      0.0000  0.0000  ScanFF_SIZE32_4
KE/TK10/SFF_0                        31.6800      0.2     0.0000     31.6800  0.0000  dflipfloplw_128
KE/TK10/SFF_1                        31.6800      0.2     0.0000     31.6800  0.0000  dflipfloplw_127
KE/TK10/SFF_10                       31.6800      0.2     0.0000     31.6800  0.0000  dflipfloplw_118
KE/TK10/SFF_11                       31.6800      0.2     0.0000     31.6800  0.0000  dflipfloplw_117
KE/TK10/SFF_12                       31.6800      0.2     0.0000     31.6800  0.0000  dflipfloplw_116
KE/TK10/SFF_13                       31.6800      0.2     0.0000     31.6800  0.0000  dflipfloplw_115
KE/TK10/SFF_14                       31.6800      0.2     0.0000     31.6800  0.0000  dflipfloplw_114
KE/TK10/SFF_15                       31.6800      0.2     0.0000     31.6800  0.0000  dflipfloplw_113
KE/TK10/SFF_16                       31.6800      0.2     0.0000     31.6800  0.0000  dflipfloplw_112
KE/TK10/SFF_17                       31.6800      0.2     0.0000     31.6800  0.0000  dflipfloplw_111
KE/TK10/SFF_18                       31.6800      0.2     0.0000     31.6800  0.0000  dflipfloplw_110
KE/TK10/SFF_19                       31.6800      0.2     0.0000     31.6800  0.0000  dflipfloplw_109
KE/TK10/SFF_2                        31.6800      0.2     0.0000     31.6800  0.0000  dflipfloplw_126
KE/TK10/SFF_20                       31.6800      0.2     0.0000     31.6800  0.0000  dflipfloplw_108
KE/TK10/SFF_21                       31.6800      0.2     0.0000     31.6800  0.0000  dflipfloplw_107
KE/TK10/SFF_22                       31.6800      0.2     0.0000     31.6800  0.0000  dflipfloplw_106
KE/TK10/SFF_23                       31.6800      0.2     0.0000     31.6800  0.0000  dflipfloplw_105
KE/TK10/SFF_24                       31.6800      0.2     0.0000     31.6800  0.0000  dflipfloplw_104
KE/TK10/SFF_25                       31.6800      0.2     0.0000     31.6800  0.0000  dflipfloplw_103
KE/TK10/SFF_26                       31.6800      0.2     0.0000     31.6800  0.0000  dflipfloplw_102
KE/TK10/SFF_27                       31.6800      0.2     0.0000     31.6800  0.0000  dflipfloplw_101
KE/TK10/SFF_28                       31.6800      0.2     0.0000     31.6800  0.0000  dflipfloplw_100
KE/TK10/SFF_29                       31.6800      0.2     0.0000     31.6800  0.0000  dflipfloplw_99
KE/TK10/SFF_3                        31.6800      0.2     0.0000     31.6800  0.0000  dflipfloplw_125
KE/TK10/SFF_30                       31.6800      0.2     0.0000     31.6800  0.0000  dflipfloplw_98
KE/TK10/SFF_31                       31.6800      0.2     0.0000     31.6800  0.0000  dflipfloplw_97
KE/TK10/SFF_4                        31.6800      0.2     0.0000     31.6800  0.0000  dflipfloplw_124
KE/TK10/SFF_5                        31.6800      0.2     0.0000     31.6800  0.0000  dflipfloplw_123
KE/TK10/SFF_6                        31.6800      0.2     0.0000     31.6800  0.0000  dflipfloplw_122
KE/TK10/SFF_7                        31.6800      0.2     0.0000     31.6800  0.0000  dflipfloplw_121
KE/TK10/SFF_8                        31.6800      0.2     0.0000     31.6800  0.0000  dflipfloplw_120
KE/TK10/SFF_9                        31.6800      0.2     0.0000     31.6800  0.0000  dflipfloplw_119
KE/TK11                             783.3599      4.9     0.0000    783.3599  0.0000  DataFF_SIZE32_0
KE/TK12                            1019.5198      6.4     5.7600      0.0000  0.0000  ScanFF_SIZE32_5
KE/TK12/SFF_0                        31.6800      0.2     0.0000     31.6800  0.0000  dflipfloplw_160
KE/TK12/SFF_1                        31.6800      0.2     0.0000     31.6800  0.0000  dflipfloplw_159
KE/TK12/SFF_10                       31.6800      0.2     0.0000     31.6800  0.0000  dflipfloplw_150
KE/TK12/SFF_11                       31.6800      0.2     0.0000     31.6800  0.0000  dflipfloplw_149
KE/TK12/SFF_12                       31.6800      0.2     0.0000     31.6800  0.0000  dflipfloplw_148
KE/TK12/SFF_13                       31.6800      0.2     0.0000     31.6800  0.0000  dflipfloplw_147
KE/TK12/SFF_14                       31.6800      0.2     0.0000     31.6800  0.0000  dflipfloplw_146
KE/TK12/SFF_15                       31.6800      0.2     0.0000     31.6800  0.0000  dflipfloplw_145
KE/TK12/SFF_16                       31.6800      0.2     0.0000     31.6800  0.0000  dflipfloplw_144
KE/TK12/SFF_17                       31.6800      0.2     0.0000     31.6800  0.0000  dflipfloplw_143
KE/TK12/SFF_18                       31.6800      0.2     0.0000     31.6800  0.0000  dflipfloplw_142
KE/TK12/SFF_19                       31.6800      0.2     0.0000     31.6800  0.0000  dflipfloplw_141
KE/TK12/SFF_2                        31.6800      0.2     0.0000     31.6800  0.0000  dflipfloplw_158
KE/TK12/SFF_20                       31.6800      0.2     0.0000     31.6800  0.0000  dflipfloplw_140
KE/TK12/SFF_21                       31.6800      0.2     0.0000     31.6800  0.0000  dflipfloplw_139
KE/TK12/SFF_22                       31.6800      0.2     0.0000     31.6800  0.0000  dflipfloplw_138
KE/TK12/SFF_23                       31.6800      0.2     0.0000     31.6800  0.0000  dflipfloplw_137
KE/TK12/SFF_24                       31.6800      0.2     0.0000     31.6800  0.0000  dflipfloplw_136
KE/TK12/SFF_25                       31.6800      0.2     0.0000     31.6800  0.0000  dflipfloplw_135
KE/TK12/SFF_26                       31.6800      0.2     0.0000     31.6800  0.0000  dflipfloplw_134
KE/TK12/SFF_27                       31.6800      0.2     0.0000     31.6800  0.0000  dflipfloplw_133
KE/TK12/SFF_28                       31.6800      0.2     0.0000     31.6800  0.0000  dflipfloplw_132
KE/TK12/SFF_29                       31.6800      0.2     0.0000     31.6800  0.0000  dflipfloplw_131
KE/TK12/SFF_3                        31.6800      0.2     0.0000     31.6800  0.0000  dflipfloplw_157
KE/TK12/SFF_30                       31.6800      0.2     0.0000     31.6800  0.0000  dflipfloplw_130
KE/TK12/SFF_31                       31.6800      0.2     0.0000     31.6800  0.0000  dflipfloplw_129
KE/TK12/SFF_4                        31.6800      0.2     0.0000     31.6800  0.0000  dflipfloplw_156
KE/TK12/SFF_5                        31.6800      0.2     0.0000     31.6800  0.0000  dflipfloplw_155
KE/TK12/SFF_6                        31.6800      0.2     0.0000     31.6800  0.0000  dflipfloplw_154
KE/TK12/SFF_7                        31.6800      0.2     0.0000     31.6800  0.0000  dflipfloplw_153
KE/TK12/SFF_8                        31.6800      0.2     0.0000     31.6800  0.0000  dflipfloplw_152
KE/TK12/SFF_9                        31.6800      0.2     0.0000     31.6800  0.0000  dflipfloplw_151
KE/TK13                            1019.5198      6.4     5.7600      0.0000  0.0000  ScanFF_SIZE32_6
KE/TK13/SFF_0                        31.6800      0.2     0.0000     31.6800  0.0000  dflipfloplw_192
KE/TK13/SFF_1                        31.6800      0.2     0.0000     31.6800  0.0000  dflipfloplw_191
KE/TK13/SFF_10                       31.6800      0.2     0.0000     31.6800  0.0000  dflipfloplw_182
KE/TK13/SFF_11                       31.6800      0.2     0.0000     31.6800  0.0000  dflipfloplw_181
KE/TK13/SFF_12                       31.6800      0.2     0.0000     31.6800  0.0000  dflipfloplw_180
KE/TK13/SFF_13                       31.6800      0.2     0.0000     31.6800  0.0000  dflipfloplw_179
KE/TK13/SFF_14                       31.6800      0.2     0.0000     31.6800  0.0000  dflipfloplw_178
KE/TK13/SFF_15                       31.6800      0.2     0.0000     31.6800  0.0000  dflipfloplw_177
KE/TK13/SFF_16                       31.6800      0.2     0.0000     31.6800  0.0000  dflipfloplw_176
KE/TK13/SFF_17                       31.6800      0.2     0.0000     31.6800  0.0000  dflipfloplw_175
KE/TK13/SFF_18                       31.6800      0.2     0.0000     31.6800  0.0000  dflipfloplw_174
KE/TK13/SFF_19                       31.6800      0.2     0.0000     31.6800  0.0000  dflipfloplw_173
KE/TK13/SFF_2                        31.6800      0.2     0.0000     31.6800  0.0000  dflipfloplw_190
KE/TK13/SFF_20                       31.6800      0.2     0.0000     31.6800  0.0000  dflipfloplw_172
KE/TK13/SFF_21                       31.6800      0.2     0.0000     31.6800  0.0000  dflipfloplw_171
KE/TK13/SFF_22                       31.6800      0.2     0.0000     31.6800  0.0000  dflipfloplw_170
KE/TK13/SFF_23                       31.6800      0.2     0.0000     31.6800  0.0000  dflipfloplw_169
KE/TK13/SFF_24                       31.6800      0.2     0.0000     31.6800  0.0000  dflipfloplw_168
KE/TK13/SFF_25                       31.6800      0.2     0.0000     31.6800  0.0000  dflipfloplw_167
KE/TK13/SFF_26                       31.6800      0.2     0.0000     31.6800  0.0000  dflipfloplw_166
KE/TK13/SFF_27                       31.6800      0.2     0.0000     31.6800  0.0000  dflipfloplw_165
KE/TK13/SFF_28                       31.6800      0.2     0.0000     31.6800  0.0000  dflipfloplw_164
KE/TK13/SFF_29                       31.6800      0.2     0.0000     31.6800  0.0000  dflipfloplw_163
KE/TK13/SFF_3                        31.6800      0.2     0.0000     31.6800  0.0000  dflipfloplw_189
KE/TK13/SFF_30                       31.6800      0.2     0.0000     31.6800  0.0000  dflipfloplw_162
KE/TK13/SFF_31                       31.6800      0.2     0.0000     31.6800  0.0000  dflipfloplw_161
KE/TK13/SFF_4                        31.6800      0.2     0.0000     31.6800  0.0000  dflipfloplw_188
KE/TK13/SFF_5                        31.6800      0.2     0.0000     31.6800  0.0000  dflipfloplw_187
KE/TK13/SFF_6                        31.6800      0.2     0.0000     31.6800  0.0000  dflipfloplw_186
KE/TK13/SFF_7                        31.6800      0.2     0.0000     31.6800  0.0000  dflipfloplw_185
KE/TK13/SFF_8                        31.6800      0.2     0.0000     31.6800  0.0000  dflipfloplw_184
KE/TK13/SFF_9                        31.6800      0.2     0.0000     31.6800  0.0000  dflipfloplw_183
KE/TK20                            1013.7598      6.4     0.0000      0.0000  0.0000  ScanFF_SIZE32_1
KE/TK20/SFF_0                        31.6800      0.2     0.0000     31.6800  0.0000  dflipfloplw_32
KE/TK20/SFF_1                        31.6800      0.2     0.0000     31.6800  0.0000  dflipfloplw_31
KE/TK20/SFF_10                       31.6800      0.2     0.0000     31.6800  0.0000  dflipfloplw_22
KE/TK20/SFF_11                       31.6800      0.2     0.0000     31.6800  0.0000  dflipfloplw_21
KE/TK20/SFF_12                       31.6800      0.2     0.0000     31.6800  0.0000  dflipfloplw_20
KE/TK20/SFF_13                       31.6800      0.2     0.0000     31.6800  0.0000  dflipfloplw_19
KE/TK20/SFF_14                       31.6800      0.2     0.0000     31.6800  0.0000  dflipfloplw_18
KE/TK20/SFF_15                       31.6800      0.2     0.0000     31.6800  0.0000  dflipfloplw_17
KE/TK20/SFF_16                       31.6800      0.2     0.0000     31.6800  0.0000  dflipfloplw_16
KE/TK20/SFF_17                       31.6800      0.2     0.0000     31.6800  0.0000  dflipfloplw_15
KE/TK20/SFF_18                       31.6800      0.2     0.0000     31.6800  0.0000  dflipfloplw_14
KE/TK20/SFF_19                       31.6800      0.2     0.0000     31.6800  0.0000  dflipfloplw_13
KE/TK20/SFF_2                        31.6800      0.2     0.0000     31.6800  0.0000  dflipfloplw_30
KE/TK20/SFF_20                       31.6800      0.2     0.0000     31.6800  0.0000  dflipfloplw_12
KE/TK20/SFF_21                       31.6800      0.2     0.0000     31.6800  0.0000  dflipfloplw_11
KE/TK20/SFF_22                       31.6800      0.2     0.0000     31.6800  0.0000  dflipfloplw_10
KE/TK20/SFF_23                       31.6800      0.2     0.0000     31.6800  0.0000  dflipfloplw_9
KE/TK20/SFF_24                       31.6800      0.2     0.0000     31.6800  0.0000  dflipfloplw_8
KE/TK20/SFF_25                       31.6800      0.2     0.0000     31.6800  0.0000  dflipfloplw_7
KE/TK20/SFF_26                       31.6800      0.2     0.0000     31.6800  0.0000  dflipfloplw_6
KE/TK20/SFF_27                       31.6800      0.2     0.0000     31.6800  0.0000  dflipfloplw_5
KE/TK20/SFF_28                       31.6800      0.2     0.0000     31.6800  0.0000  dflipfloplw_4
KE/TK20/SFF_29                       31.6800      0.2     0.0000     31.6800  0.0000  dflipfloplw_3
KE/TK20/SFF_3                        31.6800      0.2     0.0000     31.6800  0.0000  dflipfloplw_29
KE/TK20/SFF_30                       31.6800      0.2     0.0000     31.6800  0.0000  dflipfloplw_2
KE/TK20/SFF_31                       31.6800      0.2     0.0000     31.6800  0.0000  dflipfloplw_1
KE/TK20/SFF_4                        31.6800      0.2     0.0000     31.6800  0.0000  dflipfloplw_28
KE/TK20/SFF_5                        31.6800      0.2     0.0000     31.6800  0.0000  dflipfloplw_27
KE/TK20/SFF_6                        31.6800      0.2     0.0000     31.6800  0.0000  dflipfloplw_26
KE/TK20/SFF_7                        31.6800      0.2     0.0000     31.6800  0.0000  dflipfloplw_25
KE/TK20/SFF_8                        31.6800      0.2     0.0000     31.6800  0.0000  dflipfloplw_24
KE/TK20/SFF_9                        31.6800      0.2     0.0000     31.6800  0.0000  dflipfloplw_23
KE/TK21                             783.3599      4.9     0.0000    783.3599  0.0000  DataFF_SIZE32_1
KE/TK22                            1019.5198      6.4     5.7600      0.0000  0.0000  ScanFF_SIZE32_2
KE/TK22/SFF_0                        31.6800      0.2     0.0000     31.6800  0.0000  dflipfloplw_64
KE/TK22/SFF_1                        31.6800      0.2     0.0000     31.6800  0.0000  dflipfloplw_63
KE/TK22/SFF_10                       31.6800      0.2     0.0000     31.6800  0.0000  dflipfloplw_54
KE/TK22/SFF_11                       31.6800      0.2     0.0000     31.6800  0.0000  dflipfloplw_53
KE/TK22/SFF_12                       31.6800      0.2     0.0000     31.6800  0.0000  dflipfloplw_52
KE/TK22/SFF_13                       31.6800      0.2     0.0000     31.6800  0.0000  dflipfloplw_51
KE/TK22/SFF_14                       31.6800      0.2     0.0000     31.6800  0.0000  dflipfloplw_50
KE/TK22/SFF_15                       31.6800      0.2     0.0000     31.6800  0.0000  dflipfloplw_49
KE/TK22/SFF_16                       31.6800      0.2     0.0000     31.6800  0.0000  dflipfloplw_48
KE/TK22/SFF_17                       31.6800      0.2     0.0000     31.6800  0.0000  dflipfloplw_47
KE/TK22/SFF_18                       31.6800      0.2     0.0000     31.6800  0.0000  dflipfloplw_46
KE/TK22/SFF_19                       31.6800      0.2     0.0000     31.6800  0.0000  dflipfloplw_45
KE/TK22/SFF_2                        31.6800      0.2     0.0000     31.6800  0.0000  dflipfloplw_62
KE/TK22/SFF_20                       31.6800      0.2     0.0000     31.6800  0.0000  dflipfloplw_44
KE/TK22/SFF_21                       31.6800      0.2     0.0000     31.6800  0.0000  dflipfloplw_43
KE/TK22/SFF_22                       31.6800      0.2     0.0000     31.6800  0.0000  dflipfloplw_42
KE/TK22/SFF_23                       31.6800      0.2     0.0000     31.6800  0.0000  dflipfloplw_41
KE/TK22/SFF_24                       31.6800      0.2     0.0000     31.6800  0.0000  dflipfloplw_40
KE/TK22/SFF_25                       31.6800      0.2     0.0000     31.6800  0.0000  dflipfloplw_39
KE/TK22/SFF_26                       31.6800      0.2     0.0000     31.6800  0.0000  dflipfloplw_38
KE/TK22/SFF_27                       31.6800      0.2     0.0000     31.6800  0.0000  dflipfloplw_37
KE/TK22/SFF_28                       31.6800      0.2     0.0000     31.6800  0.0000  dflipfloplw_36
KE/TK22/SFF_29                       31.6800      0.2     0.0000     31.6800  0.0000  dflipfloplw_35
KE/TK22/SFF_3                        31.6800      0.2     0.0000     31.6800  0.0000  dflipfloplw_61
KE/TK22/SFF_30                       31.6800      0.2     0.0000     31.6800  0.0000  dflipfloplw_34
KE/TK22/SFF_31                       31.6800      0.2     0.0000     31.6800  0.0000  dflipfloplw_33
KE/TK22/SFF_4                        31.6800      0.2     0.0000     31.6800  0.0000  dflipfloplw_60
KE/TK22/SFF_5                        31.6800      0.2     0.0000     31.6800  0.0000  dflipfloplw_59
KE/TK22/SFF_6                        31.6800      0.2     0.0000     31.6800  0.0000  dflipfloplw_58
KE/TK22/SFF_7                        31.6800      0.2     0.0000     31.6800  0.0000  dflipfloplw_57
KE/TK22/SFF_8                        31.6800      0.2     0.0000     31.6800  0.0000  dflipfloplw_56
KE/TK22/SFF_9                        31.6800      0.2     0.0000     31.6800  0.0000  dflipfloplw_55
KE/TK23                            1025.2799      6.4    11.5200      0.0000  0.0000  ScanFF_SIZE32_3
KE/TK23/SFF_0                        31.6800      0.2     0.0000     31.6800  0.0000  dflipfloplw_96
KE/TK23/SFF_1                        31.6800      0.2     0.0000     31.6800  0.0000  dflipfloplw_95
KE/TK23/SFF_10                       31.6800      0.2     0.0000     31.6800  0.0000  dflipfloplw_86
KE/TK23/SFF_11                       31.6800      0.2     0.0000     31.6800  0.0000  dflipfloplw_85
KE/TK23/SFF_12                       31.6800      0.2     0.0000     31.6800  0.0000  dflipfloplw_84
KE/TK23/SFF_13                       31.6800      0.2     0.0000     31.6800  0.0000  dflipfloplw_83
KE/TK23/SFF_14                       31.6800      0.2     0.0000     31.6800  0.0000  dflipfloplw_82
KE/TK23/SFF_15                       31.6800      0.2     0.0000     31.6800  0.0000  dflipfloplw_81
KE/TK23/SFF_16                       31.6800      0.2     0.0000     31.6800  0.0000  dflipfloplw_80
KE/TK23/SFF_17                       31.6800      0.2     0.0000     31.6800  0.0000  dflipfloplw_79
KE/TK23/SFF_18                       31.6800      0.2     0.0000     31.6800  0.0000  dflipfloplw_78
KE/TK23/SFF_19                       31.6800      0.2     0.0000     31.6800  0.0000  dflipfloplw_77
KE/TK23/SFF_2                        31.6800      0.2     0.0000     31.6800  0.0000  dflipfloplw_94
KE/TK23/SFF_20                       31.6800      0.2     0.0000     31.6800  0.0000  dflipfloplw_76
KE/TK23/SFF_21                       31.6800      0.2     0.0000     31.6800  0.0000  dflipfloplw_75
KE/TK23/SFF_22                       31.6800      0.2     0.0000     31.6800  0.0000  dflipfloplw_74
KE/TK23/SFF_23                       31.6800      0.2     0.0000     31.6800  0.0000  dflipfloplw_73
KE/TK23/SFF_24                       31.6800      0.2     0.0000     31.6800  0.0000  dflipfloplw_72
KE/TK23/SFF_25                       31.6800      0.2     0.0000     31.6800  0.0000  dflipfloplw_71
KE/TK23/SFF_26                       31.6800      0.2     0.0000     31.6800  0.0000  dflipfloplw_70
KE/TK23/SFF_27                       31.6800      0.2     0.0000     31.6800  0.0000  dflipfloplw_69
KE/TK23/SFF_28                       31.6800      0.2     0.0000     31.6800  0.0000  dflipfloplw_68
KE/TK23/SFF_29                       31.6800      0.2     0.0000     31.6800  0.0000  dflipfloplw_67
KE/TK23/SFF_3                        31.6800      0.2     0.0000     31.6800  0.0000  dflipfloplw_93
KE/TK23/SFF_30                       31.6800      0.2     0.0000     31.6800  0.0000  dflipfloplw_66
KE/TK23/SFF_31                       31.6800      0.2     0.0000     31.6800  0.0000  dflipfloplw_65
KE/TK23/SFF_4                        31.6800      0.2     0.0000     31.6800  0.0000  dflipfloplw_92
KE/TK23/SFF_5                        31.6800      0.2     0.0000     31.6800  0.0000  dflipfloplw_91
KE/TK23/SFF_6                        31.6800      0.2     0.0000     31.6800  0.0000  dflipfloplw_90
KE/TK23/SFF_7                        31.6800      0.2     0.0000     31.6800  0.0000  dflipfloplw_89
KE/TK23/SFF_8                        31.6800      0.2     0.0000     31.6800  0.0000  dflipfloplw_88
KE/TK23/SFF_9                        31.6800      0.2     0.0000     31.6800  0.0000  dflipfloplw_87
RF                                 6972.4893     43.8  1304.6393      0.0000  0.0000  RoundFunction_1_1
RF/KA                               817.9203      5.1   817.9203      0.0000  0.0000  AddConstKey_1_1
RF/MC                               276.4800      1.7   276.4800      0.0000  0.0000  MixColumns_1
RF/R0                              1013.7598      6.4     0.0000      0.0000  0.0000  ScanFF_SIZE32_7
RF/R0/SFF_0                          31.6800      0.2     0.0000     31.6800  0.0000  dflipfloplw_224
RF/R0/SFF_1                          31.6800      0.2     0.0000     31.6800  0.0000  dflipfloplw_223
RF/R0/SFF_10                         31.6800      0.2     0.0000     31.6800  0.0000  dflipfloplw_214
RF/R0/SFF_11                         31.6800      0.2     0.0000     31.6800  0.0000  dflipfloplw_213
RF/R0/SFF_12                         31.6800      0.2     0.0000     31.6800  0.0000  dflipfloplw_212
RF/R0/SFF_13                         31.6800      0.2     0.0000     31.6800  0.0000  dflipfloplw_211
RF/R0/SFF_14                         31.6800      0.2     0.0000     31.6800  0.0000  dflipfloplw_210
RF/R0/SFF_15                         31.6800      0.2     0.0000     31.6800  0.0000  dflipfloplw_209
RF/R0/SFF_16                         31.6800      0.2     0.0000     31.6800  0.0000  dflipfloplw_208
RF/R0/SFF_17                         31.6800      0.2     0.0000     31.6800  0.0000  dflipfloplw_207
RF/R0/SFF_18                         31.6800      0.2     0.0000     31.6800  0.0000  dflipfloplw_206
RF/R0/SFF_19                         31.6800      0.2     0.0000     31.6800  0.0000  dflipfloplw_205
RF/R0/SFF_2                          31.6800      0.2     0.0000     31.6800  0.0000  dflipfloplw_222
RF/R0/SFF_20                         31.6800      0.2     0.0000     31.6800  0.0000  dflipfloplw_204
RF/R0/SFF_21                         31.6800      0.2     0.0000     31.6800  0.0000  dflipfloplw_203
RF/R0/SFF_22                         31.6800      0.2     0.0000     31.6800  0.0000  dflipfloplw_202
RF/R0/SFF_23                         31.6800      0.2     0.0000     31.6800  0.0000  dflipfloplw_201
RF/R0/SFF_24                         31.6800      0.2     0.0000     31.6800  0.0000  dflipfloplw_200
RF/R0/SFF_25                         31.6800      0.2     0.0000     31.6800  0.0000  dflipfloplw_199
RF/R0/SFF_26                         31.6800      0.2     0.0000     31.6800  0.0000  dflipfloplw_198
RF/R0/SFF_27                         31.6800      0.2     0.0000     31.6800  0.0000  dflipfloplw_197
RF/R0/SFF_28                         31.6800      0.2     0.0000     31.6800  0.0000  dflipfloplw_196
RF/R0/SFF_29                         31.6800      0.2     0.0000     31.6800  0.0000  dflipfloplw_195
RF/R0/SFF_3                          31.6800      0.2     0.0000     31.6800  0.0000  dflipfloplw_221
RF/R0/SFF_30                         31.6800      0.2     0.0000     31.6800  0.0000  dflipfloplw_194
RF/R0/SFF_31                         31.6800      0.2     0.0000     31.6800  0.0000  dflipfloplw_193
RF/R0/SFF_4                          31.6800      0.2     0.0000     31.6800  0.0000  dflipfloplw_220
RF/R0/SFF_5                          31.6800      0.2     0.0000     31.6800  0.0000  dflipfloplw_219
RF/R0/SFF_6                          31.6800      0.2     0.0000     31.6800  0.0000  dflipfloplw_218
RF/R0/SFF_7                          31.6800      0.2     0.0000     31.6800  0.0000  dflipfloplw_217
RF/R0/SFF_8                          31.6800      0.2     0.0000     31.6800  0.0000  dflipfloplw_216
RF/R0/SFF_9                          31.6800      0.2     0.0000     31.6800  0.0000  dflipfloplw_215
RF/R1                              1019.5198      6.4     5.7600      0.0000  0.0000  ScanFF_SIZE32_8
RF/R1/SFF_0                          31.6800      0.2     0.0000     31.6800  0.0000  dflipfloplw_256
RF/R1/SFF_1                          31.6800      0.2     0.0000     31.6800  0.0000  dflipfloplw_255
RF/R1/SFF_10                         31.6800      0.2     0.0000     31.6800  0.0000  dflipfloplw_246
RF/R1/SFF_11                         31.6800      0.2     0.0000     31.6800  0.0000  dflipfloplw_245
RF/R1/SFF_12                         31.6800      0.2     0.0000     31.6800  0.0000  dflipfloplw_244
RF/R1/SFF_13                         31.6800      0.2     0.0000     31.6800  0.0000  dflipfloplw_243
RF/R1/SFF_14                         31.6800      0.2     0.0000     31.6800  0.0000  dflipfloplw_242
RF/R1/SFF_15                         31.6800      0.2     0.0000     31.6800  0.0000  dflipfloplw_241
RF/R1/SFF_16                         31.6800      0.2     0.0000     31.6800  0.0000  dflipfloplw_240
RF/R1/SFF_17                         31.6800      0.2     0.0000     31.6800  0.0000  dflipfloplw_239
RF/R1/SFF_18                         31.6800      0.2     0.0000     31.6800  0.0000  dflipfloplw_238
RF/R1/SFF_19                         31.6800      0.2     0.0000     31.6800  0.0000  dflipfloplw_237
RF/R1/SFF_2                          31.6800      0.2     0.0000     31.6800  0.0000  dflipfloplw_254
RF/R1/SFF_20                         31.6800      0.2     0.0000     31.6800  0.0000  dflipfloplw_236
RF/R1/SFF_21                         31.6800      0.2     0.0000     31.6800  0.0000  dflipfloplw_235
RF/R1/SFF_22                         31.6800      0.2     0.0000     31.6800  0.0000  dflipfloplw_234
RF/R1/SFF_23                         31.6800      0.2     0.0000     31.6800  0.0000  dflipfloplw_233
RF/R1/SFF_24                         31.6800      0.2     0.0000     31.6800  0.0000  dflipfloplw_232
RF/R1/SFF_25                         31.6800      0.2     0.0000     31.6800  0.0000  dflipfloplw_231
RF/R1/SFF_26                         31.6800      0.2     0.0000     31.6800  0.0000  dflipfloplw_230
RF/R1/SFF_27                         31.6800      0.2     0.0000     31.6800  0.0000  dflipfloplw_229
RF/R1/SFF_28                         31.6800      0.2     0.0000     31.6800  0.0000  dflipfloplw_228
RF/R1/SFF_29                         31.6800      0.2     0.0000     31.6800  0.0000  dflipfloplw_227
RF/R1/SFF_3                          31.6800      0.2     0.0000     31.6800  0.0000  dflipfloplw_253
RF/R1/SFF_30                         31.6800      0.2     0.0000     31.6800  0.0000  dflipfloplw_226
RF/R1/SFF_31                         31.6800      0.2     0.0000     31.6800  0.0000  dflipfloplw_225
RF/R1/SFF_4                          31.6800      0.2     0.0000     31.6800  0.0000  dflipfloplw_252
RF/R1/SFF_5                          31.6800      0.2     0.0000     31.6800  0.0000  dflipfloplw_251
RF/R1/SFF_6                          31.6800      0.2     0.0000     31.6800  0.0000  dflipfloplw_250
RF/R1/SFF_7                          31.6800      0.2     0.0000     31.6800  0.0000  dflipfloplw_249
RF/R1/SFF_8                          31.6800      0.2     0.0000     31.6800  0.0000  dflipfloplw_248
RF/R1/SFF_9                          31.6800      0.2     0.0000     31.6800  0.0000  dflipfloplw_247
RF/R2                              1013.7598      6.4     0.0000      0.0000  0.0000  ScanFF_SIZE32_9
RF/R2/SFF_0                          31.6800      0.2     0.0000     31.6800  0.0000  dflipfloplw_288
RF/R2/SFF_1                          31.6800      0.2     0.0000     31.6800  0.0000  dflipfloplw_287
RF/R2/SFF_10                         31.6800      0.2     0.0000     31.6800  0.0000  dflipfloplw_278
RF/R2/SFF_11                         31.6800      0.2     0.0000     31.6800  0.0000  dflipfloplw_277
RF/R2/SFF_12                         31.6800      0.2     0.0000     31.6800  0.0000  dflipfloplw_276
RF/R2/SFF_13                         31.6800      0.2     0.0000     31.6800  0.0000  dflipfloplw_275
RF/R2/SFF_14                         31.6800      0.2     0.0000     31.6800  0.0000  dflipfloplw_274
RF/R2/SFF_15                         31.6800      0.2     0.0000     31.6800  0.0000  dflipfloplw_273
RF/R2/SFF_16                         31.6800      0.2     0.0000     31.6800  0.0000  dflipfloplw_272
RF/R2/SFF_17                         31.6800      0.2     0.0000     31.6800  0.0000  dflipfloplw_271
RF/R2/SFF_18                         31.6800      0.2     0.0000     31.6800  0.0000  dflipfloplw_270
RF/R2/SFF_19                         31.6800      0.2     0.0000     31.6800  0.0000  dflipfloplw_269
RF/R2/SFF_2                          31.6800      0.2     0.0000     31.6800  0.0000  dflipfloplw_286
RF/R2/SFF_20                         31.6800      0.2     0.0000     31.6800  0.0000  dflipfloplw_268
RF/R2/SFF_21                         31.6800      0.2     0.0000     31.6800  0.0000  dflipfloplw_267
RF/R2/SFF_22                         31.6800      0.2     0.0000     31.6800  0.0000  dflipfloplw_266
RF/R2/SFF_23                         31.6800      0.2     0.0000     31.6800  0.0000  dflipfloplw_265
RF/R2/SFF_24                         31.6800      0.2     0.0000     31.6800  0.0000  dflipfloplw_264
RF/R2/SFF_25                         31.6800      0.2     0.0000     31.6800  0.0000  dflipfloplw_263
RF/R2/SFF_26                         31.6800      0.2     0.0000     31.6800  0.0000  dflipfloplw_262
RF/R2/SFF_27                         31.6800      0.2     0.0000     31.6800  0.0000  dflipfloplw_261
RF/R2/SFF_28                         31.6800      0.2     0.0000     31.6800  0.0000  dflipfloplw_260
RF/R2/SFF_29                         31.6800      0.2     0.0000     31.6800  0.0000  dflipfloplw_259
RF/R2/SFF_3                          31.6800      0.2     0.0000     31.6800  0.0000  dflipfloplw_285
RF/R2/SFF_30                         31.6800      0.2     0.0000     31.6800  0.0000  dflipfloplw_258
RF/R2/SFF_31                         31.6800      0.2     0.0000     31.6800  0.0000  dflipfloplw_257
RF/R2/SFF_4                          31.6800      0.2     0.0000     31.6800  0.0000  dflipfloplw_284
RF/R2/SFF_5                          31.6800      0.2     0.0000     31.6800  0.0000  dflipfloplw_283
RF/R2/SFF_6                          31.6800      0.2     0.0000     31.6800  0.0000  dflipfloplw_282
RF/R2/SFF_7                          31.6800      0.2     0.0000     31.6800  0.0000  dflipfloplw_281
RF/R2/SFF_8                          31.6800      0.2     0.0000     31.6800  0.0000  dflipfloplw_280
RF/R2/SFF_9                          31.6800      0.2     0.0000     31.6800  0.0000  dflipfloplw_279
RF/R3                              1019.5198      6.4     5.7600      0.0000  0.0000  ScanFF_SIZE32_0
RF/R3/SFF_0                          31.6800      0.2     0.0000     31.6800  0.0000  dflipfloplw_0
RF/R3/SFF_1                          31.6800      0.2     0.0000     31.6800  0.0000  dflipfloplw_319
RF/R3/SFF_10                         31.6800      0.2     0.0000     31.6800  0.0000  dflipfloplw_310
RF/R3/SFF_11                         31.6800      0.2     0.0000     31.6800  0.0000  dflipfloplw_309
RF/R3/SFF_12                         31.6800      0.2     0.0000     31.6800  0.0000  dflipfloplw_308
RF/R3/SFF_13                         31.6800      0.2     0.0000     31.6800  0.0000  dflipfloplw_307
RF/R3/SFF_14                         31.6800      0.2     0.0000     31.6800  0.0000  dflipfloplw_306
RF/R3/SFF_15                         31.6800      0.2     0.0000     31.6800  0.0000  dflipfloplw_305
RF/R3/SFF_16                         31.6800      0.2     0.0000     31.6800  0.0000  dflipfloplw_304
RF/R3/SFF_17                         31.6800      0.2     0.0000     31.6800  0.0000  dflipfloplw_303
RF/R3/SFF_18                         31.6800      0.2     0.0000     31.6800  0.0000  dflipfloplw_302
RF/R3/SFF_19                         31.6800      0.2     0.0000     31.6800  0.0000  dflipfloplw_301
RF/R3/SFF_2                          31.6800      0.2     0.0000     31.6800  0.0000  dflipfloplw_318
RF/R3/SFF_20                         31.6800      0.2     0.0000     31.6800  0.0000  dflipfloplw_300
RF/R3/SFF_21                         31.6800      0.2     0.0000     31.6800  0.0000  dflipfloplw_299
RF/R3/SFF_22                         31.6800      0.2     0.0000     31.6800  0.0000  dflipfloplw_298
RF/R3/SFF_23                         31.6800      0.2     0.0000     31.6800  0.0000  dflipfloplw_297
RF/R3/SFF_24                         31.6800      0.2     0.0000     31.6800  0.0000  dflipfloplw_296
RF/R3/SFF_25                         31.6800      0.2     0.0000     31.6800  0.0000  dflipfloplw_295
RF/R3/SFF_26                         31.6800      0.2     0.0000     31.6800  0.0000  dflipfloplw_294
RF/R3/SFF_27                         31.6800      0.2     0.0000     31.6800  0.0000  dflipfloplw_293
RF/R3/SFF_28                         31.6800      0.2     0.0000     31.6800  0.0000  dflipfloplw_292
RF/R3/SFF_29                         31.6800      0.2     0.0000     31.6800  0.0000  dflipfloplw_291
RF/R3/SFF_3                          31.6800      0.2     0.0000     31.6800  0.0000  dflipfloplw_317
RF/R3/SFF_30                         31.6800      0.2     0.0000     31.6800  0.0000  dflipfloplw_290
RF/R3/SFF_31                         31.6800      0.2     0.0000     31.6800  0.0000  dflipfloplw_289
RF/R3/SFF_4                          31.6800      0.2     0.0000     31.6800  0.0000  dflipfloplw_316
RF/R3/SFF_5                          31.6800      0.2     0.0000     31.6800  0.0000  dflipfloplw_315
RF/R3/SFF_6                          31.6800      0.2     0.0000     31.6800  0.0000  dflipfloplw_314
RF/R3/SFF_7                          31.6800      0.2     0.0000     31.6800  0.0000  dflipfloplw_313
RF/R3/SFF_8                          31.6800      0.2     0.0000     31.6800  0.0000  dflipfloplw_312
RF/R3/SFF_9                          31.6800      0.2     0.0000     31.6800  0.0000  dflipfloplw_311
RF/SR                                 0.0000      0.0     0.0000      0.0000  0.0000  ShiftRows_1
RF/S_0                              126.7200      0.8   126.7200      0.0000  0.0000  SBox_1_0
RF/S_1                              126.7200      0.8   126.7200      0.0000  0.0000  SBox_1_3
RF/S_2                              126.7200      0.8   126.7200      0.0000  0.0000  SBox_1_2
RF/S_3                              126.7200      0.8   126.7200      0.0000  0.0000  SBox_1_1
--------------------------------  ----------  -------  ---------  ----------  ------  -------------------------------------
Total                                                  3919.6797  11999.4961  0.0000

1
