Information: Updating graph... (UID-83)
 
****************************************
Report : area
Design : Skinny_0_0
Version: E-2010.12-SP2
Date   : Fri Jun 21 11:37:54 2019
****************************************

Information: Updating design information... (UID-85)
Library(s) Used:

    scx3_cmos8rf_lpvt_tt_1p2v_25c (File: /usr/flow/designkits/synthesis/ibm_0.13um/scx3_cmos8rf_lpvt_tt_1p2v_25c.db)

Number of ports:                           27
Number of nets:                            41
Number of cells:                            3
Number of combinational cells:              0
Number of sequential cells:                 0
Number of macros:                           0
Number of buf/inv:                          0
Number of references:                       3

Combinational area:        914.400013
Noncombinational area:    4078.080008
Net Interconnect area:      undefined  (No wire load specified)

Total cell area:          4992.480021
Total area:                 undefined

Hierarchical area distribution
------------------------------

                                  Global cell area          Local cell area
                                  ------------------  --------------------------- 
Hierarchical cell                 Absolute   Percent  Combi-    Noncombi-  Black
                                  Total      Total    national  national   boxes   Design
--------------------------------  ---------  -------  --------  ---------  ------  -------------------------------------
Skinny_0_0                        4992.4829    100.0    0.0000     0.0000  0.0000  Skinny_0_0
CL                                 504.0001     10.1  227.5200   253.4400  0.0000  ControlLogic_0_0
CL/clk_gate_STATE_reg               23.0400      0.5    0.0000    23.0400  0.0000  SNPS_CLOCK_GATE_HIGH_ControlLogic_0_0
KE                                1935.3613     38.8   74.8800    34.5600  0.0000  KeyExpansion_0_0
KE/C00                             126.7200      2.5    0.0000     0.0000  0.0000  ScanFF_SIZE4_1
KE/C00/SFF_0                        31.6800      0.6    0.0000    31.6800  0.0000  dflipfloplw_4
KE/C00/SFF_1                        31.6800      0.6    0.0000    31.6800  0.0000  dflipfloplw_3
KE/C00/SFF_2                        31.6800      0.6    0.0000    31.6800  0.0000  dflipfloplw_2
KE/C00/SFF_3                        31.6800      0.6    0.0000    31.6800  0.0000  dflipfloplw_1
KE/C01                              97.9200      2.0    0.0000    97.9200  0.0000  DataFF_SIZE4_1
KE/C02                              97.9200      2.0    0.0000    97.9200  0.0000  DataFF_SIZE4_2
KE/C03                              97.9200      2.0    0.0000    97.9200  0.0000  DataFF_SIZE4_3
KE/C04                              97.9200      2.0    0.0000    97.9200  0.0000  DataFF_SIZE4_4
KE/C05                              97.9200      2.0    0.0000    97.9200  0.0000  DataFF_SIZE4_5
KE/C06                              97.9200      2.0    0.0000    97.9200  0.0000  DataFF_SIZE4_6
KE/C07                              97.9200      2.0    0.0000    97.9200  0.0000  DataFF_SIZE4_7
KE/C08                             126.7200      2.5    0.0000     0.0000  0.0000  ScanFF_SIZE4_2
KE/C08/SFF_0                        31.6800      0.6    0.0000    31.6800  0.0000  dflipfloplw_8
KE/C08/SFF_1                        31.6800      0.6    0.0000    31.6800  0.0000  dflipfloplw_7
KE/C08/SFF_2                        31.6800      0.6    0.0000    31.6800  0.0000  dflipfloplw_6
KE/C08/SFF_3                        31.6800      0.6    0.0000    31.6800  0.0000  dflipfloplw_5
KE/C09                             126.7200      2.5    0.0000     0.0000  0.0000  ScanFF_SIZE4_3
KE/C09/SFF_0                        31.6800      0.6    0.0000    31.6800  0.0000  dflipfloplw_12
KE/C09/SFF_1                        31.6800      0.6    0.0000    31.6800  0.0000  dflipfloplw_11
KE/C09/SFF_2                        31.6800      0.6    0.0000    31.6800  0.0000  dflipfloplw_10
KE/C09/SFF_3                        31.6800      0.6    0.0000    31.6800  0.0000  dflipfloplw_9
KE/C10                             126.7200      2.5    0.0000     0.0000  0.0000  ScanFF_SIZE4_4
KE/C10/SFF_0                        31.6800      0.6    0.0000    31.6800  0.0000  dflipfloplw_16
KE/C10/SFF_1                        31.6800      0.6    0.0000    31.6800  0.0000  dflipfloplw_15
KE/C10/SFF_2                        31.6800      0.6    0.0000    31.6800  0.0000  dflipfloplw_14
KE/C10/SFF_3                        31.6800      0.6    0.0000    31.6800  0.0000  dflipfloplw_13
KE/C11                             126.7200      2.5    0.0000     0.0000  0.0000  ScanFF_SIZE4_5
KE/C11/SFF_0                        31.6800      0.6    0.0000    31.6800  0.0000  dflipfloplw_20
KE/C11/SFF_1                        31.6800      0.6    0.0000    31.6800  0.0000  dflipfloplw_19
KE/C11/SFF_2                        31.6800      0.6    0.0000    31.6800  0.0000  dflipfloplw_18
KE/C11/SFF_3                        31.6800      0.6    0.0000    31.6800  0.0000  dflipfloplw_17
KE/C12                             126.7200      2.5    0.0000     0.0000  0.0000  ScanFF_SIZE4_6
KE/C12/SFF_0                        31.6800      0.6    0.0000    31.6800  0.0000  dflipfloplw_24
KE/C12/SFF_1                        31.6800      0.6    0.0000    31.6800  0.0000  dflipfloplw_23
KE/C12/SFF_2                        31.6800      0.6    0.0000    31.6800  0.0000  dflipfloplw_22
KE/C12/SFF_3                        31.6800      0.6    0.0000    31.6800  0.0000  dflipfloplw_21
KE/C13                             126.7200      2.5    0.0000     0.0000  0.0000  ScanFF_SIZE4_7
KE/C13/SFF_0                        31.6800      0.6    0.0000    31.6800  0.0000  dflipfloplw_28
KE/C13/SFF_1                        31.6800      0.6    0.0000    31.6800  0.0000  dflipfloplw_27
KE/C13/SFF_2                        31.6800      0.6    0.0000    31.6800  0.0000  dflipfloplw_26
KE/C13/SFF_3                        31.6800      0.6    0.0000    31.6800  0.0000  dflipfloplw_25
KE/C14                             126.7200      2.5    0.0000     0.0000  0.0000  ScanFF_SIZE4_8
KE/C14/SFF_0                        31.6800      0.6    0.0000    31.6800  0.0000  dflipfloplw_32
KE/C14/SFF_1                        31.6800      0.6    0.0000    31.6800  0.0000  dflipfloplw_31
KE/C14/SFF_2                        31.6800      0.6    0.0000    31.6800  0.0000  dflipfloplw_30
KE/C14/SFF_3                        31.6800      0.6    0.0000    31.6800  0.0000  dflipfloplw_29
KE/C15                             126.7200      2.5    0.0000     0.0000  0.0000  ScanFF_SIZE4_9
KE/C15/SFF_0                        31.6800      0.6    0.0000    31.6800  0.0000  dflipfloplw_36
KE/C15/SFF_1                        31.6800      0.6    0.0000    31.6800  0.0000  dflipfloplw_35
KE/C15/SFF_2                        31.6800      0.6    0.0000    31.6800  0.0000  dflipfloplw_34
KE/C15/SFF_3                        31.6800      0.6    0.0000    31.6800  0.0000  dflipfloplw_33
KE/P1                                0.0000      0.0    0.0000     0.0000  0.0000  Permutation_0
RF                                2553.1206     51.1  243.3601     0.0000  0.0000  RoundFunction_0_0
RF/C00                             126.7200      2.5    0.0000     0.0000  0.0000  ScanFF_SIZE4_10
RF/C00/SFF_0                        31.6800      0.6    0.0000    31.6800  0.0000  dflipfloplw_40
RF/C00/SFF_1                        31.6800      0.6    0.0000    31.6800  0.0000  dflipfloplw_39
RF/C00/SFF_2                        31.6800      0.6    0.0000    31.6800  0.0000  dflipfloplw_38
RF/C00/SFF_3                        31.6800      0.6    0.0000    31.6800  0.0000  dflipfloplw_37
RF/C01                              97.9200      2.0    0.0000    97.9200  0.0000  DataFF_SIZE4_8
RF/C02                              97.9200      2.0    0.0000    97.9200  0.0000  DataFF_SIZE4_9
RF/C03                              97.9200      2.0    0.0000    97.9200  0.0000  DataFF_SIZE4_0
RF/C04                             126.7200      2.5    0.0000     0.0000  0.0000  ScanFF_SIZE4_11
RF/C04/SFF_0                        31.6800      0.6    0.0000    31.6800  0.0000  dflipfloplw_44
RF/C04/SFF_1                        31.6800      0.6    0.0000    31.6800  0.0000  dflipfloplw_43
RF/C04/SFF_2                        31.6800      0.6    0.0000    31.6800  0.0000  dflipfloplw_42
RF/C04/SFF_3                        31.6800      0.6    0.0000    31.6800  0.0000  dflipfloplw_41
RF/C05                             126.7200      2.5    0.0000     0.0000  0.0000  ScanFF_SIZE4_12
RF/C05/SFF_0                        31.6800      0.6    0.0000    31.6800  0.0000  dflipfloplw_48
RF/C05/SFF_1                        31.6800      0.6    0.0000    31.6800  0.0000  dflipfloplw_47
RF/C05/SFF_2                        31.6800      0.6    0.0000    31.6800  0.0000  dflipfloplw_46
RF/C05/SFF_3                        31.6800      0.6    0.0000    31.6800  0.0000  dflipfloplw_45
RF/C06                             126.7200      2.5    0.0000     0.0000  0.0000  ScanFF_SIZE4_13
RF/C06/SFF_0                        31.6800      0.6    0.0000    31.6800  0.0000  dflipfloplw_52
RF/C06/SFF_1                        31.6800      0.6    0.0000    31.6800  0.0000  dflipfloplw_51
RF/C06/SFF_2                        31.6800      0.6    0.0000    31.6800  0.0000  dflipfloplw_50
RF/C06/SFF_3                        31.6800      0.6    0.0000    31.6800  0.0000  dflipfloplw_49
RF/C07                             126.7200      2.5    0.0000     0.0000  0.0000  ScanFF_SIZE4_14
RF/C07/SFF_0                        31.6800      0.6    0.0000    31.6800  0.0000  dflipfloplw_56
RF/C07/SFF_1                        31.6800      0.6    0.0000    31.6800  0.0000  dflipfloplw_55
RF/C07/SFF_2                        31.6800      0.6    0.0000    31.6800  0.0000  dflipfloplw_54
RF/C07/SFF_3                        31.6800      0.6    0.0000    31.6800  0.0000  dflipfloplw_53
RF/C08                             126.7200      2.5    0.0000     0.0000  0.0000  ScanFF_SIZE4_15
RF/C08/SFF_0                        31.6800      0.6    0.0000    31.6800  0.0000  dflipfloplw_60
RF/C08/SFF_1                        31.6800      0.6    0.0000    31.6800  0.0000  dflipfloplw_59
RF/C08/SFF_2                        31.6800      0.6    0.0000    31.6800  0.0000  dflipfloplw_58
RF/C08/SFF_3                        31.6800      0.6    0.0000    31.6800  0.0000  dflipfloplw_57
RF/C09                             126.7200      2.5    0.0000     0.0000  0.0000  ScanFF_SIZE4_16
RF/C09/SFF_0                        31.6800      0.6    0.0000    31.6800  0.0000  dflipfloplw_64
RF/C09/SFF_1                        31.6800      0.6    0.0000    31.6800  0.0000  dflipfloplw_63
RF/C09/SFF_2                        31.6800      0.6    0.0000    31.6800  0.0000  dflipfloplw_62
RF/C09/SFF_3                        31.6800      0.6    0.0000    31.6800  0.0000  dflipfloplw_61
RF/C10                             126.7200      2.5    0.0000     0.0000  0.0000  ScanFF_SIZE4_17
RF/C10/SFF_0                        31.6800      0.6    0.0000    31.6800  0.0000  dflipfloplw_68
RF/C10/SFF_1                        31.6800      0.6    0.0000    31.6800  0.0000  dflipfloplw_67
RF/C10/SFF_2                        31.6800      0.6    0.0000    31.6800  0.0000  dflipfloplw_66
RF/C10/SFF_3                        31.6800      0.6    0.0000    31.6800  0.0000  dflipfloplw_65
RF/C11                             126.7200      2.5    0.0000     0.0000  0.0000  ScanFF_SIZE4_18
RF/C11/SFF_0                        31.6800      0.6    0.0000    31.6800  0.0000  dflipfloplw_72
RF/C11/SFF_1                        31.6800      0.6    0.0000    31.6800  0.0000  dflipfloplw_71
RF/C11/SFF_2                        31.6800      0.6    0.0000    31.6800  0.0000  dflipfloplw_70
RF/C11/SFF_3                        31.6800      0.6    0.0000    31.6800  0.0000  dflipfloplw_69
RF/C12                             126.7200      2.5    0.0000     0.0000  0.0000  ScanFF_SIZE4_19
RF/C12/SFF_0                        31.6800      0.6    0.0000    31.6800  0.0000  dflipfloplw_76
RF/C12/SFF_1                        31.6800      0.6    0.0000    31.6800  0.0000  dflipfloplw_75
RF/C12/SFF_2                        31.6800      0.6    0.0000    31.6800  0.0000  dflipfloplw_74
RF/C12/SFF_3                        31.6800      0.6    0.0000    31.6800  0.0000  dflipfloplw_73
RF/C13                             126.7200      2.5    0.0000     0.0000  0.0000  ScanFF_SIZE4_20
RF/C13/SFF_0                        31.6800      0.6    0.0000    31.6800  0.0000  dflipfloplw_80
RF/C13/SFF_1                        31.6800      0.6    0.0000    31.6800  0.0000  dflipfloplw_79
RF/C13/SFF_2                        31.6800      0.6    0.0000    31.6800  0.0000  dflipfloplw_78
RF/C13/SFF_3                        31.6800      0.6    0.0000    31.6800  0.0000  dflipfloplw_77
RF/C14                             126.7200      2.5    0.0000     0.0000  0.0000  ScanFF_SIZE4_21
RF/C14/SFF_0                        31.6800      0.6    0.0000    31.6800  0.0000  dflipfloplw_84
RF/C14/SFF_1                        31.6800      0.6    0.0000    31.6800  0.0000  dflipfloplw_83
RF/C14/SFF_2                        31.6800      0.6    0.0000    31.6800  0.0000  dflipfloplw_82
RF/C14/SFF_3                        31.6800      0.6    0.0000    31.6800  0.0000  dflipfloplw_81
RF/C15                             126.7200      2.5    0.0000     0.0000  0.0000  ScanFF_SIZE4_0
RF/C15/SFF_0                        31.6800      0.6    0.0000    31.6800  0.0000  dflipfloplw_0
RF/C15/SFF_1                        31.6800      0.6    0.0000    31.6800  0.0000  dflipfloplw_87
RF/C15/SFF_2                        31.6800      0.6    0.0000    31.6800  0.0000  dflipfloplw_86
RF/C15/SFF_3                        31.6800      0.6    0.0000    31.6800  0.0000  dflipfloplw_85
RF/KA                              103.6800      2.1  103.6800     0.0000  0.0000  AddConstKey_0_0
RF/MC                              138.2400      2.8  138.2400     0.0000  0.0000  MixColumns_0
RF/S0                               63.3600      1.3   63.3600     0.0000  0.0000  SBox_0_1
RF/S1                               63.3600      1.3   63.3600     0.0000  0.0000  SBox_0_0
RF/SR                                0.0000      0.0    0.0000     0.0000  0.0000  ShiftRows_0
--------------------------------  ---------  -------  --------  ---------  ------  -------------------------------------
Total                                                 914.4000  4078.0776  0.0000

1
