 
****************************************
Report : timing
        -path full
        -delay max
        -max_paths 1
        -sort_by group
Design : Skinny_0_1
Version: E-2010.12-SP2
Date   : Fri Jun 21 11:38:58 2019
****************************************

Operating Conditions: tt_1p2v_25c   Library: scx3_cmos8rf_lpvt_tt_1p2v_25c
Wire Load Model Mode: top

  Startpoint: CL/COUNTER_reg[3]
              (rising edge-triggered flip-flop clocked by CLK)
  Endpoint: KE/CLK_GATE_H_reg
            (negative level-sensitive latch clocked by CLK)
  Path Group: CLK
  Path Type: max

  Point                                    Incr       Path
  -----------------------------------------------------------
  clock CLK (rise edge)                    0.00       0.00
  clock network delay (ideal)              0.00       0.00
  CL/COUNTER_reg[3]/CK (DFFQX1TS)          0.00       0.00 r
  CL/COUNTER_reg[3]/Q (DFFQX1TS)           0.72       0.72 f
  CL/U14/Y (INVXLTS)                       0.49       1.21 r
  CL/U22/Y (NOR2X1TS)                      0.27       1.48 f
  CL/U11/Y (CLKBUFX2TS)                    0.54       2.01 f
  CL/KEY_CTL[1] (ControlLogic_0_1)         0.00       2.01 f
  KE/KEY_CTL[1] (KeyExpansion_0_1)         0.00       2.01 f
  KE/U2/Y (BUFX3TS)                        0.68       2.70 f
  KE/U3/Y (OR2X2TS)                        0.45       3.14 f
  KE/CLK_GATE_H_reg/D (TLATNX1TS)          0.00       3.14 f
  data arrival time                                   3.14

  clock CLK (fall edge)                 5000.00    5000.00
  clock network delay (ideal)              0.00    5000.00
  KE/CLK_GATE_H_reg/GN (TLATNX1TS)         0.00    5000.00 f
  time borrowed from endpoint              0.00    5000.00
  data required time                               5000.00
  -----------------------------------------------------------
  data required time                               5000.00
  data arrival time                                  -3.14
  -----------------------------------------------------------
  slack (MET)                                      4996.86

  Time Borrowing Information
  -----------------------------------------------
  CLK pulse width                       5000.00   
  library setup time                      -0.11   
  -----------------------------------------------
  max time borrow                       4999.89   
  actual time borrow                       0.00   
  -----------------------------------------------


1
