 
****************************************
Report : timing
        -path full
        -delay max
        -max_paths 1
        -sort_by group
Design : Skinny_1_1
Version: E-2010.12-SP2
Date   : Fri Jun 21 10:20:08 2019
****************************************

Operating Conditions: tt_1p2v_25c   Library: scx3_cmos8rf_lpvt_tt_1p2v_25c
Wire Load Model Mode: top

  Startpoint: CL/COUNT_WD_reg[3]
              (rising edge-triggered flip-flop clocked by CLK)
  Endpoint: KE/CLK_GATE_H_reg
            (negative level-sensitive latch clocked by CLK)
  Path Group: CLK
  Path Type: max

  Point                                    Incr       Path
  -----------------------------------------------------------
  clock CLK (rise edge)                    0.00       0.00
  clock network delay (ideal)              0.00       0.00
  CL/COUNT_WD_reg[3]/CK (DFFQX1TS)         0.00       0.00 r
  CL/COUNT_WD_reg[3]/Q (DFFQX1TS)          0.70       0.70 f
  CL/U17/Y (INVXLTS)                       0.32       1.02 r
  CL/U35/Y (AND3X2TS)                      0.41       1.43 r
  CL/U15/Y (NOR4XLTS)                      0.11       1.54 f
  CL/KEY_CTL[1] (ControlLogic_1_1)         0.00       1.54 f
  KE/KEY_CTL[1] (KeyExpansion_1_1)         0.00       1.54 f
  KE/U2/Y (CLKBUFX2TS)                     0.51       2.05 f
  KE/U6/Y (OR2X2TS)                        0.46       2.51 f
  KE/CLK_GATE_H_reg/D (TLATNX1TS)          0.00       2.51 f
  data arrival time                                   2.51

  clock CLK (fall edge)                 5000.00    5000.00
  clock network delay (ideal)              0.00    5000.00
  KE/CLK_GATE_H_reg/GN (TLATNX1TS)         0.00    5000.00 f
  time borrowed from endpoint              0.00    5000.00
  data required time                               5000.00
  -----------------------------------------------------------
  data required time                               5000.00
  data arrival time                                  -2.51
  -----------------------------------------------------------
  slack (MET)                                      4997.49

  Time Borrowing Information
  -----------------------------------------------
  CLK pulse width                       5000.00   
  library setup time                      -0.11   
  -----------------------------------------------
  max time borrow                       4999.89   
  actual time borrow                       0.00   
  -----------------------------------------------


1
