 
****************************************
Report : timing
        -path full
        -delay max
        -max_paths 1
        -sort_by group
Design : Skinny_1_0
Version: E-2010.12-SP2
Date   : Fri Jun 21 10:18:56 2019
****************************************

Operating Conditions: tt_1p2v_25c   Library: scx3_cmos8rf_lpvt_tt_1p2v_25c
Wire Load Model Mode: top

  Startpoint: CL/COUNT_WD_reg[2]
              (rising edge-triggered flip-flop clocked by CLK)
  Endpoint: KE/CLK_GATE_H_reg
            (negative level-sensitive latch clocked by CLK)
  Path Group: CLK
  Path Type: max

  Point                                    Incr       Path
  -----------------------------------------------------------
  clock CLK (rise edge)                    0.00       0.00
  clock network delay (ideal)              0.00       0.00
  CL/COUNT_WD_reg[2]/CK (DFFQX1TS)         0.00       0.00 r
  CL/COUNT_WD_reg[2]/Q (DFFQX1TS)          0.70       0.70 f
  CL/U17/Y (INVXLTS)                       0.32       1.02 r
  CL/U42/Y (NAND2X1TS)                     0.26       1.28 f
  CL/U43/Y (NOR2BX1TS)                     0.30       1.58 r
  CL/U16/Y (NOR3XLTS)                      0.21       1.80 f
  CL/KEY_CTL[2] (ControlLogic_1_0)         0.00       1.80 f
  KE/KEY_CTL[2] (KeyExpansion_1_0)         0.00       1.80 f
  KE/U5/Y (OR2X2TS)                        0.30       2.10 f
  KE/U4/Y (OR2XLTS)                        0.39       2.49 f
  KE/CLK_GATE_H_reg/D (TLATNX1TS)          0.00       2.49 f
  data arrival time                                   2.49

  clock CLK (fall edge)                 5000.00    5000.00
  clock network delay (ideal)              0.00    5000.00
  KE/CLK_GATE_H_reg/GN (TLATNX1TS)         0.00    5000.00 f
  time borrowed from endpoint              0.00    5000.00
  data required time                               5000.00
  -----------------------------------------------------------
  data required time                               5000.00
  data arrival time                                  -2.49
  -----------------------------------------------------------
  slack (MET)                                      4997.51

  Time Borrowing Information
  -----------------------------------------------
  CLK pulse width                       5000.00   
  library setup time                      -0.12   
  -----------------------------------------------
  max time borrow                       4999.88   
  actual time borrow                       0.00   
  -----------------------------------------------


1
