 
****************************************
Report : timing
        -path full
        -delay max
        -max_paths 1
        -sort_by group
Design : Skinny_0_1
Version: E-2010.12-SP2
Date   : Fri Jun 21 10:07:26 2019
****************************************

Operating Conditions: tt_1p2v_25c   Library: scx3_cmos8rf_lpvt_tt_1p2v_25c
Wire Load Model Mode: top

  Startpoint: CL/COUNT_OP_reg[4]
              (rising edge-triggered flip-flop clocked by CLK)
  Endpoint: KE/CLK_GATE_H_reg
            (negative level-sensitive latch clocked by CLK)
  Path Group: CLK
  Path Type: max

  Point                                    Incr       Path
  -----------------------------------------------------------
  clock CLK (rise edge)                    0.00       0.00
  clock network delay (ideal)              0.00       0.00
  CL/COUNT_OP_reg[4]/CK (DFFQX1TS)         0.00       0.00 r
  CL/COUNT_OP_reg[4]/Q (DFFQX1TS)          0.74       0.74 f
  CL/U19/Y (INVXLTS)                       0.37       1.10 r
  CL/U47/Y (NAND3X1TS)                     0.32       1.43 f
  CL/U32/Y (NOR3X1TS)                      0.24       1.66 r
  CL/KEY_CTL[1] (ControlLogic_0_1)         0.00       1.66 r
  KE/KEY_CTL[1] (KeyExpansion_0_1)         0.00       1.66 r
  KE/U2/Y (CLKBUFX2TS)                     0.42       2.09 r
  KE/U6/Y (OR2X2TS)                        0.30       2.38 r
  KE/CLK_GATE_H_reg/D (TLATNX1TS)          0.00       2.38 r
  data arrival time                                   2.38

  clock CLK (fall edge)                 5000.00    5000.00
  clock network delay (ideal)              0.00    5000.00
  KE/CLK_GATE_H_reg/GN (TLATNX1TS)         0.00    5000.00 f
  time borrowed from endpoint              0.00    5000.00
  data required time                               5000.00
  -----------------------------------------------------------
  data required time                               5000.00
  data arrival time                                  -2.38
  -----------------------------------------------------------
  slack (MET)                                      4997.62

  Time Borrowing Information
  -----------------------------------------------
  CLK pulse width                       5000.00   
  library setup time                      -0.14   
  -----------------------------------------------
  max time borrow                       4999.86   
  actual time borrow                       0.00   
  -----------------------------------------------


1
