Information: Updating graph... (UID-83)
 
****************************************
Report : area
Design : Skinny_0_0
Version: E-2010.12-SP2
Date   : Fri Jun 21 09:57:21 2019
****************************************

Information: Updating design information... (UID-85)
Library(s) Used:

    scx3_cmos8rf_lpvt_tt_1p2v_25c (File: /usr/flow/designkits/synthesis/ibm_0.13um/scx3_cmos8rf_lpvt_tt_1p2v_25c.db)

Number of ports:                            6
Number of nets:                            14
Number of cells:                            3
Number of combinational cells:              0
Number of sequential cells:                 0
Number of macros:                           0
Number of buf/inv:                          0
Number of references:                       3

Combinational area:        554.400011
Noncombinational area:    3752.639963
Net Interconnect area:      undefined  (No wire load specified)

Total cell area:          4307.039974
Total area:                 undefined

Hierarchical area distribution
------------------------------

                                  Global cell area          Local cell area
                                  ------------------  --------------------------- 
Hierarchical cell                 Absolute   Percent  Combi-    Noncombi-  Black
                                  Total      Total    national  national   boxes   Design
--------------------------------  ---------  -------  --------  ---------  ------  ---------------------------------------
Skinny_0_0                        4307.0396    100.0    0.0000     0.0000  0.0000  Skinny_0_0
CL                                 717.1200     16.6  312.4800   358.5600  0.0000  ControlLogic_0_0
CL/clk_gate_COUNT_OP_reg            23.0400      0.5    0.0000    23.0400  0.0000  SNPS_CLOCK_GATE_HIGH_ControlLogic_0_0_0
CL/clk_gate_STATE_reg               23.0400      0.5    0.0000    23.0400  0.0000  SNPS_CLOCK_GATE_HIGH_ControlLogic_0_0_1
KE                                1703.5198     39.6   37.4400    34.5600  0.0000  KeyExpansion_0_0
KE/C00                             105.1200      2.4    0.0000     0.0000  0.0000  CellSD_SIZE4_1
KE/C00/DFF                          73.4400      1.7    0.0000    73.4400  0.0000  DataFF_SIZE3_1
KE/C00/SFF                          31.6800      0.7    0.0000    31.6800  0.0000  dflipfloplw_4
KE/C01                              97.9200      2.3    0.0000     0.0000  0.0000  CellDO_SIZE4_1
KE/C01/DFF                          97.9200      2.3    0.0000    97.9200  0.0000  DataFF_SIZE4_1
KE/C02                              97.9200      2.3    0.0000     0.0000  0.0000  CellDO_SIZE4_2
KE/C02/DFF                          97.9200      2.3    0.0000    97.9200  0.0000  DataFF_SIZE4_2
KE/C03                              97.9200      2.3    0.0000     0.0000  0.0000  CellDO_SIZE4_3
KE/C03/DFF                          97.9200      2.3    0.0000    97.9200  0.0000  DataFF_SIZE4_3
KE/C04                              97.9200      2.3    0.0000     0.0000  0.0000  CellDO_SIZE4_4
KE/C04/DFF                          97.9200      2.3    0.0000    97.9200  0.0000  DataFF_SIZE4_4
KE/C05                              97.9200      2.3    0.0000     0.0000  0.0000  CellDO_SIZE4_5
KE/C05/DFF                          97.9200      2.3    0.0000    97.9200  0.0000  DataFF_SIZE4_5
KE/C06                              97.9200      2.3    0.0000     0.0000  0.0000  CellDO_SIZE4_6
KE/C06/DFF                          97.9200      2.3    0.0000    97.9200  0.0000  DataFF_SIZE4_6
KE/C07                              97.9200      2.3    0.0000     0.0000  0.0000  CellDO_SIZE4_7
KE/C07/DFF                          97.9200      2.3    0.0000    97.9200  0.0000  DataFF_SIZE4_7
KE/C08                             105.1200      2.4    0.0000     0.0000  0.0000  CellSD_SIZE4_2
KE/C08/DFF                          73.4400      1.7    0.0000    73.4400  0.0000  DataFF_SIZE3_2
KE/C08/SFF                          31.6800      0.7    0.0000    31.6800  0.0000  dflipfloplw_5
KE/C09                             105.1200      2.4    0.0000     0.0000  0.0000  CellSD_SIZE4_3
KE/C09/DFF                          73.4400      1.7    0.0000    73.4400  0.0000  DataFF_SIZE3_3
KE/C09/SFF                          31.6800      0.7    0.0000    31.6800  0.0000  dflipfloplw_6
KE/C10                             105.1200      2.4    0.0000     0.0000  0.0000  CellSD_SIZE4_4
KE/C10/DFF                          73.4400      1.7    0.0000    73.4400  0.0000  DataFF_SIZE3_4
KE/C10/SFF                          31.6800      0.7    0.0000    31.6800  0.0000  dflipfloplw_7
KE/C11                             105.1200      2.4    0.0000     0.0000  0.0000  CellSD_SIZE4_5
KE/C11/DFF                          73.4400      1.7    0.0000    73.4400  0.0000  DataFF_SIZE3_5
KE/C11/SFF                          31.6800      0.7    0.0000    31.6800  0.0000  dflipfloplw_8
KE/C12                             105.1200      2.4    0.0000     0.0000  0.0000  CellSD_SIZE4_6
KE/C12/DFF                          73.4400      1.7    0.0000    73.4400  0.0000  DataFF_SIZE3_6
KE/C12/SFF                          31.6800      0.7    0.0000    31.6800  0.0000  dflipfloplw_9
KE/C13                             105.1200      2.4    0.0000     0.0000  0.0000  CellSD_SIZE4_7
KE/C13/DFF                          73.4400      1.7    0.0000    73.4400  0.0000  DataFF_SIZE3_7
KE/C13/SFF                          31.6800      0.7    0.0000    31.6800  0.0000  dflipfloplw_10
KE/C14                             105.1200      2.4    0.0000     0.0000  0.0000  CellSD_SIZE4_8
KE/C14/DFF                          73.4400      1.7    0.0000    73.4400  0.0000  DataFF_SIZE3_8
KE/C14/SFF                          31.6800      0.7    0.0000    31.6800  0.0000  dflipfloplw_11
KE/C15                             105.1200      2.4    0.0000     0.0000  0.0000  CellSD_SIZE4_9
KE/C15/DFF                          73.4400      1.7    0.0000    73.4400  0.0000  DataFF_SIZE3_9
KE/C15/SFF                          31.6800      0.7    0.0000    31.6800  0.0000  dflipfloplw_12
KE/P1                                0.0000      0.0    0.0000     0.0000  0.0000  Permutation_0
RF                                1886.3998     43.8   69.1200     0.0000  0.0000  RoundFunction_0_0
RF/C00                             105.1200      2.4    0.0000     0.0000  0.0000  CellSD_SIZE4_10
RF/C00/DFF                          73.4400      1.7    0.0000    73.4400  0.0000  DataFF_SIZE3_10
RF/C00/SFF                          31.6800      0.7    0.0000    31.6800  0.0000  dflipfloplw_13
RF/C01                              97.9200      2.3    0.0000     0.0000  0.0000  CellDO_SIZE4_8
RF/C01/DFF                          97.9200      2.3    0.0000    97.9200  0.0000  DataFF_SIZE4_8
RF/C02                              97.9200      2.3    0.0000     0.0000  0.0000  CellDO_SIZE4_9
RF/C02/DFF                          97.9200      2.3    0.0000    97.9200  0.0000  DataFF_SIZE4_9
RF/C03                              97.9200      2.3    0.0000     0.0000  0.0000  CellDO_SIZE4_0
RF/C03/DFF                          97.9200      2.3    0.0000    97.9200  0.0000  DataFF_SIZE4_0
RF/C04                             105.1200      2.4    0.0000     0.0000  0.0000  CellSD_SIZE4_11
RF/C04/DFF                          73.4400      1.7    0.0000    73.4400  0.0000  DataFF_SIZE3_11
RF/C04/SFF                          31.6800      0.7    0.0000    31.6800  0.0000  dflipfloplw_14
RF/C05                             105.1200      2.4    0.0000     0.0000  0.0000  CellSD_SIZE4_12
RF/C05/DFF                          73.4400      1.7    0.0000    73.4400  0.0000  DataFF_SIZE3_12
RF/C05/SFF                          31.6800      0.7    0.0000    31.6800  0.0000  dflipfloplw_15
RF/C06                             105.1200      2.4    0.0000     0.0000  0.0000  CellSD_SIZE4_13
RF/C06/DFF                          73.4400      1.7    0.0000    73.4400  0.0000  DataFF_SIZE3_13
RF/C06/SFF                          31.6800      0.7    0.0000    31.6800  0.0000  dflipfloplw_16
RF/C07                             105.1200      2.4    0.0000     0.0000  0.0000  CellSD_SIZE4_14
RF/C07/DFF                          73.4400      1.7    0.0000    73.4400  0.0000  DataFF_SIZE3_14
RF/C07/SFF                          31.6800      0.7    0.0000    31.6800  0.0000  dflipfloplw_17
RF/C08                             105.1200      2.4    0.0000     0.0000  0.0000  CellSD_SIZE4_15
RF/C08/DFF                          73.4400      1.7    0.0000    73.4400  0.0000  DataFF_SIZE3_15
RF/C08/SFF                          31.6800      0.7    0.0000    31.6800  0.0000  dflipfloplw_18
RF/C09                             105.1200      2.4    0.0000     0.0000  0.0000  CellSD_SIZE4_16
RF/C09/DFF                          73.4400      1.7    0.0000    73.4400  0.0000  DataFF_SIZE3_16
RF/C09/SFF                          31.6800      0.7    0.0000    31.6800  0.0000  dflipfloplw_19
RF/C10                             105.1200      2.4    0.0000     0.0000  0.0000  CellSD_SIZE4_17
RF/C10/DFF                          73.4400      1.7    0.0000    73.4400  0.0000  DataFF_SIZE3_17
RF/C10/SFF                          31.6800      0.7    0.0000    31.6800  0.0000  dflipfloplw_20
RF/C11                             105.1200      2.4    0.0000     0.0000  0.0000  CellSD_SIZE4_18
RF/C11/DFF                          73.4400      1.7    0.0000    73.4400  0.0000  DataFF_SIZE3_18
RF/C11/SFF                          31.6800      0.7    0.0000    31.6800  0.0000  dflipfloplw_21
RF/C12                             105.1200      2.4    0.0000     0.0000  0.0000  CellSD_SIZE4_19
RF/C12/DFF                          73.4400      1.7    0.0000    73.4400  0.0000  DataFF_SIZE3_19
RF/C12/SFF                          31.6800      0.7    0.0000    31.6800  0.0000  dflipfloplw_22
RF/C13                             105.1200      2.4    0.0000     0.0000  0.0000  CellSD_SIZE4_20
RF/C13/DFF                          73.4400      1.7    0.0000    73.4400  0.0000  DataFF_SIZE3_20
RF/C13/SFF                          31.6800      0.7    0.0000    31.6800  0.0000  dflipfloplw_23
RF/C14                             105.1200      2.4    0.0000     0.0000  0.0000  CellSD_SIZE4_0
RF/C14/DFF                          73.4400      1.7    0.0000    73.4400  0.0000  DataFF_SIZE3_0
RF/C14/SFF                          31.6800      0.7    0.0000    31.6800  0.0000  dflipfloplw_24
RF/C15                             204.4800      4.7   14.4000     0.0000  0.0000  CellSB_0
RF/C15/S                            63.3600      1.5   63.3600     0.0000  0.0000  SBox_0
RF/C15/SF0                          31.6800      0.7    0.0000    31.6800  0.0000  dflipfloplw_0
RF/C15/SFF                          95.0400      2.2    0.0000     0.0000  0.0000  ScanFF_SIZE3
RF/C15/SFF/SFF_0                    31.6800      0.7    0.0000    31.6800  0.0000  dflipfloplw_3
RF/C15/SFF/SFF_1                    31.6800      0.7    0.0000    31.6800  0.0000  dflipfloplw_2
RF/C15/SFF/SFF_2                    31.6800      0.7    0.0000    31.6800  0.0000  dflipfloplw_1
RF/KA                               23.0400      0.5   23.0400     0.0000  0.0000  AddConstKey_0_0
RF/MC                               34.5600      0.8   34.5600     0.0000  0.0000  MixColumns_0
RF/SR                                0.0000      0.0    0.0000     0.0000  0.0000  ShiftRows_0
--------------------------------  ---------  -------  --------  ---------  ------  ---------------------------------------
Total                                                 554.4000  3752.6387  0.0000

1
