Information: Updating graph... (UID-83)
 
****************************************
Report : area
Design : Skinny_0_1
Version: E-2010.12-SP2
Date   : Fri Jun 21 09:58:26 2019
****************************************

Information: Updating design information... (UID-85)
Library(s) Used:

    scx3_cmos8rf_lpvt_tt_1p2v_25c (File: /usr/flow/designkits/synthesis/ibm_0.13um/scx3_cmos8rf_lpvt_tt_1p2v_25c.db)

Number of ports:                            7
Number of nets:                            16
Number of cells:                            3
Number of combinational cells:              0
Number of sequential cells:                 0
Number of macros:                           0
Number of buf/inv:                          0
Number of references:                       3

Combinational area:        600.480011
Noncombinational area:    5405.759943
Net Interconnect area:      undefined  (No wire load specified)

Total cell area:          6006.239954
Total area:                 undefined

Hierarchical area distribution
------------------------------

                                  Global cell area          Local cell area
                                  ------------------  --------------------------- 
Hierarchical cell                 Absolute   Percent  Combi-    Noncombi-  Black
                                  Total      Total    national  national   boxes   Design
--------------------------------  ---------  -------  --------  ---------  ------  ---------------------------------------
Skinny_0_1                        6006.2412    100.0    0.0000     0.0000  0.0000  Skinny_0_1
CL                                 718.5600     12.0  313.9200   358.5600  0.0000  ControlLogic_0_1
CL/clk_gate_COUNT_OP_reg            23.0400      0.4    0.0000    23.0400  0.0000  SNPS_CLOCK_GATE_HIGH_ControlLogic_0_1_0
CL/clk_gate_STATE_reg               23.0400      0.4    0.0000    23.0400  0.0000  SNPS_CLOCK_GATE_HIGH_ControlLogic_0_1_1
KE                                3395.5183     56.5   50.4000    34.5600  0.0000  KeyExpansion_0_1
KE/C00                             105.1200      1.8    0.0000     0.0000  0.0000  CellSD_SIZE4_9
KE/C00/DFF                          73.4400      1.2    0.0000    73.4400  0.0000  DataFF_SIZE3_9
KE/C00/SFF                          31.6800      0.5    0.0000    31.6800  0.0000  dflipfloplw_16
KE/C00_0                           105.1200      1.8    0.0000     0.0000  0.0000  CellSD_SIZE4_1
KE/C00_0/DFF                        73.4400      1.2    0.0000    73.4400  0.0000  DataFF_SIZE3_1
KE/C00_0/SFF                        31.6800      0.5    0.0000    31.6800  0.0000  dflipfloplw_8
KE/C01                              97.9200      1.6    0.0000     0.0000  0.0000  CellDO_SIZE4_8
KE/C01/DFF                          97.9200      1.6    0.0000    97.9200  0.0000  DataFF_SIZE4_8
KE/C01_0                            97.9200      1.6    0.0000     0.0000  0.0000  CellDO_SIZE4_1
KE/C01_0/DFF                        97.9200      1.6    0.0000    97.9200  0.0000  DataFF_SIZE4_1
KE/C02                              97.9200      1.6    0.0000     0.0000  0.0000  CellDO_SIZE4_9
KE/C02/DFF                          97.9200      1.6    0.0000    97.9200  0.0000  DataFF_SIZE4_9
KE/C02_0                            97.9200      1.6    0.0000     0.0000  0.0000  CellDO_SIZE4_2
KE/C02_0/DFF                        97.9200      1.6    0.0000    97.9200  0.0000  DataFF_SIZE4_2
KE/C03                              97.9200      1.6    0.0000     0.0000  0.0000  CellDO_SIZE4_10
KE/C03/DFF                          97.9200      1.6    0.0000    97.9200  0.0000  DataFF_SIZE4_10
KE/C03_0                            97.9200      1.6    0.0000     0.0000  0.0000  CellDO_SIZE4_3
KE/C03_0/DFF                        97.9200      1.6    0.0000    97.9200  0.0000  DataFF_SIZE4_3
KE/C04                              97.9200      1.6    0.0000     0.0000  0.0000  CellDO_SIZE4_11
KE/C04/DFF                          97.9200      1.6    0.0000    97.9200  0.0000  DataFF_SIZE4_11
KE/C04_0                            97.9200      1.6    0.0000     0.0000  0.0000  CellDO_SIZE4_4
KE/C04_0/DFF                        97.9200      1.6    0.0000    97.9200  0.0000  DataFF_SIZE4_4
KE/C05                              97.9200      1.6    0.0000     0.0000  0.0000  CellDO_SIZE4_12
KE/C05/DFF                          97.9200      1.6    0.0000    97.9200  0.0000  DataFF_SIZE4_12
KE/C05_0                            97.9200      1.6    0.0000     0.0000  0.0000  CellDO_SIZE4_5
KE/C05_0/DFF                        97.9200      1.6    0.0000    97.9200  0.0000  DataFF_SIZE4_5
KE/C06                              97.9200      1.6    0.0000     0.0000  0.0000  CellDO_SIZE4_13
KE/C06/DFF                          97.9200      1.6    0.0000    97.9200  0.0000  DataFF_SIZE4_13
KE/C06_0                            97.9200      1.6    0.0000     0.0000  0.0000  CellDO_SIZE4_6
KE/C06_0/DFF                        97.9200      1.6    0.0000    97.9200  0.0000  DataFF_SIZE4_6
KE/C07                              97.9200      1.6    0.0000     0.0000  0.0000  CellDO_SIZE4_14
KE/C07/DFF                          97.9200      1.6    0.0000    97.9200  0.0000  DataFF_SIZE4_14
KE/C07_0                            97.9200      1.6    0.0000     0.0000  0.0000  CellDO_SIZE4_7
KE/C07_0/DFF                        97.9200      1.6    0.0000    97.9200  0.0000  DataFF_SIZE4_7
KE/C08                             105.1200      1.8    0.0000     0.0000  0.0000  CellSD_SIZE4_10
KE/C08/DFF                          73.4400      1.2    0.0000    73.4400  0.0000  DataFF_SIZE3_10
KE/C08/SFF                          31.6800      0.5    0.0000    31.6800  0.0000  dflipfloplw_17
KE/C08_0                           152.6400      2.5   25.9200     0.0000  0.0000  CellT2_0
KE/C08_0/SFF                       126.7200      2.1    0.0000     0.0000  0.0000  ScanFF_SIZE4
KE/C08_0/SFF/SFF_0                  31.6800      0.5    0.0000    31.6800  0.0000  dflipfloplw_4
KE/C08_0/SFF/SFF_1                  31.6800      0.5    0.0000    31.6800  0.0000  dflipfloplw_3
KE/C08_0/SFF/SFF_2                  31.6800      0.5    0.0000    31.6800  0.0000  dflipfloplw_2
KE/C08_0/SFF/SFF_3                  31.6800      0.5    0.0000    31.6800  0.0000  dflipfloplw_1
KE/C09                             105.1200      1.8    0.0000     0.0000  0.0000  CellSD_SIZE4_11
KE/C09/DFF                          73.4400      1.2    0.0000    73.4400  0.0000  DataFF_SIZE3_11
KE/C09/SFF                          31.6800      0.5    0.0000    31.6800  0.0000  dflipfloplw_18
KE/C09_0                           105.1200      1.8    0.0000     0.0000  0.0000  CellSD_SIZE4_2
KE/C09_0/DFF                        73.4400      1.2    0.0000    73.4400  0.0000  DataFF_SIZE3_2
KE/C09_0/SFF                        31.6800      0.5    0.0000    31.6800  0.0000  dflipfloplw_9
KE/C10                             105.1200      1.8    0.0000     0.0000  0.0000  CellSD_SIZE4_12
KE/C10/DFF                          73.4400      1.2    0.0000    73.4400  0.0000  DataFF_SIZE3_12
KE/C10/SFF                          31.6800      0.5    0.0000    31.6800  0.0000  dflipfloplw_19
KE/C10_0                           105.1200      1.8    0.0000     0.0000  0.0000  CellSD_SIZE4_3
KE/C10_0/DFF                        73.4400      1.2    0.0000    73.4400  0.0000  DataFF_SIZE3_3
KE/C10_0/SFF                        31.6800      0.5    0.0000    31.6800  0.0000  dflipfloplw_10
KE/C11                             105.1200      1.8    0.0000     0.0000  0.0000  CellSD_SIZE4_13
KE/C11/DFF                          73.4400      1.2    0.0000    73.4400  0.0000  DataFF_SIZE3_13
KE/C11/SFF                          31.6800      0.5    0.0000    31.6800  0.0000  dflipfloplw_20
KE/C11_0                           105.1200      1.8    0.0000     0.0000  0.0000  CellSD_SIZE4_4
KE/C11_0/DFF                        73.4400      1.2    0.0000    73.4400  0.0000  DataFF_SIZE3_4
KE/C11_0/SFF                        31.6800      0.5    0.0000    31.6800  0.0000  dflipfloplw_11
KE/C12                             105.1200      1.8    0.0000     0.0000  0.0000  CellSD_SIZE4_14
KE/C12/DFF                          73.4400      1.2    0.0000    73.4400  0.0000  DataFF_SIZE3_14
KE/C12/SFF                          31.6800      0.5    0.0000    31.6800  0.0000  dflipfloplw_21
KE/C12_0                           105.1200      1.8    0.0000     0.0000  0.0000  CellSD_SIZE4_5
KE/C12_0/DFF                        73.4400      1.2    0.0000    73.4400  0.0000  DataFF_SIZE3_5
KE/C12_0/SFF                        31.6800      0.5    0.0000    31.6800  0.0000  dflipfloplw_12
KE/C13                             105.1200      1.8    0.0000     0.0000  0.0000  CellSD_SIZE4_15
KE/C13/DFF                          73.4400      1.2    0.0000    73.4400  0.0000  DataFF_SIZE3_15
KE/C13/SFF                          31.6800      0.5    0.0000    31.6800  0.0000  dflipfloplw_22
KE/C13_0                           105.1200      1.8    0.0000     0.0000  0.0000  CellSD_SIZE4_6
KE/C13_0/DFF                        73.4400      1.2    0.0000    73.4400  0.0000  DataFF_SIZE3_6
KE/C13_0/SFF                        31.6800      0.5    0.0000    31.6800  0.0000  dflipfloplw_13
KE/C14                             105.1200      1.8    0.0000     0.0000  0.0000  CellSD_SIZE4_16
KE/C14/DFF                          73.4400      1.2    0.0000    73.4400  0.0000  DataFF_SIZE3_16
KE/C14/SFF                          31.6800      0.5    0.0000    31.6800  0.0000  dflipfloplw_23
KE/C14_0                           105.1200      1.8    0.0000     0.0000  0.0000  CellSD_SIZE4_7
KE/C14_0/DFF                        73.4400      1.2    0.0000    73.4400  0.0000  DataFF_SIZE3_7
KE/C14_0/SFF                        31.6800      0.5    0.0000    31.6800  0.0000  dflipfloplw_14
KE/C15                             105.1200      1.8    0.0000     0.0000  0.0000  CellSD_SIZE4_17
KE/C15/DFF                          73.4400      1.2    0.0000    73.4400  0.0000  DataFF_SIZE3_17
KE/C15/SFF                          31.6800      0.5    0.0000    31.6800  0.0000  dflipfloplw_24
KE/C15_0                           105.1200      1.8    0.0000     0.0000  0.0000  CellSD_SIZE4_8
KE/C15_0/DFF                        73.4400      1.2    0.0000    73.4400  0.0000  DataFF_SIZE3_8
KE/C15_0/SFF                        31.6800      0.5    0.0000    31.6800  0.0000  dflipfloplw_15
KE/P1                                0.0000      0.0    0.0000     0.0000  0.0000  Permutation_0_0
KE/P2                                0.0000      0.0    0.0000     0.0000  0.0000  Permutation_0_1
RF                                1892.1598     31.5   63.3600     0.0000  0.0000  RoundFunction_0_1
RF/C00                             105.1200      1.8    0.0000     0.0000  0.0000  CellSD_SIZE4_18
RF/C00/DFF                          73.4400      1.2    0.0000    73.4400  0.0000  DataFF_SIZE3_18
RF/C00/SFF                          31.6800      0.5    0.0000    31.6800  0.0000  dflipfloplw_25
RF/C01                              97.9200      1.6    0.0000     0.0000  0.0000  CellDO_SIZE4_15
RF/C01/DFF                          97.9200      1.6    0.0000    97.9200  0.0000  DataFF_SIZE4_15
RF/C02                              97.9200      1.6    0.0000     0.0000  0.0000  CellDO_SIZE4_16
RF/C02/DFF                          97.9200      1.6    0.0000    97.9200  0.0000  DataFF_SIZE4_16
RF/C03                              97.9200      1.6    0.0000     0.0000  0.0000  CellDO_SIZE4_0
RF/C03/DFF                          97.9200      1.6    0.0000    97.9200  0.0000  DataFF_SIZE4_0
RF/C04                             105.1200      1.8    0.0000     0.0000  0.0000  CellSD_SIZE4_19
RF/C04/DFF                          73.4400      1.2    0.0000    73.4400  0.0000  DataFF_SIZE3_19
RF/C04/SFF                          31.6800      0.5    0.0000    31.6800  0.0000  dflipfloplw_26
RF/C05                             105.1200      1.8    0.0000     0.0000  0.0000  CellSD_SIZE4_20
RF/C05/DFF                          73.4400      1.2    0.0000    73.4400  0.0000  DataFF_SIZE3_20
RF/C05/SFF                          31.6800      0.5    0.0000    31.6800  0.0000  dflipfloplw_27
RF/C06                             105.1200      1.8    0.0000     0.0000  0.0000  CellSD_SIZE4_21
RF/C06/DFF                          73.4400      1.2    0.0000    73.4400  0.0000  DataFF_SIZE3_21
RF/C06/SFF                          31.6800      0.5    0.0000    31.6800  0.0000  dflipfloplw_28
RF/C07                             105.1200      1.8    0.0000     0.0000  0.0000  CellSD_SIZE4_22
RF/C07/DFF                          73.4400      1.2    0.0000    73.4400  0.0000  DataFF_SIZE3_22
RF/C07/SFF                          31.6800      0.5    0.0000    31.6800  0.0000  dflipfloplw_29
RF/C08                             105.1200      1.8    0.0000     0.0000  0.0000  CellSD_SIZE4_23
RF/C08/DFF                          73.4400      1.2    0.0000    73.4400  0.0000  DataFF_SIZE3_23
RF/C08/SFF                          31.6800      0.5    0.0000    31.6800  0.0000  dflipfloplw_30
RF/C09                             105.1200      1.8    0.0000     0.0000  0.0000  CellSD_SIZE4_24
RF/C09/DFF                          73.4400      1.2    0.0000    73.4400  0.0000  DataFF_SIZE3_24
RF/C09/SFF                          31.6800      0.5    0.0000    31.6800  0.0000  dflipfloplw_31
RF/C10                             105.1200      1.8    0.0000     0.0000  0.0000  CellSD_SIZE4_25
RF/C10/DFF                          73.4400      1.2    0.0000    73.4400  0.0000  DataFF_SIZE3_25
RF/C10/SFF                          31.6800      0.5    0.0000    31.6800  0.0000  dflipfloplw_32
RF/C11                             105.1200      1.8    0.0000     0.0000  0.0000  CellSD_SIZE4_26
RF/C11/DFF                          73.4400      1.2    0.0000    73.4400  0.0000  DataFF_SIZE3_26
RF/C11/SFF                          31.6800      0.5    0.0000    31.6800  0.0000  dflipfloplw_33
RF/C12                             105.1200      1.8    0.0000     0.0000  0.0000  CellSD_SIZE4_27
RF/C12/DFF                          73.4400      1.2    0.0000    73.4400  0.0000  DataFF_SIZE3_27
RF/C12/SFF                          31.6800      0.5    0.0000    31.6800  0.0000  dflipfloplw_34
RF/C13                             105.1200      1.8    0.0000     0.0000  0.0000  CellSD_SIZE4_28
RF/C13/DFF                          73.4400      1.2    0.0000    73.4400  0.0000  DataFF_SIZE3_28
RF/C13/SFF                          31.6800      0.5    0.0000    31.6800  0.0000  dflipfloplw_35
RF/C14                             105.1200      1.8    0.0000     0.0000  0.0000  CellSD_SIZE4_0
RF/C14/DFF                          73.4400      1.2    0.0000    73.4400  0.0000  DataFF_SIZE3_0
RF/C14/SFF                          31.6800      0.5    0.0000    31.6800  0.0000  dflipfloplw_36
RF/C15                             204.4800      3.4   14.4000     0.0000  0.0000  CellSB_0
RF/C15/S                            63.3600      1.1   63.3600     0.0000  0.0000  SBox_0
RF/C15/SF0                          31.6800      0.5    0.0000    31.6800  0.0000  dflipfloplw_0
RF/C15/SFF                          95.0400      1.6    0.0000     0.0000  0.0000  ScanFF_SIZE3
RF/C15/SFF/SFF_0                    31.6800      0.5    0.0000    31.6800  0.0000  dflipfloplw_7
RF/C15/SFF/SFF_1                    31.6800      0.5    0.0000    31.6800  0.0000  dflipfloplw_6
RF/C15/SFF/SFF_2                    31.6800      0.5    0.0000    31.6800  0.0000  dflipfloplw_5
RF/KA                               34.5600      0.6   34.5600     0.0000  0.0000  AddConstKey_0_1
RF/MC                               34.5600      0.6   34.5600     0.0000  0.0000  MixColumns_0
RF/SR                                0.0000      0.0    0.0000     0.0000  0.0000  ShiftRows_0
--------------------------------  ---------  -------  --------  ---------  ------  ---------------------------------------
Total                                                 600.4800  5405.7603  0.0000

1
