 
****************************************
Report : timing
        -path full
        -delay max
        -max_paths 1
        -sort_by group
Design : Skinny_0_0
Version: E-2010.12-SP2
Date   : Fri Jun 21 11:28:15 2019
****************************************

Operating Conditions: tt_1p2v_25c   Library: scx3_cmos8rf_lpvt_tt_1p2v_25c
Wire Load Model Mode: top

  Startpoint: CL/COUNTER_reg[0]
              (rising edge-triggered flip-flop clocked by CLK)
  Endpoint: KE/CLK_GATE_H_reg
            (negative level-sensitive latch clocked by CLK)
  Path Group: CLK
  Path Type: max

  Point                                    Incr       Path
  -----------------------------------------------------------
  clock CLK (rise edge)                    0.00       0.00
  clock network delay (ideal)              0.00       0.00
  CL/COUNTER_reg[0]/CK (DFFTRX2TS)         0.00       0.00 r
  CL/COUNTER_reg[0]/QN (DFFTRX2TS)         0.90       0.90 r
  CL/U11/Y (NAND2X1TS)                     0.17       1.07 f
  CL/U19/Y (INVX2TS)                       0.12       1.19 r
  CL/U10/Y (AND3XLTS)                      0.40       1.59 r
  CL/U9/Y (NOR2BX1TS)                      0.54       2.13 r
  CL/KEY_CTL[1] (ControlLogic_0_0)         0.00       2.13 r
  KE/KEY_CTL[1] (KeyExpansion_0_0)         0.00       2.13 r
  KE/U2/Y (BUFX3TS)                        0.65       2.78 r
  KE/U8/Y (OR2X2TS)                        0.35       3.13 r
  KE/CLK_GATE_H_reg/D (TLATNX1TS)          0.00       3.13 r
  data arrival time                                   3.13

  clock CLK (fall edge)                 5000.00    5000.00
  clock network delay (ideal)              0.00    5000.00
  KE/CLK_GATE_H_reg/GN (TLATNX1TS)         0.00    5000.00 f
  time borrowed from endpoint              0.00    5000.00
  data required time                               5000.00
  -----------------------------------------------------------
  data required time                               5000.00
  data arrival time                                  -3.13
  -----------------------------------------------------------
  slack (MET)                                      4996.87

  Time Borrowing Information
  -----------------------------------------------
  CLK pulse width                       5000.00   
  library setup time                      -0.14   
  -----------------------------------------------
  max time borrow                       4999.86   
  actual time borrow                       0.00   
  -----------------------------------------------


1
