Information: Updating graph... (UID-83)
 
****************************************
Report : area
Design : Skinny_1_2
Version: E-2010.12-SP2
Date   : Fri Jun 21 11:34:31 2019
****************************************

Information: Updating design information... (UID-85)
Library(s) Used:

    scx3_cmos8rf_lpvt_tt_1p2v_25c (File: /usr/flow/designkits/synthesis/ibm_0.13um/scx3_cmos8rf_lpvt_tt_1p2v_25c.db)

Number of ports:                           43
Number of nets:                            76
Number of cells:                            3
Number of combinational cells:              0
Number of sequential cells:                 0
Number of macros:                           0
Number of buf/inv:                          0
Number of references:                       3

Combinational area:       1761.120025
Noncombinational area:    15222.240009
Net Interconnect area:      undefined  (No wire load specified)

Total cell area:          16983.360034
Total area:                 undefined

Hierarchical area distribution
------------------------------

                                  Global cell area            Local cell area
                                  -------------------  ----------------------------- 
Hierarchical cell                 Absolute    Percent  Combi-     Noncombi-   Black
                                  Total       Total    national   national    boxes   Design
--------------------------------  ----------  -------  ---------  ----------  ------  -------------------------------------
Skinny_1_2                        16983.3320    100.0     0.0000      0.0000  0.0000  Skinny_1_2
CL                                  575.9999      3.4   226.0800    326.8800  0.0000  ControlLogic_1_2
CL/clk_gate_STATE_reg                23.0400      0.1     0.0000     23.0400  0.0000  SNPS_CLOCK_GATE_HIGH_ControlLogic_1_2
KE                                11387.5293     67.1   397.4402     34.5600  0.0000  KeyExpansion_1_2
KE/C00                              253.4400      1.5     0.0000      0.0000  0.0000  ScanFF_SIZE8_19
KE/C00/SFF_0                         31.6800      0.2     0.0000     31.6800  0.0000  dflipfloplw_152
KE/C00/SFF_1                         31.6800      0.2     0.0000     31.6800  0.0000  dflipfloplw_151
KE/C00/SFF_2                         31.6800      0.2     0.0000     31.6800  0.0000  dflipfloplw_150
KE/C00/SFF_3                         31.6800      0.2     0.0000     31.6800  0.0000  dflipfloplw_149
KE/C00/SFF_4                         31.6800      0.2     0.0000     31.6800  0.0000  dflipfloplw_148
KE/C00/SFF_5                         31.6800      0.2     0.0000     31.6800  0.0000  dflipfloplw_147
KE/C00/SFF_6                         31.6800      0.2     0.0000     31.6800  0.0000  dflipfloplw_146
KE/C00/SFF_7                         31.6800      0.2     0.0000     31.6800  0.0000  dflipfloplw_145
KE/C00_0                            253.4400      1.5     0.0000      0.0000  0.0000  ScanFF_SIZE8_10
KE/C00_0/SFF_0                       31.6800      0.2     0.0000     31.6800  0.0000  dflipfloplw_80
KE/C00_0/SFF_1                       31.6800      0.2     0.0000     31.6800  0.0000  dflipfloplw_79
KE/C00_0/SFF_2                       31.6800      0.2     0.0000     31.6800  0.0000  dflipfloplw_78
KE/C00_0/SFF_3                       31.6800      0.2     0.0000     31.6800  0.0000  dflipfloplw_77
KE/C00_0/SFF_4                       31.6800      0.2     0.0000     31.6800  0.0000  dflipfloplw_76
KE/C00_0/SFF_5                       31.6800      0.2     0.0000     31.6800  0.0000  dflipfloplw_75
KE/C00_0/SFF_6                       31.6800      0.2     0.0000     31.6800  0.0000  dflipfloplw_74
KE/C00_0/SFF_7                       31.6800      0.2     0.0000     31.6800  0.0000  dflipfloplw_73
KE/C00_1                            253.4400      1.5     0.0000      0.0000  0.0000  ScanFF_SIZE8_1
KE/C00_1/SFF_0                       31.6800      0.2     0.0000     31.6800  0.0000  dflipfloplw_8
KE/C00_1/SFF_1                       31.6800      0.2     0.0000     31.6800  0.0000  dflipfloplw_7
KE/C00_1/SFF_2                       31.6800      0.2     0.0000     31.6800  0.0000  dflipfloplw_6
KE/C00_1/SFF_3                       31.6800      0.2     0.0000     31.6800  0.0000  dflipfloplw_5
KE/C00_1/SFF_4                       31.6800      0.2     0.0000     31.6800  0.0000  dflipfloplw_4
KE/C00_1/SFF_5                       31.6800      0.2     0.0000     31.6800  0.0000  dflipfloplw_3
KE/C00_1/SFF_6                       31.6800      0.2     0.0000     31.6800  0.0000  dflipfloplw_2
KE/C00_1/SFF_7                       31.6800      0.2     0.0000     31.6800  0.0000  dflipfloplw_1
KE/C01                              195.8400      1.2     0.0000    195.8400  0.0000  DataFF_SIZE8_15
KE/C01_0                            195.8400      1.2     0.0000    195.8400  0.0000  DataFF_SIZE8_8
KE/C01_1                            195.8400      1.2     0.0000    195.8400  0.0000  DataFF_SIZE8_1
KE/C02                              195.8400      1.2     0.0000    195.8400  0.0000  DataFF_SIZE8_16
KE/C02_0                            195.8400      1.2     0.0000    195.8400  0.0000  DataFF_SIZE8_9
KE/C02_1                            195.8400      1.2     0.0000    195.8400  0.0000  DataFF_SIZE8_2
KE/C03                              195.8400      1.2     0.0000    195.8400  0.0000  DataFF_SIZE8_17
KE/C03_0                            195.8400      1.2     0.0000    195.8400  0.0000  DataFF_SIZE8_10
KE/C03_1                            195.8400      1.2     0.0000    195.8400  0.0000  DataFF_SIZE8_3
KE/C04                              195.8400      1.2     0.0000    195.8400  0.0000  DataFF_SIZE8_18
KE/C04_0                            195.8400      1.2     0.0000    195.8400  0.0000  DataFF_SIZE8_11
KE/C04_1                            195.8400      1.2     0.0000    195.8400  0.0000  DataFF_SIZE8_4
KE/C05                              195.8400      1.2     0.0000    195.8400  0.0000  DataFF_SIZE8_19
KE/C05_0                            195.8400      1.2     0.0000    195.8400  0.0000  DataFF_SIZE8_12
KE/C05_1                            195.8400      1.2     0.0000    195.8400  0.0000  DataFF_SIZE8_5
KE/C06                              195.8400      1.2     0.0000    195.8400  0.0000  DataFF_SIZE8_20
KE/C06_0                            195.8400      1.2     0.0000    195.8400  0.0000  DataFF_SIZE8_13
KE/C06_1                            195.8400      1.2     0.0000    195.8400  0.0000  DataFF_SIZE8_6
KE/C07                              195.8400      1.2     0.0000    195.8400  0.0000  DataFF_SIZE8_21
KE/C07_0                            195.8400      1.2     0.0000    195.8400  0.0000  DataFF_SIZE8_14
KE/C07_1                            195.8400      1.2     0.0000    195.8400  0.0000  DataFF_SIZE8_7
KE/C08                              253.4400      1.5     0.0000      0.0000  0.0000  ScanFF_SIZE8_20
KE/C08/SFF_0                         31.6800      0.2     0.0000     31.6800  0.0000  dflipfloplw_160
KE/C08/SFF_1                         31.6800      0.2     0.0000     31.6800  0.0000  dflipfloplw_159
KE/C08/SFF_2                         31.6800      0.2     0.0000     31.6800  0.0000  dflipfloplw_158
KE/C08/SFF_3                         31.6800      0.2     0.0000     31.6800  0.0000  dflipfloplw_157
KE/C08/SFF_4                         31.6800      0.2     0.0000     31.6800  0.0000  dflipfloplw_156
KE/C08/SFF_5                         31.6800      0.2     0.0000     31.6800  0.0000  dflipfloplw_155
KE/C08/SFF_6                         31.6800      0.2     0.0000     31.6800  0.0000  dflipfloplw_154
KE/C08/SFF_7                         31.6800      0.2     0.0000     31.6800  0.0000  dflipfloplw_153
KE/C08_0                            253.4400      1.5     0.0000      0.0000  0.0000  ScanFF_SIZE8_11
KE/C08_0/SFF_0                       31.6800      0.2     0.0000     31.6800  0.0000  dflipfloplw_88
KE/C08_0/SFF_1                       31.6800      0.2     0.0000     31.6800  0.0000  dflipfloplw_87
KE/C08_0/SFF_2                       31.6800      0.2     0.0000     31.6800  0.0000  dflipfloplw_86
KE/C08_0/SFF_3                       31.6800      0.2     0.0000     31.6800  0.0000  dflipfloplw_85
KE/C08_0/SFF_4                       31.6800      0.2     0.0000     31.6800  0.0000  dflipfloplw_84
KE/C08_0/SFF_5                       31.6800      0.2     0.0000     31.6800  0.0000  dflipfloplw_83
KE/C08_0/SFF_6                       31.6800      0.2     0.0000     31.6800  0.0000  dflipfloplw_82
KE/C08_0/SFF_7                       31.6800      0.2     0.0000     31.6800  0.0000  dflipfloplw_81
KE/C08_1                            253.4400      1.5     0.0000      0.0000  0.0000  ScanFF_SIZE8_2
KE/C08_1/SFF_0                       31.6800      0.2     0.0000     31.6800  0.0000  dflipfloplw_16
KE/C08_1/SFF_1                       31.6800      0.2     0.0000     31.6800  0.0000  dflipfloplw_15
KE/C08_1/SFF_2                       31.6800      0.2     0.0000     31.6800  0.0000  dflipfloplw_14
KE/C08_1/SFF_3                       31.6800      0.2     0.0000     31.6800  0.0000  dflipfloplw_13
KE/C08_1/SFF_4                       31.6800      0.2     0.0000     31.6800  0.0000  dflipfloplw_12
KE/C08_1/SFF_5                       31.6800      0.2     0.0000     31.6800  0.0000  dflipfloplw_11
KE/C08_1/SFF_6                       31.6800      0.2     0.0000     31.6800  0.0000  dflipfloplw_10
KE/C08_1/SFF_7                       31.6800      0.2     0.0000     31.6800  0.0000  dflipfloplw_9
KE/C09                              253.4400      1.5     0.0000      0.0000  0.0000  ScanFF_SIZE8_21
KE/C09/SFF_0                         31.6800      0.2     0.0000     31.6800  0.0000  dflipfloplw_168
KE/C09/SFF_1                         31.6800      0.2     0.0000     31.6800  0.0000  dflipfloplw_167
KE/C09/SFF_2                         31.6800      0.2     0.0000     31.6800  0.0000  dflipfloplw_166
KE/C09/SFF_3                         31.6800      0.2     0.0000     31.6800  0.0000  dflipfloplw_165
KE/C09/SFF_4                         31.6800      0.2     0.0000     31.6800  0.0000  dflipfloplw_164
KE/C09/SFF_5                         31.6800      0.2     0.0000     31.6800  0.0000  dflipfloplw_163
KE/C09/SFF_6                         31.6800      0.2     0.0000     31.6800  0.0000  dflipfloplw_162
KE/C09/SFF_7                         31.6800      0.2     0.0000     31.6800  0.0000  dflipfloplw_161
KE/C09_0                            253.4400      1.5     0.0000      0.0000  0.0000  ScanFF_SIZE8_12
KE/C09_0/SFF_0                       31.6800      0.2     0.0000     31.6800  0.0000  dflipfloplw_96
KE/C09_0/SFF_1                       31.6800      0.2     0.0000     31.6800  0.0000  dflipfloplw_95
KE/C09_0/SFF_2                       31.6800      0.2     0.0000     31.6800  0.0000  dflipfloplw_94
KE/C09_0/SFF_3                       31.6800      0.2     0.0000     31.6800  0.0000  dflipfloplw_93
KE/C09_0/SFF_4                       31.6800      0.2     0.0000     31.6800  0.0000  dflipfloplw_92
KE/C09_0/SFF_5                       31.6800      0.2     0.0000     31.6800  0.0000  dflipfloplw_91
KE/C09_0/SFF_6                       31.6800      0.2     0.0000     31.6800  0.0000  dflipfloplw_90
KE/C09_0/SFF_7                       31.6800      0.2     0.0000     31.6800  0.0000  dflipfloplw_89
KE/C09_1                            253.4400      1.5     0.0000      0.0000  0.0000  ScanFF_SIZE8_3
KE/C09_1/SFF_0                       31.6800      0.2     0.0000     31.6800  0.0000  dflipfloplw_24
KE/C09_1/SFF_1                       31.6800      0.2     0.0000     31.6800  0.0000  dflipfloplw_23
KE/C09_1/SFF_2                       31.6800      0.2     0.0000     31.6800  0.0000  dflipfloplw_22
KE/C09_1/SFF_3                       31.6800      0.2     0.0000     31.6800  0.0000  dflipfloplw_21
KE/C09_1/SFF_4                       31.6800      0.2     0.0000     31.6800  0.0000  dflipfloplw_20
KE/C09_1/SFF_5                       31.6800      0.2     0.0000     31.6800  0.0000  dflipfloplw_19
KE/C09_1/SFF_6                       31.6800      0.2     0.0000     31.6800  0.0000  dflipfloplw_18
KE/C09_1/SFF_7                       31.6800      0.2     0.0000     31.6800  0.0000  dflipfloplw_17
KE/C10                              253.4400      1.5     0.0000      0.0000  0.0000  ScanFF_SIZE8_22
KE/C10/SFF_0                         31.6800      0.2     0.0000     31.6800  0.0000  dflipfloplw_176
KE/C10/SFF_1                         31.6800      0.2     0.0000     31.6800  0.0000  dflipfloplw_175
KE/C10/SFF_2                         31.6800      0.2     0.0000     31.6800  0.0000  dflipfloplw_174
KE/C10/SFF_3                         31.6800      0.2     0.0000     31.6800  0.0000  dflipfloplw_173
KE/C10/SFF_4                         31.6800      0.2     0.0000     31.6800  0.0000  dflipfloplw_172
KE/C10/SFF_5                         31.6800      0.2     0.0000     31.6800  0.0000  dflipfloplw_171
KE/C10/SFF_6                         31.6800      0.2     0.0000     31.6800  0.0000  dflipfloplw_170
KE/C10/SFF_7                         31.6800      0.2     0.0000     31.6800  0.0000  dflipfloplw_169
KE/C10_0                            253.4400      1.5     0.0000      0.0000  0.0000  ScanFF_SIZE8_13
KE/C10_0/SFF_0                       31.6800      0.2     0.0000     31.6800  0.0000  dflipfloplw_104
KE/C10_0/SFF_1                       31.6800      0.2     0.0000     31.6800  0.0000  dflipfloplw_103
KE/C10_0/SFF_2                       31.6800      0.2     0.0000     31.6800  0.0000  dflipfloplw_102
KE/C10_0/SFF_3                       31.6800      0.2     0.0000     31.6800  0.0000  dflipfloplw_101
KE/C10_0/SFF_4                       31.6800      0.2     0.0000     31.6800  0.0000  dflipfloplw_100
KE/C10_0/SFF_5                       31.6800      0.2     0.0000     31.6800  0.0000  dflipfloplw_99
KE/C10_0/SFF_6                       31.6800      0.2     0.0000     31.6800  0.0000  dflipfloplw_98
KE/C10_0/SFF_7                       31.6800      0.2     0.0000     31.6800  0.0000  dflipfloplw_97
KE/C10_1                            253.4400      1.5     0.0000      0.0000  0.0000  ScanFF_SIZE8_4
KE/C10_1/SFF_0                       31.6800      0.2     0.0000     31.6800  0.0000  dflipfloplw_32
KE/C10_1/SFF_1                       31.6800      0.2     0.0000     31.6800  0.0000  dflipfloplw_31
KE/C10_1/SFF_2                       31.6800      0.2     0.0000     31.6800  0.0000  dflipfloplw_30
KE/C10_1/SFF_3                       31.6800      0.2     0.0000     31.6800  0.0000  dflipfloplw_29
KE/C10_1/SFF_4                       31.6800      0.2     0.0000     31.6800  0.0000  dflipfloplw_28
KE/C10_1/SFF_5                       31.6800      0.2     0.0000     31.6800  0.0000  dflipfloplw_27
KE/C10_1/SFF_6                       31.6800      0.2     0.0000     31.6800  0.0000  dflipfloplw_26
KE/C10_1/SFF_7                       31.6800      0.2     0.0000     31.6800  0.0000  dflipfloplw_25
KE/C11                              253.4400      1.5     0.0000      0.0000  0.0000  ScanFF_SIZE8_23
KE/C11/SFF_0                         31.6800      0.2     0.0000     31.6800  0.0000  dflipfloplw_184
KE/C11/SFF_1                         31.6800      0.2     0.0000     31.6800  0.0000  dflipfloplw_183
KE/C11/SFF_2                         31.6800      0.2     0.0000     31.6800  0.0000  dflipfloplw_182
KE/C11/SFF_3                         31.6800      0.2     0.0000     31.6800  0.0000  dflipfloplw_181
KE/C11/SFF_4                         31.6800      0.2     0.0000     31.6800  0.0000  dflipfloplw_180
KE/C11/SFF_5                         31.6800      0.2     0.0000     31.6800  0.0000  dflipfloplw_179
KE/C11/SFF_6                         31.6800      0.2     0.0000     31.6800  0.0000  dflipfloplw_178
KE/C11/SFF_7                         31.6800      0.2     0.0000     31.6800  0.0000  dflipfloplw_177
KE/C11_0                            253.4400      1.5     0.0000      0.0000  0.0000  ScanFF_SIZE8_14
KE/C11_0/SFF_0                       31.6800      0.2     0.0000     31.6800  0.0000  dflipfloplw_112
KE/C11_0/SFF_1                       31.6800      0.2     0.0000     31.6800  0.0000  dflipfloplw_111
KE/C11_0/SFF_2                       31.6800      0.2     0.0000     31.6800  0.0000  dflipfloplw_110
KE/C11_0/SFF_3                       31.6800      0.2     0.0000     31.6800  0.0000  dflipfloplw_109
KE/C11_0/SFF_4                       31.6800      0.2     0.0000     31.6800  0.0000  dflipfloplw_108
KE/C11_0/SFF_5                       31.6800      0.2     0.0000     31.6800  0.0000  dflipfloplw_107
KE/C11_0/SFF_6                       31.6800      0.2     0.0000     31.6800  0.0000  dflipfloplw_106
KE/C11_0/SFF_7                       31.6800      0.2     0.0000     31.6800  0.0000  dflipfloplw_105
KE/C11_1                            253.4400      1.5     0.0000      0.0000  0.0000  ScanFF_SIZE8_5
KE/C11_1/SFF_0                       31.6800      0.2     0.0000     31.6800  0.0000  dflipfloplw_40
KE/C11_1/SFF_1                       31.6800      0.2     0.0000     31.6800  0.0000  dflipfloplw_39
KE/C11_1/SFF_2                       31.6800      0.2     0.0000     31.6800  0.0000  dflipfloplw_38
KE/C11_1/SFF_3                       31.6800      0.2     0.0000     31.6800  0.0000  dflipfloplw_37
KE/C11_1/SFF_4                       31.6800      0.2     0.0000     31.6800  0.0000  dflipfloplw_36
KE/C11_1/SFF_5                       31.6800      0.2     0.0000     31.6800  0.0000  dflipfloplw_35
KE/C11_1/SFF_6                       31.6800      0.2     0.0000     31.6800  0.0000  dflipfloplw_34
KE/C11_1/SFF_7                       31.6800      0.2     0.0000     31.6800  0.0000  dflipfloplw_33
KE/C12                              253.4400      1.5     0.0000      0.0000  0.0000  ScanFF_SIZE8_24
KE/C12/SFF_0                         31.6800      0.2     0.0000     31.6800  0.0000  dflipfloplw_192
KE/C12/SFF_1                         31.6800      0.2     0.0000     31.6800  0.0000  dflipfloplw_191
KE/C12/SFF_2                         31.6800      0.2     0.0000     31.6800  0.0000  dflipfloplw_190
KE/C12/SFF_3                         31.6800      0.2     0.0000     31.6800  0.0000  dflipfloplw_189
KE/C12/SFF_4                         31.6800      0.2     0.0000     31.6800  0.0000  dflipfloplw_188
KE/C12/SFF_5                         31.6800      0.2     0.0000     31.6800  0.0000  dflipfloplw_187
KE/C12/SFF_6                         31.6800      0.2     0.0000     31.6800  0.0000  dflipfloplw_186
KE/C12/SFF_7                         31.6800      0.2     0.0000     31.6800  0.0000  dflipfloplw_185
KE/C12_0                            253.4400      1.5     0.0000      0.0000  0.0000  ScanFF_SIZE8_15
KE/C12_0/SFF_0                       31.6800      0.2     0.0000     31.6800  0.0000  dflipfloplw_120
KE/C12_0/SFF_1                       31.6800      0.2     0.0000     31.6800  0.0000  dflipfloplw_119
KE/C12_0/SFF_2                       31.6800      0.2     0.0000     31.6800  0.0000  dflipfloplw_118
KE/C12_0/SFF_3                       31.6800      0.2     0.0000     31.6800  0.0000  dflipfloplw_117
KE/C12_0/SFF_4                       31.6800      0.2     0.0000     31.6800  0.0000  dflipfloplw_116
KE/C12_0/SFF_5                       31.6800      0.2     0.0000     31.6800  0.0000  dflipfloplw_115
KE/C12_0/SFF_6                       31.6800      0.2     0.0000     31.6800  0.0000  dflipfloplw_114
KE/C12_0/SFF_7                       31.6800      0.2     0.0000     31.6800  0.0000  dflipfloplw_113
KE/C12_1                            253.4400      1.5     0.0000      0.0000  0.0000  ScanFF_SIZE8_6
KE/C12_1/SFF_0                       31.6800      0.2     0.0000     31.6800  0.0000  dflipfloplw_48
KE/C12_1/SFF_1                       31.6800      0.2     0.0000     31.6800  0.0000  dflipfloplw_47
KE/C12_1/SFF_2                       31.6800      0.2     0.0000     31.6800  0.0000  dflipfloplw_46
KE/C12_1/SFF_3                       31.6800      0.2     0.0000     31.6800  0.0000  dflipfloplw_45
KE/C12_1/SFF_4                       31.6800      0.2     0.0000     31.6800  0.0000  dflipfloplw_44
KE/C12_1/SFF_5                       31.6800      0.2     0.0000     31.6800  0.0000  dflipfloplw_43
KE/C12_1/SFF_6                       31.6800      0.2     0.0000     31.6800  0.0000  dflipfloplw_42
KE/C12_1/SFF_7                       31.6800      0.2     0.0000     31.6800  0.0000  dflipfloplw_41
KE/C13                              253.4400      1.5     0.0000      0.0000  0.0000  ScanFF_SIZE8_25
KE/C13/SFF_0                         31.6800      0.2     0.0000     31.6800  0.0000  dflipfloplw_200
KE/C13/SFF_1                         31.6800      0.2     0.0000     31.6800  0.0000  dflipfloplw_199
KE/C13/SFF_2                         31.6800      0.2     0.0000     31.6800  0.0000  dflipfloplw_198
KE/C13/SFF_3                         31.6800      0.2     0.0000     31.6800  0.0000  dflipfloplw_197
KE/C13/SFF_4                         31.6800      0.2     0.0000     31.6800  0.0000  dflipfloplw_196
KE/C13/SFF_5                         31.6800      0.2     0.0000     31.6800  0.0000  dflipfloplw_195
KE/C13/SFF_6                         31.6800      0.2     0.0000     31.6800  0.0000  dflipfloplw_194
KE/C13/SFF_7                         31.6800      0.2     0.0000     31.6800  0.0000  dflipfloplw_193
KE/C13_0                            253.4400      1.5     0.0000      0.0000  0.0000  ScanFF_SIZE8_16
KE/C13_0/SFF_0                       31.6800      0.2     0.0000     31.6800  0.0000  dflipfloplw_128
KE/C13_0/SFF_1                       31.6800      0.2     0.0000     31.6800  0.0000  dflipfloplw_127
KE/C13_0/SFF_2                       31.6800      0.2     0.0000     31.6800  0.0000  dflipfloplw_126
KE/C13_0/SFF_3                       31.6800      0.2     0.0000     31.6800  0.0000  dflipfloplw_125
KE/C13_0/SFF_4                       31.6800      0.2     0.0000     31.6800  0.0000  dflipfloplw_124
KE/C13_0/SFF_5                       31.6800      0.2     0.0000     31.6800  0.0000  dflipfloplw_123
KE/C13_0/SFF_6                       31.6800      0.2     0.0000     31.6800  0.0000  dflipfloplw_122
KE/C13_0/SFF_7                       31.6800      0.2     0.0000     31.6800  0.0000  dflipfloplw_121
KE/C13_1                            253.4400      1.5     0.0000      0.0000  0.0000  ScanFF_SIZE8_7
KE/C13_1/SFF_0                       31.6800      0.2     0.0000     31.6800  0.0000  dflipfloplw_56
KE/C13_1/SFF_1                       31.6800      0.2     0.0000     31.6800  0.0000  dflipfloplw_55
KE/C13_1/SFF_2                       31.6800      0.2     0.0000     31.6800  0.0000  dflipfloplw_54
KE/C13_1/SFF_3                       31.6800      0.2     0.0000     31.6800  0.0000  dflipfloplw_53
KE/C13_1/SFF_4                       31.6800      0.2     0.0000     31.6800  0.0000  dflipfloplw_52
KE/C13_1/SFF_5                       31.6800      0.2     0.0000     31.6800  0.0000  dflipfloplw_51
KE/C13_1/SFF_6                       31.6800      0.2     0.0000     31.6800  0.0000  dflipfloplw_50
KE/C13_1/SFF_7                       31.6800      0.2     0.0000     31.6800  0.0000  dflipfloplw_49
KE/C14                              253.4400      1.5     0.0000      0.0000  0.0000  ScanFF_SIZE8_26
KE/C14/SFF_0                         31.6800      0.2     0.0000     31.6800  0.0000  dflipfloplw_208
KE/C14/SFF_1                         31.6800      0.2     0.0000     31.6800  0.0000  dflipfloplw_207
KE/C14/SFF_2                         31.6800      0.2     0.0000     31.6800  0.0000  dflipfloplw_206
KE/C14/SFF_3                         31.6800      0.2     0.0000     31.6800  0.0000  dflipfloplw_205
KE/C14/SFF_4                         31.6800      0.2     0.0000     31.6800  0.0000  dflipfloplw_204
KE/C14/SFF_5                         31.6800      0.2     0.0000     31.6800  0.0000  dflipfloplw_203
KE/C14/SFF_6                         31.6800      0.2     0.0000     31.6800  0.0000  dflipfloplw_202
KE/C14/SFF_7                         31.6800      0.2     0.0000     31.6800  0.0000  dflipfloplw_201
KE/C14_0                            253.4400      1.5     0.0000      0.0000  0.0000  ScanFF_SIZE8_17
KE/C14_0/SFF_0                       31.6800      0.2     0.0000     31.6800  0.0000  dflipfloplw_136
KE/C14_0/SFF_1                       31.6800      0.2     0.0000     31.6800  0.0000  dflipfloplw_135
KE/C14_0/SFF_2                       31.6800      0.2     0.0000     31.6800  0.0000  dflipfloplw_134
KE/C14_0/SFF_3                       31.6800      0.2     0.0000     31.6800  0.0000  dflipfloplw_133
KE/C14_0/SFF_4                       31.6800      0.2     0.0000     31.6800  0.0000  dflipfloplw_132
KE/C14_0/SFF_5                       31.6800      0.2     0.0000     31.6800  0.0000  dflipfloplw_131
KE/C14_0/SFF_6                       31.6800      0.2     0.0000     31.6800  0.0000  dflipfloplw_130
KE/C14_0/SFF_7                       31.6800      0.2     0.0000     31.6800  0.0000  dflipfloplw_129
KE/C14_1                            253.4400      1.5     0.0000      0.0000  0.0000  ScanFF_SIZE8_8
KE/C14_1/SFF_0                       31.6800      0.2     0.0000     31.6800  0.0000  dflipfloplw_64
KE/C14_1/SFF_1                       31.6800      0.2     0.0000     31.6800  0.0000  dflipfloplw_63
KE/C14_1/SFF_2                       31.6800      0.2     0.0000     31.6800  0.0000  dflipfloplw_62
KE/C14_1/SFF_3                       31.6800      0.2     0.0000     31.6800  0.0000  dflipfloplw_61
KE/C14_1/SFF_4                       31.6800      0.2     0.0000     31.6800  0.0000  dflipfloplw_60
KE/C14_1/SFF_5                       31.6800      0.2     0.0000     31.6800  0.0000  dflipfloplw_59
KE/C14_1/SFF_6                       31.6800      0.2     0.0000     31.6800  0.0000  dflipfloplw_58
KE/C14_1/SFF_7                       31.6800      0.2     0.0000     31.6800  0.0000  dflipfloplw_57
KE/C15                              253.4400      1.5     0.0000      0.0000  0.0000  ScanFF_SIZE8_27
KE/C15/SFF_0                         31.6800      0.2     0.0000     31.6800  0.0000  dflipfloplw_216
KE/C15/SFF_1                         31.6800      0.2     0.0000     31.6800  0.0000  dflipfloplw_215
KE/C15/SFF_2                         31.6800      0.2     0.0000     31.6800  0.0000  dflipfloplw_214
KE/C15/SFF_3                         31.6800      0.2     0.0000     31.6800  0.0000  dflipfloplw_213
KE/C15/SFF_4                         31.6800      0.2     0.0000     31.6800  0.0000  dflipfloplw_212
KE/C15/SFF_5                         31.6800      0.2     0.0000     31.6800  0.0000  dflipfloplw_211
KE/C15/SFF_6                         31.6800      0.2     0.0000     31.6800  0.0000  dflipfloplw_210
KE/C15/SFF_7                         31.6800      0.2     0.0000     31.6800  0.0000  dflipfloplw_209
KE/C15_0                            253.4400      1.5     0.0000      0.0000  0.0000  ScanFF_SIZE8_18
KE/C15_0/SFF_0                       31.6800      0.2     0.0000     31.6800  0.0000  dflipfloplw_144
KE/C15_0/SFF_1                       31.6800      0.2     0.0000     31.6800  0.0000  dflipfloplw_143
KE/C15_0/SFF_2                       31.6800      0.2     0.0000     31.6800  0.0000  dflipfloplw_142
KE/C15_0/SFF_3                       31.6800      0.2     0.0000     31.6800  0.0000  dflipfloplw_141
KE/C15_0/SFF_4                       31.6800      0.2     0.0000     31.6800  0.0000  dflipfloplw_140
KE/C15_0/SFF_5                       31.6800      0.2     0.0000     31.6800  0.0000  dflipfloplw_139
KE/C15_0/SFF_6                       31.6800      0.2     0.0000     31.6800  0.0000  dflipfloplw_138
KE/C15_0/SFF_7                       31.6800      0.2     0.0000     31.6800  0.0000  dflipfloplw_137
KE/C15_1                            253.4400      1.5     0.0000      0.0000  0.0000  ScanFF_SIZE8_9
KE/C15_1/SFF_0                       31.6800      0.2     0.0000     31.6800  0.0000  dflipfloplw_72
KE/C15_1/SFF_1                       31.6800      0.2     0.0000     31.6800  0.0000  dflipfloplw_71
KE/C15_1/SFF_2                       31.6800      0.2     0.0000     31.6800  0.0000  dflipfloplw_70
KE/C15_1/SFF_3                       31.6800      0.2     0.0000     31.6800  0.0000  dflipfloplw_69
KE/C15_1/SFF_4                       31.6800      0.2     0.0000     31.6800  0.0000  dflipfloplw_68
KE/C15_1/SFF_5                       31.6800      0.2     0.0000     31.6800  0.0000  dflipfloplw_67
KE/C15_1/SFF_6                       31.6800      0.2     0.0000     31.6800  0.0000  dflipfloplw_66
KE/C15_1/SFF_7                       31.6800      0.2     0.0000     31.6800  0.0000  dflipfloplw_65
KE/P1                                 0.0000      0.0     0.0000      0.0000  0.0000  Permutation_1_0
KE/P2                                 0.0000      0.0     0.0000      0.0000  0.0000  Permutation_1_2
KE/P3                                 0.0000      0.0     0.0000      0.0000  0.0000  Permutation_1_1
RF                                 5019.8413     29.6   411.8400      0.0000  0.0000  RoundFunction_1_2
RF/C00                              253.4400      1.5     0.0000      0.0000  0.0000  ScanFF_SIZE8_28
RF/C00/SFF_0                         31.6800      0.2     0.0000     31.6800  0.0000  dflipfloplw_224
RF/C00/SFF_1                         31.6800      0.2     0.0000     31.6800  0.0000  dflipfloplw_223
RF/C00/SFF_2                         31.6800      0.2     0.0000     31.6800  0.0000  dflipfloplw_222
RF/C00/SFF_3                         31.6800      0.2     0.0000     31.6800  0.0000  dflipfloplw_221
RF/C00/SFF_4                         31.6800      0.2     0.0000     31.6800  0.0000  dflipfloplw_220
RF/C00/SFF_5                         31.6800      0.2     0.0000     31.6800  0.0000  dflipfloplw_219
RF/C00/SFF_6                         31.6800      0.2     0.0000     31.6800  0.0000  dflipfloplw_218
RF/C00/SFF_7                         31.6800      0.2     0.0000     31.6800  0.0000  dflipfloplw_217
RF/C01                              195.8400      1.2     0.0000    195.8400  0.0000  DataFF_SIZE8_22
RF/C02                              195.8400      1.2     0.0000    195.8400  0.0000  DataFF_SIZE8_23
RF/C03                              195.8400      1.2     0.0000    195.8400  0.0000  DataFF_SIZE8_0
RF/C04                              253.4400      1.5     0.0000      0.0000  0.0000  ScanFF_SIZE8_29
RF/C04/SFF_0                         31.6800      0.2     0.0000     31.6800  0.0000  dflipfloplw_232
RF/C04/SFF_1                         31.6800      0.2     0.0000     31.6800  0.0000  dflipfloplw_231
RF/C04/SFF_2                         31.6800      0.2     0.0000     31.6800  0.0000  dflipfloplw_230
RF/C04/SFF_3                         31.6800      0.2     0.0000     31.6800  0.0000  dflipfloplw_229
RF/C04/SFF_4                         31.6800      0.2     0.0000     31.6800  0.0000  dflipfloplw_228
RF/C04/SFF_5                         31.6800      0.2     0.0000     31.6800  0.0000  dflipfloplw_227
RF/C04/SFF_6                         31.6800      0.2     0.0000     31.6800  0.0000  dflipfloplw_226
RF/C04/SFF_7                         31.6800      0.2     0.0000     31.6800  0.0000  dflipfloplw_225
RF/C05                              253.4400      1.5     0.0000      0.0000  0.0000  ScanFF_SIZE8_30
RF/C05/SFF_0                         31.6800      0.2     0.0000     31.6800  0.0000  dflipfloplw_240
RF/C05/SFF_1                         31.6800      0.2     0.0000     31.6800  0.0000  dflipfloplw_239
RF/C05/SFF_2                         31.6800      0.2     0.0000     31.6800  0.0000  dflipfloplw_238
RF/C05/SFF_3                         31.6800      0.2     0.0000     31.6800  0.0000  dflipfloplw_237
RF/C05/SFF_4                         31.6800      0.2     0.0000     31.6800  0.0000  dflipfloplw_236
RF/C05/SFF_5                         31.6800      0.2     0.0000     31.6800  0.0000  dflipfloplw_235
RF/C05/SFF_6                         31.6800      0.2     0.0000     31.6800  0.0000  dflipfloplw_234
RF/C05/SFF_7                         31.6800      0.2     0.0000     31.6800  0.0000  dflipfloplw_233
RF/C06                              253.4400      1.5     0.0000      0.0000  0.0000  ScanFF_SIZE8_31
RF/C06/SFF_0                         31.6800      0.2     0.0000     31.6800  0.0000  dflipfloplw_248
RF/C06/SFF_1                         31.6800      0.2     0.0000     31.6800  0.0000  dflipfloplw_247
RF/C06/SFF_2                         31.6800      0.2     0.0000     31.6800  0.0000  dflipfloplw_246
RF/C06/SFF_3                         31.6800      0.2     0.0000     31.6800  0.0000  dflipfloplw_245
RF/C06/SFF_4                         31.6800      0.2     0.0000     31.6800  0.0000  dflipfloplw_244
RF/C06/SFF_5                         31.6800      0.2     0.0000     31.6800  0.0000  dflipfloplw_243
RF/C06/SFF_6                         31.6800      0.2     0.0000     31.6800  0.0000  dflipfloplw_242
RF/C06/SFF_7                         31.6800      0.2     0.0000     31.6800  0.0000  dflipfloplw_241
RF/C07                              253.4400      1.5     0.0000      0.0000  0.0000  ScanFF_SIZE8_32
RF/C07/SFF_0                         31.6800      0.2     0.0000     31.6800  0.0000  dflipfloplw_256
RF/C07/SFF_1                         31.6800      0.2     0.0000     31.6800  0.0000  dflipfloplw_255
RF/C07/SFF_2                         31.6800      0.2     0.0000     31.6800  0.0000  dflipfloplw_254
RF/C07/SFF_3                         31.6800      0.2     0.0000     31.6800  0.0000  dflipfloplw_253
RF/C07/SFF_4                         31.6800      0.2     0.0000     31.6800  0.0000  dflipfloplw_252
RF/C07/SFF_5                         31.6800      0.2     0.0000     31.6800  0.0000  dflipfloplw_251
RF/C07/SFF_6                         31.6800      0.2     0.0000     31.6800  0.0000  dflipfloplw_250
RF/C07/SFF_7                         31.6800      0.2     0.0000     31.6800  0.0000  dflipfloplw_249
RF/C08                              253.4400      1.5     0.0000      0.0000  0.0000  ScanFF_SIZE8_33
RF/C08/SFF_0                         31.6800      0.2     0.0000     31.6800  0.0000  dflipfloplw_264
RF/C08/SFF_1                         31.6800      0.2     0.0000     31.6800  0.0000  dflipfloplw_263
RF/C08/SFF_2                         31.6800      0.2     0.0000     31.6800  0.0000  dflipfloplw_262
RF/C08/SFF_3                         31.6800      0.2     0.0000     31.6800  0.0000  dflipfloplw_261
RF/C08/SFF_4                         31.6800      0.2     0.0000     31.6800  0.0000  dflipfloplw_260
RF/C08/SFF_5                         31.6800      0.2     0.0000     31.6800  0.0000  dflipfloplw_259
RF/C08/SFF_6                         31.6800      0.2     0.0000     31.6800  0.0000  dflipfloplw_258
RF/C08/SFF_7                         31.6800      0.2     0.0000     31.6800  0.0000  dflipfloplw_257
RF/C09                              253.4400      1.5     0.0000      0.0000  0.0000  ScanFF_SIZE8_34
RF/C09/SFF_0                         31.6800      0.2     0.0000     31.6800  0.0000  dflipfloplw_272
RF/C09/SFF_1                         31.6800      0.2     0.0000     31.6800  0.0000  dflipfloplw_271
RF/C09/SFF_2                         31.6800      0.2     0.0000     31.6800  0.0000  dflipfloplw_270
RF/C09/SFF_3                         31.6800      0.2     0.0000     31.6800  0.0000  dflipfloplw_269
RF/C09/SFF_4                         31.6800      0.2     0.0000     31.6800  0.0000  dflipfloplw_268
RF/C09/SFF_5                         31.6800      0.2     0.0000     31.6800  0.0000  dflipfloplw_267
RF/C09/SFF_6                         31.6800      0.2     0.0000     31.6800  0.0000  dflipfloplw_266
RF/C09/SFF_7                         31.6800      0.2     0.0000     31.6800  0.0000  dflipfloplw_265
RF/C10                              253.4400      1.5     0.0000      0.0000  0.0000  ScanFF_SIZE8_35
RF/C10/SFF_0                         31.6800      0.2     0.0000     31.6800  0.0000  dflipfloplw_280
RF/C10/SFF_1                         31.6800      0.2     0.0000     31.6800  0.0000  dflipfloplw_279
RF/C10/SFF_2                         31.6800      0.2     0.0000     31.6800  0.0000  dflipfloplw_278
RF/C10/SFF_3                         31.6800      0.2     0.0000     31.6800  0.0000  dflipfloplw_277
RF/C10/SFF_4                         31.6800      0.2     0.0000     31.6800  0.0000  dflipfloplw_276
RF/C10/SFF_5                         31.6800      0.2     0.0000     31.6800  0.0000  dflipfloplw_275
RF/C10/SFF_6                         31.6800      0.2     0.0000     31.6800  0.0000  dflipfloplw_274
RF/C10/SFF_7                         31.6800      0.2     0.0000     31.6800  0.0000  dflipfloplw_273
RF/C11                              253.4400      1.5     0.0000      0.0000  0.0000  ScanFF_SIZE8_36
RF/C11/SFF_0                         31.6800      0.2     0.0000     31.6800  0.0000  dflipfloplw_288
RF/C11/SFF_1                         31.6800      0.2     0.0000     31.6800  0.0000  dflipfloplw_287
RF/C11/SFF_2                         31.6800      0.2     0.0000     31.6800  0.0000  dflipfloplw_286
RF/C11/SFF_3                         31.6800      0.2     0.0000     31.6800  0.0000  dflipfloplw_285
RF/C11/SFF_4                         31.6800      0.2     0.0000     31.6800  0.0000  dflipfloplw_284
RF/C11/SFF_5                         31.6800      0.2     0.0000     31.6800  0.0000  dflipfloplw_283
RF/C11/SFF_6                         31.6800      0.2     0.0000     31.6800  0.0000  dflipfloplw_282
RF/C11/SFF_7                         31.6800      0.2     0.0000     31.6800  0.0000  dflipfloplw_281
RF/C12                              253.4400      1.5     0.0000      0.0000  0.0000  ScanFF_SIZE8_37
RF/C12/SFF_0                         31.6800      0.2     0.0000     31.6800  0.0000  dflipfloplw_296
RF/C12/SFF_1                         31.6800      0.2     0.0000     31.6800  0.0000  dflipfloplw_295
RF/C12/SFF_2                         31.6800      0.2     0.0000     31.6800  0.0000  dflipfloplw_294
RF/C12/SFF_3                         31.6800      0.2     0.0000     31.6800  0.0000  dflipfloplw_293
RF/C12/SFF_4                         31.6800      0.2     0.0000     31.6800  0.0000  dflipfloplw_292
RF/C12/SFF_5                         31.6800      0.2     0.0000     31.6800  0.0000  dflipfloplw_291
RF/C12/SFF_6                         31.6800      0.2     0.0000     31.6800  0.0000  dflipfloplw_290
RF/C12/SFF_7                         31.6800      0.2     0.0000     31.6800  0.0000  dflipfloplw_289
RF/C13                              253.4400      1.5     0.0000      0.0000  0.0000  ScanFF_SIZE8_38
RF/C13/SFF_0                         31.6800      0.2     0.0000     31.6800  0.0000  dflipfloplw_304
RF/C13/SFF_1                         31.6800      0.2     0.0000     31.6800  0.0000  dflipfloplw_303
RF/C13/SFF_2                         31.6800      0.2     0.0000     31.6800  0.0000  dflipfloplw_302
RF/C13/SFF_3                         31.6800      0.2     0.0000     31.6800  0.0000  dflipfloplw_301
RF/C13/SFF_4                         31.6800      0.2     0.0000     31.6800  0.0000  dflipfloplw_300
RF/C13/SFF_5                         31.6800      0.2     0.0000     31.6800  0.0000  dflipfloplw_299
RF/C13/SFF_6                         31.6800      0.2     0.0000     31.6800  0.0000  dflipfloplw_298
RF/C13/SFF_7                         31.6800      0.2     0.0000     31.6800  0.0000  dflipfloplw_297
RF/C14                              253.4400      1.5     0.0000      0.0000  0.0000  ScanFF_SIZE8_39
RF/C14/SFF_0                         31.6800      0.2     0.0000     31.6800  0.0000  dflipfloplw_312
RF/C14/SFF_1                         31.6800      0.2     0.0000     31.6800  0.0000  dflipfloplw_311
RF/C14/SFF_2                         31.6800      0.2     0.0000     31.6800  0.0000  dflipfloplw_310
RF/C14/SFF_3                         31.6800      0.2     0.0000     31.6800  0.0000  dflipfloplw_309
RF/C14/SFF_4                         31.6800      0.2     0.0000     31.6800  0.0000  dflipfloplw_308
RF/C14/SFF_5                         31.6800      0.2     0.0000     31.6800  0.0000  dflipfloplw_307
RF/C14/SFF_6                         31.6800      0.2     0.0000     31.6800  0.0000  dflipfloplw_306
RF/C14/SFF_7                         31.6800      0.2     0.0000     31.6800  0.0000  dflipfloplw_305
RF/C15                              253.4400      1.5     0.0000      0.0000  0.0000  ScanFF_SIZE8_0
RF/C15/SFF_0                         31.6800      0.2     0.0000     31.6800  0.0000  dflipfloplw_0
RF/C15/SFF_1                         31.6800      0.2     0.0000     31.6800  0.0000  dflipfloplw_319
RF/C15/SFF_2                         31.6800      0.2     0.0000     31.6800  0.0000  dflipfloplw_318
RF/C15/SFF_3                         31.6800      0.2     0.0000     31.6800  0.0000  dflipfloplw_317
RF/C15/SFF_4                         31.6800      0.2     0.0000     31.6800  0.0000  dflipfloplw_316
RF/C15/SFF_5                         31.6800      0.2     0.0000     31.6800  0.0000  dflipfloplw_315
RF/C15/SFF_6                         31.6800      0.2     0.0000     31.6800  0.0000  dflipfloplw_314
RF/C15/SFF_7                         31.6800      0.2     0.0000     31.6800  0.0000  dflipfloplw_313
RF/KA                               322.5600      1.9   322.5600      0.0000  0.0000  AddConstKey_1_2
RF/MC                               276.4800      1.6   276.4800      0.0000  0.0000  MixColumns_1
RF/S                                126.7200      0.7   126.7200      0.0000  0.0000  SBox_1
RF/SR                                 0.0000      0.0     0.0000      0.0000  0.0000  ShiftRows_1
--------------------------------  ----------  -------  ---------  ----------  ------  -------------------------------------
Total                                                  1761.1201  15222.1924  0.0000

1
