Information: Updating graph... (UID-83)
 
****************************************
Report : area
Design : Skinny_1_1
Version: E-2010.12-SP2
Date   : Fri Jun 21 11:33:02 2019
****************************************

Information: Updating design information... (UID-85)
Library(s) Used:

    scx3_cmos8rf_lpvt_tt_1p2v_25c (File: /usr/flow/designkits/synthesis/ibm_0.13um/scx3_cmos8rf_lpvt_tt_1p2v_25c.db)

Number of ports:                           35
Number of nets:                            60
Number of cells:                            3
Number of combinational cells:              0
Number of sequential cells:                 0
Number of macros:                           0
Number of buf/inv:                          0
Number of references:                       3

Combinational area:       1510.560024
Noncombinational area:    11571.840014
Net Interconnect area:      undefined  (No wire load specified)

Total cell area:          13082.400037
Total area:                 undefined

Hierarchical area distribution
------------------------------

                                  Global cell area            Local cell area
                                  -------------------  ----------------------------- 
Hierarchical cell                 Absolute    Percent  Combi-     Noncombi-   Black
                                  Total       Total    national   national    boxes   Design
--------------------------------  ----------  -------  ---------  ----------  ------  -------------------------------------
Skinny_1_1                        13082.3711    100.0     0.0000      0.0000  0.0000  Skinny_1_1
CL                                  570.2399      4.4   218.8800    328.3200  0.0000  ControlLogic_1_1
CL/clk_gate_STATE_reg                23.0400      0.2     0.0000     23.0400  0.0000  SNPS_CLOCK_GATE_HIGH_ControlLogic_1_1
KE                                 7584.4854     58.0   246.2400     34.5600  0.0000  KeyExpansion_1_1
KE/C00                              253.4400      1.9     0.0000      0.0000  0.0000  ScanFF_SIZE8_10
KE/C00/SFF_0                         31.6800      0.2     0.0000     31.6800  0.0000  dflipfloplw_80
KE/C00/SFF_1                         31.6800      0.2     0.0000     31.6800  0.0000  dflipfloplw_79
KE/C00/SFF_2                         31.6800      0.2     0.0000     31.6800  0.0000  dflipfloplw_78
KE/C00/SFF_3                         31.6800      0.2     0.0000     31.6800  0.0000  dflipfloplw_77
KE/C00/SFF_4                         31.6800      0.2     0.0000     31.6800  0.0000  dflipfloplw_76
KE/C00/SFF_5                         31.6800      0.2     0.0000     31.6800  0.0000  dflipfloplw_75
KE/C00/SFF_6                         31.6800      0.2     0.0000     31.6800  0.0000  dflipfloplw_74
KE/C00/SFF_7                         31.6800      0.2     0.0000     31.6800  0.0000  dflipfloplw_73
KE/C00_0                            253.4400      1.9     0.0000      0.0000  0.0000  ScanFF_SIZE8_1
KE/C00_0/SFF_0                       31.6800      0.2     0.0000     31.6800  0.0000  dflipfloplw_8
KE/C00_0/SFF_1                       31.6800      0.2     0.0000     31.6800  0.0000  dflipfloplw_7
KE/C00_0/SFF_2                       31.6800      0.2     0.0000     31.6800  0.0000  dflipfloplw_6
KE/C00_0/SFF_3                       31.6800      0.2     0.0000     31.6800  0.0000  dflipfloplw_5
KE/C00_0/SFF_4                       31.6800      0.2     0.0000     31.6800  0.0000  dflipfloplw_4
KE/C00_0/SFF_5                       31.6800      0.2     0.0000     31.6800  0.0000  dflipfloplw_3
KE/C00_0/SFF_6                       31.6800      0.2     0.0000     31.6800  0.0000  dflipfloplw_2
KE/C00_0/SFF_7                       31.6800      0.2     0.0000     31.6800  0.0000  dflipfloplw_1
KE/C01                              195.8400      1.5     0.0000    195.8400  0.0000  DataFF_SIZE8_8
KE/C01_0                            195.8400      1.5     0.0000    195.8400  0.0000  DataFF_SIZE8_1
KE/C02                              195.8400      1.5     0.0000    195.8400  0.0000  DataFF_SIZE8_9
KE/C02_0                            195.8400      1.5     0.0000    195.8400  0.0000  DataFF_SIZE8_2
KE/C03                              195.8400      1.5     0.0000    195.8400  0.0000  DataFF_SIZE8_10
KE/C03_0                            195.8400      1.5     0.0000    195.8400  0.0000  DataFF_SIZE8_3
KE/C04                              195.8400      1.5     0.0000    195.8400  0.0000  DataFF_SIZE8_11
KE/C04_0                            195.8400      1.5     0.0000    195.8400  0.0000  DataFF_SIZE8_4
KE/C05                              195.8400      1.5     0.0000    195.8400  0.0000  DataFF_SIZE8_12
KE/C05_0                            195.8400      1.5     0.0000    195.8400  0.0000  DataFF_SIZE8_5
KE/C06                              195.8400      1.5     0.0000    195.8400  0.0000  DataFF_SIZE8_13
KE/C06_0                            195.8400      1.5     0.0000    195.8400  0.0000  DataFF_SIZE8_6
KE/C07                              195.8400      1.5     0.0000    195.8400  0.0000  DataFF_SIZE8_14
KE/C07_0                            195.8400      1.5     0.0000    195.8400  0.0000  DataFF_SIZE8_7
KE/C08                              253.4400      1.9     0.0000      0.0000  0.0000  ScanFF_SIZE8_11
KE/C08/SFF_0                         31.6800      0.2     0.0000     31.6800  0.0000  dflipfloplw_88
KE/C08/SFF_1                         31.6800      0.2     0.0000     31.6800  0.0000  dflipfloplw_87
KE/C08/SFF_2                         31.6800      0.2     0.0000     31.6800  0.0000  dflipfloplw_86
KE/C08/SFF_3                         31.6800      0.2     0.0000     31.6800  0.0000  dflipfloplw_85
KE/C08/SFF_4                         31.6800      0.2     0.0000     31.6800  0.0000  dflipfloplw_84
KE/C08/SFF_5                         31.6800      0.2     0.0000     31.6800  0.0000  dflipfloplw_83
KE/C08/SFF_6                         31.6800      0.2     0.0000     31.6800  0.0000  dflipfloplw_82
KE/C08/SFF_7                         31.6800      0.2     0.0000     31.6800  0.0000  dflipfloplw_81
KE/C08_0                            253.4400      1.9     0.0000      0.0000  0.0000  ScanFF_SIZE8_2
KE/C08_0/SFF_0                       31.6800      0.2     0.0000     31.6800  0.0000  dflipfloplw_16
KE/C08_0/SFF_1                       31.6800      0.2     0.0000     31.6800  0.0000  dflipfloplw_15
KE/C08_0/SFF_2                       31.6800      0.2     0.0000     31.6800  0.0000  dflipfloplw_14
KE/C08_0/SFF_3                       31.6800      0.2     0.0000     31.6800  0.0000  dflipfloplw_13
KE/C08_0/SFF_4                       31.6800      0.2     0.0000     31.6800  0.0000  dflipfloplw_12
KE/C08_0/SFF_5                       31.6800      0.2     0.0000     31.6800  0.0000  dflipfloplw_11
KE/C08_0/SFF_6                       31.6800      0.2     0.0000     31.6800  0.0000  dflipfloplw_10
KE/C08_0/SFF_7                       31.6800      0.2     0.0000     31.6800  0.0000  dflipfloplw_9
KE/C09                              253.4400      1.9     0.0000      0.0000  0.0000  ScanFF_SIZE8_12
KE/C09/SFF_0                         31.6800      0.2     0.0000     31.6800  0.0000  dflipfloplw_96
KE/C09/SFF_1                         31.6800      0.2     0.0000     31.6800  0.0000  dflipfloplw_95
KE/C09/SFF_2                         31.6800      0.2     0.0000     31.6800  0.0000  dflipfloplw_94
KE/C09/SFF_3                         31.6800      0.2     0.0000     31.6800  0.0000  dflipfloplw_93
KE/C09/SFF_4                         31.6800      0.2     0.0000     31.6800  0.0000  dflipfloplw_92
KE/C09/SFF_5                         31.6800      0.2     0.0000     31.6800  0.0000  dflipfloplw_91
KE/C09/SFF_6                         31.6800      0.2     0.0000     31.6800  0.0000  dflipfloplw_90
KE/C09/SFF_7                         31.6800      0.2     0.0000     31.6800  0.0000  dflipfloplw_89
KE/C09_0                            253.4400      1.9     0.0000      0.0000  0.0000  ScanFF_SIZE8_3
KE/C09_0/SFF_0                       31.6800      0.2     0.0000     31.6800  0.0000  dflipfloplw_24
KE/C09_0/SFF_1                       31.6800      0.2     0.0000     31.6800  0.0000  dflipfloplw_23
KE/C09_0/SFF_2                       31.6800      0.2     0.0000     31.6800  0.0000  dflipfloplw_22
KE/C09_0/SFF_3                       31.6800      0.2     0.0000     31.6800  0.0000  dflipfloplw_21
KE/C09_0/SFF_4                       31.6800      0.2     0.0000     31.6800  0.0000  dflipfloplw_20
KE/C09_0/SFF_5                       31.6800      0.2     0.0000     31.6800  0.0000  dflipfloplw_19
KE/C09_0/SFF_6                       31.6800      0.2     0.0000     31.6800  0.0000  dflipfloplw_18
KE/C09_0/SFF_7                       31.6800      0.2     0.0000     31.6800  0.0000  dflipfloplw_17
KE/C10                              253.4400      1.9     0.0000      0.0000  0.0000  ScanFF_SIZE8_13
KE/C10/SFF_0                         31.6800      0.2     0.0000     31.6800  0.0000  dflipfloplw_104
KE/C10/SFF_1                         31.6800      0.2     0.0000     31.6800  0.0000  dflipfloplw_103
KE/C10/SFF_2                         31.6800      0.2     0.0000     31.6800  0.0000  dflipfloplw_102
KE/C10/SFF_3                         31.6800      0.2     0.0000     31.6800  0.0000  dflipfloplw_101
KE/C10/SFF_4                         31.6800      0.2     0.0000     31.6800  0.0000  dflipfloplw_100
KE/C10/SFF_5                         31.6800      0.2     0.0000     31.6800  0.0000  dflipfloplw_99
KE/C10/SFF_6                         31.6800      0.2     0.0000     31.6800  0.0000  dflipfloplw_98
KE/C10/SFF_7                         31.6800      0.2     0.0000     31.6800  0.0000  dflipfloplw_97
KE/C10_0                            253.4400      1.9     0.0000      0.0000  0.0000  ScanFF_SIZE8_4
KE/C10_0/SFF_0                       31.6800      0.2     0.0000     31.6800  0.0000  dflipfloplw_32
KE/C10_0/SFF_1                       31.6800      0.2     0.0000     31.6800  0.0000  dflipfloplw_31
KE/C10_0/SFF_2                       31.6800      0.2     0.0000     31.6800  0.0000  dflipfloplw_30
KE/C10_0/SFF_3                       31.6800      0.2     0.0000     31.6800  0.0000  dflipfloplw_29
KE/C10_0/SFF_4                       31.6800      0.2     0.0000     31.6800  0.0000  dflipfloplw_28
KE/C10_0/SFF_5                       31.6800      0.2     0.0000     31.6800  0.0000  dflipfloplw_27
KE/C10_0/SFF_6                       31.6800      0.2     0.0000     31.6800  0.0000  dflipfloplw_26
KE/C10_0/SFF_7                       31.6800      0.2     0.0000     31.6800  0.0000  dflipfloplw_25
KE/C11                              253.4400      1.9     0.0000      0.0000  0.0000  ScanFF_SIZE8_14
KE/C11/SFF_0                         31.6800      0.2     0.0000     31.6800  0.0000  dflipfloplw_112
KE/C11/SFF_1                         31.6800      0.2     0.0000     31.6800  0.0000  dflipfloplw_111
KE/C11/SFF_2                         31.6800      0.2     0.0000     31.6800  0.0000  dflipfloplw_110
KE/C11/SFF_3                         31.6800      0.2     0.0000     31.6800  0.0000  dflipfloplw_109
KE/C11/SFF_4                         31.6800      0.2     0.0000     31.6800  0.0000  dflipfloplw_108
KE/C11/SFF_5                         31.6800      0.2     0.0000     31.6800  0.0000  dflipfloplw_107
KE/C11/SFF_6                         31.6800      0.2     0.0000     31.6800  0.0000  dflipfloplw_106
KE/C11/SFF_7                         31.6800      0.2     0.0000     31.6800  0.0000  dflipfloplw_105
KE/C11_0                            253.4400      1.9     0.0000      0.0000  0.0000  ScanFF_SIZE8_5
KE/C11_0/SFF_0                       31.6800      0.2     0.0000     31.6800  0.0000  dflipfloplw_40
KE/C11_0/SFF_1                       31.6800      0.2     0.0000     31.6800  0.0000  dflipfloplw_39
KE/C11_0/SFF_2                       31.6800      0.2     0.0000     31.6800  0.0000  dflipfloplw_38
KE/C11_0/SFF_3                       31.6800      0.2     0.0000     31.6800  0.0000  dflipfloplw_37
KE/C11_0/SFF_4                       31.6800      0.2     0.0000     31.6800  0.0000  dflipfloplw_36
KE/C11_0/SFF_5                       31.6800      0.2     0.0000     31.6800  0.0000  dflipfloplw_35
KE/C11_0/SFF_6                       31.6800      0.2     0.0000     31.6800  0.0000  dflipfloplw_34
KE/C11_0/SFF_7                       31.6800      0.2     0.0000     31.6800  0.0000  dflipfloplw_33
KE/C12                              253.4400      1.9     0.0000      0.0000  0.0000  ScanFF_SIZE8_15
KE/C12/SFF_0                         31.6800      0.2     0.0000     31.6800  0.0000  dflipfloplw_120
KE/C12/SFF_1                         31.6800      0.2     0.0000     31.6800  0.0000  dflipfloplw_119
KE/C12/SFF_2                         31.6800      0.2     0.0000     31.6800  0.0000  dflipfloplw_118
KE/C12/SFF_3                         31.6800      0.2     0.0000     31.6800  0.0000  dflipfloplw_117
KE/C12/SFF_4                         31.6800      0.2     0.0000     31.6800  0.0000  dflipfloplw_116
KE/C12/SFF_5                         31.6800      0.2     0.0000     31.6800  0.0000  dflipfloplw_115
KE/C12/SFF_6                         31.6800      0.2     0.0000     31.6800  0.0000  dflipfloplw_114
KE/C12/SFF_7                         31.6800      0.2     0.0000     31.6800  0.0000  dflipfloplw_113
KE/C12_0                            253.4400      1.9     0.0000      0.0000  0.0000  ScanFF_SIZE8_6
KE/C12_0/SFF_0                       31.6800      0.2     0.0000     31.6800  0.0000  dflipfloplw_48
KE/C12_0/SFF_1                       31.6800      0.2     0.0000     31.6800  0.0000  dflipfloplw_47
KE/C12_0/SFF_2                       31.6800      0.2     0.0000     31.6800  0.0000  dflipfloplw_46
KE/C12_0/SFF_3                       31.6800      0.2     0.0000     31.6800  0.0000  dflipfloplw_45
KE/C12_0/SFF_4                       31.6800      0.2     0.0000     31.6800  0.0000  dflipfloplw_44
KE/C12_0/SFF_5                       31.6800      0.2     0.0000     31.6800  0.0000  dflipfloplw_43
KE/C12_0/SFF_6                       31.6800      0.2     0.0000     31.6800  0.0000  dflipfloplw_42
KE/C12_0/SFF_7                       31.6800      0.2     0.0000     31.6800  0.0000  dflipfloplw_41
KE/C13                              253.4400      1.9     0.0000      0.0000  0.0000  ScanFF_SIZE8_16
KE/C13/SFF_0                         31.6800      0.2     0.0000     31.6800  0.0000  dflipfloplw_128
KE/C13/SFF_1                         31.6800      0.2     0.0000     31.6800  0.0000  dflipfloplw_127
KE/C13/SFF_2                         31.6800      0.2     0.0000     31.6800  0.0000  dflipfloplw_126
KE/C13/SFF_3                         31.6800      0.2     0.0000     31.6800  0.0000  dflipfloplw_125
KE/C13/SFF_4                         31.6800      0.2     0.0000     31.6800  0.0000  dflipfloplw_124
KE/C13/SFF_5                         31.6800      0.2     0.0000     31.6800  0.0000  dflipfloplw_123
KE/C13/SFF_6                         31.6800      0.2     0.0000     31.6800  0.0000  dflipfloplw_122
KE/C13/SFF_7                         31.6800      0.2     0.0000     31.6800  0.0000  dflipfloplw_121
KE/C13_0                            253.4400      1.9     0.0000      0.0000  0.0000  ScanFF_SIZE8_7
KE/C13_0/SFF_0                       31.6800      0.2     0.0000     31.6800  0.0000  dflipfloplw_56
KE/C13_0/SFF_1                       31.6800      0.2     0.0000     31.6800  0.0000  dflipfloplw_55
KE/C13_0/SFF_2                       31.6800      0.2     0.0000     31.6800  0.0000  dflipfloplw_54
KE/C13_0/SFF_3                       31.6800      0.2     0.0000     31.6800  0.0000  dflipfloplw_53
KE/C13_0/SFF_4                       31.6800      0.2     0.0000     31.6800  0.0000  dflipfloplw_52
KE/C13_0/SFF_5                       31.6800      0.2     0.0000     31.6800  0.0000  dflipfloplw_51
KE/C13_0/SFF_6                       31.6800      0.2     0.0000     31.6800  0.0000  dflipfloplw_50
KE/C13_0/SFF_7                       31.6800      0.2     0.0000     31.6800  0.0000  dflipfloplw_49
KE/C14                              253.4400      1.9     0.0000      0.0000  0.0000  ScanFF_SIZE8_17
KE/C14/SFF_0                         31.6800      0.2     0.0000     31.6800  0.0000  dflipfloplw_136
KE/C14/SFF_1                         31.6800      0.2     0.0000     31.6800  0.0000  dflipfloplw_135
KE/C14/SFF_2                         31.6800      0.2     0.0000     31.6800  0.0000  dflipfloplw_134
KE/C14/SFF_3                         31.6800      0.2     0.0000     31.6800  0.0000  dflipfloplw_133
KE/C14/SFF_4                         31.6800      0.2     0.0000     31.6800  0.0000  dflipfloplw_132
KE/C14/SFF_5                         31.6800      0.2     0.0000     31.6800  0.0000  dflipfloplw_131
KE/C14/SFF_6                         31.6800      0.2     0.0000     31.6800  0.0000  dflipfloplw_130
KE/C14/SFF_7                         31.6800      0.2     0.0000     31.6800  0.0000  dflipfloplw_129
KE/C14_0                            253.4400      1.9     0.0000      0.0000  0.0000  ScanFF_SIZE8_8
KE/C14_0/SFF_0                       31.6800      0.2     0.0000     31.6800  0.0000  dflipfloplw_64
KE/C14_0/SFF_1                       31.6800      0.2     0.0000     31.6800  0.0000  dflipfloplw_63
KE/C14_0/SFF_2                       31.6800      0.2     0.0000     31.6800  0.0000  dflipfloplw_62
KE/C14_0/SFF_3                       31.6800      0.2     0.0000     31.6800  0.0000  dflipfloplw_61
KE/C14_0/SFF_4                       31.6800      0.2     0.0000     31.6800  0.0000  dflipfloplw_60
KE/C14_0/SFF_5                       31.6800      0.2     0.0000     31.6800  0.0000  dflipfloplw_59
KE/C14_0/SFF_6                       31.6800      0.2     0.0000     31.6800  0.0000  dflipfloplw_58
KE/C14_0/SFF_7                       31.6800      0.2     0.0000     31.6800  0.0000  dflipfloplw_57
KE/C15                              253.4400      1.9     0.0000      0.0000  0.0000  ScanFF_SIZE8_18
KE/C15/SFF_0                         31.6800      0.2     0.0000     31.6800  0.0000  dflipfloplw_144
KE/C15/SFF_1                         31.6800      0.2     0.0000     31.6800  0.0000  dflipfloplw_143
KE/C15/SFF_2                         31.6800      0.2     0.0000     31.6800  0.0000  dflipfloplw_142
KE/C15/SFF_3                         31.6800      0.2     0.0000     31.6800  0.0000  dflipfloplw_141
KE/C15/SFF_4                         31.6800      0.2     0.0000     31.6800  0.0000  dflipfloplw_140
KE/C15/SFF_5                         31.6800      0.2     0.0000     31.6800  0.0000  dflipfloplw_139
KE/C15/SFF_6                         31.6800      0.2     0.0000     31.6800  0.0000  dflipfloplw_138
KE/C15/SFF_7                         31.6800      0.2     0.0000     31.6800  0.0000  dflipfloplw_137
KE/C15_0                            253.4400      1.9     0.0000      0.0000  0.0000  ScanFF_SIZE8_9
KE/C15_0/SFF_0                       31.6800      0.2     0.0000     31.6800  0.0000  dflipfloplw_72
KE/C15_0/SFF_1                       31.6800      0.2     0.0000     31.6800  0.0000  dflipfloplw_71
KE/C15_0/SFF_2                       31.6800      0.2     0.0000     31.6800  0.0000  dflipfloplw_70
KE/C15_0/SFF_3                       31.6800      0.2     0.0000     31.6800  0.0000  dflipfloplw_69
KE/C15_0/SFF_4                       31.6800      0.2     0.0000     31.6800  0.0000  dflipfloplw_68
KE/C15_0/SFF_5                       31.6800      0.2     0.0000     31.6800  0.0000  dflipfloplw_67
KE/C15_0/SFF_6                       31.6800      0.2     0.0000     31.6800  0.0000  dflipfloplw_66
KE/C15_0/SFF_7                       31.6800      0.2     0.0000     31.6800  0.0000  dflipfloplw_65
KE/P1                                 0.0000      0.0     0.0000      0.0000  0.0000  Permutation_1_0
KE/P2                                 0.0000      0.0     0.0000      0.0000  0.0000  Permutation_1_1
RF                                 4927.6812     37.7   411.8400      0.0000  0.0000  RoundFunction_1_1
RF/C00                              253.4400      1.9     0.0000      0.0000  0.0000  ScanFF_SIZE8_19
RF/C00/SFF_0                         31.6800      0.2     0.0000     31.6800  0.0000  dflipfloplw_152
RF/C00/SFF_1                         31.6800      0.2     0.0000     31.6800  0.0000  dflipfloplw_151
RF/C00/SFF_2                         31.6800      0.2     0.0000     31.6800  0.0000  dflipfloplw_150
RF/C00/SFF_3                         31.6800      0.2     0.0000     31.6800  0.0000  dflipfloplw_149
RF/C00/SFF_4                         31.6800      0.2     0.0000     31.6800  0.0000  dflipfloplw_148
RF/C00/SFF_5                         31.6800      0.2     0.0000     31.6800  0.0000  dflipfloplw_147
RF/C00/SFF_6                         31.6800      0.2     0.0000     31.6800  0.0000  dflipfloplw_146
RF/C00/SFF_7                         31.6800      0.2     0.0000     31.6800  0.0000  dflipfloplw_145
RF/C01                              195.8400      1.5     0.0000    195.8400  0.0000  DataFF_SIZE8_15
RF/C02                              195.8400      1.5     0.0000    195.8400  0.0000  DataFF_SIZE8_16
RF/C03                              195.8400      1.5     0.0000    195.8400  0.0000  DataFF_SIZE8_0
RF/C04                              253.4400      1.9     0.0000      0.0000  0.0000  ScanFF_SIZE8_20
RF/C04/SFF_0                         31.6800      0.2     0.0000     31.6800  0.0000  dflipfloplw_160
RF/C04/SFF_1                         31.6800      0.2     0.0000     31.6800  0.0000  dflipfloplw_159
RF/C04/SFF_2                         31.6800      0.2     0.0000     31.6800  0.0000  dflipfloplw_158
RF/C04/SFF_3                         31.6800      0.2     0.0000     31.6800  0.0000  dflipfloplw_157
RF/C04/SFF_4                         31.6800      0.2     0.0000     31.6800  0.0000  dflipfloplw_156
RF/C04/SFF_5                         31.6800      0.2     0.0000     31.6800  0.0000  dflipfloplw_155
RF/C04/SFF_6                         31.6800      0.2     0.0000     31.6800  0.0000  dflipfloplw_154
RF/C04/SFF_7                         31.6800      0.2     0.0000     31.6800  0.0000  dflipfloplw_153
RF/C05                              253.4400      1.9     0.0000      0.0000  0.0000  ScanFF_SIZE8_21
RF/C05/SFF_0                         31.6800      0.2     0.0000     31.6800  0.0000  dflipfloplw_168
RF/C05/SFF_1                         31.6800      0.2     0.0000     31.6800  0.0000  dflipfloplw_167
RF/C05/SFF_2                         31.6800      0.2     0.0000     31.6800  0.0000  dflipfloplw_166
RF/C05/SFF_3                         31.6800      0.2     0.0000     31.6800  0.0000  dflipfloplw_165
RF/C05/SFF_4                         31.6800      0.2     0.0000     31.6800  0.0000  dflipfloplw_164
RF/C05/SFF_5                         31.6800      0.2     0.0000     31.6800  0.0000  dflipfloplw_163
RF/C05/SFF_6                         31.6800      0.2     0.0000     31.6800  0.0000  dflipfloplw_162
RF/C05/SFF_7                         31.6800      0.2     0.0000     31.6800  0.0000  dflipfloplw_161
RF/C06                              253.4400      1.9     0.0000      0.0000  0.0000  ScanFF_SIZE8_22
RF/C06/SFF_0                         31.6800      0.2     0.0000     31.6800  0.0000  dflipfloplw_176
RF/C06/SFF_1                         31.6800      0.2     0.0000     31.6800  0.0000  dflipfloplw_175
RF/C06/SFF_2                         31.6800      0.2     0.0000     31.6800  0.0000  dflipfloplw_174
RF/C06/SFF_3                         31.6800      0.2     0.0000     31.6800  0.0000  dflipfloplw_173
RF/C06/SFF_4                         31.6800      0.2     0.0000     31.6800  0.0000  dflipfloplw_172
RF/C06/SFF_5                         31.6800      0.2     0.0000     31.6800  0.0000  dflipfloplw_171
RF/C06/SFF_6                         31.6800      0.2     0.0000     31.6800  0.0000  dflipfloplw_170
RF/C06/SFF_7                         31.6800      0.2     0.0000     31.6800  0.0000  dflipfloplw_169
RF/C07                              253.4400      1.9     0.0000      0.0000  0.0000  ScanFF_SIZE8_23
RF/C07/SFF_0                         31.6800      0.2     0.0000     31.6800  0.0000  dflipfloplw_184
RF/C07/SFF_1                         31.6800      0.2     0.0000     31.6800  0.0000  dflipfloplw_183
RF/C07/SFF_2                         31.6800      0.2     0.0000     31.6800  0.0000  dflipfloplw_182
RF/C07/SFF_3                         31.6800      0.2     0.0000     31.6800  0.0000  dflipfloplw_181
RF/C07/SFF_4                         31.6800      0.2     0.0000     31.6800  0.0000  dflipfloplw_180
RF/C07/SFF_5                         31.6800      0.2     0.0000     31.6800  0.0000  dflipfloplw_179
RF/C07/SFF_6                         31.6800      0.2     0.0000     31.6800  0.0000  dflipfloplw_178
RF/C07/SFF_7                         31.6800      0.2     0.0000     31.6800  0.0000  dflipfloplw_177
RF/C08                              253.4400      1.9     0.0000      0.0000  0.0000  ScanFF_SIZE8_24
RF/C08/SFF_0                         31.6800      0.2     0.0000     31.6800  0.0000  dflipfloplw_192
RF/C08/SFF_1                         31.6800      0.2     0.0000     31.6800  0.0000  dflipfloplw_191
RF/C08/SFF_2                         31.6800      0.2     0.0000     31.6800  0.0000  dflipfloplw_190
RF/C08/SFF_3                         31.6800      0.2     0.0000     31.6800  0.0000  dflipfloplw_189
RF/C08/SFF_4                         31.6800      0.2     0.0000     31.6800  0.0000  dflipfloplw_188
RF/C08/SFF_5                         31.6800      0.2     0.0000     31.6800  0.0000  dflipfloplw_187
RF/C08/SFF_6                         31.6800      0.2     0.0000     31.6800  0.0000  dflipfloplw_186
RF/C08/SFF_7                         31.6800      0.2     0.0000     31.6800  0.0000  dflipfloplw_185
RF/C09                              253.4400      1.9     0.0000      0.0000  0.0000  ScanFF_SIZE8_25
RF/C09/SFF_0                         31.6800      0.2     0.0000     31.6800  0.0000  dflipfloplw_200
RF/C09/SFF_1                         31.6800      0.2     0.0000     31.6800  0.0000  dflipfloplw_199
RF/C09/SFF_2                         31.6800      0.2     0.0000     31.6800  0.0000  dflipfloplw_198
RF/C09/SFF_3                         31.6800      0.2     0.0000     31.6800  0.0000  dflipfloplw_197
RF/C09/SFF_4                         31.6800      0.2     0.0000     31.6800  0.0000  dflipfloplw_196
RF/C09/SFF_5                         31.6800      0.2     0.0000     31.6800  0.0000  dflipfloplw_195
RF/C09/SFF_6                         31.6800      0.2     0.0000     31.6800  0.0000  dflipfloplw_194
RF/C09/SFF_7                         31.6800      0.2     0.0000     31.6800  0.0000  dflipfloplw_193
RF/C10                              253.4400      1.9     0.0000      0.0000  0.0000  ScanFF_SIZE8_26
RF/C10/SFF_0                         31.6800      0.2     0.0000     31.6800  0.0000  dflipfloplw_208
RF/C10/SFF_1                         31.6800      0.2     0.0000     31.6800  0.0000  dflipfloplw_207
RF/C10/SFF_2                         31.6800      0.2     0.0000     31.6800  0.0000  dflipfloplw_206
RF/C10/SFF_3                         31.6800      0.2     0.0000     31.6800  0.0000  dflipfloplw_205
RF/C10/SFF_4                         31.6800      0.2     0.0000     31.6800  0.0000  dflipfloplw_204
RF/C10/SFF_5                         31.6800      0.2     0.0000     31.6800  0.0000  dflipfloplw_203
RF/C10/SFF_6                         31.6800      0.2     0.0000     31.6800  0.0000  dflipfloplw_202
RF/C10/SFF_7                         31.6800      0.2     0.0000     31.6800  0.0000  dflipfloplw_201
RF/C11                              253.4400      1.9     0.0000      0.0000  0.0000  ScanFF_SIZE8_27
RF/C11/SFF_0                         31.6800      0.2     0.0000     31.6800  0.0000  dflipfloplw_216
RF/C11/SFF_1                         31.6800      0.2     0.0000     31.6800  0.0000  dflipfloplw_215
RF/C11/SFF_2                         31.6800      0.2     0.0000     31.6800  0.0000  dflipfloplw_214
RF/C11/SFF_3                         31.6800      0.2     0.0000     31.6800  0.0000  dflipfloplw_213
RF/C11/SFF_4                         31.6800      0.2     0.0000     31.6800  0.0000  dflipfloplw_212
RF/C11/SFF_5                         31.6800      0.2     0.0000     31.6800  0.0000  dflipfloplw_211
RF/C11/SFF_6                         31.6800      0.2     0.0000     31.6800  0.0000  dflipfloplw_210
RF/C11/SFF_7                         31.6800      0.2     0.0000     31.6800  0.0000  dflipfloplw_209
RF/C12                              253.4400      1.9     0.0000      0.0000  0.0000  ScanFF_SIZE8_28
RF/C12/SFF_0                         31.6800      0.2     0.0000     31.6800  0.0000  dflipfloplw_224
RF/C12/SFF_1                         31.6800      0.2     0.0000     31.6800  0.0000  dflipfloplw_223
RF/C12/SFF_2                         31.6800      0.2     0.0000     31.6800  0.0000  dflipfloplw_222
RF/C12/SFF_3                         31.6800      0.2     0.0000     31.6800  0.0000  dflipfloplw_221
RF/C12/SFF_4                         31.6800      0.2     0.0000     31.6800  0.0000  dflipfloplw_220
RF/C12/SFF_5                         31.6800      0.2     0.0000     31.6800  0.0000  dflipfloplw_219
RF/C12/SFF_6                         31.6800      0.2     0.0000     31.6800  0.0000  dflipfloplw_218
RF/C12/SFF_7                         31.6800      0.2     0.0000     31.6800  0.0000  dflipfloplw_217
RF/C13                              253.4400      1.9     0.0000      0.0000  0.0000  ScanFF_SIZE8_29
RF/C13/SFF_0                         31.6800      0.2     0.0000     31.6800  0.0000  dflipfloplw_232
RF/C13/SFF_1                         31.6800      0.2     0.0000     31.6800  0.0000  dflipfloplw_231
RF/C13/SFF_2                         31.6800      0.2     0.0000     31.6800  0.0000  dflipfloplw_230
RF/C13/SFF_3                         31.6800      0.2     0.0000     31.6800  0.0000  dflipfloplw_229
RF/C13/SFF_4                         31.6800      0.2     0.0000     31.6800  0.0000  dflipfloplw_228
RF/C13/SFF_5                         31.6800      0.2     0.0000     31.6800  0.0000  dflipfloplw_227
RF/C13/SFF_6                         31.6800      0.2     0.0000     31.6800  0.0000  dflipfloplw_226
RF/C13/SFF_7                         31.6800      0.2     0.0000     31.6800  0.0000  dflipfloplw_225
RF/C14                              253.4400      1.9     0.0000      0.0000  0.0000  ScanFF_SIZE8_30
RF/C14/SFF_0                         31.6800      0.2     0.0000     31.6800  0.0000  dflipfloplw_240
RF/C14/SFF_1                         31.6800      0.2     0.0000     31.6800  0.0000  dflipfloplw_239
RF/C14/SFF_2                         31.6800      0.2     0.0000     31.6800  0.0000  dflipfloplw_238
RF/C14/SFF_3                         31.6800      0.2     0.0000     31.6800  0.0000  dflipfloplw_237
RF/C14/SFF_4                         31.6800      0.2     0.0000     31.6800  0.0000  dflipfloplw_236
RF/C14/SFF_5                         31.6800      0.2     0.0000     31.6800  0.0000  dflipfloplw_235
RF/C14/SFF_6                         31.6800      0.2     0.0000     31.6800  0.0000  dflipfloplw_234
RF/C14/SFF_7                         31.6800      0.2     0.0000     31.6800  0.0000  dflipfloplw_233
RF/C15                              253.4400      1.9     0.0000      0.0000  0.0000  ScanFF_SIZE8_0
RF/C15/SFF_0                         31.6800      0.2     0.0000     31.6800  0.0000  dflipfloplw_0
RF/C15/SFF_1                         31.6800      0.2     0.0000     31.6800  0.0000  dflipfloplw_247
RF/C15/SFF_2                         31.6800      0.2     0.0000     31.6800  0.0000  dflipfloplw_246
RF/C15/SFF_3                         31.6800      0.2     0.0000     31.6800  0.0000  dflipfloplw_245
RF/C15/SFF_4                         31.6800      0.2     0.0000     31.6800  0.0000  dflipfloplw_244
RF/C15/SFF_5                         31.6800      0.2     0.0000     31.6800  0.0000  dflipfloplw_243
RF/C15/SFF_6                         31.6800      0.2     0.0000     31.6800  0.0000  dflipfloplw_242
RF/C15/SFF_7                         31.6800      0.2     0.0000     31.6800  0.0000  dflipfloplw_241
RF/KA                               230.4001      1.8   230.4001      0.0000  0.0000  AddConstKey_1_1
RF/MC                               276.4800      2.1   276.4800      0.0000  0.0000  MixColumns_1
RF/S                                126.7200      1.0   126.7200      0.0000  0.0000  SBox_1
RF/SR                                 0.0000      0.0     0.0000      0.0000  0.0000  ShiftRows_1
--------------------------------  ----------  -------  ---------  ----------  ------  -------------------------------------
Total                                                  1510.5601  11571.8311  0.0000

1
