 
****************************************
Report : timing
        -path full
        -delay max
        -max_paths 1
        -sort_by group
Design : Skinny_1_2
Version: E-2010.12-SP2
Date   : Fri Jun 21 11:34:31 2019
****************************************

Operating Conditions: tt_1p2v_25c   Library: scx3_cmos8rf_lpvt_tt_1p2v_25c
Wire Load Model Mode: top

  Startpoint: CL/COUNTER_reg[2]
              (rising edge-triggered flip-flop clocked by CLK)
  Endpoint: KE/CLK_GATE_H_reg
            (negative level-sensitive latch clocked by CLK)
  Path Group: CLK
  Path Type: max

  Point                                    Incr       Path
  -----------------------------------------------------------
  clock CLK (rise edge)                    0.00       0.00
  clock network delay (ideal)              0.00       0.00
  CL/COUNTER_reg[2]/CK (DFFTRX2TS)         0.00       0.00 r
  CL/COUNTER_reg[2]/QN (DFFTRX2TS)         0.88       0.88 r
  CL/U8/Y (AND4X1TS)                       0.44       1.32 r
  CL/U7/Y (AND2X2TS)                       0.41       1.73 r
  CL/KEY_CTL[1] (ControlLogic_1_2)         0.00       1.73 r
  KE/KEY_CTL[1] (KeyExpansion_1_2)         0.00       1.73 r
  KE/U29/Y (OR2X2TS)                       0.26       1.99 r
  KE/CLK_GATE_H_reg/D (TLATNX1TS)          0.00       1.99 r
  data arrival time                                   1.99

  clock CLK (fall edge)                 5000.00    5000.00
  clock network delay (ideal)              0.00    5000.00
  KE/CLK_GATE_H_reg/GN (TLATNX1TS)         0.00    5000.00 f
  time borrowed from endpoint              0.00    5000.00
  data required time                               5000.00
  -----------------------------------------------------------
  data required time                               5000.00
  data arrival time                                  -1.99
  -----------------------------------------------------------
  slack (MET)                                      4998.01

  Time Borrowing Information
  -----------------------------------------------
  CLK pulse width                       5000.00   
  library setup time                      -0.14   
  -----------------------------------------------
  max time borrow                       4999.86   
  actual time borrow                       0.00   
  -----------------------------------------------


1
