Information: Updating graph... (UID-83)
 
****************************************
Report : area
Design : Skinny_1_0
Version: E-2010.12-SP2
Date   : Fri Jun 21 11:31:42 2019
****************************************

Information: Updating design information... (UID-85)
Library(s) Used:

    scx3_cmos8rf_lpvt_tt_1p2v_25c (File: /usr/flow/designkits/synthesis/ibm_0.13um/scx3_cmos8rf_lpvt_tt_1p2v_25c.db)

Number of ports:                           27
Number of nets:                            44
Number of cells:                            3
Number of combinational cells:              0
Number of sequential cells:                 0
Number of macros:                           0
Number of buf/inv:                          0
Number of references:                       3

Combinational area:       1261.440022
Noncombinational area:    7918.560017
Net Interconnect area:      undefined  (No wire load specified)

Total cell area:          9180.000039
Total area:                 undefined

Hierarchical area distribution
------------------------------

                                  Global cell area          Local cell area
                                  ------------------  ---------------------------- 
Hierarchical cell                 Absolute   Percent  Combi-     Noncombi-  Black
                                  Total      Total    national   national   boxes   Design
--------------------------------  ---------  -------  ---------  ---------  ------  -------------------------------------
Skinny_1_0                        9180.0020    100.0     0.0000     0.0000  0.0000  Skinny_1_0
CL                                 568.7999      6.2   218.8800   326.8800  0.0000  ControlLogic_1_0
CL/clk_gate_STATE_reg               23.0400      0.3     0.0000    23.0400  0.0000  SNPS_CLOCK_GATE_HIGH_ControlLogic_1_0
KE                                3775.6758     41.1    89.2800    34.5600  0.0000  KeyExpansion_1_0
KE/C00                             253.4400      2.8     0.0000     0.0000  0.0000  ScanFF_SIZE8_1
KE/C00/SFF_0                        31.6800      0.3     0.0000    31.6800  0.0000  dflipfloplw_8
KE/C00/SFF_1                        31.6800      0.3     0.0000    31.6800  0.0000  dflipfloplw_7
KE/C00/SFF_2                        31.6800      0.3     0.0000    31.6800  0.0000  dflipfloplw_6
KE/C00/SFF_3                        31.6800      0.3     0.0000    31.6800  0.0000  dflipfloplw_5
KE/C00/SFF_4                        31.6800      0.3     0.0000    31.6800  0.0000  dflipfloplw_4
KE/C00/SFF_5                        31.6800      0.3     0.0000    31.6800  0.0000  dflipfloplw_3
KE/C00/SFF_6                        31.6800      0.3     0.0000    31.6800  0.0000  dflipfloplw_2
KE/C00/SFF_7                        31.6800      0.3     0.0000    31.6800  0.0000  dflipfloplw_1
KE/C01                             195.8400      2.1     0.0000   195.8400  0.0000  DataFF_SIZE8_1
KE/C02                             195.8400      2.1     0.0000   195.8400  0.0000  DataFF_SIZE8_2
KE/C03                             195.8400      2.1     0.0000   195.8400  0.0000  DataFF_SIZE8_3
KE/C04                             195.8400      2.1     0.0000   195.8400  0.0000  DataFF_SIZE8_4
KE/C05                             195.8400      2.1     0.0000   195.8400  0.0000  DataFF_SIZE8_5
KE/C06                             195.8400      2.1     0.0000   195.8400  0.0000  DataFF_SIZE8_6
KE/C07                             195.8400      2.1     0.0000   195.8400  0.0000  DataFF_SIZE8_7
KE/C08                             253.4400      2.8     0.0000     0.0000  0.0000  ScanFF_SIZE8_2
KE/C08/SFF_0                        31.6800      0.3     0.0000    31.6800  0.0000  dflipfloplw_16
KE/C08/SFF_1                        31.6800      0.3     0.0000    31.6800  0.0000  dflipfloplw_15
KE/C08/SFF_2                        31.6800      0.3     0.0000    31.6800  0.0000  dflipfloplw_14
KE/C08/SFF_3                        31.6800      0.3     0.0000    31.6800  0.0000  dflipfloplw_13
KE/C08/SFF_4                        31.6800      0.3     0.0000    31.6800  0.0000  dflipfloplw_12
KE/C08/SFF_5                        31.6800      0.3     0.0000    31.6800  0.0000  dflipfloplw_11
KE/C08/SFF_6                        31.6800      0.3     0.0000    31.6800  0.0000  dflipfloplw_10
KE/C08/SFF_7                        31.6800      0.3     0.0000    31.6800  0.0000  dflipfloplw_9
KE/C09                             253.4400      2.8     0.0000     0.0000  0.0000  ScanFF_SIZE8_3
KE/C09/SFF_0                        31.6800      0.3     0.0000    31.6800  0.0000  dflipfloplw_24
KE/C09/SFF_1                        31.6800      0.3     0.0000    31.6800  0.0000  dflipfloplw_23
KE/C09/SFF_2                        31.6800      0.3     0.0000    31.6800  0.0000  dflipfloplw_22
KE/C09/SFF_3                        31.6800      0.3     0.0000    31.6800  0.0000  dflipfloplw_21
KE/C09/SFF_4                        31.6800      0.3     0.0000    31.6800  0.0000  dflipfloplw_20
KE/C09/SFF_5                        31.6800      0.3     0.0000    31.6800  0.0000  dflipfloplw_19
KE/C09/SFF_6                        31.6800      0.3     0.0000    31.6800  0.0000  dflipfloplw_18
KE/C09/SFF_7                        31.6800      0.3     0.0000    31.6800  0.0000  dflipfloplw_17
KE/C10                             253.4400      2.8     0.0000     0.0000  0.0000  ScanFF_SIZE8_4
KE/C10/SFF_0                        31.6800      0.3     0.0000    31.6800  0.0000  dflipfloplw_32
KE/C10/SFF_1                        31.6800      0.3     0.0000    31.6800  0.0000  dflipfloplw_31
KE/C10/SFF_2                        31.6800      0.3     0.0000    31.6800  0.0000  dflipfloplw_30
KE/C10/SFF_3                        31.6800      0.3     0.0000    31.6800  0.0000  dflipfloplw_29
KE/C10/SFF_4                        31.6800      0.3     0.0000    31.6800  0.0000  dflipfloplw_28
KE/C10/SFF_5                        31.6800      0.3     0.0000    31.6800  0.0000  dflipfloplw_27
KE/C10/SFF_6                        31.6800      0.3     0.0000    31.6800  0.0000  dflipfloplw_26
KE/C10/SFF_7                        31.6800      0.3     0.0000    31.6800  0.0000  dflipfloplw_25
KE/C11                             253.4400      2.8     0.0000     0.0000  0.0000  ScanFF_SIZE8_5
KE/C11/SFF_0                        31.6800      0.3     0.0000    31.6800  0.0000  dflipfloplw_40
KE/C11/SFF_1                        31.6800      0.3     0.0000    31.6800  0.0000  dflipfloplw_39
KE/C11/SFF_2                        31.6800      0.3     0.0000    31.6800  0.0000  dflipfloplw_38
KE/C11/SFF_3                        31.6800      0.3     0.0000    31.6800  0.0000  dflipfloplw_37
KE/C11/SFF_4                        31.6800      0.3     0.0000    31.6800  0.0000  dflipfloplw_36
KE/C11/SFF_5                        31.6800      0.3     0.0000    31.6800  0.0000  dflipfloplw_35
KE/C11/SFF_6                        31.6800      0.3     0.0000    31.6800  0.0000  dflipfloplw_34
KE/C11/SFF_7                        31.6800      0.3     0.0000    31.6800  0.0000  dflipfloplw_33
KE/C12                             253.4400      2.8     0.0000     0.0000  0.0000  ScanFF_SIZE8_6
KE/C12/SFF_0                        31.6800      0.3     0.0000    31.6800  0.0000  dflipfloplw_48
KE/C12/SFF_1                        31.6800      0.3     0.0000    31.6800  0.0000  dflipfloplw_47
KE/C12/SFF_2                        31.6800      0.3     0.0000    31.6800  0.0000  dflipfloplw_46
KE/C12/SFF_3                        31.6800      0.3     0.0000    31.6800  0.0000  dflipfloplw_45
KE/C12/SFF_4                        31.6800      0.3     0.0000    31.6800  0.0000  dflipfloplw_44
KE/C12/SFF_5                        31.6800      0.3     0.0000    31.6800  0.0000  dflipfloplw_43
KE/C12/SFF_6                        31.6800      0.3     0.0000    31.6800  0.0000  dflipfloplw_42
KE/C12/SFF_7                        31.6800      0.3     0.0000    31.6800  0.0000  dflipfloplw_41
KE/C13                             253.4400      2.8     0.0000     0.0000  0.0000  ScanFF_SIZE8_7
KE/C13/SFF_0                        31.6800      0.3     0.0000    31.6800  0.0000  dflipfloplw_56
KE/C13/SFF_1                        31.6800      0.3     0.0000    31.6800  0.0000  dflipfloplw_55
KE/C13/SFF_2                        31.6800      0.3     0.0000    31.6800  0.0000  dflipfloplw_54
KE/C13/SFF_3                        31.6800      0.3     0.0000    31.6800  0.0000  dflipfloplw_53
KE/C13/SFF_4                        31.6800      0.3     0.0000    31.6800  0.0000  dflipfloplw_52
KE/C13/SFF_5                        31.6800      0.3     0.0000    31.6800  0.0000  dflipfloplw_51
KE/C13/SFF_6                        31.6800      0.3     0.0000    31.6800  0.0000  dflipfloplw_50
KE/C13/SFF_7                        31.6800      0.3     0.0000    31.6800  0.0000  dflipfloplw_49
KE/C14                             253.4400      2.8     0.0000     0.0000  0.0000  ScanFF_SIZE8_8
KE/C14/SFF_0                        31.6800      0.3     0.0000    31.6800  0.0000  dflipfloplw_64
KE/C14/SFF_1                        31.6800      0.3     0.0000    31.6800  0.0000  dflipfloplw_63
KE/C14/SFF_2                        31.6800      0.3     0.0000    31.6800  0.0000  dflipfloplw_62
KE/C14/SFF_3                        31.6800      0.3     0.0000    31.6800  0.0000  dflipfloplw_61
KE/C14/SFF_4                        31.6800      0.3     0.0000    31.6800  0.0000  dflipfloplw_60
KE/C14/SFF_5                        31.6800      0.3     0.0000    31.6800  0.0000  dflipfloplw_59
KE/C14/SFF_6                        31.6800      0.3     0.0000    31.6800  0.0000  dflipfloplw_58
KE/C14/SFF_7                        31.6800      0.3     0.0000    31.6800  0.0000  dflipfloplw_57
KE/C15                             253.4400      2.8     0.0000     0.0000  0.0000  ScanFF_SIZE8_9
KE/C15/SFF_0                        31.6800      0.3     0.0000    31.6800  0.0000  dflipfloplw_72
KE/C15/SFF_1                        31.6800      0.3     0.0000    31.6800  0.0000  dflipfloplw_71
KE/C15/SFF_2                        31.6800      0.3     0.0000    31.6800  0.0000  dflipfloplw_70
KE/C15/SFF_3                        31.6800      0.3     0.0000    31.6800  0.0000  dflipfloplw_69
KE/C15/SFF_4                        31.6800      0.3     0.0000    31.6800  0.0000  dflipfloplw_68
KE/C15/SFF_5                        31.6800      0.3     0.0000    31.6800  0.0000  dflipfloplw_67
KE/C15/SFF_6                        31.6800      0.3     0.0000    31.6800  0.0000  dflipfloplw_66
KE/C15/SFF_7                        31.6800      0.3     0.0000    31.6800  0.0000  dflipfloplw_65
KE/P1                                0.0000      0.0     0.0000     0.0000  0.0000  Permutation_1
RF                                4835.5205     52.7   411.8400     0.0000  0.0000  RoundFunction_1_0
RF/C00                             253.4400      2.8     0.0000     0.0000  0.0000  ScanFF_SIZE8_10
RF/C00/SFF_0                        31.6800      0.3     0.0000    31.6800  0.0000  dflipfloplw_80
RF/C00/SFF_1                        31.6800      0.3     0.0000    31.6800  0.0000  dflipfloplw_79
RF/C00/SFF_2                        31.6800      0.3     0.0000    31.6800  0.0000  dflipfloplw_78
RF/C00/SFF_3                        31.6800      0.3     0.0000    31.6800  0.0000  dflipfloplw_77
RF/C00/SFF_4                        31.6800      0.3     0.0000    31.6800  0.0000  dflipfloplw_76
RF/C00/SFF_5                        31.6800      0.3     0.0000    31.6800  0.0000  dflipfloplw_75
RF/C00/SFF_6                        31.6800      0.3     0.0000    31.6800  0.0000  dflipfloplw_74
RF/C00/SFF_7                        31.6800      0.3     0.0000    31.6800  0.0000  dflipfloplw_73
RF/C01                             195.8400      2.1     0.0000   195.8400  0.0000  DataFF_SIZE8_8
RF/C02                             195.8400      2.1     0.0000   195.8400  0.0000  DataFF_SIZE8_9
RF/C03                             195.8400      2.1     0.0000   195.8400  0.0000  DataFF_SIZE8_0
RF/C04                             253.4400      2.8     0.0000     0.0000  0.0000  ScanFF_SIZE8_11
RF/C04/SFF_0                        31.6800      0.3     0.0000    31.6800  0.0000  dflipfloplw_88
RF/C04/SFF_1                        31.6800      0.3     0.0000    31.6800  0.0000  dflipfloplw_87
RF/C04/SFF_2                        31.6800      0.3     0.0000    31.6800  0.0000  dflipfloplw_86
RF/C04/SFF_3                        31.6800      0.3     0.0000    31.6800  0.0000  dflipfloplw_85
RF/C04/SFF_4                        31.6800      0.3     0.0000    31.6800  0.0000  dflipfloplw_84
RF/C04/SFF_5                        31.6800      0.3     0.0000    31.6800  0.0000  dflipfloplw_83
RF/C04/SFF_6                        31.6800      0.3     0.0000    31.6800  0.0000  dflipfloplw_82
RF/C04/SFF_7                        31.6800      0.3     0.0000    31.6800  0.0000  dflipfloplw_81
RF/C05                             253.4400      2.8     0.0000     0.0000  0.0000  ScanFF_SIZE8_12
RF/C05/SFF_0                        31.6800      0.3     0.0000    31.6800  0.0000  dflipfloplw_96
RF/C05/SFF_1                        31.6800      0.3     0.0000    31.6800  0.0000  dflipfloplw_95
RF/C05/SFF_2                        31.6800      0.3     0.0000    31.6800  0.0000  dflipfloplw_94
RF/C05/SFF_3                        31.6800      0.3     0.0000    31.6800  0.0000  dflipfloplw_93
RF/C05/SFF_4                        31.6800      0.3     0.0000    31.6800  0.0000  dflipfloplw_92
RF/C05/SFF_5                        31.6800      0.3     0.0000    31.6800  0.0000  dflipfloplw_91
RF/C05/SFF_6                        31.6800      0.3     0.0000    31.6800  0.0000  dflipfloplw_90
RF/C05/SFF_7                        31.6800      0.3     0.0000    31.6800  0.0000  dflipfloplw_89
RF/C06                             253.4400      2.8     0.0000     0.0000  0.0000  ScanFF_SIZE8_13
RF/C06/SFF_0                        31.6800      0.3     0.0000    31.6800  0.0000  dflipfloplw_104
RF/C06/SFF_1                        31.6800      0.3     0.0000    31.6800  0.0000  dflipfloplw_103
RF/C06/SFF_2                        31.6800      0.3     0.0000    31.6800  0.0000  dflipfloplw_102
RF/C06/SFF_3                        31.6800      0.3     0.0000    31.6800  0.0000  dflipfloplw_101
RF/C06/SFF_4                        31.6800      0.3     0.0000    31.6800  0.0000  dflipfloplw_100
RF/C06/SFF_5                        31.6800      0.3     0.0000    31.6800  0.0000  dflipfloplw_99
RF/C06/SFF_6                        31.6800      0.3     0.0000    31.6800  0.0000  dflipfloplw_98
RF/C06/SFF_7                        31.6800      0.3     0.0000    31.6800  0.0000  dflipfloplw_97
RF/C07                             253.4400      2.8     0.0000     0.0000  0.0000  ScanFF_SIZE8_14
RF/C07/SFF_0                        31.6800      0.3     0.0000    31.6800  0.0000  dflipfloplw_112
RF/C07/SFF_1                        31.6800      0.3     0.0000    31.6800  0.0000  dflipfloplw_111
RF/C07/SFF_2                        31.6800      0.3     0.0000    31.6800  0.0000  dflipfloplw_110
RF/C07/SFF_3                        31.6800      0.3     0.0000    31.6800  0.0000  dflipfloplw_109
RF/C07/SFF_4                        31.6800      0.3     0.0000    31.6800  0.0000  dflipfloplw_108
RF/C07/SFF_5                        31.6800      0.3     0.0000    31.6800  0.0000  dflipfloplw_107
RF/C07/SFF_6                        31.6800      0.3     0.0000    31.6800  0.0000  dflipfloplw_106
RF/C07/SFF_7                        31.6800      0.3     0.0000    31.6800  0.0000  dflipfloplw_105
RF/C08                             253.4400      2.8     0.0000     0.0000  0.0000  ScanFF_SIZE8_15
RF/C08/SFF_0                        31.6800      0.3     0.0000    31.6800  0.0000  dflipfloplw_120
RF/C08/SFF_1                        31.6800      0.3     0.0000    31.6800  0.0000  dflipfloplw_119
RF/C08/SFF_2                        31.6800      0.3     0.0000    31.6800  0.0000  dflipfloplw_118
RF/C08/SFF_3                        31.6800      0.3     0.0000    31.6800  0.0000  dflipfloplw_117
RF/C08/SFF_4                        31.6800      0.3     0.0000    31.6800  0.0000  dflipfloplw_116
RF/C08/SFF_5                        31.6800      0.3     0.0000    31.6800  0.0000  dflipfloplw_115
RF/C08/SFF_6                        31.6800      0.3     0.0000    31.6800  0.0000  dflipfloplw_114
RF/C08/SFF_7                        31.6800      0.3     0.0000    31.6800  0.0000  dflipfloplw_113
RF/C09                             253.4400      2.8     0.0000     0.0000  0.0000  ScanFF_SIZE8_16
RF/C09/SFF_0                        31.6800      0.3     0.0000    31.6800  0.0000  dflipfloplw_128
RF/C09/SFF_1                        31.6800      0.3     0.0000    31.6800  0.0000  dflipfloplw_127
RF/C09/SFF_2                        31.6800      0.3     0.0000    31.6800  0.0000  dflipfloplw_126
RF/C09/SFF_3                        31.6800      0.3     0.0000    31.6800  0.0000  dflipfloplw_125
RF/C09/SFF_4                        31.6800      0.3     0.0000    31.6800  0.0000  dflipfloplw_124
RF/C09/SFF_5                        31.6800      0.3     0.0000    31.6800  0.0000  dflipfloplw_123
RF/C09/SFF_6                        31.6800      0.3     0.0000    31.6800  0.0000  dflipfloplw_122
RF/C09/SFF_7                        31.6800      0.3     0.0000    31.6800  0.0000  dflipfloplw_121
RF/C10                             253.4400      2.8     0.0000     0.0000  0.0000  ScanFF_SIZE8_17
RF/C10/SFF_0                        31.6800      0.3     0.0000    31.6800  0.0000  dflipfloplw_136
RF/C10/SFF_1                        31.6800      0.3     0.0000    31.6800  0.0000  dflipfloplw_135
RF/C10/SFF_2                        31.6800      0.3     0.0000    31.6800  0.0000  dflipfloplw_134
RF/C10/SFF_3                        31.6800      0.3     0.0000    31.6800  0.0000  dflipfloplw_133
RF/C10/SFF_4                        31.6800      0.3     0.0000    31.6800  0.0000  dflipfloplw_132
RF/C10/SFF_5                        31.6800      0.3     0.0000    31.6800  0.0000  dflipfloplw_131
RF/C10/SFF_6                        31.6800      0.3     0.0000    31.6800  0.0000  dflipfloplw_130
RF/C10/SFF_7                        31.6800      0.3     0.0000    31.6800  0.0000  dflipfloplw_129
RF/C11                             253.4400      2.8     0.0000     0.0000  0.0000  ScanFF_SIZE8_18
RF/C11/SFF_0                        31.6800      0.3     0.0000    31.6800  0.0000  dflipfloplw_144
RF/C11/SFF_1                        31.6800      0.3     0.0000    31.6800  0.0000  dflipfloplw_143
RF/C11/SFF_2                        31.6800      0.3     0.0000    31.6800  0.0000  dflipfloplw_142
RF/C11/SFF_3                        31.6800      0.3     0.0000    31.6800  0.0000  dflipfloplw_141
RF/C11/SFF_4                        31.6800      0.3     0.0000    31.6800  0.0000  dflipfloplw_140
RF/C11/SFF_5                        31.6800      0.3     0.0000    31.6800  0.0000  dflipfloplw_139
RF/C11/SFF_6                        31.6800      0.3     0.0000    31.6800  0.0000  dflipfloplw_138
RF/C11/SFF_7                        31.6800      0.3     0.0000    31.6800  0.0000  dflipfloplw_137
RF/C12                             253.4400      2.8     0.0000     0.0000  0.0000  ScanFF_SIZE8_19
RF/C12/SFF_0                        31.6800      0.3     0.0000    31.6800  0.0000  dflipfloplw_152
RF/C12/SFF_1                        31.6800      0.3     0.0000    31.6800  0.0000  dflipfloplw_151
RF/C12/SFF_2                        31.6800      0.3     0.0000    31.6800  0.0000  dflipfloplw_150
RF/C12/SFF_3                        31.6800      0.3     0.0000    31.6800  0.0000  dflipfloplw_149
RF/C12/SFF_4                        31.6800      0.3     0.0000    31.6800  0.0000  dflipfloplw_148
RF/C12/SFF_5                        31.6800      0.3     0.0000    31.6800  0.0000  dflipfloplw_147
RF/C12/SFF_6                        31.6800      0.3     0.0000    31.6800  0.0000  dflipfloplw_146
RF/C12/SFF_7                        31.6800      0.3     0.0000    31.6800  0.0000  dflipfloplw_145
RF/C13                             253.4400      2.8     0.0000     0.0000  0.0000  ScanFF_SIZE8_20
RF/C13/SFF_0                        31.6800      0.3     0.0000    31.6800  0.0000  dflipfloplw_160
RF/C13/SFF_1                        31.6800      0.3     0.0000    31.6800  0.0000  dflipfloplw_159
RF/C13/SFF_2                        31.6800      0.3     0.0000    31.6800  0.0000  dflipfloplw_158
RF/C13/SFF_3                        31.6800      0.3     0.0000    31.6800  0.0000  dflipfloplw_157
RF/C13/SFF_4                        31.6800      0.3     0.0000    31.6800  0.0000  dflipfloplw_156
RF/C13/SFF_5                        31.6800      0.3     0.0000    31.6800  0.0000  dflipfloplw_155
RF/C13/SFF_6                        31.6800      0.3     0.0000    31.6800  0.0000  dflipfloplw_154
RF/C13/SFF_7                        31.6800      0.3     0.0000    31.6800  0.0000  dflipfloplw_153
RF/C14                             253.4400      2.8     0.0000     0.0000  0.0000  ScanFF_SIZE8_21
RF/C14/SFF_0                        31.6800      0.3     0.0000    31.6800  0.0000  dflipfloplw_168
RF/C14/SFF_1                        31.6800      0.3     0.0000    31.6800  0.0000  dflipfloplw_167
RF/C14/SFF_2                        31.6800      0.3     0.0000    31.6800  0.0000  dflipfloplw_166
RF/C14/SFF_3                        31.6800      0.3     0.0000    31.6800  0.0000  dflipfloplw_165
RF/C14/SFF_4                        31.6800      0.3     0.0000    31.6800  0.0000  dflipfloplw_164
RF/C14/SFF_5                        31.6800      0.3     0.0000    31.6800  0.0000  dflipfloplw_163
RF/C14/SFF_6                        31.6800      0.3     0.0000    31.6800  0.0000  dflipfloplw_162
RF/C14/SFF_7                        31.6800      0.3     0.0000    31.6800  0.0000  dflipfloplw_161
RF/C15                             253.4400      2.8     0.0000     0.0000  0.0000  ScanFF_SIZE8_0
RF/C15/SFF_0                        31.6800      0.3     0.0000    31.6800  0.0000  dflipfloplw_0
RF/C15/SFF_1                        31.6800      0.3     0.0000    31.6800  0.0000  dflipfloplw_175
RF/C15/SFF_2                        31.6800      0.3     0.0000    31.6800  0.0000  dflipfloplw_174
RF/C15/SFF_3                        31.6800      0.3     0.0000    31.6800  0.0000  dflipfloplw_173
RF/C15/SFF_4                        31.6800      0.3     0.0000    31.6800  0.0000  dflipfloplw_172
RF/C15/SFF_5                        31.6800      0.3     0.0000    31.6800  0.0000  dflipfloplw_171
RF/C15/SFF_6                        31.6800      0.3     0.0000    31.6800  0.0000  dflipfloplw_170
RF/C15/SFF_7                        31.6800      0.3     0.0000    31.6800  0.0000  dflipfloplw_169
RF/KA                              138.2400      1.5   138.2400     0.0000  0.0000  AddConstKey_1_0
RF/MC                              276.4800      3.0   276.4800     0.0000  0.0000  MixColumns_1
RF/S                               126.7200      1.4   126.7200     0.0000  0.0000  SBox_1
RF/SR                                0.0000      0.0     0.0000     0.0000  0.0000  ShiftRows_1
--------------------------------  ---------  -------  ---------  ---------  ------  -------------------------------------
Total                                                 1261.4399  7918.5732  0.0000

1
