Information: Updating graph... (UID-83)
 
****************************************
Report : area
Design : Skinny_1_0
Version: E-2010.12-SP2
Date   : Fri Jun 21 11:12:15 2019
****************************************

Information: Updating design information... (UID-85)
Library(s) Used:

    scx3_cmos8rf_lpvt_tt_1p2v_25c (File: /usr/flow/designkits/synthesis/ibm_0.13um/scx3_cmos8rf_lpvt_tt_1p2v_25c.db)

Number of ports:                           15
Number of nets:                            33
Number of cells:                            3
Number of combinational cells:              0
Number of sequential cells:                 0
Number of macros:                           0
Number of buf/inv:                          0
Number of references:                       3

Combinational area:       1713.600027
Noncombinational area:    7303.679909
Net Interconnect area:      undefined  (No wire load specified)

Total cell area:          9017.279936
Total area:                 undefined

Hierarchical area distribution
------------------------------

                                  Global cell area          Local cell area
                                  ------------------  ---------------------------- 
Hierarchical cell                 Absolute   Percent  Combi-     Noncombi-  Black
                                  Total      Total    national   national   boxes   Design
--------------------------------  ---------  -------  ---------  ---------  ------  ---------------------------------------
Skinny_1_0                        9017.2852    100.0     0.0000     0.0000  0.0000  Skinny_1_0
CL                                 741.6000      8.2   342.7200   352.8000  0.0000  ControlLogic_1_0
CL/clk_gate_COUNT_OP_reg            23.0400      0.3     0.0000    23.0400  0.0000  SNPS_CLOCK_GATE_HIGH_ControlLogic_1_0_0
CL/clk_gate_STATE_reg               23.0400      0.3     0.0000    23.0400  0.0000  SNPS_CLOCK_GATE_HIGH_ControlLogic_1_0_1
KE                                3307.6777     36.7    67.6800    34.5600  0.0000  KeyExpansion_1_0
KE/C00                             203.0400      2.3     0.0000     0.0000  0.0000  CellSD_SIZE8_1
KE/C00/DFF                         171.3600      1.9     0.0000   171.3600  0.0000  DataFF_SIZE7_1
KE/C00/SFF                          31.6800      0.4     0.0000    31.6800  0.0000  dflipfloplw_25
KE/C01                             195.8400      2.2     0.0000     0.0000  0.0000  CellDO_SIZE8_1
KE/C01/DFF                         195.8400      2.2     0.0000   195.8400  0.0000  DataFF_SIZE8_1
KE/C02                             195.8400      2.2     0.0000     0.0000  0.0000  CellDO_SIZE8_2
KE/C02/DFF                         195.8400      2.2     0.0000   195.8400  0.0000  DataFF_SIZE8_2
KE/C03                             195.8400      2.2     0.0000     0.0000  0.0000  CellDO_SIZE8_3
KE/C03/DFF                         195.8400      2.2     0.0000   195.8400  0.0000  DataFF_SIZE8_3
KE/C04                             203.0400      2.3     0.0000     0.0000  0.0000  CellSD_SIZE8_2
KE/C04/DFF                         171.3600      1.9     0.0000   171.3600  0.0000  DataFF_SIZE7_2
KE/C04/SFF                          31.6800      0.4     0.0000    31.6800  0.0000  dflipfloplw_26
KE/C05                             195.8400      2.2     0.0000     0.0000  0.0000  CellDO_SIZE8_4
KE/C05/DFF                         195.8400      2.2     0.0000   195.8400  0.0000  DataFF_SIZE8_4
KE/C06                             195.8400      2.2     0.0000     0.0000  0.0000  CellDO_SIZE8_5
KE/C06/DFF                         195.8400      2.2     0.0000   195.8400  0.0000  DataFF_SIZE8_5
KE/C07                             195.8400      2.2     0.0000     0.0000  0.0000  CellDO_SIZE8_6
KE/C07/DFF                         195.8400      2.2     0.0000   195.8400  0.0000  DataFF_SIZE8_6
KE/C08                             203.0400      2.3     0.0000     0.0000  0.0000  CellSD_SIZE8_3
KE/C08/DFF                         171.3600      1.9     0.0000   171.3600  0.0000  DataFF_SIZE7_3
KE/C08/SFF                          31.6800      0.4     0.0000    31.6800  0.0000  dflipfloplw_27
KE/C09                             203.0400      2.3     0.0000     0.0000  0.0000  CellSD_SIZE8_4
KE/C09/DFF                         171.3600      1.9     0.0000   171.3600  0.0000  DataFF_SIZE7_4
KE/C09/SFF                          31.6800      0.4     0.0000    31.6800  0.0000  dflipfloplw_28
KE/C10                             203.0400      2.3     0.0000     0.0000  0.0000  CellSD_SIZE8_5
KE/C10/DFF                         171.3600      1.9     0.0000   171.3600  0.0000  DataFF_SIZE7_5
KE/C10/SFF                          31.6800      0.4     0.0000    31.6800  0.0000  dflipfloplw_29
KE/C11                             203.0400      2.3     0.0000     0.0000  0.0000  CellSD_SIZE8_6
KE/C11/DFF                         171.3600      1.9     0.0000   171.3600  0.0000  DataFF_SIZE7_6
KE/C11/SFF                          31.6800      0.4     0.0000    31.6800  0.0000  dflipfloplw_30
KE/C12                             203.0400      2.3     0.0000     0.0000  0.0000  CellSD_SIZE8_7
KE/C12/DFF                         171.3600      1.9     0.0000   171.3600  0.0000  DataFF_SIZE7_7
KE/C12/SFF                          31.6800      0.4     0.0000    31.6800  0.0000  dflipfloplw_31
KE/C13                             203.0400      2.3     0.0000     0.0000  0.0000  CellSD_SIZE8_8
KE/C13/DFF                         171.3600      1.9     0.0000   171.3600  0.0000  DataFF_SIZE7_8
KE/C13/SFF                          31.6800      0.4     0.0000    31.6800  0.0000  dflipfloplw_32
KE/C14                             203.0400      2.3     0.0000     0.0000  0.0000  CellSD_SIZE8_9
KE/C14/DFF                         171.3600      1.9     0.0000   171.3600  0.0000  DataFF_SIZE7_9
KE/C14/SFF                          31.6800      0.4     0.0000    31.6800  0.0000  dflipfloplw_33
KE/C15                             203.0400      2.3     0.0000     0.0000  0.0000  CellSD_SIZE8_10
KE/C15/DFF                         171.3600      1.9     0.0000   171.3600  0.0000  DataFF_SIZE7_10
KE/C15/SFF                          31.6800      0.4     0.0000    31.6800  0.0000  dflipfloplw_34
KE/P1                                0.0000      0.0     0.0000     0.0000  0.0000  Permutation_1
RF                                4967.9990     55.1    87.8400     0.0000  0.0000  RoundFunction_1_0
RF/C00                             203.0400      2.3     0.0000     0.0000  0.0000  CellSD_SIZE8_11
RF/C00/DFF                         171.3600      1.9     0.0000   171.3600  0.0000  DataFF_SIZE7_11
RF/C00/SFF                          31.6800      0.4     0.0000    31.6800  0.0000  dflipfloplw_35
RF/C01                             195.8400      2.2     0.0000     0.0000  0.0000  CellDO_SIZE8_7
RF/C01/DFF                         195.8400      2.2     0.0000   195.8400  0.0000  DataFF_SIZE8_7
RF/C02                             195.8400      2.2     0.0000     0.0000  0.0000  CellDO_SIZE8_0
RF/C02/DFF                         195.8400      2.2     0.0000   195.8400  0.0000  DataFF_SIZE8_0
RF/C03                             586.0800      6.5   280.8000     0.0000  0.0000  CellSB_1_1
RF/C03/SB0                          24.4800      0.3     0.0000     0.0000  0.0000  ScanFF_SIZE1_3
RF/C03/SB0/SFF_0                    24.4800      0.3     0.0000    24.4800  0.0000  dflipfloplw_3
RF/C03/SB1                          24.4800      0.3     0.0000    24.4800  0.0000  DataFF_SIZE1_2
RF/C03/SB2                          24.4800      0.3     0.0000    24.4800  0.0000  DataFF_SIZE1_3
RF/C03/SB3                          31.6800      0.4     0.0000     0.0000  0.0000  ScanFF_SIZE1_4
RF/C03/SB3/SFF_0                    31.6800      0.4     0.0000    31.6800  0.0000  dflipfloplw_4
RF/C03/SB4                          24.4800      0.3     0.0000    24.4800  0.0000  DataFF_SIZE1_4
RF/C03/SB5                          24.4800      0.3     0.0000    24.4800  0.0000  DataFF_SIZE1_5
RF/C03/SB6                          31.6800      0.4     0.0000     0.0000  0.0000  ScanFF_SIZE1_5
RF/C03/SB6/SFF_0                    31.6800      0.4     0.0000    31.6800  0.0000  dflipfloplw_5
RF/C03/SB7                          31.6800      0.4     0.0000     0.0000  0.0000  ScanFF_SIZE1_6
RF/C03/SB7/SFF_0                    31.6800      0.4     0.0000    31.6800  0.0000  dflipfloplw_6
RF/C03/T00                          31.6800      0.4     0.0000     0.0000  0.0000  ScanFF_SIZE1_2
RF/C03/T00/SFF_0                    31.6800      0.4     0.0000    31.6800  0.0000  dflipfloplw_2
RF/C03/T01                          24.4800      0.3     0.0000    24.4800  0.0000  DataFF_SIZE1_1
RF/C03/T02                          31.6800      0.4     0.0000     0.0000  0.0000  ScanFF_SIZE1_1
RF/C03/T02/SFF_0                    31.6800      0.4     0.0000    31.6800  0.0000  dflipfloplw_1
RF/C04                             203.0400      2.3     0.0000     0.0000  0.0000  CellSD_SIZE8_12
RF/C04/DFF                         171.3600      1.9     0.0000   171.3600  0.0000  DataFF_SIZE7_12
RF/C04/SFF                          31.6800      0.4     0.0000    31.6800  0.0000  dflipfloplw_36
RF/C05                             203.0400      2.3     0.0000     0.0000  0.0000  CellSD_SIZE8_13
RF/C05/DFF                         171.3600      1.9     0.0000   171.3600  0.0000  DataFF_SIZE7_13
RF/C05/SFF                          31.6800      0.4     0.0000    31.6800  0.0000  dflipfloplw_37
RF/C06                             203.0400      2.3     0.0000     0.0000  0.0000  CellSD_SIZE8_14
RF/C06/DFF                         171.3600      1.9     0.0000   171.3600  0.0000  DataFF_SIZE7_14
RF/C06/SFF                          31.6800      0.4     0.0000    31.6800  0.0000  dflipfloplw_38
RF/C07                             593.2800      6.6   280.8000     0.0000  0.0000  CellSB_1_2
RF/C07/SB0                          31.6800      0.4     0.0000     0.0000  0.0000  ScanFF_SIZE1_9
RF/C07/SB0/SFF_0                    31.6800      0.4     0.0000    31.6800  0.0000  dflipfloplw_9
RF/C07/SB1                          24.4800      0.3     0.0000    24.4800  0.0000  DataFF_SIZE1_7
RF/C07/SB2                          24.4800      0.3     0.0000    24.4800  0.0000  DataFF_SIZE1_8
RF/C07/SB3                          31.6800      0.4     0.0000     0.0000  0.0000  ScanFF_SIZE1_10
RF/C07/SB3/SFF_0                    31.6800      0.4     0.0000    31.6800  0.0000  dflipfloplw_10
RF/C07/SB4                          24.4800      0.3     0.0000    24.4800  0.0000  DataFF_SIZE1_9
RF/C07/SB5                          24.4800      0.3     0.0000    24.4800  0.0000  DataFF_SIZE1_10
RF/C07/SB6                          31.6800      0.4     0.0000     0.0000  0.0000  ScanFF_SIZE1_11
RF/C07/SB6/SFF_0                    31.6800      0.4     0.0000    31.6800  0.0000  dflipfloplw_11
RF/C07/SB7                          31.6800      0.4     0.0000     0.0000  0.0000  ScanFF_SIZE1_12
RF/C07/SB7/SFF_0                    31.6800      0.4     0.0000    31.6800  0.0000  dflipfloplw_12
RF/C07/T00                          31.6800      0.4     0.0000     0.0000  0.0000  ScanFF_SIZE1_8
RF/C07/T00/SFF_0                    31.6800      0.4     0.0000    31.6800  0.0000  dflipfloplw_8
RF/C07/T01                          24.4800      0.3     0.0000    24.4800  0.0000  DataFF_SIZE1_6
RF/C07/T02                          31.6800      0.4     0.0000     0.0000  0.0000  ScanFF_SIZE1_7
RF/C07/T02/SFF_0                    31.6800      0.4     0.0000    31.6800  0.0000  dflipfloplw_7
RF/C08                             203.0400      2.3     0.0000     0.0000  0.0000  CellSD_SIZE8_15
RF/C08/DFF                         171.3600      1.9     0.0000   171.3600  0.0000  DataFF_SIZE7_15
RF/C08/SFF                          31.6800      0.4     0.0000    31.6800  0.0000  dflipfloplw_39
RF/C09                             203.0400      2.3     0.0000     0.0000  0.0000  CellSD_SIZE8_16
RF/C09/DFF                         171.3600      1.9     0.0000   171.3600  0.0000  DataFF_SIZE7_16
RF/C09/SFF                          31.6800      0.4     0.0000    31.6800  0.0000  dflipfloplw_40
RF/C10                             203.0400      2.3     0.0000     0.0000  0.0000  CellSD_SIZE8_17
RF/C10/DFF                         171.3600      1.9     0.0000   171.3600  0.0000  DataFF_SIZE7_17
RF/C10/SFF                          31.6800      0.4     0.0000    31.6800  0.0000  dflipfloplw_41
RF/C11                             593.2800      6.6   280.8000     0.0000  0.0000  CellSB_1_3
RF/C11/SB0                          31.6800      0.4     0.0000     0.0000  0.0000  ScanFF_SIZE1_15
RF/C11/SB0/SFF_0                    31.6800      0.4     0.0000    31.6800  0.0000  dflipfloplw_15
RF/C11/SB1                          24.4800      0.3     0.0000    24.4800  0.0000  DataFF_SIZE1_12
RF/C11/SB2                          24.4800      0.3     0.0000    24.4800  0.0000  DataFF_SIZE1_13
RF/C11/SB3                          31.6800      0.4     0.0000     0.0000  0.0000  ScanFF_SIZE1_16
RF/C11/SB3/SFF_0                    31.6800      0.4     0.0000    31.6800  0.0000  dflipfloplw_16
RF/C11/SB4                          24.4800      0.3     0.0000    24.4800  0.0000  DataFF_SIZE1_14
RF/C11/SB5                          24.4800      0.3     0.0000    24.4800  0.0000  DataFF_SIZE1_15
RF/C11/SB6                          31.6800      0.4     0.0000     0.0000  0.0000  ScanFF_SIZE1_17
RF/C11/SB6/SFF_0                    31.6800      0.4     0.0000    31.6800  0.0000  dflipfloplw_17
RF/C11/SB7                          31.6800      0.4     0.0000     0.0000  0.0000  ScanFF_SIZE1_18
RF/C11/SB7/SFF_0                    31.6800      0.4     0.0000    31.6800  0.0000  dflipfloplw_18
RF/C11/T00                          31.6800      0.4     0.0000     0.0000  0.0000  ScanFF_SIZE1_14
RF/C11/T00/SFF_0                    31.6800      0.4     0.0000    31.6800  0.0000  dflipfloplw_14
RF/C11/T01                          24.4800      0.3     0.0000    24.4800  0.0000  DataFF_SIZE1_11
RF/C11/T02                          31.6800      0.4     0.0000     0.0000  0.0000  ScanFF_SIZE1_13
RF/C11/T02/SFF_0                    31.6800      0.4     0.0000    31.6800  0.0000  dflipfloplw_13
RF/C12                             203.0400      2.3     0.0000     0.0000  0.0000  CellSD_SIZE8_18
RF/C12/DFF                         171.3600      1.9     0.0000   171.3600  0.0000  DataFF_SIZE7_18
RF/C12/SFF                          31.6800      0.4     0.0000    31.6800  0.0000  dflipfloplw_42
RF/C13                             203.0400      2.3     0.0000     0.0000  0.0000  CellSD_SIZE8_19
RF/C13/DFF                         171.3600      1.9     0.0000   171.3600  0.0000  DataFF_SIZE7_19
RF/C13/SFF                          31.6800      0.4     0.0000    31.6800  0.0000  dflipfloplw_43
RF/C14                             203.0400      2.3     0.0000     0.0000  0.0000  CellSD_SIZE8_0
RF/C14/DFF                         171.3600      1.9     0.0000   171.3600  0.0000  DataFF_SIZE7_0
RF/C14/SFF                          31.6800      0.4     0.0000    31.6800  0.0000  dflipfloplw_0
RF/C15                             593.2800      6.6   280.8000     0.0000  0.0000  CellSB_1_0
RF/C15/SB0                          31.6800      0.4     0.0000     0.0000  0.0000  ScanFF_SIZE1_21
RF/C15/SB0/SFF_0                    31.6800      0.4     0.0000    31.6800  0.0000  dflipfloplw_21
RF/C15/SB1                          24.4800      0.3     0.0000    24.4800  0.0000  DataFF_SIZE1_17
RF/C15/SB2                          24.4800      0.3     0.0000    24.4800  0.0000  DataFF_SIZE1_18
RF/C15/SB3                          31.6800      0.4     0.0000     0.0000  0.0000  ScanFF_SIZE1_22
RF/C15/SB3/SFF_0                    31.6800      0.4     0.0000    31.6800  0.0000  dflipfloplw_22
RF/C15/SB4                          24.4800      0.3     0.0000    24.4800  0.0000  DataFF_SIZE1_19
RF/C15/SB5                          24.4800      0.3     0.0000    24.4800  0.0000  DataFF_SIZE1_0
RF/C15/SB6                          31.6800      0.4     0.0000     0.0000  0.0000  ScanFF_SIZE1_23
RF/C15/SB6/SFF_0                    31.6800      0.4     0.0000    31.6800  0.0000  dflipfloplw_23
RF/C15/SB7                          31.6800      0.4     0.0000     0.0000  0.0000  ScanFF_SIZE1_0
RF/C15/SB7/SFF_0                    31.6800      0.4     0.0000    31.6800  0.0000  dflipfloplw_24
RF/C15/T00                          31.6800      0.4     0.0000     0.0000  0.0000  ScanFF_SIZE1_20
RF/C15/T00/SFF_0                    31.6800      0.4     0.0000    31.6800  0.0000  dflipfloplw_20
RF/C15/T01                          24.4800      0.3     0.0000    24.4800  0.0000  DataFF_SIZE1_16
RF/C15/T02                          31.6800      0.4     0.0000     0.0000  0.0000  ScanFF_SIZE1_19
RF/C15/T02/SFF_0                    31.6800      0.4     0.0000    31.6800  0.0000  dflipfloplw_19
RF/KA                               57.6000      0.6    57.6000     0.0000  0.0000  AddConstKey_1_0
RF/MC                               34.5600      0.4    34.5600     0.0000  0.0000  MixColumns_1
RF/SR                                0.0000      0.0     0.0000     0.0000  0.0000  ShiftRows_1
--------------------------------  ---------  -------  ---------  ---------  ------  ---------------------------------------
Total                                                 1713.6002  7303.6841  0.0000

1
