Information: Updating graph... (UID-83)
 
****************************************
Report : area
Design : Skinny_0_2
Version: E-2010.12-SP2
Date   : Fri Jun 21 11:11:02 2019
****************************************

Information: Updating design information... (UID-85)
Library(s) Used:

    scx3_cmos8rf_lpvt_tt_1p2v_25c (File: /usr/flow/designkits/synthesis/ibm_0.13um/scx3_cmos8rf_lpvt_tt_1p2v_25c.db)

Number of ports:                           23
Number of nets:                            42
Number of cells:                            3
Number of combinational cells:              0
Number of sequential cells:                 0
Number of macros:                           0
Number of buf/inv:                          0
Number of references:                       3

Combinational area:       1212.480012
Noncombinational area:    7460.639931
Net Interconnect area:      undefined  (No wire load specified)

Total cell area:          8673.119943
Total area:                 undefined

Hierarchical area distribution
------------------------------

                                  Global cell area          Local cell area
                                  ------------------  ---------------------------- 
Hierarchical cell                 Absolute   Percent  Combi-     Noncombi-  Black
                                  Total      Total    national   national   boxes   Design
--------------------------------  ---------  -------  ---------  ---------  ------  ---------------------------------------
Skinny_0_2                        8673.1260    100.0     0.0000     0.0000  0.0000  Skinny_0_2
CL                                 668.1600      7.7   285.1200   336.9600  0.0000  ControlLogic_0_2
CL/clk_gate_COUNT_OP_reg            23.0400      0.3     0.0000    23.0400  0.0000  SNPS_CLOCK_GATE_HIGH_ControlLogic_0_2_0
CL/clk_gate_STATE_reg               23.0400      0.3     0.0000    23.0400  0.0000  SNPS_CLOCK_GATE_HIGH_ControlLogic_0_2_1
KE                                5277.5991     60.9   136.8000    34.5600  0.0000  KeyExpansion_0_2
KE/C00                             105.1200      1.2     0.0000     0.0000  0.0000  CellSD_SIZE4_17
KE/C00/DFF                          73.4400      0.8     0.0000    73.4400  0.0000  DataFF_SIZE3_17
KE/C00/SFF                          31.6800      0.4     0.0000    31.6800  0.0000  dflipfloplw_49
KE/C00_0                           105.1200      1.2     0.0000     0.0000  0.0000  CellSD_SIZE4_9
KE/C00_0/DFF                        73.4400      0.8     0.0000    73.4400  0.0000  DataFF_SIZE3_9
KE/C00_0/SFF                        31.6800      0.4     0.0000    31.6800  0.0000  dflipfloplw_41
KE/C00_1                           105.1200      1.2     0.0000     0.0000  0.0000  CellSD_SIZE4_1
KE/C00_1/DFF                        73.4400      0.8     0.0000    73.4400  0.0000  DataFF_SIZE3_1
KE/C00_1/SFF                        31.6800      0.4     0.0000    31.6800  0.0000  dflipfloplw_33
KE/C01                              97.9200      1.1     0.0000     0.0000  0.0000  CellDO_SIZE4_13
KE/C01/DFF                          97.9200      1.1     0.0000    97.9200  0.0000  DataFF_SIZE4_13
KE/C01_0                            97.9200      1.1     0.0000     0.0000  0.0000  CellDO_SIZE4_7
KE/C01_0/DFF                        97.9200      1.1     0.0000    97.9200  0.0000  DataFF_SIZE4_7
KE/C01_1                            97.9200      1.1     0.0000     0.0000  0.0000  CellDO_SIZE4_1
KE/C01_1/DFF                        97.9200      1.1     0.0000    97.9200  0.0000  DataFF_SIZE4_1
KE/C02                              97.9200      1.1     0.0000     0.0000  0.0000  CellDO_SIZE4_14
KE/C02/DFF                          97.9200      1.1     0.0000    97.9200  0.0000  DataFF_SIZE4_14
KE/C02_0                            97.9200      1.1     0.0000     0.0000  0.0000  CellDO_SIZE4_8
KE/C02_0/DFF                        97.9200      1.1     0.0000    97.9200  0.0000  DataFF_SIZE4_8
KE/C02_1                            97.9200      1.1     0.0000     0.0000  0.0000  CellDO_SIZE4_2
KE/C02_1/DFF                        97.9200      1.1     0.0000    97.9200  0.0000  DataFF_SIZE4_2
KE/C03                              97.9200      1.1     0.0000     0.0000  0.0000  CellDO_SIZE4_15
KE/C03/DFF                          97.9200      1.1     0.0000    97.9200  0.0000  DataFF_SIZE4_15
KE/C03_0                            97.9200      1.1     0.0000     0.0000  0.0000  CellDO_SIZE4_9
KE/C03_0/DFF                        97.9200      1.1     0.0000    97.9200  0.0000  DataFF_SIZE4_9
KE/C03_1                            97.9200      1.1     0.0000     0.0000  0.0000  CellDO_SIZE4_3
KE/C03_1/DFF                        97.9200      1.1     0.0000    97.9200  0.0000  DataFF_SIZE4_3
KE/C04                             105.1200      1.2     0.0000     0.0000  0.0000  CellSD_SIZE4_18
KE/C04/DFF                          73.4400      0.8     0.0000    73.4400  0.0000  DataFF_SIZE3_18
KE/C04/SFF                          31.6800      0.4     0.0000    31.6800  0.0000  dflipfloplw_50
KE/C04_0                           105.1200      1.2     0.0000     0.0000  0.0000  CellSD_SIZE4_10
KE/C04_0/DFF                        73.4400      0.8     0.0000    73.4400  0.0000  DataFF_SIZE3_10
KE/C04_0/SFF                        31.6800      0.4     0.0000    31.6800  0.0000  dflipfloplw_42
KE/C04_1                           105.1200      1.2     0.0000     0.0000  0.0000  CellSD_SIZE4_2
KE/C04_1/DFF                        73.4400      0.8     0.0000    73.4400  0.0000  DataFF_SIZE3_2
KE/C04_1/SFF                        31.6800      0.4     0.0000    31.6800  0.0000  dflipfloplw_34
KE/C05                              97.9200      1.1     0.0000     0.0000  0.0000  CellDO_SIZE4_16
KE/C05/DFF                          97.9200      1.1     0.0000    97.9200  0.0000  DataFF_SIZE4_16
KE/C05_0                            97.9200      1.1     0.0000     0.0000  0.0000  CellDO_SIZE4_10
KE/C05_0/DFF                        97.9200      1.1     0.0000    97.9200  0.0000  DataFF_SIZE4_10
KE/C05_1                            97.9200      1.1     0.0000     0.0000  0.0000  CellDO_SIZE4_4
KE/C05_1/DFF                        97.9200      1.1     0.0000    97.9200  0.0000  DataFF_SIZE4_4
KE/C06                              97.9200      1.1     0.0000     0.0000  0.0000  CellDO_SIZE4_17
KE/C06/DFF                          97.9200      1.1     0.0000    97.9200  0.0000  DataFF_SIZE4_17
KE/C06_0                            97.9200      1.1     0.0000     0.0000  0.0000  CellDO_SIZE4_11
KE/C06_0/DFF                        97.9200      1.1     0.0000    97.9200  0.0000  DataFF_SIZE4_11
KE/C06_1                            97.9200      1.1     0.0000     0.0000  0.0000  CellDO_SIZE4_5
KE/C06_1/DFF                        97.9200      1.1     0.0000    97.9200  0.0000  DataFF_SIZE4_5
KE/C07                              97.9200      1.1     0.0000     0.0000  0.0000  CellDO_SIZE4_18
KE/C07/DFF                          97.9200      1.1     0.0000    97.9200  0.0000  DataFF_SIZE4_18
KE/C07_0                            97.9200      1.1     0.0000     0.0000  0.0000  CellDO_SIZE4_12
KE/C07_0/DFF                        97.9200      1.1     0.0000    97.9200  0.0000  DataFF_SIZE4_12
KE/C07_1                            97.9200      1.1     0.0000     0.0000  0.0000  CellDO_SIZE4_6
KE/C07_1/DFF                        97.9200      1.1     0.0000    97.9200  0.0000  DataFF_SIZE4_6
KE/C08                             105.1200      1.2     0.0000     0.0000  0.0000  CellSD_SIZE4_19
KE/C08/DFF                          73.4400      0.8     0.0000    73.4400  0.0000  DataFF_SIZE3_19
KE/C08/SFF                          31.6800      0.4     0.0000    31.6800  0.0000  dflipfloplw_51
KE/C08_0                           152.6400      1.8    25.9200     0.0000  0.0000  CellT2_0_1
KE/C08_0/SFF                       126.7200      1.5     0.0000     0.0000  0.0000  ScanFF_SIZE4_3
KE/C08_0/SFF/SFF_0                  31.6800      0.4     0.0000    31.6800  0.0000  dflipfloplw_12
KE/C08_0/SFF/SFF_1                  31.6800      0.4     0.0000    31.6800  0.0000  dflipfloplw_11
KE/C08_0/SFF/SFF_2                  31.6800      0.4     0.0000    31.6800  0.0000  dflipfloplw_10
KE/C08_0/SFF/SFF_3                  31.6800      0.4     0.0000    31.6800  0.0000  dflipfloplw_9
KE/C08_1                           152.6400      1.8    25.9200     0.0000  0.0000  CellT3_0_1
KE/C08_1/SFF                       126.7200      1.5     0.0000     0.0000  0.0000  ScanFF_SIZE4_1
KE/C08_1/SFF/SFF_0                  31.6800      0.4     0.0000    31.6800  0.0000  dflipfloplw_4
KE/C08_1/SFF/SFF_1                  31.6800      0.4     0.0000    31.6800  0.0000  dflipfloplw_3
KE/C08_1/SFF/SFF_2                  31.6800      0.4     0.0000    31.6800  0.0000  dflipfloplw_2
KE/C08_1/SFF/SFF_3                  31.6800      0.4     0.0000    31.6800  0.0000  dflipfloplw_1
KE/C09                             105.1200      1.2     0.0000     0.0000  0.0000  CellSD_SIZE4_20
KE/C09/DFF                          73.4400      0.8     0.0000    73.4400  0.0000  DataFF_SIZE3_20
KE/C09/SFF                          31.6800      0.4     0.0000    31.6800  0.0000  dflipfloplw_52
KE/C09_0                           105.1200      1.2     0.0000     0.0000  0.0000  CellSD_SIZE4_11
KE/C09_0/DFF                        73.4400      0.8     0.0000    73.4400  0.0000  DataFF_SIZE3_11
KE/C09_0/SFF                        31.6800      0.4     0.0000    31.6800  0.0000  dflipfloplw_43
KE/C09_1                           105.1200      1.2     0.0000     0.0000  0.0000  CellSD_SIZE4_3
KE/C09_1/DFF                        73.4400      0.8     0.0000    73.4400  0.0000  DataFF_SIZE3_3
KE/C09_1/SFF                        31.6800      0.4     0.0000    31.6800  0.0000  dflipfloplw_35
KE/C10                             105.1200      1.2     0.0000     0.0000  0.0000  CellSD_SIZE4_21
KE/C10/DFF                          73.4400      0.8     0.0000    73.4400  0.0000  DataFF_SIZE3_21
KE/C10/SFF                          31.6800      0.4     0.0000    31.6800  0.0000  dflipfloplw_53
KE/C10_0                           105.1200      1.2     0.0000     0.0000  0.0000  CellSD_SIZE4_12
KE/C10_0/DFF                        73.4400      0.8     0.0000    73.4400  0.0000  DataFF_SIZE3_12
KE/C10_0/SFF                        31.6800      0.4     0.0000    31.6800  0.0000  dflipfloplw_44
KE/C10_1                           105.1200      1.2     0.0000     0.0000  0.0000  CellSD_SIZE4_4
KE/C10_1/DFF                        73.4400      0.8     0.0000    73.4400  0.0000  DataFF_SIZE3_4
KE/C10_1/SFF                        31.6800      0.4     0.0000    31.6800  0.0000  dflipfloplw_36
KE/C11                             105.1200      1.2     0.0000     0.0000  0.0000  CellSD_SIZE4_22
KE/C11/DFF                          73.4400      0.8     0.0000    73.4400  0.0000  DataFF_SIZE3_22
KE/C11/SFF                          31.6800      0.4     0.0000    31.6800  0.0000  dflipfloplw_54
KE/C11_0                           105.1200      1.2     0.0000     0.0000  0.0000  CellSD_SIZE4_13
KE/C11_0/DFF                        73.4400      0.8     0.0000    73.4400  0.0000  DataFF_SIZE3_13
KE/C11_0/SFF                        31.6800      0.4     0.0000    31.6800  0.0000  dflipfloplw_45
KE/C11_1                           105.1200      1.2     0.0000     0.0000  0.0000  CellSD_SIZE4_5
KE/C11_1/DFF                        73.4400      0.8     0.0000    73.4400  0.0000  DataFF_SIZE3_5
KE/C11_1/SFF                        31.6800      0.4     0.0000    31.6800  0.0000  dflipfloplw_37
KE/C12                             105.1200      1.2     0.0000     0.0000  0.0000  CellSD_SIZE4_23
KE/C12/DFF                          73.4400      0.8     0.0000    73.4400  0.0000  DataFF_SIZE3_23
KE/C12/SFF                          31.6800      0.4     0.0000    31.6800  0.0000  dflipfloplw_55
KE/C12_0                           152.6400      1.8    25.9200     0.0000  0.0000  CellT2_0_0
KE/C12_0/SFF                       126.7200      1.5     0.0000     0.0000  0.0000  ScanFF_SIZE4_0
KE/C12_0/SFF/SFF_0                  31.6800      0.4     0.0000    31.6800  0.0000  dflipfloplw_16
KE/C12_0/SFF/SFF_1                  31.6800      0.4     0.0000    31.6800  0.0000  dflipfloplw_15
KE/C12_0/SFF/SFF_2                  31.6800      0.4     0.0000    31.6800  0.0000  dflipfloplw_14
KE/C12_0/SFF/SFF_3                  31.6800      0.4     0.0000    31.6800  0.0000  dflipfloplw_13
KE/C12_1                           152.6400      1.8    25.9200     0.0000  0.0000  CellT3_0_0
KE/C12_1/SFF                       126.7200      1.5     0.0000     0.0000  0.0000  ScanFF_SIZE4_2
KE/C12_1/SFF/SFF_0                  31.6800      0.4     0.0000    31.6800  0.0000  dflipfloplw_8
KE/C12_1/SFF/SFF_1                  31.6800      0.4     0.0000    31.6800  0.0000  dflipfloplw_7
KE/C12_1/SFF/SFF_2                  31.6800      0.4     0.0000    31.6800  0.0000  dflipfloplw_6
KE/C12_1/SFF/SFF_3                  31.6800      0.4     0.0000    31.6800  0.0000  dflipfloplw_5
KE/C13                             105.1200      1.2     0.0000     0.0000  0.0000  CellSD_SIZE4_24
KE/C13/DFF                          73.4400      0.8     0.0000    73.4400  0.0000  DataFF_SIZE3_24
KE/C13/SFF                          31.6800      0.4     0.0000    31.6800  0.0000  dflipfloplw_56
KE/C13_0                           105.1200      1.2     0.0000     0.0000  0.0000  CellSD_SIZE4_14
KE/C13_0/DFF                        73.4400      0.8     0.0000    73.4400  0.0000  DataFF_SIZE3_14
KE/C13_0/SFF                        31.6800      0.4     0.0000    31.6800  0.0000  dflipfloplw_46
KE/C13_1                           105.1200      1.2     0.0000     0.0000  0.0000  CellSD_SIZE4_6
KE/C13_1/DFF                        73.4400      0.8     0.0000    73.4400  0.0000  DataFF_SIZE3_6
KE/C13_1/SFF                        31.6800      0.4     0.0000    31.6800  0.0000  dflipfloplw_38
KE/C14                             105.1200      1.2     0.0000     0.0000  0.0000  CellSD_SIZE4_25
KE/C14/DFF                          73.4400      0.8     0.0000    73.4400  0.0000  DataFF_SIZE3_25
KE/C14/SFF                          31.6800      0.4     0.0000    31.6800  0.0000  dflipfloplw_57
KE/C14_0                           105.1200      1.2     0.0000     0.0000  0.0000  CellSD_SIZE4_15
KE/C14_0/DFF                        73.4400      0.8     0.0000    73.4400  0.0000  DataFF_SIZE3_15
KE/C14_0/SFF                        31.6800      0.4     0.0000    31.6800  0.0000  dflipfloplw_47
KE/C14_1                           105.1200      1.2     0.0000     0.0000  0.0000  CellSD_SIZE4_7
KE/C14_1/DFF                        73.4400      0.8     0.0000    73.4400  0.0000  DataFF_SIZE3_7
KE/C14_1/SFF                        31.6800      0.4     0.0000    31.6800  0.0000  dflipfloplw_39
KE/C15                             105.1200      1.2     0.0000     0.0000  0.0000  CellSD_SIZE4_26
KE/C15/DFF                          73.4400      0.8     0.0000    73.4400  0.0000  DataFF_SIZE3_26
KE/C15/SFF                          31.6800      0.4     0.0000    31.6800  0.0000  dflipfloplw_58
KE/C15_0                           105.1200      1.2     0.0000     0.0000  0.0000  CellSD_SIZE4_16
KE/C15_0/DFF                        73.4400      0.8     0.0000    73.4400  0.0000  DataFF_SIZE3_16
KE/C15_0/SFF                        31.6800      0.4     0.0000    31.6800  0.0000  dflipfloplw_48
KE/C15_1                           105.1200      1.2     0.0000     0.0000  0.0000  CellSD_SIZE4_8
KE/C15_1/DFF                        73.4400      0.8     0.0000    73.4400  0.0000  DataFF_SIZE3_8
KE/C15_1/SFF                        31.6800      0.4     0.0000    31.6800  0.0000  dflipfloplw_40
KE/P1                                0.0000      0.0     0.0000     0.0000  0.0000  Permutation_0_0
KE/P2                                0.0000      0.0     0.0000     0.0000  0.0000  Permutation_0_2
KE/P3                                0.0000      0.0     0.0000     0.0000  0.0000  Permutation_0_1
RF                                2727.3584     31.4    82.0800     0.0000  0.0000  RoundFunction_0_2
RF/C00                             105.1200      1.2     0.0000     0.0000  0.0000  CellSD_SIZE4_27
RF/C00/DFF                          73.4400      0.8     0.0000    73.4400  0.0000  DataFF_SIZE3_27
RF/C00/SFF                          31.6800      0.4     0.0000    31.6800  0.0000  dflipfloplw_59
RF/C01                              97.9200      1.1     0.0000     0.0000  0.0000  CellDO_SIZE4_19
RF/C01/DFF                          97.9200      1.1     0.0000    97.9200  0.0000  DataFF_SIZE4_19
RF/C02                              97.9200      1.1     0.0000     0.0000  0.0000  CellDO_SIZE4_0
RF/C02/DFF                          97.9200      1.1     0.0000    97.9200  0.0000  DataFF_SIZE4_0
RF/C03                             309.6000      3.6   116.6400     0.0000  0.0000  CellSB_0_1
RF/C03/SB0                          24.4800      0.3     0.0000     0.0000  0.0000  ScanFF_SIZE1_1
RF/C03/SB0/SFF_0                    24.4800      0.3     0.0000    24.4800  0.0000  dflipfloplw_17
RF/C03/SB1                          31.6800      0.4     0.0000     0.0000  0.0000  ScanFF_SIZE1_2
RF/C03/SB1/SFF_0                    31.6800      0.4     0.0000    31.6800  0.0000  dflipfloplw_18
RF/C03/SB2                          31.6800      0.4     0.0000     0.0000  0.0000  ScanFF_SIZE1_3
RF/C03/SB2/SFF_0                    31.6800      0.4     0.0000    31.6800  0.0000  dflipfloplw_19
RF/C03/SB3                          31.6800      0.4     0.0000     0.0000  0.0000  ScanFF_SIZE1_4
RF/C03/SB3/SFF_0                    31.6800      0.4     0.0000    31.6800  0.0000  dflipfloplw_20
RF/C03/T0                           24.4800      0.3     0.0000    24.4800  0.0000  DataFF_SIZE1_3
RF/C03/T1                           24.4800      0.3     0.0000    24.4800  0.0000  DataFF_SIZE1_2
RF/C03/T2                           24.4800      0.3     0.0000    24.4800  0.0000  DataFF_SIZE1_1
RF/C04                             105.1200      1.2     0.0000     0.0000  0.0000  CellSD_SIZE4_28
RF/C04/DFF                          73.4400      0.8     0.0000    73.4400  0.0000  DataFF_SIZE3_28
RF/C04/SFF                          31.6800      0.4     0.0000    31.6800  0.0000  dflipfloplw_60
RF/C05                             105.1200      1.2     0.0000     0.0000  0.0000  CellSD_SIZE4_29
RF/C05/DFF                          73.4400      0.8     0.0000    73.4400  0.0000  DataFF_SIZE3_29
RF/C05/SFF                          31.6800      0.4     0.0000    31.6800  0.0000  dflipfloplw_61
RF/C06                             105.1200      1.2     0.0000     0.0000  0.0000  CellSD_SIZE4_30
RF/C06/DFF                          73.4400      0.8     0.0000    73.4400  0.0000  DataFF_SIZE3_30
RF/C06/SFF                          31.6800      0.4     0.0000    31.6800  0.0000  dflipfloplw_62
RF/C07                             316.8000      3.7   116.6400     0.0000  0.0000  CellSB_0_2
RF/C07/SB0                          31.6800      0.4     0.0000     0.0000  0.0000  ScanFF_SIZE1_5
RF/C07/SB0/SFF_0                    31.6800      0.4     0.0000    31.6800  0.0000  dflipfloplw_21
RF/C07/SB1                          31.6800      0.4     0.0000     0.0000  0.0000  ScanFF_SIZE1_6
RF/C07/SB1/SFF_0                    31.6800      0.4     0.0000    31.6800  0.0000  dflipfloplw_22
RF/C07/SB2                          31.6800      0.4     0.0000     0.0000  0.0000  ScanFF_SIZE1_7
RF/C07/SB2/SFF_0                    31.6800      0.4     0.0000    31.6800  0.0000  dflipfloplw_23
RF/C07/SB3                          31.6800      0.4     0.0000     0.0000  0.0000  ScanFF_SIZE1_8
RF/C07/SB3/SFF_0                    31.6800      0.4     0.0000    31.6800  0.0000  dflipfloplw_24
RF/C07/T0                           24.4800      0.3     0.0000    24.4800  0.0000  DataFF_SIZE1_6
RF/C07/T1                           24.4800      0.3     0.0000    24.4800  0.0000  DataFF_SIZE1_5
RF/C07/T2                           24.4800      0.3     0.0000    24.4800  0.0000  DataFF_SIZE1_4
RF/C08                             105.1200      1.2     0.0000     0.0000  0.0000  CellSD_SIZE4_31
RF/C08/DFF                          73.4400      0.8     0.0000    73.4400  0.0000  DataFF_SIZE3_31
RF/C08/SFF                          31.6800      0.4     0.0000    31.6800  0.0000  dflipfloplw_63
RF/C09                             105.1200      1.2     0.0000     0.0000  0.0000  CellSD_SIZE4_32
RF/C09/DFF                          73.4400      0.8     0.0000    73.4400  0.0000  DataFF_SIZE3_32
RF/C09/SFF                          31.6800      0.4     0.0000    31.6800  0.0000  dflipfloplw_64
RF/C10                             105.1200      1.2     0.0000     0.0000  0.0000  CellSD_SIZE4_33
RF/C10/DFF                          73.4400      0.8     0.0000    73.4400  0.0000  DataFF_SIZE3_33
RF/C10/SFF                          31.6800      0.4     0.0000    31.6800  0.0000  dflipfloplw_65
RF/C11                             316.8000      3.7   116.6400     0.0000  0.0000  CellSB_0_3
RF/C11/SB0                          31.6800      0.4     0.0000     0.0000  0.0000  ScanFF_SIZE1_9
RF/C11/SB0/SFF_0                    31.6800      0.4     0.0000    31.6800  0.0000  dflipfloplw_25
RF/C11/SB1                          31.6800      0.4     0.0000     0.0000  0.0000  ScanFF_SIZE1_10
RF/C11/SB1/SFF_0                    31.6800      0.4     0.0000    31.6800  0.0000  dflipfloplw_26
RF/C11/SB2                          31.6800      0.4     0.0000     0.0000  0.0000  ScanFF_SIZE1_11
RF/C11/SB2/SFF_0                    31.6800      0.4     0.0000    31.6800  0.0000  dflipfloplw_27
RF/C11/SB3                          31.6800      0.4     0.0000     0.0000  0.0000  ScanFF_SIZE1_12
RF/C11/SB3/SFF_0                    31.6800      0.4     0.0000    31.6800  0.0000  dflipfloplw_28
RF/C11/T0                           24.4800      0.3     0.0000    24.4800  0.0000  DataFF_SIZE1_9
RF/C11/T1                           24.4800      0.3     0.0000    24.4800  0.0000  DataFF_SIZE1_8
RF/C11/T2                           24.4800      0.3     0.0000    24.4800  0.0000  DataFF_SIZE1_7
RF/C12                             105.1200      1.2     0.0000     0.0000  0.0000  CellSD_SIZE4_34
RF/C12/DFF                          73.4400      0.8     0.0000    73.4400  0.0000  DataFF_SIZE3_34
RF/C12/SFF                          31.6800      0.4     0.0000    31.6800  0.0000  dflipfloplw_66
RF/C13                             105.1200      1.2     0.0000     0.0000  0.0000  CellSD_SIZE4_35
RF/C13/DFF                          73.4400      0.8     0.0000    73.4400  0.0000  DataFF_SIZE3_35
RF/C13/SFF                          31.6800      0.4     0.0000    31.6800  0.0000  dflipfloplw_67
RF/C14                             105.1200      1.2     0.0000     0.0000  0.0000  CellSD_SIZE4_0
RF/C14/DFF                          73.4400      0.8     0.0000    73.4400  0.0000  DataFF_SIZE3_0
RF/C14/SFF                          31.6800      0.4     0.0000    31.6800  0.0000  dflipfloplw_0
RF/C15                             316.8000      3.7   116.6400     0.0000  0.0000  CellSB_0_0
RF/C15/SB0                          31.6800      0.4     0.0000     0.0000  0.0000  ScanFF_SIZE1_13
RF/C15/SB0/SFF_0                    31.6800      0.4     0.0000    31.6800  0.0000  dflipfloplw_29
RF/C15/SB1                          31.6800      0.4     0.0000     0.0000  0.0000  ScanFF_SIZE1_14
RF/C15/SB1/SFF_0                    31.6800      0.4     0.0000    31.6800  0.0000  dflipfloplw_30
RF/C15/SB2                          31.6800      0.4     0.0000     0.0000  0.0000  ScanFF_SIZE1_15
RF/C15/SB2/SFF_0                    31.6800      0.4     0.0000    31.6800  0.0000  dflipfloplw_31
RF/C15/SB3                          31.6800      0.4     0.0000     0.0000  0.0000  ScanFF_SIZE1_0
RF/C15/SB3/SFF_0                    31.6800      0.4     0.0000    31.6800  0.0000  dflipfloplw_32
RF/C15/T0                           24.4800      0.3     0.0000    24.4800  0.0000  DataFF_SIZE1_0
RF/C15/T1                           24.4800      0.3     0.0000    24.4800  0.0000  DataFF_SIZE1_11
RF/C15/T2                           24.4800      0.3     0.0000    24.4800  0.0000  DataFF_SIZE1_10
RF/KA                              103.6800      1.2   103.6800     0.0000  0.0000  AddConstKey_0_2
RF/MC                               34.5600      0.4    34.5600     0.0000  0.0000  MixColumns_0
RF/SR                                0.0000      0.0     0.0000     0.0000  0.0000  ShiftRows_0
--------------------------------  ---------  -------  ---------  ---------  ------  ---------------------------------------
Total                                                 1212.4801  7460.6440  0.0000

1
