Information: Updating graph... (UID-83)
 
****************************************
Report : area
Design : Skinny_1_2
Version: E-2010.12-SP2
Date   : Fri Jun 21 12:16:14 2019
****************************************

Information: Updating design information... (UID-85)
Library(s) Used:

    scx3_cmos8rf_lpvt_tt_1p2v_25c (File: /usr/flow/designkits/synthesis/ibm_0.13um/scx3_cmos8rf_lpvt_tt_1p2v_25c.db)

Number of ports:                          643
Number of nets:                           842
Number of cells:                            3
Number of combinational cells:              0
Number of sequential cells:                 0
Number of macros:                           0
Number of buf/inv:                          0
Number of references:                       3

Combinational area:       5634.720162
Noncombinational area:    16401.600155
Net Interconnect area:      undefined  (No wire load specified)

Total cell area:          22036.320317
Total area:                 undefined

Hierarchical area distribution
------------------------------

                                  Global cell area            Local cell area
                                  -------------------  ----------------------------- 
Hierarchical cell                 Absolute    Percent  Combi-     Noncombi-   Black
                                  Total       Total    national   national    boxes   Design
--------------------------------  ----------  -------  ---------  ----------  ------  -----------------
Skinny_1_2                        22036.1016    100.0     0.0000      0.0000  0.0000  Skinny_1_2
CL                                  213.1200      1.0    31.6800    181.4400  0.0000  ControlLogic_1_2
KE                                12349.4189     56.0   184.3200      0.0000  0.0000  KeyExpansion_1_2
KE/P1                                 0.0000      0.0     0.0000      0.0000  0.0000  Permutation_1_0
KE/P2                                 0.0000      0.0     0.0000      0.0000  0.0000  Permutation_1_2
KE/P3                                 0.0000      0.0     0.0000      0.0000  0.0000  Permutation_1_1
KE/RS                             12165.1006     55.2     0.0000      0.0000  0.0000  ScanFF_SIZE384
KE/RS/SFF_0                          31.6800      0.1     0.0000     31.6800  0.0000  dflipfloplw_384
KE/RS/SFF_1                          31.6800      0.1     0.0000     31.6800  0.0000  dflipfloplw_383
KE/RS/SFF_10                         31.6800      0.1     0.0000     31.6800  0.0000  dflipfloplw_374
KE/RS/SFF_100                        31.6800      0.1     0.0000     31.6800  0.0000  dflipfloplw_284
KE/RS/SFF_101                        31.6800      0.1     0.0000     31.6800  0.0000  dflipfloplw_283
KE/RS/SFF_102                        31.6800      0.1     0.0000     31.6800  0.0000  dflipfloplw_282
KE/RS/SFF_103                        31.6800      0.1     0.0000     31.6800  0.0000  dflipfloplw_281
KE/RS/SFF_104                        31.6800      0.1     0.0000     31.6800  0.0000  dflipfloplw_280
KE/RS/SFF_105                        31.6800      0.1     0.0000     31.6800  0.0000  dflipfloplw_279
KE/RS/SFF_106                        31.6800      0.1     0.0000     31.6800  0.0000  dflipfloplw_278
KE/RS/SFF_107                        31.6800      0.1     0.0000     31.6800  0.0000  dflipfloplw_277
KE/RS/SFF_108                        31.6800      0.1     0.0000     31.6800  0.0000  dflipfloplw_276
KE/RS/SFF_109                        31.6800      0.1     0.0000     31.6800  0.0000  dflipfloplw_275
KE/RS/SFF_11                         31.6800      0.1     0.0000     31.6800  0.0000  dflipfloplw_373
KE/RS/SFF_110                        31.6800      0.1     0.0000     31.6800  0.0000  dflipfloplw_274
KE/RS/SFF_111                        31.6800      0.1     0.0000     31.6800  0.0000  dflipfloplw_273
KE/RS/SFF_112                        31.6800      0.1     0.0000     31.6800  0.0000  dflipfloplw_272
KE/RS/SFF_113                        31.6800      0.1     0.0000     31.6800  0.0000  dflipfloplw_271
KE/RS/SFF_114                        31.6800      0.1     0.0000     31.6800  0.0000  dflipfloplw_270
KE/RS/SFF_115                        31.6800      0.1     0.0000     31.6800  0.0000  dflipfloplw_269
KE/RS/SFF_116                        31.6800      0.1     0.0000     31.6800  0.0000  dflipfloplw_268
KE/RS/SFF_117                        31.6800      0.1     0.0000     31.6800  0.0000  dflipfloplw_267
KE/RS/SFF_118                        31.6800      0.1     0.0000     31.6800  0.0000  dflipfloplw_266
KE/RS/SFF_119                        31.6800      0.1     0.0000     31.6800  0.0000  dflipfloplw_265
KE/RS/SFF_12                         31.6800      0.1     0.0000     31.6800  0.0000  dflipfloplw_372
KE/RS/SFF_120                        31.6800      0.1     0.0000     31.6800  0.0000  dflipfloplw_264
KE/RS/SFF_121                        31.6800      0.1     0.0000     31.6800  0.0000  dflipfloplw_263
KE/RS/SFF_122                        31.6800      0.1     0.0000     31.6800  0.0000  dflipfloplw_262
KE/RS/SFF_123                        31.6800      0.1     0.0000     31.6800  0.0000  dflipfloplw_261
KE/RS/SFF_124                        31.6800      0.1     0.0000     31.6800  0.0000  dflipfloplw_260
KE/RS/SFF_125                        31.6800      0.1     0.0000     31.6800  0.0000  dflipfloplw_259
KE/RS/SFF_126                        31.6800      0.1     0.0000     31.6800  0.0000  dflipfloplw_258
KE/RS/SFF_127                        31.6800      0.1     0.0000     31.6800  0.0000  dflipfloplw_257
KE/RS/SFF_128                        31.6800      0.1     0.0000     31.6800  0.0000  dflipfloplw_256
KE/RS/SFF_129                        31.6800      0.1     0.0000     31.6800  0.0000  dflipfloplw_255
KE/RS/SFF_13                         31.6800      0.1     0.0000     31.6800  0.0000  dflipfloplw_371
KE/RS/SFF_130                        31.6800      0.1     0.0000     31.6800  0.0000  dflipfloplw_254
KE/RS/SFF_131                        31.6800      0.1     0.0000     31.6800  0.0000  dflipfloplw_253
KE/RS/SFF_132                        31.6800      0.1     0.0000     31.6800  0.0000  dflipfloplw_252
KE/RS/SFF_133                        31.6800      0.1     0.0000     31.6800  0.0000  dflipfloplw_251
KE/RS/SFF_134                        31.6800      0.1     0.0000     31.6800  0.0000  dflipfloplw_250
KE/RS/SFF_135                        31.6800      0.1     0.0000     31.6800  0.0000  dflipfloplw_249
KE/RS/SFF_136                        31.6800      0.1     0.0000     31.6800  0.0000  dflipfloplw_248
KE/RS/SFF_137                        31.6800      0.1     0.0000     31.6800  0.0000  dflipfloplw_247
KE/RS/SFF_138                        31.6800      0.1     0.0000     31.6800  0.0000  dflipfloplw_246
KE/RS/SFF_139                        31.6800      0.1     0.0000     31.6800  0.0000  dflipfloplw_245
KE/RS/SFF_14                         31.6800      0.1     0.0000     31.6800  0.0000  dflipfloplw_370
KE/RS/SFF_140                        31.6800      0.1     0.0000     31.6800  0.0000  dflipfloplw_244
KE/RS/SFF_141                        31.6800      0.1     0.0000     31.6800  0.0000  dflipfloplw_243
KE/RS/SFF_142                        31.6800      0.1     0.0000     31.6800  0.0000  dflipfloplw_242
KE/RS/SFF_143                        31.6800      0.1     0.0000     31.6800  0.0000  dflipfloplw_241
KE/RS/SFF_144                        31.6800      0.1     0.0000     31.6800  0.0000  dflipfloplw_240
KE/RS/SFF_145                        31.6800      0.1     0.0000     31.6800  0.0000  dflipfloplw_239
KE/RS/SFF_146                        31.6800      0.1     0.0000     31.6800  0.0000  dflipfloplw_238
KE/RS/SFF_147                        31.6800      0.1     0.0000     31.6800  0.0000  dflipfloplw_237
KE/RS/SFF_148                        31.6800      0.1     0.0000     31.6800  0.0000  dflipfloplw_236
KE/RS/SFF_149                        31.6800      0.1     0.0000     31.6800  0.0000  dflipfloplw_235
KE/RS/SFF_15                         31.6800      0.1     0.0000     31.6800  0.0000  dflipfloplw_369
KE/RS/SFF_150                        31.6800      0.1     0.0000     31.6800  0.0000  dflipfloplw_234
KE/RS/SFF_151                        31.6800      0.1     0.0000     31.6800  0.0000  dflipfloplw_233
KE/RS/SFF_152                        31.6800      0.1     0.0000     31.6800  0.0000  dflipfloplw_232
KE/RS/SFF_153                        31.6800      0.1     0.0000     31.6800  0.0000  dflipfloplw_231
KE/RS/SFF_154                        31.6800      0.1     0.0000     31.6800  0.0000  dflipfloplw_230
KE/RS/SFF_155                        31.6800      0.1     0.0000     31.6800  0.0000  dflipfloplw_229
KE/RS/SFF_156                        31.6800      0.1     0.0000     31.6800  0.0000  dflipfloplw_228
KE/RS/SFF_157                        31.6800      0.1     0.0000     31.6800  0.0000  dflipfloplw_227
KE/RS/SFF_158                        31.6800      0.1     0.0000     31.6800  0.0000  dflipfloplw_226
KE/RS/SFF_159                        31.6800      0.1     0.0000     31.6800  0.0000  dflipfloplw_225
KE/RS/SFF_16                         31.6800      0.1     0.0000     31.6800  0.0000  dflipfloplw_368
KE/RS/SFF_160                        31.6800      0.1     0.0000     31.6800  0.0000  dflipfloplw_224
KE/RS/SFF_161                        31.6800      0.1     0.0000     31.6800  0.0000  dflipfloplw_223
KE/RS/SFF_162                        31.6800      0.1     0.0000     31.6800  0.0000  dflipfloplw_222
KE/RS/SFF_163                        31.6800      0.1     0.0000     31.6800  0.0000  dflipfloplw_221
KE/RS/SFF_164                        31.6800      0.1     0.0000     31.6800  0.0000  dflipfloplw_220
KE/RS/SFF_165                        31.6800      0.1     0.0000     31.6800  0.0000  dflipfloplw_219
KE/RS/SFF_166                        31.6800      0.1     0.0000     31.6800  0.0000  dflipfloplw_218
KE/RS/SFF_167                        31.6800      0.1     0.0000     31.6800  0.0000  dflipfloplw_217
KE/RS/SFF_168                        31.6800      0.1     0.0000     31.6800  0.0000  dflipfloplw_216
KE/RS/SFF_169                        31.6800      0.1     0.0000     31.6800  0.0000  dflipfloplw_215
KE/RS/SFF_17                         31.6800      0.1     0.0000     31.6800  0.0000  dflipfloplw_367
KE/RS/SFF_170                        31.6800      0.1     0.0000     31.6800  0.0000  dflipfloplw_214
KE/RS/SFF_171                        31.6800      0.1     0.0000     31.6800  0.0000  dflipfloplw_213
KE/RS/SFF_172                        31.6800      0.1     0.0000     31.6800  0.0000  dflipfloplw_212
KE/RS/SFF_173                        31.6800      0.1     0.0000     31.6800  0.0000  dflipfloplw_211
KE/RS/SFF_174                        31.6800      0.1     0.0000     31.6800  0.0000  dflipfloplw_210
KE/RS/SFF_175                        31.6800      0.1     0.0000     31.6800  0.0000  dflipfloplw_209
KE/RS/SFF_176                        31.6800      0.1     0.0000     31.6800  0.0000  dflipfloplw_208
KE/RS/SFF_177                        31.6800      0.1     0.0000     31.6800  0.0000  dflipfloplw_207
KE/RS/SFF_178                        31.6800      0.1     0.0000     31.6800  0.0000  dflipfloplw_206
KE/RS/SFF_179                        31.6800      0.1     0.0000     31.6800  0.0000  dflipfloplw_205
KE/RS/SFF_18                         31.6800      0.1     0.0000     31.6800  0.0000  dflipfloplw_366
KE/RS/SFF_180                        31.6800      0.1     0.0000     31.6800  0.0000  dflipfloplw_204
KE/RS/SFF_181                        31.6800      0.1     0.0000     31.6800  0.0000  dflipfloplw_203
KE/RS/SFF_182                        31.6800      0.1     0.0000     31.6800  0.0000  dflipfloplw_202
KE/RS/SFF_183                        31.6800      0.1     0.0000     31.6800  0.0000  dflipfloplw_201
KE/RS/SFF_184                        31.6800      0.1     0.0000     31.6800  0.0000  dflipfloplw_200
KE/RS/SFF_185                        31.6800      0.1     0.0000     31.6800  0.0000  dflipfloplw_199
KE/RS/SFF_186                        31.6800      0.1     0.0000     31.6800  0.0000  dflipfloplw_198
KE/RS/SFF_187                        31.6800      0.1     0.0000     31.6800  0.0000  dflipfloplw_197
KE/RS/SFF_188                        31.6800      0.1     0.0000     31.6800  0.0000  dflipfloplw_196
KE/RS/SFF_189                        31.6800      0.1     0.0000     31.6800  0.0000  dflipfloplw_195
KE/RS/SFF_19                         31.6800      0.1     0.0000     31.6800  0.0000  dflipfloplw_365
KE/RS/SFF_190                        31.6800      0.1     0.0000     31.6800  0.0000  dflipfloplw_194
KE/RS/SFF_191                        31.6800      0.1     0.0000     31.6800  0.0000  dflipfloplw_193
KE/RS/SFF_192                        31.6800      0.1     0.0000     31.6800  0.0000  dflipfloplw_192
KE/RS/SFF_193                        31.6800      0.1     0.0000     31.6800  0.0000  dflipfloplw_191
KE/RS/SFF_194                        31.6800      0.1     0.0000     31.6800  0.0000  dflipfloplw_190
KE/RS/SFF_195                        31.6800      0.1     0.0000     31.6800  0.0000  dflipfloplw_189
KE/RS/SFF_196                        31.6800      0.1     0.0000     31.6800  0.0000  dflipfloplw_188
KE/RS/SFF_197                        31.6800      0.1     0.0000     31.6800  0.0000  dflipfloplw_187
KE/RS/SFF_198                        31.6800      0.1     0.0000     31.6800  0.0000  dflipfloplw_186
KE/RS/SFF_199                        31.6800      0.1     0.0000     31.6800  0.0000  dflipfloplw_185
KE/RS/SFF_2                          31.6800      0.1     0.0000     31.6800  0.0000  dflipfloplw_382
KE/RS/SFF_20                         31.6800      0.1     0.0000     31.6800  0.0000  dflipfloplw_364
KE/RS/SFF_200                        31.6800      0.1     0.0000     31.6800  0.0000  dflipfloplw_184
KE/RS/SFF_201                        31.6800      0.1     0.0000     31.6800  0.0000  dflipfloplw_183
KE/RS/SFF_202                        31.6800      0.1     0.0000     31.6800  0.0000  dflipfloplw_182
KE/RS/SFF_203                        31.6800      0.1     0.0000     31.6800  0.0000  dflipfloplw_181
KE/RS/SFF_204                        31.6800      0.1     0.0000     31.6800  0.0000  dflipfloplw_180
KE/RS/SFF_205                        31.6800      0.1     0.0000     31.6800  0.0000  dflipfloplw_179
KE/RS/SFF_206                        31.6800      0.1     0.0000     31.6800  0.0000  dflipfloplw_178
KE/RS/SFF_207                        31.6800      0.1     0.0000     31.6800  0.0000  dflipfloplw_177
KE/RS/SFF_208                        31.6800      0.1     0.0000     31.6800  0.0000  dflipfloplw_176
KE/RS/SFF_209                        31.6800      0.1     0.0000     31.6800  0.0000  dflipfloplw_175
KE/RS/SFF_21                         31.6800      0.1     0.0000     31.6800  0.0000  dflipfloplw_363
KE/RS/SFF_210                        31.6800      0.1     0.0000     31.6800  0.0000  dflipfloplw_174
KE/RS/SFF_211                        31.6800      0.1     0.0000     31.6800  0.0000  dflipfloplw_173
KE/RS/SFF_212                        31.6800      0.1     0.0000     31.6800  0.0000  dflipfloplw_172
KE/RS/SFF_213                        31.6800      0.1     0.0000     31.6800  0.0000  dflipfloplw_171
KE/RS/SFF_214                        31.6800      0.1     0.0000     31.6800  0.0000  dflipfloplw_170
KE/RS/SFF_215                        31.6800      0.1     0.0000     31.6800  0.0000  dflipfloplw_169
KE/RS/SFF_216                        31.6800      0.1     0.0000     31.6800  0.0000  dflipfloplw_168
KE/RS/SFF_217                        31.6800      0.1     0.0000     31.6800  0.0000  dflipfloplw_167
KE/RS/SFF_218                        31.6800      0.1     0.0000     31.6800  0.0000  dflipfloplw_166
KE/RS/SFF_219                        31.6800      0.1     0.0000     31.6800  0.0000  dflipfloplw_165
KE/RS/SFF_22                         31.6800      0.1     0.0000     31.6800  0.0000  dflipfloplw_362
KE/RS/SFF_220                        31.6800      0.1     0.0000     31.6800  0.0000  dflipfloplw_164
KE/RS/SFF_221                        31.6800      0.1     0.0000     31.6800  0.0000  dflipfloplw_163
KE/RS/SFF_222                        31.6800      0.1     0.0000     31.6800  0.0000  dflipfloplw_162
KE/RS/SFF_223                        31.6800      0.1     0.0000     31.6800  0.0000  dflipfloplw_161
KE/RS/SFF_224                        31.6800      0.1     0.0000     31.6800  0.0000  dflipfloplw_160
KE/RS/SFF_225                        31.6800      0.1     0.0000     31.6800  0.0000  dflipfloplw_159
KE/RS/SFF_226                        31.6800      0.1     0.0000     31.6800  0.0000  dflipfloplw_158
KE/RS/SFF_227                        31.6800      0.1     0.0000     31.6800  0.0000  dflipfloplw_157
KE/RS/SFF_228                        31.6800      0.1     0.0000     31.6800  0.0000  dflipfloplw_156
KE/RS/SFF_229                        31.6800      0.1     0.0000     31.6800  0.0000  dflipfloplw_155
KE/RS/SFF_23                         31.6800      0.1     0.0000     31.6800  0.0000  dflipfloplw_361
KE/RS/SFF_230                        31.6800      0.1     0.0000     31.6800  0.0000  dflipfloplw_154
KE/RS/SFF_231                        31.6800      0.1     0.0000     31.6800  0.0000  dflipfloplw_153
KE/RS/SFF_232                        31.6800      0.1     0.0000     31.6800  0.0000  dflipfloplw_152
KE/RS/SFF_233                        31.6800      0.1     0.0000     31.6800  0.0000  dflipfloplw_151
KE/RS/SFF_234                        31.6800      0.1     0.0000     31.6800  0.0000  dflipfloplw_150
KE/RS/SFF_235                        31.6800      0.1     0.0000     31.6800  0.0000  dflipfloplw_149
KE/RS/SFF_236                        31.6800      0.1     0.0000     31.6800  0.0000  dflipfloplw_148
KE/RS/SFF_237                        31.6800      0.1     0.0000     31.6800  0.0000  dflipfloplw_147
KE/RS/SFF_238                        31.6800      0.1     0.0000     31.6800  0.0000  dflipfloplw_146
KE/RS/SFF_239                        31.6800      0.1     0.0000     31.6800  0.0000  dflipfloplw_145
KE/RS/SFF_24                         31.6800      0.1     0.0000     31.6800  0.0000  dflipfloplw_360
KE/RS/SFF_240                        31.6800      0.1     0.0000     31.6800  0.0000  dflipfloplw_144
KE/RS/SFF_241                        31.6800      0.1     0.0000     31.6800  0.0000  dflipfloplw_143
KE/RS/SFF_242                        31.6800      0.1     0.0000     31.6800  0.0000  dflipfloplw_142
KE/RS/SFF_243                        31.6800      0.1     0.0000     31.6800  0.0000  dflipfloplw_141
KE/RS/SFF_244                        31.6800      0.1     0.0000     31.6800  0.0000  dflipfloplw_140
KE/RS/SFF_245                        31.6800      0.1     0.0000     31.6800  0.0000  dflipfloplw_139
KE/RS/SFF_246                        31.6800      0.1     0.0000     31.6800  0.0000  dflipfloplw_138
KE/RS/SFF_247                        31.6800      0.1     0.0000     31.6800  0.0000  dflipfloplw_137
KE/RS/SFF_248                        31.6800      0.1     0.0000     31.6800  0.0000  dflipfloplw_136
KE/RS/SFF_249                        31.6800      0.1     0.0000     31.6800  0.0000  dflipfloplw_135
KE/RS/SFF_25                         31.6800      0.1     0.0000     31.6800  0.0000  dflipfloplw_359
KE/RS/SFF_250                        31.6800      0.1     0.0000     31.6800  0.0000  dflipfloplw_134
KE/RS/SFF_251                        31.6800      0.1     0.0000     31.6800  0.0000  dflipfloplw_133
KE/RS/SFF_252                        31.6800      0.1     0.0000     31.6800  0.0000  dflipfloplw_132
KE/RS/SFF_253                        31.6800      0.1     0.0000     31.6800  0.0000  dflipfloplw_131
KE/RS/SFF_254                        31.6800      0.1     0.0000     31.6800  0.0000  dflipfloplw_130
KE/RS/SFF_255                        31.6800      0.1     0.0000     31.6800  0.0000  dflipfloplw_129
KE/RS/SFF_256                        31.6800      0.1     0.0000     31.6800  0.0000  dflipfloplw_128
KE/RS/SFF_257                        31.6800      0.1     0.0000     31.6800  0.0000  dflipfloplw_127
KE/RS/SFF_258                        31.6800      0.1     0.0000     31.6800  0.0000  dflipfloplw_126
KE/RS/SFF_259                        31.6800      0.1     0.0000     31.6800  0.0000  dflipfloplw_125
KE/RS/SFF_26                         31.6800      0.1     0.0000     31.6800  0.0000  dflipfloplw_358
KE/RS/SFF_260                        31.6800      0.1     0.0000     31.6800  0.0000  dflipfloplw_124
KE/RS/SFF_261                        31.6800      0.1     0.0000     31.6800  0.0000  dflipfloplw_123
KE/RS/SFF_262                        31.6800      0.1     0.0000     31.6800  0.0000  dflipfloplw_122
KE/RS/SFF_263                        31.6800      0.1     0.0000     31.6800  0.0000  dflipfloplw_121
KE/RS/SFF_264                        31.6800      0.1     0.0000     31.6800  0.0000  dflipfloplw_120
KE/RS/SFF_265                        31.6800      0.1     0.0000     31.6800  0.0000  dflipfloplw_119
KE/RS/SFF_266                        31.6800      0.1     0.0000     31.6800  0.0000  dflipfloplw_118
KE/RS/SFF_267                        31.6800      0.1     0.0000     31.6800  0.0000  dflipfloplw_117
KE/RS/SFF_268                        31.6800      0.1     0.0000     31.6800  0.0000  dflipfloplw_116
KE/RS/SFF_269                        31.6800      0.1     0.0000     31.6800  0.0000  dflipfloplw_115
KE/RS/SFF_27                         31.6800      0.1     0.0000     31.6800  0.0000  dflipfloplw_357
KE/RS/SFF_270                        31.6800      0.1     0.0000     31.6800  0.0000  dflipfloplw_114
KE/RS/SFF_271                        31.6800      0.1     0.0000     31.6800  0.0000  dflipfloplw_113
KE/RS/SFF_272                        31.6800      0.1     0.0000     31.6800  0.0000  dflipfloplw_112
KE/RS/SFF_273                        31.6800      0.1     0.0000     31.6800  0.0000  dflipfloplw_111
KE/RS/SFF_274                        31.6800      0.1     0.0000     31.6800  0.0000  dflipfloplw_110
KE/RS/SFF_275                        31.6800      0.1     0.0000     31.6800  0.0000  dflipfloplw_109
KE/RS/SFF_276                        31.6800      0.1     0.0000     31.6800  0.0000  dflipfloplw_108
KE/RS/SFF_277                        31.6800      0.1     0.0000     31.6800  0.0000  dflipfloplw_107
KE/RS/SFF_278                        31.6800      0.1     0.0000     31.6800  0.0000  dflipfloplw_106
KE/RS/SFF_279                        31.6800      0.1     0.0000     31.6800  0.0000  dflipfloplw_105
KE/RS/SFF_28                         31.6800      0.1     0.0000     31.6800  0.0000  dflipfloplw_356
KE/RS/SFF_280                        31.6800      0.1     0.0000     31.6800  0.0000  dflipfloplw_104
KE/RS/SFF_281                        31.6800      0.1     0.0000     31.6800  0.0000  dflipfloplw_103
KE/RS/SFF_282                        31.6800      0.1     0.0000     31.6800  0.0000  dflipfloplw_102
KE/RS/SFF_283                        31.6800      0.1     0.0000     31.6800  0.0000  dflipfloplw_101
KE/RS/SFF_284                        31.6800      0.1     0.0000     31.6800  0.0000  dflipfloplw_100
KE/RS/SFF_285                        31.6800      0.1     0.0000     31.6800  0.0000  dflipfloplw_99
KE/RS/SFF_286                        31.6800      0.1     0.0000     31.6800  0.0000  dflipfloplw_98
KE/RS/SFF_287                        31.6800      0.1     0.0000     31.6800  0.0000  dflipfloplw_97
KE/RS/SFF_288                        31.6800      0.1     0.0000     31.6800  0.0000  dflipfloplw_96
KE/RS/SFF_289                        31.6800      0.1     0.0000     31.6800  0.0000  dflipfloplw_95
KE/RS/SFF_29                         31.6800      0.1     0.0000     31.6800  0.0000  dflipfloplw_355
KE/RS/SFF_290                        31.6800      0.1     0.0000     31.6800  0.0000  dflipfloplw_94
KE/RS/SFF_291                        31.6800      0.1     0.0000     31.6800  0.0000  dflipfloplw_93
KE/RS/SFF_292                        31.6800      0.1     0.0000     31.6800  0.0000  dflipfloplw_92
KE/RS/SFF_293                        31.6800      0.1     0.0000     31.6800  0.0000  dflipfloplw_91
KE/RS/SFF_294                        31.6800      0.1     0.0000     31.6800  0.0000  dflipfloplw_90
KE/RS/SFF_295                        31.6800      0.1     0.0000     31.6800  0.0000  dflipfloplw_89
KE/RS/SFF_296                        31.6800      0.1     0.0000     31.6800  0.0000  dflipfloplw_88
KE/RS/SFF_297                        31.6800      0.1     0.0000     31.6800  0.0000  dflipfloplw_87
KE/RS/SFF_298                        31.6800      0.1     0.0000     31.6800  0.0000  dflipfloplw_86
KE/RS/SFF_299                        31.6800      0.1     0.0000     31.6800  0.0000  dflipfloplw_85
KE/RS/SFF_3                          31.6800      0.1     0.0000     31.6800  0.0000  dflipfloplw_381
KE/RS/SFF_30                         31.6800      0.1     0.0000     31.6800  0.0000  dflipfloplw_354
KE/RS/SFF_300                        31.6800      0.1     0.0000     31.6800  0.0000  dflipfloplw_84
KE/RS/SFF_301                        31.6800      0.1     0.0000     31.6800  0.0000  dflipfloplw_83
KE/RS/SFF_302                        31.6800      0.1     0.0000     31.6800  0.0000  dflipfloplw_82
KE/RS/SFF_303                        31.6800      0.1     0.0000     31.6800  0.0000  dflipfloplw_81
KE/RS/SFF_304                        31.6800      0.1     0.0000     31.6800  0.0000  dflipfloplw_80
KE/RS/SFF_305                        31.6800      0.1     0.0000     31.6800  0.0000  dflipfloplw_79
KE/RS/SFF_306                        31.6800      0.1     0.0000     31.6800  0.0000  dflipfloplw_78
KE/RS/SFF_307                        31.6800      0.1     0.0000     31.6800  0.0000  dflipfloplw_77
KE/RS/SFF_308                        31.6800      0.1     0.0000     31.6800  0.0000  dflipfloplw_76
KE/RS/SFF_309                        31.6800      0.1     0.0000     31.6800  0.0000  dflipfloplw_75
KE/RS/SFF_31                         31.6800      0.1     0.0000     31.6800  0.0000  dflipfloplw_353
KE/RS/SFF_310                        31.6800      0.1     0.0000     31.6800  0.0000  dflipfloplw_74
KE/RS/SFF_311                        31.6800      0.1     0.0000     31.6800  0.0000  dflipfloplw_73
KE/RS/SFF_312                        31.6800      0.1     0.0000     31.6800  0.0000  dflipfloplw_72
KE/RS/SFF_313                        31.6800      0.1     0.0000     31.6800  0.0000  dflipfloplw_71
KE/RS/SFF_314                        31.6800      0.1     0.0000     31.6800  0.0000  dflipfloplw_70
KE/RS/SFF_315                        31.6800      0.1     0.0000     31.6800  0.0000  dflipfloplw_69
KE/RS/SFF_316                        31.6800      0.1     0.0000     31.6800  0.0000  dflipfloplw_68
KE/RS/SFF_317                        31.6800      0.1     0.0000     31.6800  0.0000  dflipfloplw_67
KE/RS/SFF_318                        31.6800      0.1     0.0000     31.6800  0.0000  dflipfloplw_66
KE/RS/SFF_319                        31.6800      0.1     0.0000     31.6800  0.0000  dflipfloplw_65
KE/RS/SFF_32                         31.6800      0.1     0.0000     31.6800  0.0000  dflipfloplw_352
KE/RS/SFF_320                        31.6800      0.1     0.0000     31.6800  0.0000  dflipfloplw_64
KE/RS/SFF_321                        31.6800      0.1     0.0000     31.6800  0.0000  dflipfloplw_63
KE/RS/SFF_322                        31.6800      0.1     0.0000     31.6800  0.0000  dflipfloplw_62
KE/RS/SFF_323                        31.6800      0.1     0.0000     31.6800  0.0000  dflipfloplw_61
KE/RS/SFF_324                        31.6800      0.1     0.0000     31.6800  0.0000  dflipfloplw_60
KE/RS/SFF_325                        31.6800      0.1     0.0000     31.6800  0.0000  dflipfloplw_59
KE/RS/SFF_326                        31.6800      0.1     0.0000     31.6800  0.0000  dflipfloplw_58
KE/RS/SFF_327                        31.6800      0.1     0.0000     31.6800  0.0000  dflipfloplw_57
KE/RS/SFF_328                        31.6800      0.1     0.0000     31.6800  0.0000  dflipfloplw_56
KE/RS/SFF_329                        31.6800      0.1     0.0000     31.6800  0.0000  dflipfloplw_55
KE/RS/SFF_33                         31.6800      0.1     0.0000     31.6800  0.0000  dflipfloplw_351
KE/RS/SFF_330                        31.6800      0.1     0.0000     31.6800  0.0000  dflipfloplw_54
KE/RS/SFF_331                        31.6800      0.1     0.0000     31.6800  0.0000  dflipfloplw_53
KE/RS/SFF_332                        31.6800      0.1     0.0000     31.6800  0.0000  dflipfloplw_52
KE/RS/SFF_333                        31.6800      0.1     0.0000     31.6800  0.0000  dflipfloplw_51
KE/RS/SFF_334                        31.6800      0.1     0.0000     31.6800  0.0000  dflipfloplw_50
KE/RS/SFF_335                        31.6800      0.1     0.0000     31.6800  0.0000  dflipfloplw_49
KE/RS/SFF_336                        31.6800      0.1     0.0000     31.6800  0.0000  dflipfloplw_48
KE/RS/SFF_337                        31.6800      0.1     0.0000     31.6800  0.0000  dflipfloplw_47
KE/RS/SFF_338                        31.6800      0.1     0.0000     31.6800  0.0000  dflipfloplw_46
KE/RS/SFF_339                        31.6800      0.1     0.0000     31.6800  0.0000  dflipfloplw_45
KE/RS/SFF_34                         31.6800      0.1     0.0000     31.6800  0.0000  dflipfloplw_350
KE/RS/SFF_340                        31.6800      0.1     0.0000     31.6800  0.0000  dflipfloplw_44
KE/RS/SFF_341                        31.6800      0.1     0.0000     31.6800  0.0000  dflipfloplw_43
KE/RS/SFF_342                        31.6800      0.1     0.0000     31.6800  0.0000  dflipfloplw_42
KE/RS/SFF_343                        31.6800      0.1     0.0000     31.6800  0.0000  dflipfloplw_41
KE/RS/SFF_344                        31.6800      0.1     0.0000     31.6800  0.0000  dflipfloplw_40
KE/RS/SFF_345                        31.6800      0.1     0.0000     31.6800  0.0000  dflipfloplw_39
KE/RS/SFF_346                        31.6800      0.1     0.0000     31.6800  0.0000  dflipfloplw_38
KE/RS/SFF_347                        31.6800      0.1     0.0000     31.6800  0.0000  dflipfloplw_37
KE/RS/SFF_348                        31.6800      0.1     0.0000     31.6800  0.0000  dflipfloplw_36
KE/RS/SFF_349                        31.6800      0.1     0.0000     31.6800  0.0000  dflipfloplw_35
KE/RS/SFF_35                         31.6800      0.1     0.0000     31.6800  0.0000  dflipfloplw_349
KE/RS/SFF_350                        31.6800      0.1     0.0000     31.6800  0.0000  dflipfloplw_34
KE/RS/SFF_351                        31.6800      0.1     0.0000     31.6800  0.0000  dflipfloplw_33
KE/RS/SFF_352                        31.6800      0.1     0.0000     31.6800  0.0000  dflipfloplw_32
KE/RS/SFF_353                        31.6800      0.1     0.0000     31.6800  0.0000  dflipfloplw_31
KE/RS/SFF_354                        31.6800      0.1     0.0000     31.6800  0.0000  dflipfloplw_30
KE/RS/SFF_355                        31.6800      0.1     0.0000     31.6800  0.0000  dflipfloplw_29
KE/RS/SFF_356                        31.6800      0.1     0.0000     31.6800  0.0000  dflipfloplw_28
KE/RS/SFF_357                        31.6800      0.1     0.0000     31.6800  0.0000  dflipfloplw_27
KE/RS/SFF_358                        31.6800      0.1     0.0000     31.6800  0.0000  dflipfloplw_26
KE/RS/SFF_359                        31.6800      0.1     0.0000     31.6800  0.0000  dflipfloplw_25
KE/RS/SFF_36                         31.6800      0.1     0.0000     31.6800  0.0000  dflipfloplw_348
KE/RS/SFF_360                        31.6800      0.1     0.0000     31.6800  0.0000  dflipfloplw_24
KE/RS/SFF_361                        31.6800      0.1     0.0000     31.6800  0.0000  dflipfloplw_23
KE/RS/SFF_362                        31.6800      0.1     0.0000     31.6800  0.0000  dflipfloplw_22
KE/RS/SFF_363                        31.6800      0.1     0.0000     31.6800  0.0000  dflipfloplw_21
KE/RS/SFF_364                        31.6800      0.1     0.0000     31.6800  0.0000  dflipfloplw_20
KE/RS/SFF_365                        31.6800      0.1     0.0000     31.6800  0.0000  dflipfloplw_19
KE/RS/SFF_366                        31.6800      0.1     0.0000     31.6800  0.0000  dflipfloplw_18
KE/RS/SFF_367                        31.6800      0.1     0.0000     31.6800  0.0000  dflipfloplw_17
KE/RS/SFF_368                        31.6800      0.1     0.0000     31.6800  0.0000  dflipfloplw_16
KE/RS/SFF_369                        31.6800      0.1     0.0000     31.6800  0.0000  dflipfloplw_15
KE/RS/SFF_37                         31.6800      0.1     0.0000     31.6800  0.0000  dflipfloplw_347
KE/RS/SFF_370                        31.6800      0.1     0.0000     31.6800  0.0000  dflipfloplw_14
KE/RS/SFF_371                        31.6800      0.1     0.0000     31.6800  0.0000  dflipfloplw_13
KE/RS/SFF_372                        31.6800      0.1     0.0000     31.6800  0.0000  dflipfloplw_12
KE/RS/SFF_373                        31.6800      0.1     0.0000     31.6800  0.0000  dflipfloplw_11
KE/RS/SFF_374                        31.6800      0.1     0.0000     31.6800  0.0000  dflipfloplw_10
KE/RS/SFF_375                        31.6800      0.1     0.0000     31.6800  0.0000  dflipfloplw_9
KE/RS/SFF_376                        31.6800      0.1     0.0000     31.6800  0.0000  dflipfloplw_8
KE/RS/SFF_377                        31.6800      0.1     0.0000     31.6800  0.0000  dflipfloplw_7
KE/RS/SFF_378                        31.6800      0.1     0.0000     31.6800  0.0000  dflipfloplw_6
KE/RS/SFF_379                        31.6800      0.1     0.0000     31.6800  0.0000  dflipfloplw_5
KE/RS/SFF_38                         31.6800      0.1     0.0000     31.6800  0.0000  dflipfloplw_346
KE/RS/SFF_380                        31.6800      0.1     0.0000     31.6800  0.0000  dflipfloplw_4
KE/RS/SFF_381                        31.6800      0.1     0.0000     31.6800  0.0000  dflipfloplw_3
KE/RS/SFF_382                        31.6800      0.1     0.0000     31.6800  0.0000  dflipfloplw_2
KE/RS/SFF_383                        31.6800      0.1     0.0000     31.6800  0.0000  dflipfloplw_1
KE/RS/SFF_39                         31.6800      0.1     0.0000     31.6800  0.0000  dflipfloplw_345
KE/RS/SFF_4                          31.6800      0.1     0.0000     31.6800  0.0000  dflipfloplw_380
KE/RS/SFF_40                         31.6800      0.1     0.0000     31.6800  0.0000  dflipfloplw_344
KE/RS/SFF_41                         31.6800      0.1     0.0000     31.6800  0.0000  dflipfloplw_343
KE/RS/SFF_42                         31.6800      0.1     0.0000     31.6800  0.0000  dflipfloplw_342
KE/RS/SFF_43                         31.6800      0.1     0.0000     31.6800  0.0000  dflipfloplw_341
KE/RS/SFF_44                         31.6800      0.1     0.0000     31.6800  0.0000  dflipfloplw_340
KE/RS/SFF_45                         31.6800      0.1     0.0000     31.6800  0.0000  dflipfloplw_339
KE/RS/SFF_46                         31.6800      0.1     0.0000     31.6800  0.0000  dflipfloplw_338
KE/RS/SFF_47                         31.6800      0.1     0.0000     31.6800  0.0000  dflipfloplw_337
KE/RS/SFF_48                         31.6800      0.1     0.0000     31.6800  0.0000  dflipfloplw_336
KE/RS/SFF_49                         31.6800      0.1     0.0000     31.6800  0.0000  dflipfloplw_335
KE/RS/SFF_5                          31.6800      0.1     0.0000     31.6800  0.0000  dflipfloplw_379
KE/RS/SFF_50                         31.6800      0.1     0.0000     31.6800  0.0000  dflipfloplw_334
KE/RS/SFF_51                         31.6800      0.1     0.0000     31.6800  0.0000  dflipfloplw_333
KE/RS/SFF_52                         31.6800      0.1     0.0000     31.6800  0.0000  dflipfloplw_332
KE/RS/SFF_53                         31.6800      0.1     0.0000     31.6800  0.0000  dflipfloplw_331
KE/RS/SFF_54                         31.6800      0.1     0.0000     31.6800  0.0000  dflipfloplw_330
KE/RS/SFF_55                         31.6800      0.1     0.0000     31.6800  0.0000  dflipfloplw_329
KE/RS/SFF_56                         31.6800      0.1     0.0000     31.6800  0.0000  dflipfloplw_328
KE/RS/SFF_57                         31.6800      0.1     0.0000     31.6800  0.0000  dflipfloplw_327
KE/RS/SFF_58                         31.6800      0.1     0.0000     31.6800  0.0000  dflipfloplw_326
KE/RS/SFF_59                         31.6800      0.1     0.0000     31.6800  0.0000  dflipfloplw_325
KE/RS/SFF_6                          31.6800      0.1     0.0000     31.6800  0.0000  dflipfloplw_378
KE/RS/SFF_60                         31.6800      0.1     0.0000     31.6800  0.0000  dflipfloplw_324
KE/RS/SFF_61                         31.6800      0.1     0.0000     31.6800  0.0000  dflipfloplw_323
KE/RS/SFF_62                         31.6800      0.1     0.0000     31.6800  0.0000  dflipfloplw_322
KE/RS/SFF_63                         31.6800      0.1     0.0000     31.6800  0.0000  dflipfloplw_321
KE/RS/SFF_64                         31.6800      0.1     0.0000     31.6800  0.0000  dflipfloplw_320
KE/RS/SFF_65                         31.6800      0.1     0.0000     31.6800  0.0000  dflipfloplw_319
KE/RS/SFF_66                         31.6800      0.1     0.0000     31.6800  0.0000  dflipfloplw_318
KE/RS/SFF_67                         31.6800      0.1     0.0000     31.6800  0.0000  dflipfloplw_317
KE/RS/SFF_68                         31.6800      0.1     0.0000     31.6800  0.0000  dflipfloplw_316
KE/RS/SFF_69                         31.6800      0.1     0.0000     31.6800  0.0000  dflipfloplw_315
KE/RS/SFF_7                          31.6800      0.1     0.0000     31.6800  0.0000  dflipfloplw_377
KE/RS/SFF_70                         31.6800      0.1     0.0000     31.6800  0.0000  dflipfloplw_314
KE/RS/SFF_71                         31.6800      0.1     0.0000     31.6800  0.0000  dflipfloplw_313
KE/RS/SFF_72                         31.6800      0.1     0.0000     31.6800  0.0000  dflipfloplw_312
KE/RS/SFF_73                         31.6800      0.1     0.0000     31.6800  0.0000  dflipfloplw_311
KE/RS/SFF_74                         31.6800      0.1     0.0000     31.6800  0.0000  dflipfloplw_310
KE/RS/SFF_75                         31.6800      0.1     0.0000     31.6800  0.0000  dflipfloplw_309
KE/RS/SFF_76                         31.6800      0.1     0.0000     31.6800  0.0000  dflipfloplw_308
KE/RS/SFF_77                         31.6800      0.1     0.0000     31.6800  0.0000  dflipfloplw_307
KE/RS/SFF_78                         31.6800      0.1     0.0000     31.6800  0.0000  dflipfloplw_306
KE/RS/SFF_79                         31.6800      0.1     0.0000     31.6800  0.0000  dflipfloplw_305
KE/RS/SFF_8                          31.6800      0.1     0.0000     31.6800  0.0000  dflipfloplw_376
KE/RS/SFF_80                         31.6800      0.1     0.0000     31.6800  0.0000  dflipfloplw_304
KE/RS/SFF_81                         31.6800      0.1     0.0000     31.6800  0.0000  dflipfloplw_303
KE/RS/SFF_82                         31.6800      0.1     0.0000     31.6800  0.0000  dflipfloplw_302
KE/RS/SFF_83                         31.6800      0.1     0.0000     31.6800  0.0000  dflipfloplw_301
KE/RS/SFF_84                         31.6800      0.1     0.0000     31.6800  0.0000  dflipfloplw_300
KE/RS/SFF_85                         31.6800      0.1     0.0000     31.6800  0.0000  dflipfloplw_299
KE/RS/SFF_86                         31.6800      0.1     0.0000     31.6800  0.0000  dflipfloplw_298
KE/RS/SFF_87                         31.6800      0.1     0.0000     31.6800  0.0000  dflipfloplw_297
KE/RS/SFF_88                         31.6800      0.1     0.0000     31.6800  0.0000  dflipfloplw_296
KE/RS/SFF_89                         31.6800      0.1     0.0000     31.6800  0.0000  dflipfloplw_295
KE/RS/SFF_9                          31.6800      0.1     0.0000     31.6800  0.0000  dflipfloplw_375
KE/RS/SFF_90                         31.6800      0.1     0.0000     31.6800  0.0000  dflipfloplw_294
KE/RS/SFF_91                         31.6800      0.1     0.0000     31.6800  0.0000  dflipfloplw_293
KE/RS/SFF_92                         31.6800      0.1     0.0000     31.6800  0.0000  dflipfloplw_292
KE/RS/SFF_93                         31.6800      0.1     0.0000     31.6800  0.0000  dflipfloplw_291
KE/RS/SFF_94                         31.6800      0.1     0.0000     31.6800  0.0000  dflipfloplw_290
KE/RS/SFF_95                         31.6800      0.1     0.0000     31.6800  0.0000  dflipfloplw_289
KE/RS/SFF_96                         31.6800      0.1     0.0000     31.6800  0.0000  dflipfloplw_288
KE/RS/SFF_97                         31.6800      0.1     0.0000     31.6800  0.0000  dflipfloplw_287
KE/RS/SFF_98                         31.6800      0.1     0.0000     31.6800  0.0000  dflipfloplw_286
KE/RS/SFF_99                         31.6800      0.1     0.0000     31.6800  0.0000  dflipfloplw_285
RF                                 9473.7881     43.0     0.0000      0.0000  0.0000  RoundFunction_1_2
RF/KA                              2285.2827     10.4  2285.2827      0.0000  0.0000  AddConstKey_1_2
RF/MC                              1105.9208      5.0  1105.9208      0.0000  0.0000  MixColumns_1
RF/RS                              4055.0371     18.4     0.0000      0.0000  0.0000  ScanFF_SIZE128
RF/RS/SFF_0                          31.6800      0.1     0.0000     31.6800  0.0000  dflipfloplw_0
RF/RS/SFF_1                          31.6800      0.1     0.0000     31.6800  0.0000  dflipfloplw_511
RF/RS/SFF_10                         31.6800      0.1     0.0000     31.6800  0.0000  dflipfloplw_502
RF/RS/SFF_100                        31.6800      0.1     0.0000     31.6800  0.0000  dflipfloplw_412
RF/RS/SFF_101                        31.6800      0.1     0.0000     31.6800  0.0000  dflipfloplw_411
RF/RS/SFF_102                        31.6800      0.1     0.0000     31.6800  0.0000  dflipfloplw_410
RF/RS/SFF_103                        31.6800      0.1     0.0000     31.6800  0.0000  dflipfloplw_409
RF/RS/SFF_104                        31.6800      0.1     0.0000     31.6800  0.0000  dflipfloplw_408
RF/RS/SFF_105                        31.6800      0.1     0.0000     31.6800  0.0000  dflipfloplw_407
RF/RS/SFF_106                        31.6800      0.1     0.0000     31.6800  0.0000  dflipfloplw_406
RF/RS/SFF_107                        31.6800      0.1     0.0000     31.6800  0.0000  dflipfloplw_405
RF/RS/SFF_108                        31.6800      0.1     0.0000     31.6800  0.0000  dflipfloplw_404
RF/RS/SFF_109                        31.6800      0.1     0.0000     31.6800  0.0000  dflipfloplw_403
RF/RS/SFF_11                         31.6800      0.1     0.0000     31.6800  0.0000  dflipfloplw_501
RF/RS/SFF_110                        31.6800      0.1     0.0000     31.6800  0.0000  dflipfloplw_402
RF/RS/SFF_111                        31.6800      0.1     0.0000     31.6800  0.0000  dflipfloplw_401
RF/RS/SFF_112                        31.6800      0.1     0.0000     31.6800  0.0000  dflipfloplw_400
RF/RS/SFF_113                        31.6800      0.1     0.0000     31.6800  0.0000  dflipfloplw_399
RF/RS/SFF_114                        31.6800      0.1     0.0000     31.6800  0.0000  dflipfloplw_398
RF/RS/SFF_115                        31.6800      0.1     0.0000     31.6800  0.0000  dflipfloplw_397
RF/RS/SFF_116                        31.6800      0.1     0.0000     31.6800  0.0000  dflipfloplw_396
RF/RS/SFF_117                        31.6800      0.1     0.0000     31.6800  0.0000  dflipfloplw_395
RF/RS/SFF_118                        31.6800      0.1     0.0000     31.6800  0.0000  dflipfloplw_394
RF/RS/SFF_119                        31.6800      0.1     0.0000     31.6800  0.0000  dflipfloplw_393
RF/RS/SFF_12                         31.6800      0.1     0.0000     31.6800  0.0000  dflipfloplw_500
RF/RS/SFF_120                        31.6800      0.1     0.0000     31.6800  0.0000  dflipfloplw_392
RF/RS/SFF_121                        31.6800      0.1     0.0000     31.6800  0.0000  dflipfloplw_391
RF/RS/SFF_122                        31.6800      0.1     0.0000     31.6800  0.0000  dflipfloplw_390
RF/RS/SFF_123                        31.6800      0.1     0.0000     31.6800  0.0000  dflipfloplw_389
RF/RS/SFF_124                        31.6800      0.1     0.0000     31.6800  0.0000  dflipfloplw_388
RF/RS/SFF_125                        31.6800      0.1     0.0000     31.6800  0.0000  dflipfloplw_387
RF/RS/SFF_126                        31.6800      0.1     0.0000     31.6800  0.0000  dflipfloplw_386
RF/RS/SFF_127                        31.6800      0.1     0.0000     31.6800  0.0000  dflipfloplw_385
RF/RS/SFF_13                         31.6800      0.1     0.0000     31.6800  0.0000  dflipfloplw_499
RF/RS/SFF_14                         31.6800      0.1     0.0000     31.6800  0.0000  dflipfloplw_498
RF/RS/SFF_15                         31.6800      0.1     0.0000     31.6800  0.0000  dflipfloplw_497
RF/RS/SFF_16                         31.6800      0.1     0.0000     31.6800  0.0000  dflipfloplw_496
RF/RS/SFF_17                         31.6800      0.1     0.0000     31.6800  0.0000  dflipfloplw_495
RF/RS/SFF_18                         31.6800      0.1     0.0000     31.6800  0.0000  dflipfloplw_494
RF/RS/SFF_19                         31.6800      0.1     0.0000     31.6800  0.0000  dflipfloplw_493
RF/RS/SFF_2                          31.6800      0.1     0.0000     31.6800  0.0000  dflipfloplw_510
RF/RS/SFF_20                         31.6800      0.1     0.0000     31.6800  0.0000  dflipfloplw_492
RF/RS/SFF_21                         31.6800      0.1     0.0000     31.6800  0.0000  dflipfloplw_491
RF/RS/SFF_22                         31.6800      0.1     0.0000     31.6800  0.0000  dflipfloplw_490
RF/RS/SFF_23                         31.6800      0.1     0.0000     31.6800  0.0000  dflipfloplw_489
RF/RS/SFF_24                         31.6800      0.1     0.0000     31.6800  0.0000  dflipfloplw_488
RF/RS/SFF_25                         31.6800      0.1     0.0000     31.6800  0.0000  dflipfloplw_487
RF/RS/SFF_26                         31.6800      0.1     0.0000     31.6800  0.0000  dflipfloplw_486
RF/RS/SFF_27                         31.6800      0.1     0.0000     31.6800  0.0000  dflipfloplw_485
RF/RS/SFF_28                         31.6800      0.1     0.0000     31.6800  0.0000  dflipfloplw_484
RF/RS/SFF_29                         31.6800      0.1     0.0000     31.6800  0.0000  dflipfloplw_483
RF/RS/SFF_3                          31.6800      0.1     0.0000     31.6800  0.0000  dflipfloplw_509
RF/RS/SFF_30                         31.6800      0.1     0.0000     31.6800  0.0000  dflipfloplw_482
RF/RS/SFF_31                         31.6800      0.1     0.0000     31.6800  0.0000  dflipfloplw_481
RF/RS/SFF_32                         31.6800      0.1     0.0000     31.6800  0.0000  dflipfloplw_480
RF/RS/SFF_33                         31.6800      0.1     0.0000     31.6800  0.0000  dflipfloplw_479
RF/RS/SFF_34                         31.6800      0.1     0.0000     31.6800  0.0000  dflipfloplw_478
RF/RS/SFF_35                         31.6800      0.1     0.0000     31.6800  0.0000  dflipfloplw_477
RF/RS/SFF_36                         31.6800      0.1     0.0000     31.6800  0.0000  dflipfloplw_476
RF/RS/SFF_37                         31.6800      0.1     0.0000     31.6800  0.0000  dflipfloplw_475
RF/RS/SFF_38                         31.6800      0.1     0.0000     31.6800  0.0000  dflipfloplw_474
RF/RS/SFF_39                         31.6800      0.1     0.0000     31.6800  0.0000  dflipfloplw_473
RF/RS/SFF_4                          31.6800      0.1     0.0000     31.6800  0.0000  dflipfloplw_508
RF/RS/SFF_40                         31.6800      0.1     0.0000     31.6800  0.0000  dflipfloplw_472
RF/RS/SFF_41                         31.6800      0.1     0.0000     31.6800  0.0000  dflipfloplw_471
RF/RS/SFF_42                         31.6800      0.1     0.0000     31.6800  0.0000  dflipfloplw_470
RF/RS/SFF_43                         31.6800      0.1     0.0000     31.6800  0.0000  dflipfloplw_469
RF/RS/SFF_44                         31.6800      0.1     0.0000     31.6800  0.0000  dflipfloplw_468
RF/RS/SFF_45                         31.6800      0.1     0.0000     31.6800  0.0000  dflipfloplw_467
RF/RS/SFF_46                         31.6800      0.1     0.0000     31.6800  0.0000  dflipfloplw_466
RF/RS/SFF_47                         31.6800      0.1     0.0000     31.6800  0.0000  dflipfloplw_465
RF/RS/SFF_48                         31.6800      0.1     0.0000     31.6800  0.0000  dflipfloplw_464
RF/RS/SFF_49                         31.6800      0.1     0.0000     31.6800  0.0000  dflipfloplw_463
RF/RS/SFF_5                          31.6800      0.1     0.0000     31.6800  0.0000  dflipfloplw_507
RF/RS/SFF_50                         31.6800      0.1     0.0000     31.6800  0.0000  dflipfloplw_462
RF/RS/SFF_51                         31.6800      0.1     0.0000     31.6800  0.0000  dflipfloplw_461
RF/RS/SFF_52                         31.6800      0.1     0.0000     31.6800  0.0000  dflipfloplw_460
RF/RS/SFF_53                         31.6800      0.1     0.0000     31.6800  0.0000  dflipfloplw_459
RF/RS/SFF_54                         31.6800      0.1     0.0000     31.6800  0.0000  dflipfloplw_458
RF/RS/SFF_55                         31.6800      0.1     0.0000     31.6800  0.0000  dflipfloplw_457
RF/RS/SFF_56                         31.6800      0.1     0.0000     31.6800  0.0000  dflipfloplw_456
RF/RS/SFF_57                         31.6800      0.1     0.0000     31.6800  0.0000  dflipfloplw_455
RF/RS/SFF_58                         31.6800      0.1     0.0000     31.6800  0.0000  dflipfloplw_454
RF/RS/SFF_59                         31.6800      0.1     0.0000     31.6800  0.0000  dflipfloplw_453
RF/RS/SFF_6                          31.6800      0.1     0.0000     31.6800  0.0000  dflipfloplw_506
RF/RS/SFF_60                         31.6800      0.1     0.0000     31.6800  0.0000  dflipfloplw_452
RF/RS/SFF_61                         31.6800      0.1     0.0000     31.6800  0.0000  dflipfloplw_451
RF/RS/SFF_62                         31.6800      0.1     0.0000     31.6800  0.0000  dflipfloplw_450
RF/RS/SFF_63                         31.6800      0.1     0.0000     31.6800  0.0000  dflipfloplw_449
RF/RS/SFF_64                         31.6800      0.1     0.0000     31.6800  0.0000  dflipfloplw_448
RF/RS/SFF_65                         31.6800      0.1     0.0000     31.6800  0.0000  dflipfloplw_447
RF/RS/SFF_66                         31.6800      0.1     0.0000     31.6800  0.0000  dflipfloplw_446
RF/RS/SFF_67                         31.6800      0.1     0.0000     31.6800  0.0000  dflipfloplw_445
RF/RS/SFF_68                         31.6800      0.1     0.0000     31.6800  0.0000  dflipfloplw_444
RF/RS/SFF_69                         31.6800      0.1     0.0000     31.6800  0.0000  dflipfloplw_443
RF/RS/SFF_7                          31.6800      0.1     0.0000     31.6800  0.0000  dflipfloplw_505
RF/RS/SFF_70                         31.6800      0.1     0.0000     31.6800  0.0000  dflipfloplw_442
RF/RS/SFF_71                         31.6800      0.1     0.0000     31.6800  0.0000  dflipfloplw_441
RF/RS/SFF_72                         31.6800      0.1     0.0000     31.6800  0.0000  dflipfloplw_440
RF/RS/SFF_73                         31.6800      0.1     0.0000     31.6800  0.0000  dflipfloplw_439
RF/RS/SFF_74                         31.6800      0.1     0.0000     31.6800  0.0000  dflipfloplw_438
RF/RS/SFF_75                         31.6800      0.1     0.0000     31.6800  0.0000  dflipfloplw_437
RF/RS/SFF_76                         31.6800      0.1     0.0000     31.6800  0.0000  dflipfloplw_436
RF/RS/SFF_77                         31.6800      0.1     0.0000     31.6800  0.0000  dflipfloplw_435
RF/RS/SFF_78                         31.6800      0.1     0.0000     31.6800  0.0000  dflipfloplw_434
RF/RS/SFF_79                         31.6800      0.1     0.0000     31.6800  0.0000  dflipfloplw_433
RF/RS/SFF_8                          31.6800      0.1     0.0000     31.6800  0.0000  dflipfloplw_504
RF/RS/SFF_80                         31.6800      0.1     0.0000     31.6800  0.0000  dflipfloplw_432
RF/RS/SFF_81                         31.6800      0.1     0.0000     31.6800  0.0000  dflipfloplw_431
RF/RS/SFF_82                         31.6800      0.1     0.0000     31.6800  0.0000  dflipfloplw_430
RF/RS/SFF_83                         31.6800      0.1     0.0000     31.6800  0.0000  dflipfloplw_429
RF/RS/SFF_84                         31.6800      0.1     0.0000     31.6800  0.0000  dflipfloplw_428
RF/RS/SFF_85                         31.6800      0.1     0.0000     31.6800  0.0000  dflipfloplw_427
RF/RS/SFF_86                         31.6800      0.1     0.0000     31.6800  0.0000  dflipfloplw_426
RF/RS/SFF_87                         31.6800      0.1     0.0000     31.6800  0.0000  dflipfloplw_425
RF/RS/SFF_88                         31.6800      0.1     0.0000     31.6800  0.0000  dflipfloplw_424
RF/RS/SFF_89                         31.6800      0.1     0.0000     31.6800  0.0000  dflipfloplw_423
RF/RS/SFF_9                          31.6800      0.1     0.0000     31.6800  0.0000  dflipfloplw_503
RF/RS/SFF_90                         31.6800      0.1     0.0000     31.6800  0.0000  dflipfloplw_422
RF/RS/SFF_91                         31.6800      0.1     0.0000     31.6800  0.0000  dflipfloplw_421
RF/RS/SFF_92                         31.6800      0.1     0.0000     31.6800  0.0000  dflipfloplw_420
RF/RS/SFF_93                         31.6800      0.1     0.0000     31.6800  0.0000  dflipfloplw_419
RF/RS/SFF_94                         31.6800      0.1     0.0000     31.6800  0.0000  dflipfloplw_418
RF/RS/SFF_95                         31.6800      0.1     0.0000     31.6800  0.0000  dflipfloplw_417
RF/RS/SFF_96                         31.6800      0.1     0.0000     31.6800  0.0000  dflipfloplw_416
RF/RS/SFF_97                         31.6800      0.1     0.0000     31.6800  0.0000  dflipfloplw_415
RF/RS/SFF_98                         31.6800      0.1     0.0000     31.6800  0.0000  dflipfloplw_414
RF/RS/SFF_99                         31.6800      0.1     0.0000     31.6800  0.0000  dflipfloplw_413
RF/SR                                 0.0000      0.0     0.0000      0.0000  0.0000  ShiftRows_1
RF/S_0                              126.7200      0.6   126.7200      0.0000  0.0000  SBox_1_0
RF/S_1                              126.7200      0.6   126.7200      0.0000  0.0000  SBox_1_15
RF/S_10                             126.7200      0.6   126.7200      0.0000  0.0000  SBox_1_6
RF/S_11                             126.7200      0.6   126.7200      0.0000  0.0000  SBox_1_5
RF/S_12                             126.7200      0.6   126.7200      0.0000  0.0000  SBox_1_4
RF/S_13                             126.7200      0.6   126.7200      0.0000  0.0000  SBox_1_3
RF/S_14                             126.7200      0.6   126.7200      0.0000  0.0000  SBox_1_2
RF/S_15                             126.7200      0.6   126.7200      0.0000  0.0000  SBox_1_1
RF/S_2                              126.7200      0.6   126.7200      0.0000  0.0000  SBox_1_14
RF/S_3                              126.7200      0.6   126.7200      0.0000  0.0000  SBox_1_13
RF/S_4                              126.7200      0.6   126.7200      0.0000  0.0000  SBox_1_12
RF/S_5                              126.7200      0.6   126.7200      0.0000  0.0000  SBox_1_11
RF/S_6                              126.7200      0.6   126.7200      0.0000  0.0000  SBox_1_10
RF/S_7                              126.7200      0.6   126.7200      0.0000  0.0000  SBox_1_9
RF/S_8                              126.7200      0.6   126.7200      0.0000  0.0000  SBox_1_8
RF/S_9                              126.7200      0.6   126.7200      0.0000  0.0000  SBox_1_7
--------------------------------  ----------  -------  ---------  ----------  ------  -----------------
Total                                                  5634.7261  16401.5391  0.0000

1
