Information: Updating graph... (UID-83)
 
****************************************
Report : area
Design : Skinny_1_1
Version: E-2010.12-SP2
Date   : Fri Jun 21 12:03:09 2019
****************************************

Information: Updating design information... (UID-85)
Library(s) Used:

    scx3_cmos8rf_lpvt_tt_1p2v_25c (File: /usr/flow/designkits/synthesis/ibm_0.13um/scx3_cmos8rf_lpvt_tt_1p2v_25c.db)

Number of ports:                          131
Number of nets:                           173
Number of cells:                            3
Number of combinational cells:              0
Number of sequential cells:                 0
Number of macros:                           0
Number of buf/inv:                          0
Number of references:                       3

Combinational area:       2443.680031
Noncombinational area:    12330.720097
Net Interconnect area:      undefined  (No wire load specified)

Total cell area:          14774.400128
Total area:                 undefined

Hierarchical area distribution
------------------------------

                                  Global cell area            Local cell area
                                  -------------------  ----------------------------- 
Hierarchical cell                 Absolute    Percent  Combi-     Noncombi-   Black
                                  Total       Total    national   national    boxes   Design
--------------------------------  ----------  -------  ---------  ----------  ------  -------------------------------------
Skinny_1_1                        14774.3535    100.0     0.0000      0.0000  0.0000  Skinny_1_1
CL                                  468.0000      3.2   129.6000    315.3600  0.0000  ControlLogic_1_1
CL/clk_gate_STATE_reg                23.0400      0.2     0.0000     23.0400  0.0000  SNPS_CLOCK_GATE_HIGH_ControlLogic_1_1
KE                                 8854.5713     59.9   675.3600      0.0000  0.0000  KeyExpansion_1_1
KE/P1                                 0.0000      0.0     0.0000      0.0000  0.0000  Permutation_1_0
KE/P2                                 0.0000      0.0     0.0000      0.0000  0.0000  Permutation_1_1
KE/TK10                            1025.2799      6.9    11.5200      0.0000  0.0000  ScanFF_SIZE32_5
KE/TK10/SFF_0                        31.6800      0.2     0.0000     31.6800  0.0000  dflipfloplw_160
KE/TK10/SFF_1                        31.6800      0.2     0.0000     31.6800  0.0000  dflipfloplw_159
KE/TK10/SFF_10                       31.6800      0.2     0.0000     31.6800  0.0000  dflipfloplw_150
KE/TK10/SFF_11                       31.6800      0.2     0.0000     31.6800  0.0000  dflipfloplw_149
KE/TK10/SFF_12                       31.6800      0.2     0.0000     31.6800  0.0000  dflipfloplw_148
KE/TK10/SFF_13                       31.6800      0.2     0.0000     31.6800  0.0000  dflipfloplw_147
KE/TK10/SFF_14                       31.6800      0.2     0.0000     31.6800  0.0000  dflipfloplw_146
KE/TK10/SFF_15                       31.6800      0.2     0.0000     31.6800  0.0000  dflipfloplw_145
KE/TK10/SFF_16                       31.6800      0.2     0.0000     31.6800  0.0000  dflipfloplw_144
KE/TK10/SFF_17                       31.6800      0.2     0.0000     31.6800  0.0000  dflipfloplw_143
KE/TK10/SFF_18                       31.6800      0.2     0.0000     31.6800  0.0000  dflipfloplw_142
KE/TK10/SFF_19                       31.6800      0.2     0.0000     31.6800  0.0000  dflipfloplw_141
KE/TK10/SFF_2                        31.6800      0.2     0.0000     31.6800  0.0000  dflipfloplw_158
KE/TK10/SFF_20                       31.6800      0.2     0.0000     31.6800  0.0000  dflipfloplw_140
KE/TK10/SFF_21                       31.6800      0.2     0.0000     31.6800  0.0000  dflipfloplw_139
KE/TK10/SFF_22                       31.6800      0.2     0.0000     31.6800  0.0000  dflipfloplw_138
KE/TK10/SFF_23                       31.6800      0.2     0.0000     31.6800  0.0000  dflipfloplw_137
KE/TK10/SFF_24                       31.6800      0.2     0.0000     31.6800  0.0000  dflipfloplw_136
KE/TK10/SFF_25                       31.6800      0.2     0.0000     31.6800  0.0000  dflipfloplw_135
KE/TK10/SFF_26                       31.6800      0.2     0.0000     31.6800  0.0000  dflipfloplw_134
KE/TK10/SFF_27                       31.6800      0.2     0.0000     31.6800  0.0000  dflipfloplw_133
KE/TK10/SFF_28                       31.6800      0.2     0.0000     31.6800  0.0000  dflipfloplw_132
KE/TK10/SFF_29                       31.6800      0.2     0.0000     31.6800  0.0000  dflipfloplw_131
KE/TK10/SFF_3                        31.6800      0.2     0.0000     31.6800  0.0000  dflipfloplw_157
KE/TK10/SFF_30                       31.6800      0.2     0.0000     31.6800  0.0000  dflipfloplw_130
KE/TK10/SFF_31                       31.6800      0.2     0.0000     31.6800  0.0000  dflipfloplw_129
KE/TK10/SFF_4                        31.6800      0.2     0.0000     31.6800  0.0000  dflipfloplw_156
KE/TK10/SFF_5                        31.6800      0.2     0.0000     31.6800  0.0000  dflipfloplw_155
KE/TK10/SFF_6                        31.6800      0.2     0.0000     31.6800  0.0000  dflipfloplw_154
KE/TK10/SFF_7                        31.6800      0.2     0.0000     31.6800  0.0000  dflipfloplw_153
KE/TK10/SFF_8                        31.6800      0.2     0.0000     31.6800  0.0000  dflipfloplw_152
KE/TK10/SFF_9                        31.6800      0.2     0.0000     31.6800  0.0000  dflipfloplw_151
KE/TK11                            1025.2799      6.9    11.5200      0.0000  0.0000  ScanFF_SIZE32_6
KE/TK11/SFF_0                        31.6800      0.2     0.0000     31.6800  0.0000  dflipfloplw_192
KE/TK11/SFF_1                        31.6800      0.2     0.0000     31.6800  0.0000  dflipfloplw_191
KE/TK11/SFF_10                       31.6800      0.2     0.0000     31.6800  0.0000  dflipfloplw_182
KE/TK11/SFF_11                       31.6800      0.2     0.0000     31.6800  0.0000  dflipfloplw_181
KE/TK11/SFF_12                       31.6800      0.2     0.0000     31.6800  0.0000  dflipfloplw_180
KE/TK11/SFF_13                       31.6800      0.2     0.0000     31.6800  0.0000  dflipfloplw_179
KE/TK11/SFF_14                       31.6800      0.2     0.0000     31.6800  0.0000  dflipfloplw_178
KE/TK11/SFF_15                       31.6800      0.2     0.0000     31.6800  0.0000  dflipfloplw_177
KE/TK11/SFF_16                       31.6800      0.2     0.0000     31.6800  0.0000  dflipfloplw_176
KE/TK11/SFF_17                       31.6800      0.2     0.0000     31.6800  0.0000  dflipfloplw_175
KE/TK11/SFF_18                       31.6800      0.2     0.0000     31.6800  0.0000  dflipfloplw_174
KE/TK11/SFF_19                       31.6800      0.2     0.0000     31.6800  0.0000  dflipfloplw_173
KE/TK11/SFF_2                        31.6800      0.2     0.0000     31.6800  0.0000  dflipfloplw_190
KE/TK11/SFF_20                       31.6800      0.2     0.0000     31.6800  0.0000  dflipfloplw_172
KE/TK11/SFF_21                       31.6800      0.2     0.0000     31.6800  0.0000  dflipfloplw_171
KE/TK11/SFF_22                       31.6800      0.2     0.0000     31.6800  0.0000  dflipfloplw_170
KE/TK11/SFF_23                       31.6800      0.2     0.0000     31.6800  0.0000  dflipfloplw_169
KE/TK11/SFF_24                       31.6800      0.2     0.0000     31.6800  0.0000  dflipfloplw_168
KE/TK11/SFF_25                       31.6800      0.2     0.0000     31.6800  0.0000  dflipfloplw_167
KE/TK11/SFF_26                       31.6800      0.2     0.0000     31.6800  0.0000  dflipfloplw_166
KE/TK11/SFF_27                       31.6800      0.2     0.0000     31.6800  0.0000  dflipfloplw_165
KE/TK11/SFF_28                       31.6800      0.2     0.0000     31.6800  0.0000  dflipfloplw_164
KE/TK11/SFF_29                       31.6800      0.2     0.0000     31.6800  0.0000  dflipfloplw_163
KE/TK11/SFF_3                        31.6800      0.2     0.0000     31.6800  0.0000  dflipfloplw_189
KE/TK11/SFF_30                       31.6800      0.2     0.0000     31.6800  0.0000  dflipfloplw_162
KE/TK11/SFF_31                       31.6800      0.2     0.0000     31.6800  0.0000  dflipfloplw_161
KE/TK11/SFF_4                        31.6800      0.2     0.0000     31.6800  0.0000  dflipfloplw_188
KE/TK11/SFF_5                        31.6800      0.2     0.0000     31.6800  0.0000  dflipfloplw_187
KE/TK11/SFF_6                        31.6800      0.2     0.0000     31.6800  0.0000  dflipfloplw_186
KE/TK11/SFF_7                        31.6800      0.2     0.0000     31.6800  0.0000  dflipfloplw_185
KE/TK11/SFF_8                        31.6800      0.2     0.0000     31.6800  0.0000  dflipfloplw_184
KE/TK11/SFF_9                        31.6800      0.2     0.0000     31.6800  0.0000  dflipfloplw_183
KE/TK12                            1025.2799      6.9    11.5200      0.0000  0.0000  ScanFF_SIZE32_7
KE/TK12/SFF_0                        31.6800      0.2     0.0000     31.6800  0.0000  dflipfloplw_224
KE/TK12/SFF_1                        31.6800      0.2     0.0000     31.6800  0.0000  dflipfloplw_223
KE/TK12/SFF_10                       31.6800      0.2     0.0000     31.6800  0.0000  dflipfloplw_214
KE/TK12/SFF_11                       31.6800      0.2     0.0000     31.6800  0.0000  dflipfloplw_213
KE/TK12/SFF_12                       31.6800      0.2     0.0000     31.6800  0.0000  dflipfloplw_212
KE/TK12/SFF_13                       31.6800      0.2     0.0000     31.6800  0.0000  dflipfloplw_211
KE/TK12/SFF_14                       31.6800      0.2     0.0000     31.6800  0.0000  dflipfloplw_210
KE/TK12/SFF_15                       31.6800      0.2     0.0000     31.6800  0.0000  dflipfloplw_209
KE/TK12/SFF_16                       31.6800      0.2     0.0000     31.6800  0.0000  dflipfloplw_208
KE/TK12/SFF_17                       31.6800      0.2     0.0000     31.6800  0.0000  dflipfloplw_207
KE/TK12/SFF_18                       31.6800      0.2     0.0000     31.6800  0.0000  dflipfloplw_206
KE/TK12/SFF_19                       31.6800      0.2     0.0000     31.6800  0.0000  dflipfloplw_205
KE/TK12/SFF_2                        31.6800      0.2     0.0000     31.6800  0.0000  dflipfloplw_222
KE/TK12/SFF_20                       31.6800      0.2     0.0000     31.6800  0.0000  dflipfloplw_204
KE/TK12/SFF_21                       31.6800      0.2     0.0000     31.6800  0.0000  dflipfloplw_203
KE/TK12/SFF_22                       31.6800      0.2     0.0000     31.6800  0.0000  dflipfloplw_202
KE/TK12/SFF_23                       31.6800      0.2     0.0000     31.6800  0.0000  dflipfloplw_201
KE/TK12/SFF_24                       31.6800      0.2     0.0000     31.6800  0.0000  dflipfloplw_200
KE/TK12/SFF_25                       31.6800      0.2     0.0000     31.6800  0.0000  dflipfloplw_199
KE/TK12/SFF_26                       31.6800      0.2     0.0000     31.6800  0.0000  dflipfloplw_198
KE/TK12/SFF_27                       31.6800      0.2     0.0000     31.6800  0.0000  dflipfloplw_197
KE/TK12/SFF_28                       31.6800      0.2     0.0000     31.6800  0.0000  dflipfloplw_196
KE/TK12/SFF_29                       31.6800      0.2     0.0000     31.6800  0.0000  dflipfloplw_195
KE/TK12/SFF_3                        31.6800      0.2     0.0000     31.6800  0.0000  dflipfloplw_221
KE/TK12/SFF_30                       31.6800      0.2     0.0000     31.6800  0.0000  dflipfloplw_194
KE/TK12/SFF_31                       31.6800      0.2     0.0000     31.6800  0.0000  dflipfloplw_193
KE/TK12/SFF_4                        31.6800      0.2     0.0000     31.6800  0.0000  dflipfloplw_220
KE/TK12/SFF_5                        31.6800      0.2     0.0000     31.6800  0.0000  dflipfloplw_219
KE/TK12/SFF_6                        31.6800      0.2     0.0000     31.6800  0.0000  dflipfloplw_218
KE/TK12/SFF_7                        31.6800      0.2     0.0000     31.6800  0.0000  dflipfloplw_217
KE/TK12/SFF_8                        31.6800      0.2     0.0000     31.6800  0.0000  dflipfloplw_216
KE/TK12/SFF_9                        31.6800      0.2     0.0000     31.6800  0.0000  dflipfloplw_215
KE/TK13                            1025.2799      6.9    11.5200      0.0000  0.0000  ScanFF_SIZE32_0
KE/TK13/SFF_0                        31.6800      0.2     0.0000     31.6800  0.0000  dflipfloplw_256
KE/TK13/SFF_1                        31.6800      0.2     0.0000     31.6800  0.0000  dflipfloplw_255
KE/TK13/SFF_10                       31.6800      0.2     0.0000     31.6800  0.0000  dflipfloplw_246
KE/TK13/SFF_11                       31.6800      0.2     0.0000     31.6800  0.0000  dflipfloplw_245
KE/TK13/SFF_12                       31.6800      0.2     0.0000     31.6800  0.0000  dflipfloplw_244
KE/TK13/SFF_13                       31.6800      0.2     0.0000     31.6800  0.0000  dflipfloplw_243
KE/TK13/SFF_14                       31.6800      0.2     0.0000     31.6800  0.0000  dflipfloplw_242
KE/TK13/SFF_15                       31.6800      0.2     0.0000     31.6800  0.0000  dflipfloplw_241
KE/TK13/SFF_16                       31.6800      0.2     0.0000     31.6800  0.0000  dflipfloplw_240
KE/TK13/SFF_17                       31.6800      0.2     0.0000     31.6800  0.0000  dflipfloplw_239
KE/TK13/SFF_18                       31.6800      0.2     0.0000     31.6800  0.0000  dflipfloplw_238
KE/TK13/SFF_19                       31.6800      0.2     0.0000     31.6800  0.0000  dflipfloplw_237
KE/TK13/SFF_2                        31.6800      0.2     0.0000     31.6800  0.0000  dflipfloplw_254
KE/TK13/SFF_20                       31.6800      0.2     0.0000     31.6800  0.0000  dflipfloplw_236
KE/TK13/SFF_21                       31.6800      0.2     0.0000     31.6800  0.0000  dflipfloplw_235
KE/TK13/SFF_22                       31.6800      0.2     0.0000     31.6800  0.0000  dflipfloplw_234
KE/TK13/SFF_23                       31.6800      0.2     0.0000     31.6800  0.0000  dflipfloplw_233
KE/TK13/SFF_24                       31.6800      0.2     0.0000     31.6800  0.0000  dflipfloplw_232
KE/TK13/SFF_25                       31.6800      0.2     0.0000     31.6800  0.0000  dflipfloplw_231
KE/TK13/SFF_26                       31.6800      0.2     0.0000     31.6800  0.0000  dflipfloplw_230
KE/TK13/SFF_27                       31.6800      0.2     0.0000     31.6800  0.0000  dflipfloplw_229
KE/TK13/SFF_28                       31.6800      0.2     0.0000     31.6800  0.0000  dflipfloplw_228
KE/TK13/SFF_29                       31.6800      0.2     0.0000     31.6800  0.0000  dflipfloplw_227
KE/TK13/SFF_3                        31.6800      0.2     0.0000     31.6800  0.0000  dflipfloplw_253
KE/TK13/SFF_30                       31.6800      0.2     0.0000     31.6800  0.0000  dflipfloplw_226
KE/TK13/SFF_31                       31.6800      0.2     0.0000     31.6800  0.0000  dflipfloplw_225
KE/TK13/SFF_4                        31.6800      0.2     0.0000     31.6800  0.0000  dflipfloplw_252
KE/TK13/SFF_5                        31.6800      0.2     0.0000     31.6800  0.0000  dflipfloplw_251
KE/TK13/SFF_6                        31.6800      0.2     0.0000     31.6800  0.0000  dflipfloplw_250
KE/TK13/SFF_7                        31.6800      0.2     0.0000     31.6800  0.0000  dflipfloplw_249
KE/TK13/SFF_8                        31.6800      0.2     0.0000     31.6800  0.0000  dflipfloplw_248
KE/TK13/SFF_9                        31.6800      0.2     0.0000     31.6800  0.0000  dflipfloplw_247
KE/TK20                            1019.5198      6.9     5.7600      0.0000  0.0000  ScanFF_SIZE32_1
KE/TK20/SFF_0                        31.6800      0.2     0.0000     31.6800  0.0000  dflipfloplw_32
KE/TK20/SFF_1                        31.6800      0.2     0.0000     31.6800  0.0000  dflipfloplw_31
KE/TK20/SFF_10                       31.6800      0.2     0.0000     31.6800  0.0000  dflipfloplw_22
KE/TK20/SFF_11                       31.6800      0.2     0.0000     31.6800  0.0000  dflipfloplw_21
KE/TK20/SFF_12                       31.6800      0.2     0.0000     31.6800  0.0000  dflipfloplw_20
KE/TK20/SFF_13                       31.6800      0.2     0.0000     31.6800  0.0000  dflipfloplw_19
KE/TK20/SFF_14                       31.6800      0.2     0.0000     31.6800  0.0000  dflipfloplw_18
KE/TK20/SFF_15                       31.6800      0.2     0.0000     31.6800  0.0000  dflipfloplw_17
KE/TK20/SFF_16                       31.6800      0.2     0.0000     31.6800  0.0000  dflipfloplw_16
KE/TK20/SFF_17                       31.6800      0.2     0.0000     31.6800  0.0000  dflipfloplw_15
KE/TK20/SFF_18                       31.6800      0.2     0.0000     31.6800  0.0000  dflipfloplw_14
KE/TK20/SFF_19                       31.6800      0.2     0.0000     31.6800  0.0000  dflipfloplw_13
KE/TK20/SFF_2                        31.6800      0.2     0.0000     31.6800  0.0000  dflipfloplw_30
KE/TK20/SFF_20                       31.6800      0.2     0.0000     31.6800  0.0000  dflipfloplw_12
KE/TK20/SFF_21                       31.6800      0.2     0.0000     31.6800  0.0000  dflipfloplw_11
KE/TK20/SFF_22                       31.6800      0.2     0.0000     31.6800  0.0000  dflipfloplw_10
KE/TK20/SFF_23                       31.6800      0.2     0.0000     31.6800  0.0000  dflipfloplw_9
KE/TK20/SFF_24                       31.6800      0.2     0.0000     31.6800  0.0000  dflipfloplw_8
KE/TK20/SFF_25                       31.6800      0.2     0.0000     31.6800  0.0000  dflipfloplw_7
KE/TK20/SFF_26                       31.6800      0.2     0.0000     31.6800  0.0000  dflipfloplw_6
KE/TK20/SFF_27                       31.6800      0.2     0.0000     31.6800  0.0000  dflipfloplw_5
KE/TK20/SFF_28                       31.6800      0.2     0.0000     31.6800  0.0000  dflipfloplw_4
KE/TK20/SFF_29                       31.6800      0.2     0.0000     31.6800  0.0000  dflipfloplw_3
KE/TK20/SFF_3                        31.6800      0.2     0.0000     31.6800  0.0000  dflipfloplw_29
KE/TK20/SFF_30                       31.6800      0.2     0.0000     31.6800  0.0000  dflipfloplw_2
KE/TK20/SFF_31                       31.6800      0.2     0.0000     31.6800  0.0000  dflipfloplw_1
KE/TK20/SFF_4                        31.6800      0.2     0.0000     31.6800  0.0000  dflipfloplw_28
KE/TK20/SFF_5                        31.6800      0.2     0.0000     31.6800  0.0000  dflipfloplw_27
KE/TK20/SFF_6                        31.6800      0.2     0.0000     31.6800  0.0000  dflipfloplw_26
KE/TK20/SFF_7                        31.6800      0.2     0.0000     31.6800  0.0000  dflipfloplw_25
KE/TK20/SFF_8                        31.6800      0.2     0.0000     31.6800  0.0000  dflipfloplw_24
KE/TK20/SFF_9                        31.6800      0.2     0.0000     31.6800  0.0000  dflipfloplw_23
KE/TK21                            1019.5198      6.9     5.7600      0.0000  0.0000  ScanFF_SIZE32_2
KE/TK21/SFF_0                        31.6800      0.2     0.0000     31.6800  0.0000  dflipfloplw_64
KE/TK21/SFF_1                        31.6800      0.2     0.0000     31.6800  0.0000  dflipfloplw_63
KE/TK21/SFF_10                       31.6800      0.2     0.0000     31.6800  0.0000  dflipfloplw_54
KE/TK21/SFF_11                       31.6800      0.2     0.0000     31.6800  0.0000  dflipfloplw_53
KE/TK21/SFF_12                       31.6800      0.2     0.0000     31.6800  0.0000  dflipfloplw_52
KE/TK21/SFF_13                       31.6800      0.2     0.0000     31.6800  0.0000  dflipfloplw_51
KE/TK21/SFF_14                       31.6800      0.2     0.0000     31.6800  0.0000  dflipfloplw_50
KE/TK21/SFF_15                       31.6800      0.2     0.0000     31.6800  0.0000  dflipfloplw_49
KE/TK21/SFF_16                       31.6800      0.2     0.0000     31.6800  0.0000  dflipfloplw_48
KE/TK21/SFF_17                       31.6800      0.2     0.0000     31.6800  0.0000  dflipfloplw_47
KE/TK21/SFF_18                       31.6800      0.2     0.0000     31.6800  0.0000  dflipfloplw_46
KE/TK21/SFF_19                       31.6800      0.2     0.0000     31.6800  0.0000  dflipfloplw_45
KE/TK21/SFF_2                        31.6800      0.2     0.0000     31.6800  0.0000  dflipfloplw_62
KE/TK21/SFF_20                       31.6800      0.2     0.0000     31.6800  0.0000  dflipfloplw_44
KE/TK21/SFF_21                       31.6800      0.2     0.0000     31.6800  0.0000  dflipfloplw_43
KE/TK21/SFF_22                       31.6800      0.2     0.0000     31.6800  0.0000  dflipfloplw_42
KE/TK21/SFF_23                       31.6800      0.2     0.0000     31.6800  0.0000  dflipfloplw_41
KE/TK21/SFF_24                       31.6800      0.2     0.0000     31.6800  0.0000  dflipfloplw_40
KE/TK21/SFF_25                       31.6800      0.2     0.0000     31.6800  0.0000  dflipfloplw_39
KE/TK21/SFF_26                       31.6800      0.2     0.0000     31.6800  0.0000  dflipfloplw_38
KE/TK21/SFF_27                       31.6800      0.2     0.0000     31.6800  0.0000  dflipfloplw_37
KE/TK21/SFF_28                       31.6800      0.2     0.0000     31.6800  0.0000  dflipfloplw_36
KE/TK21/SFF_29                       31.6800      0.2     0.0000     31.6800  0.0000  dflipfloplw_35
KE/TK21/SFF_3                        31.6800      0.2     0.0000     31.6800  0.0000  dflipfloplw_61
KE/TK21/SFF_30                       31.6800      0.2     0.0000     31.6800  0.0000  dflipfloplw_34
KE/TK21/SFF_31                       31.6800      0.2     0.0000     31.6800  0.0000  dflipfloplw_33
KE/TK21/SFF_4                        31.6800      0.2     0.0000     31.6800  0.0000  dflipfloplw_60
KE/TK21/SFF_5                        31.6800      0.2     0.0000     31.6800  0.0000  dflipfloplw_59
KE/TK21/SFF_6                        31.6800      0.2     0.0000     31.6800  0.0000  dflipfloplw_58
KE/TK21/SFF_7                        31.6800      0.2     0.0000     31.6800  0.0000  dflipfloplw_57
KE/TK21/SFF_8                        31.6800      0.2     0.0000     31.6800  0.0000  dflipfloplw_56
KE/TK21/SFF_9                        31.6800      0.2     0.0000     31.6800  0.0000  dflipfloplw_55
KE/TK22                            1019.5198      6.9     5.7600      0.0000  0.0000  ScanFF_SIZE32_3
KE/TK22/SFF_0                        31.6800      0.2     0.0000     31.6800  0.0000  dflipfloplw_96
KE/TK22/SFF_1                        31.6800      0.2     0.0000     31.6800  0.0000  dflipfloplw_95
KE/TK22/SFF_10                       31.6800      0.2     0.0000     31.6800  0.0000  dflipfloplw_86
KE/TK22/SFF_11                       31.6800      0.2     0.0000     31.6800  0.0000  dflipfloplw_85
KE/TK22/SFF_12                       31.6800      0.2     0.0000     31.6800  0.0000  dflipfloplw_84
KE/TK22/SFF_13                       31.6800      0.2     0.0000     31.6800  0.0000  dflipfloplw_83
KE/TK22/SFF_14                       31.6800      0.2     0.0000     31.6800  0.0000  dflipfloplw_82
KE/TK22/SFF_15                       31.6800      0.2     0.0000     31.6800  0.0000  dflipfloplw_81
KE/TK22/SFF_16                       31.6800      0.2     0.0000     31.6800  0.0000  dflipfloplw_80
KE/TK22/SFF_17                       31.6800      0.2     0.0000     31.6800  0.0000  dflipfloplw_79
KE/TK22/SFF_18                       31.6800      0.2     0.0000     31.6800  0.0000  dflipfloplw_78
KE/TK22/SFF_19                       31.6800      0.2     0.0000     31.6800  0.0000  dflipfloplw_77
KE/TK22/SFF_2                        31.6800      0.2     0.0000     31.6800  0.0000  dflipfloplw_94
KE/TK22/SFF_20                       31.6800      0.2     0.0000     31.6800  0.0000  dflipfloplw_76
KE/TK22/SFF_21                       31.6800      0.2     0.0000     31.6800  0.0000  dflipfloplw_75
KE/TK22/SFF_22                       31.6800      0.2     0.0000     31.6800  0.0000  dflipfloplw_74
KE/TK22/SFF_23                       31.6800      0.2     0.0000     31.6800  0.0000  dflipfloplw_73
KE/TK22/SFF_24                       31.6800      0.2     0.0000     31.6800  0.0000  dflipfloplw_72
KE/TK22/SFF_25                       31.6800      0.2     0.0000     31.6800  0.0000  dflipfloplw_71
KE/TK22/SFF_26                       31.6800      0.2     0.0000     31.6800  0.0000  dflipfloplw_70
KE/TK22/SFF_27                       31.6800      0.2     0.0000     31.6800  0.0000  dflipfloplw_69
KE/TK22/SFF_28                       31.6800      0.2     0.0000     31.6800  0.0000  dflipfloplw_68
KE/TK22/SFF_29                       31.6800      0.2     0.0000     31.6800  0.0000  dflipfloplw_67
KE/TK22/SFF_3                        31.6800      0.2     0.0000     31.6800  0.0000  dflipfloplw_93
KE/TK22/SFF_30                       31.6800      0.2     0.0000     31.6800  0.0000  dflipfloplw_66
KE/TK22/SFF_31                       31.6800      0.2     0.0000     31.6800  0.0000  dflipfloplw_65
KE/TK22/SFF_4                        31.6800      0.2     0.0000     31.6800  0.0000  dflipfloplw_92
KE/TK22/SFF_5                        31.6800      0.2     0.0000     31.6800  0.0000  dflipfloplw_91
KE/TK22/SFF_6                        31.6800      0.2     0.0000     31.6800  0.0000  dflipfloplw_90
KE/TK22/SFF_7                        31.6800      0.2     0.0000     31.6800  0.0000  dflipfloplw_89
KE/TK22/SFF_8                        31.6800      0.2     0.0000     31.6800  0.0000  dflipfloplw_88
KE/TK22/SFF_9                        31.6800      0.2     0.0000     31.6800  0.0000  dflipfloplw_87
KE/TK23                            1019.5198      6.9     5.7600      0.0000  0.0000  ScanFF_SIZE32_4
KE/TK23/SFF_0                        31.6800      0.2     0.0000     31.6800  0.0000  dflipfloplw_128
KE/TK23/SFF_1                        31.6800      0.2     0.0000     31.6800  0.0000  dflipfloplw_127
KE/TK23/SFF_10                       31.6800      0.2     0.0000     31.6800  0.0000  dflipfloplw_118
KE/TK23/SFF_11                       31.6800      0.2     0.0000     31.6800  0.0000  dflipfloplw_117
KE/TK23/SFF_12                       31.6800      0.2     0.0000     31.6800  0.0000  dflipfloplw_116
KE/TK23/SFF_13                       31.6800      0.2     0.0000     31.6800  0.0000  dflipfloplw_115
KE/TK23/SFF_14                       31.6800      0.2     0.0000     31.6800  0.0000  dflipfloplw_114
KE/TK23/SFF_15                       31.6800      0.2     0.0000     31.6800  0.0000  dflipfloplw_113
KE/TK23/SFF_16                       31.6800      0.2     0.0000     31.6800  0.0000  dflipfloplw_112
KE/TK23/SFF_17                       31.6800      0.2     0.0000     31.6800  0.0000  dflipfloplw_111
KE/TK23/SFF_18                       31.6800      0.2     0.0000     31.6800  0.0000  dflipfloplw_110
KE/TK23/SFF_19                       31.6800      0.2     0.0000     31.6800  0.0000  dflipfloplw_109
KE/TK23/SFF_2                        31.6800      0.2     0.0000     31.6800  0.0000  dflipfloplw_126
KE/TK23/SFF_20                       31.6800      0.2     0.0000     31.6800  0.0000  dflipfloplw_108
KE/TK23/SFF_21                       31.6800      0.2     0.0000     31.6800  0.0000  dflipfloplw_107
KE/TK23/SFF_22                       31.6800      0.2     0.0000     31.6800  0.0000  dflipfloplw_106
KE/TK23/SFF_23                       31.6800      0.2     0.0000     31.6800  0.0000  dflipfloplw_105
KE/TK23/SFF_24                       31.6800      0.2     0.0000     31.6800  0.0000  dflipfloplw_104
KE/TK23/SFF_25                       31.6800      0.2     0.0000     31.6800  0.0000  dflipfloplw_103
KE/TK23/SFF_26                       31.6800      0.2     0.0000     31.6800  0.0000  dflipfloplw_102
KE/TK23/SFF_27                       31.6800      0.2     0.0000     31.6800  0.0000  dflipfloplw_101
KE/TK23/SFF_28                       31.6800      0.2     0.0000     31.6800  0.0000  dflipfloplw_100
KE/TK23/SFF_29                       31.6800      0.2     0.0000     31.6800  0.0000  dflipfloplw_99
KE/TK23/SFF_3                        31.6800      0.2     0.0000     31.6800  0.0000  dflipfloplw_125
KE/TK23/SFF_30                       31.6800      0.2     0.0000     31.6800  0.0000  dflipfloplw_98
KE/TK23/SFF_31                       31.6800      0.2     0.0000     31.6800  0.0000  dflipfloplw_97
KE/TK23/SFF_4                        31.6800      0.2     0.0000     31.6800  0.0000  dflipfloplw_124
KE/TK23/SFF_5                        31.6800      0.2     0.0000     31.6800  0.0000  dflipfloplw_123
KE/TK23/SFF_6                        31.6800      0.2     0.0000     31.6800  0.0000  dflipfloplw_122
KE/TK23/SFF_7                        31.6800      0.2     0.0000     31.6800  0.0000  dflipfloplw_121
KE/TK23/SFF_8                        31.6800      0.2     0.0000     31.6800  0.0000  dflipfloplw_120
KE/TK23/SFF_9                        31.6800      0.2     0.0000     31.6800  0.0000  dflipfloplw_119
RF                                 5451.8433     36.9   336.9599      0.0000  0.0000  RoundFunction_1_1
RF/C00                              253.4400      1.7     0.0000      0.0000  0.0000  ScanFF_SIZE8_1
RF/C00/SFF_0                         31.6800      0.2     0.0000     31.6800  0.0000  dflipfloplw_264
RF/C00/SFF_1                         31.6800      0.2     0.0000     31.6800  0.0000  dflipfloplw_263
RF/C00/SFF_2                         31.6800      0.2     0.0000     31.6800  0.0000  dflipfloplw_262
RF/C00/SFF_3                         31.6800      0.2     0.0000     31.6800  0.0000  dflipfloplw_261
RF/C00/SFF_4                         31.6800      0.2     0.0000     31.6800  0.0000  dflipfloplw_260
RF/C00/SFF_5                         31.6800      0.2     0.0000     31.6800  0.0000  dflipfloplw_259
RF/C00/SFF_6                         31.6800      0.2     0.0000     31.6800  0.0000  dflipfloplw_258
RF/C00/SFF_7                         31.6800      0.2     0.0000     31.6800  0.0000  dflipfloplw_257
RF/C01                              195.8400      1.3     0.0000    195.8400  0.0000  DataFF_SIZE8_1
RF/C02                              195.8400      1.3     0.0000    195.8400  0.0000  DataFF_SIZE8_2
RF/C03                              195.8400      1.3     0.0000    195.8400  0.0000  DataFF_SIZE8_0
RF/C04                              253.4400      1.7     0.0000      0.0000  0.0000  ScanFF_SIZE8_2
RF/C04/SFF_0                         31.6800      0.2     0.0000     31.6800  0.0000  dflipfloplw_272
RF/C04/SFF_1                         31.6800      0.2     0.0000     31.6800  0.0000  dflipfloplw_271
RF/C04/SFF_2                         31.6800      0.2     0.0000     31.6800  0.0000  dflipfloplw_270
RF/C04/SFF_3                         31.6800      0.2     0.0000     31.6800  0.0000  dflipfloplw_269
RF/C04/SFF_4                         31.6800      0.2     0.0000     31.6800  0.0000  dflipfloplw_268
RF/C04/SFF_5                         31.6800      0.2     0.0000     31.6800  0.0000  dflipfloplw_267
RF/C04/SFF_6                         31.6800      0.2     0.0000     31.6800  0.0000  dflipfloplw_266
RF/C04/SFF_7                         31.6800      0.2     0.0000     31.6800  0.0000  dflipfloplw_265
RF/C05                              253.4400      1.7     0.0000      0.0000  0.0000  ScanFF_SIZE8_3
RF/C05/SFF_0                         31.6800      0.2     0.0000     31.6800  0.0000  dflipfloplw_280
RF/C05/SFF_1                         31.6800      0.2     0.0000     31.6800  0.0000  dflipfloplw_279
RF/C05/SFF_2                         31.6800      0.2     0.0000     31.6800  0.0000  dflipfloplw_278
RF/C05/SFF_3                         31.6800      0.2     0.0000     31.6800  0.0000  dflipfloplw_277
RF/C05/SFF_4                         31.6800      0.2     0.0000     31.6800  0.0000  dflipfloplw_276
RF/C05/SFF_5                         31.6800      0.2     0.0000     31.6800  0.0000  dflipfloplw_275
RF/C05/SFF_6                         31.6800      0.2     0.0000     31.6800  0.0000  dflipfloplw_274
RF/C05/SFF_7                         31.6800      0.2     0.0000     31.6800  0.0000  dflipfloplw_273
RF/C06                              253.4400      1.7     0.0000      0.0000  0.0000  ScanFF_SIZE8_4
RF/C06/SFF_0                         31.6800      0.2     0.0000     31.6800  0.0000  dflipfloplw_288
RF/C06/SFF_1                         31.6800      0.2     0.0000     31.6800  0.0000  dflipfloplw_287
RF/C06/SFF_2                         31.6800      0.2     0.0000     31.6800  0.0000  dflipfloplw_286
RF/C06/SFF_3                         31.6800      0.2     0.0000     31.6800  0.0000  dflipfloplw_285
RF/C06/SFF_4                         31.6800      0.2     0.0000     31.6800  0.0000  dflipfloplw_284
RF/C06/SFF_5                         31.6800      0.2     0.0000     31.6800  0.0000  dflipfloplw_283
RF/C06/SFF_6                         31.6800      0.2     0.0000     31.6800  0.0000  dflipfloplw_282
RF/C06/SFF_7                         31.6800      0.2     0.0000     31.6800  0.0000  dflipfloplw_281
RF/C07                              253.4400      1.7     0.0000      0.0000  0.0000  ScanFF_SIZE8_5
RF/C07/SFF_0                         31.6800      0.2     0.0000     31.6800  0.0000  dflipfloplw_296
RF/C07/SFF_1                         31.6800      0.2     0.0000     31.6800  0.0000  dflipfloplw_295
RF/C07/SFF_2                         31.6800      0.2     0.0000     31.6800  0.0000  dflipfloplw_294
RF/C07/SFF_3                         31.6800      0.2     0.0000     31.6800  0.0000  dflipfloplw_293
RF/C07/SFF_4                         31.6800      0.2     0.0000     31.6800  0.0000  dflipfloplw_292
RF/C07/SFF_5                         31.6800      0.2     0.0000     31.6800  0.0000  dflipfloplw_291
RF/C07/SFF_6                         31.6800      0.2     0.0000     31.6800  0.0000  dflipfloplw_290
RF/C07/SFF_7                         31.6800      0.2     0.0000     31.6800  0.0000  dflipfloplw_289
RF/C08                              253.4400      1.7     0.0000      0.0000  0.0000  ScanFF_SIZE8_6
RF/C08/SFF_0                         31.6800      0.2     0.0000     31.6800  0.0000  dflipfloplw_304
RF/C08/SFF_1                         31.6800      0.2     0.0000     31.6800  0.0000  dflipfloplw_303
RF/C08/SFF_2                         31.6800      0.2     0.0000     31.6800  0.0000  dflipfloplw_302
RF/C08/SFF_3                         31.6800      0.2     0.0000     31.6800  0.0000  dflipfloplw_301
RF/C08/SFF_4                         31.6800      0.2     0.0000     31.6800  0.0000  dflipfloplw_300
RF/C08/SFF_5                         31.6800      0.2     0.0000     31.6800  0.0000  dflipfloplw_299
RF/C08/SFF_6                         31.6800      0.2     0.0000     31.6800  0.0000  dflipfloplw_298
RF/C08/SFF_7                         31.6800      0.2     0.0000     31.6800  0.0000  dflipfloplw_297
RF/C09                              253.4400      1.7     0.0000      0.0000  0.0000  ScanFF_SIZE8_7
RF/C09/SFF_0                         31.6800      0.2     0.0000     31.6800  0.0000  dflipfloplw_312
RF/C09/SFF_1                         31.6800      0.2     0.0000     31.6800  0.0000  dflipfloplw_311
RF/C09/SFF_2                         31.6800      0.2     0.0000     31.6800  0.0000  dflipfloplw_310
RF/C09/SFF_3                         31.6800      0.2     0.0000     31.6800  0.0000  dflipfloplw_309
RF/C09/SFF_4                         31.6800      0.2     0.0000     31.6800  0.0000  dflipfloplw_308
RF/C09/SFF_5                         31.6800      0.2     0.0000     31.6800  0.0000  dflipfloplw_307
RF/C09/SFF_6                         31.6800      0.2     0.0000     31.6800  0.0000  dflipfloplw_306
RF/C09/SFF_7                         31.6800      0.2     0.0000     31.6800  0.0000  dflipfloplw_305
RF/C10                              253.4400      1.7     0.0000      0.0000  0.0000  ScanFF_SIZE8_8
RF/C10/SFF_0                         31.6800      0.2     0.0000     31.6800  0.0000  dflipfloplw_320
RF/C10/SFF_1                         31.6800      0.2     0.0000     31.6800  0.0000  dflipfloplw_319
RF/C10/SFF_2                         31.6800      0.2     0.0000     31.6800  0.0000  dflipfloplw_318
RF/C10/SFF_3                         31.6800      0.2     0.0000     31.6800  0.0000  dflipfloplw_317
RF/C10/SFF_4                         31.6800      0.2     0.0000     31.6800  0.0000  dflipfloplw_316
RF/C10/SFF_5                         31.6800      0.2     0.0000     31.6800  0.0000  dflipfloplw_315
RF/C10/SFF_6                         31.6800      0.2     0.0000     31.6800  0.0000  dflipfloplw_314
RF/C10/SFF_7                         31.6800      0.2     0.0000     31.6800  0.0000  dflipfloplw_313
RF/C11                              253.4400      1.7     0.0000      0.0000  0.0000  ScanFF_SIZE8_9
RF/C11/SFF_0                         31.6800      0.2     0.0000     31.6800  0.0000  dflipfloplw_328
RF/C11/SFF_1                         31.6800      0.2     0.0000     31.6800  0.0000  dflipfloplw_327
RF/C11/SFF_2                         31.6800      0.2     0.0000     31.6800  0.0000  dflipfloplw_326
RF/C11/SFF_3                         31.6800      0.2     0.0000     31.6800  0.0000  dflipfloplw_325
RF/C11/SFF_4                         31.6800      0.2     0.0000     31.6800  0.0000  dflipfloplw_324
RF/C11/SFF_5                         31.6800      0.2     0.0000     31.6800  0.0000  dflipfloplw_323
RF/C11/SFF_6                         31.6800      0.2     0.0000     31.6800  0.0000  dflipfloplw_322
RF/C11/SFF_7                         31.6800      0.2     0.0000     31.6800  0.0000  dflipfloplw_321
RF/C12                              253.4400      1.7     0.0000      0.0000  0.0000  ScanFF_SIZE8_10
RF/C12/SFF_0                         31.6800      0.2     0.0000     31.6800  0.0000  dflipfloplw_336
RF/C12/SFF_1                         31.6800      0.2     0.0000     31.6800  0.0000  dflipfloplw_335
RF/C12/SFF_2                         31.6800      0.2     0.0000     31.6800  0.0000  dflipfloplw_334
RF/C12/SFF_3                         31.6800      0.2     0.0000     31.6800  0.0000  dflipfloplw_333
RF/C12/SFF_4                         31.6800      0.2     0.0000     31.6800  0.0000  dflipfloplw_332
RF/C12/SFF_5                         31.6800      0.2     0.0000     31.6800  0.0000  dflipfloplw_331
RF/C12/SFF_6                         31.6800      0.2     0.0000     31.6800  0.0000  dflipfloplw_330
RF/C12/SFF_7                         31.6800      0.2     0.0000     31.6800  0.0000  dflipfloplw_329
RF/C13                              253.4400      1.7     0.0000      0.0000  0.0000  ScanFF_SIZE8_11
RF/C13/SFF_0                         31.6800      0.2     0.0000     31.6800  0.0000  dflipfloplw_344
RF/C13/SFF_1                         31.6800      0.2     0.0000     31.6800  0.0000  dflipfloplw_343
RF/C13/SFF_2                         31.6800      0.2     0.0000     31.6800  0.0000  dflipfloplw_342
RF/C13/SFF_3                         31.6800      0.2     0.0000     31.6800  0.0000  dflipfloplw_341
RF/C13/SFF_4                         31.6800      0.2     0.0000     31.6800  0.0000  dflipfloplw_340
RF/C13/SFF_5                         31.6800      0.2     0.0000     31.6800  0.0000  dflipfloplw_339
RF/C13/SFF_6                         31.6800      0.2     0.0000     31.6800  0.0000  dflipfloplw_338
RF/C13/SFF_7                         31.6800      0.2     0.0000     31.6800  0.0000  dflipfloplw_337
RF/C14                              253.4400      1.7     0.0000      0.0000  0.0000  ScanFF_SIZE8_12
RF/C14/SFF_0                         31.6800      0.2     0.0000     31.6800  0.0000  dflipfloplw_352
RF/C14/SFF_1                         31.6800      0.2     0.0000     31.6800  0.0000  dflipfloplw_351
RF/C14/SFF_2                         31.6800      0.2     0.0000     31.6800  0.0000  dflipfloplw_350
RF/C14/SFF_3                         31.6800      0.2     0.0000     31.6800  0.0000  dflipfloplw_349
RF/C14/SFF_4                         31.6800      0.2     0.0000     31.6800  0.0000  dflipfloplw_348
RF/C14/SFF_5                         31.6800      0.2     0.0000     31.6800  0.0000  dflipfloplw_347
RF/C14/SFF_6                         31.6800      0.2     0.0000     31.6800  0.0000  dflipfloplw_346
RF/C14/SFF_7                         31.6800      0.2     0.0000     31.6800  0.0000  dflipfloplw_345
RF/C15                              253.4400      1.7     0.0000      0.0000  0.0000  ScanFF_SIZE8_0
RF/C15/SFF_0                         31.6800      0.2     0.0000     31.6800  0.0000  dflipfloplw_0
RF/C15/SFF_1                         31.6800      0.2     0.0000     31.6800  0.0000  dflipfloplw_359
RF/C15/SFF_2                         31.6800      0.2     0.0000     31.6800  0.0000  dflipfloplw_358
RF/C15/SFF_3                         31.6800      0.2     0.0000     31.6800  0.0000  dflipfloplw_357
RF/C15/SFF_4                         31.6800      0.2     0.0000     31.6800  0.0000  dflipfloplw_356
RF/C15/SFF_5                         31.6800      0.2     0.0000     31.6800  0.0000  dflipfloplw_355
RF/C15/SFF_6                         31.6800      0.2     0.0000     31.6800  0.0000  dflipfloplw_354
RF/C15/SFF_7                         31.6800      0.2     0.0000     31.6800  0.0000  dflipfloplw_353
RF/KA                               449.2799      3.0   449.2799      0.0000  0.0000  AddConstKey_1_1
RF/MC                               276.4800      1.9   276.4800      0.0000  0.0000  MixColumns_1
RF/S0                               126.7200      0.9   126.7200      0.0000  0.0000  SBox_1_1
RF/S1                               126.7200      0.9   126.7200      0.0000  0.0000  SBox_1_2
RF/S2                               126.7200      0.9   126.7200      0.0000  0.0000  SBox_1_3
RF/S3                               126.7200      0.9   126.7200      0.0000  0.0000  SBox_1_0
RF/SR                                 0.0000      0.0     0.0000      0.0000  0.0000  ShiftRows_1
--------------------------------  ----------  -------  ---------  ----------  ------  -------------------------------------
Total                                                  2443.6799  12330.7041  0.0000

1
