Information: Updating graph... (UID-83)
 
****************************************
Report : area
Design : Skinny_1_2
Version: E-2010.12-SP2
Date   : Fri Jun 21 12:04:56 2019
****************************************

Information: Updating design information... (UID-85)
Library(s) Used:

    scx3_cmos8rf_lpvt_tt_1p2v_25c (File: /usr/flow/designkits/synthesis/ibm_0.13um/scx3_cmos8rf_lpvt_tt_1p2v_25c.db)

Number of ports:                          163
Number of nets:                           221
Number of cells:                            3
Number of combinational cells:              0
Number of sequential cells:                 0
Number of macros:                           0
Number of buf/inv:                          0
Number of references:                       3

Combinational area:       2939.040034
Noncombinational area:    16392.960136
Net Interconnect area:      undefined  (No wire load specified)

Total cell area:          19332.000170
Total area:                 undefined

Hierarchical area distribution
------------------------------

                                  Global cell area            Local cell area
                                  -------------------  ----------------------------- 
Hierarchical cell                 Absolute    Percent  Combi-     Noncombi-   Black
                                  Total       Total    national   national    boxes   Design
--------------------------------  ----------  -------  ---------  ----------  ------  -------------------------------------
Skinny_1_2                        19331.9043    100.0     0.0000      0.0000  0.0000  Skinny_1_2
CL                                  485.2800      2.5   139.6800    322.5600  0.0000  ControlLogic_1_2
CL/clk_gate_STATE_reg                23.0400      0.1     0.0000     23.0400  0.0000  SNPS_CLOCK_GATE_HIGH_ControlLogic_1_2
KE                                13210.5312     68.3  1045.4406      0.0000  0.0000  KeyExpansion_1_2
KE/P1                                 0.0000      0.0     0.0000      0.0000  0.0000  Permutation_1_0
KE/P2                                 0.0000      0.0     0.0000      0.0000  0.0000  Permutation_1_2
KE/P2_0                               0.0000      0.0     0.0000      0.0000  0.0000  Permutation_1_1
KE/TK10                            1013.7598      5.2     0.0000      0.0000  0.0000  ScanFF_SIZE32_9
KE/TK10/SFF_0                        31.6800      0.2     0.0000     31.6800  0.0000  dflipfloplw_288
KE/TK10/SFF_1                        31.6800      0.2     0.0000     31.6800  0.0000  dflipfloplw_287
KE/TK10/SFF_10                       31.6800      0.2     0.0000     31.6800  0.0000  dflipfloplw_278
KE/TK10/SFF_11                       31.6800      0.2     0.0000     31.6800  0.0000  dflipfloplw_277
KE/TK10/SFF_12                       31.6800      0.2     0.0000     31.6800  0.0000  dflipfloplw_276
KE/TK10/SFF_13                       31.6800      0.2     0.0000     31.6800  0.0000  dflipfloplw_275
KE/TK10/SFF_14                       31.6800      0.2     0.0000     31.6800  0.0000  dflipfloplw_274
KE/TK10/SFF_15                       31.6800      0.2     0.0000     31.6800  0.0000  dflipfloplw_273
KE/TK10/SFF_16                       31.6800      0.2     0.0000     31.6800  0.0000  dflipfloplw_272
KE/TK10/SFF_17                       31.6800      0.2     0.0000     31.6800  0.0000  dflipfloplw_271
KE/TK10/SFF_18                       31.6800      0.2     0.0000     31.6800  0.0000  dflipfloplw_270
KE/TK10/SFF_19                       31.6800      0.2     0.0000     31.6800  0.0000  dflipfloplw_269
KE/TK10/SFF_2                        31.6800      0.2     0.0000     31.6800  0.0000  dflipfloplw_286
KE/TK10/SFF_20                       31.6800      0.2     0.0000     31.6800  0.0000  dflipfloplw_268
KE/TK10/SFF_21                       31.6800      0.2     0.0000     31.6800  0.0000  dflipfloplw_267
KE/TK10/SFF_22                       31.6800      0.2     0.0000     31.6800  0.0000  dflipfloplw_266
KE/TK10/SFF_23                       31.6800      0.2     0.0000     31.6800  0.0000  dflipfloplw_265
KE/TK10/SFF_24                       31.6800      0.2     0.0000     31.6800  0.0000  dflipfloplw_264
KE/TK10/SFF_25                       31.6800      0.2     0.0000     31.6800  0.0000  dflipfloplw_263
KE/TK10/SFF_26                       31.6800      0.2     0.0000     31.6800  0.0000  dflipfloplw_262
KE/TK10/SFF_27                       31.6800      0.2     0.0000     31.6800  0.0000  dflipfloplw_261
KE/TK10/SFF_28                       31.6800      0.2     0.0000     31.6800  0.0000  dflipfloplw_260
KE/TK10/SFF_29                       31.6800      0.2     0.0000     31.6800  0.0000  dflipfloplw_259
KE/TK10/SFF_3                        31.6800      0.2     0.0000     31.6800  0.0000  dflipfloplw_285
KE/TK10/SFF_30                       31.6800      0.2     0.0000     31.6800  0.0000  dflipfloplw_258
KE/TK10/SFF_31                       31.6800      0.2     0.0000     31.6800  0.0000  dflipfloplw_257
KE/TK10/SFF_4                        31.6800      0.2     0.0000     31.6800  0.0000  dflipfloplw_284
KE/TK10/SFF_5                        31.6800      0.2     0.0000     31.6800  0.0000  dflipfloplw_283
KE/TK10/SFF_6                        31.6800      0.2     0.0000     31.6800  0.0000  dflipfloplw_282
KE/TK10/SFF_7                        31.6800      0.2     0.0000     31.6800  0.0000  dflipfloplw_281
KE/TK10/SFF_8                        31.6800      0.2     0.0000     31.6800  0.0000  dflipfloplw_280
KE/TK10/SFF_9                        31.6800      0.2     0.0000     31.6800  0.0000  dflipfloplw_279
KE/TK11                            1013.7598      5.2     0.0000      0.0000  0.0000  ScanFF_SIZE32_10
KE/TK11/SFF_0                        31.6800      0.2     0.0000     31.6800  0.0000  dflipfloplw_320
KE/TK11/SFF_1                        31.6800      0.2     0.0000     31.6800  0.0000  dflipfloplw_319
KE/TK11/SFF_10                       31.6800      0.2     0.0000     31.6800  0.0000  dflipfloplw_310
KE/TK11/SFF_11                       31.6800      0.2     0.0000     31.6800  0.0000  dflipfloplw_309
KE/TK11/SFF_12                       31.6800      0.2     0.0000     31.6800  0.0000  dflipfloplw_308
KE/TK11/SFF_13                       31.6800      0.2     0.0000     31.6800  0.0000  dflipfloplw_307
KE/TK11/SFF_14                       31.6800      0.2     0.0000     31.6800  0.0000  dflipfloplw_306
KE/TK11/SFF_15                       31.6800      0.2     0.0000     31.6800  0.0000  dflipfloplw_305
KE/TK11/SFF_16                       31.6800      0.2     0.0000     31.6800  0.0000  dflipfloplw_304
KE/TK11/SFF_17                       31.6800      0.2     0.0000     31.6800  0.0000  dflipfloplw_303
KE/TK11/SFF_18                       31.6800      0.2     0.0000     31.6800  0.0000  dflipfloplw_302
KE/TK11/SFF_19                       31.6800      0.2     0.0000     31.6800  0.0000  dflipfloplw_301
KE/TK11/SFF_2                        31.6800      0.2     0.0000     31.6800  0.0000  dflipfloplw_318
KE/TK11/SFF_20                       31.6800      0.2     0.0000     31.6800  0.0000  dflipfloplw_300
KE/TK11/SFF_21                       31.6800      0.2     0.0000     31.6800  0.0000  dflipfloplw_299
KE/TK11/SFF_22                       31.6800      0.2     0.0000     31.6800  0.0000  dflipfloplw_298
KE/TK11/SFF_23                       31.6800      0.2     0.0000     31.6800  0.0000  dflipfloplw_297
KE/TK11/SFF_24                       31.6800      0.2     0.0000     31.6800  0.0000  dflipfloplw_296
KE/TK11/SFF_25                       31.6800      0.2     0.0000     31.6800  0.0000  dflipfloplw_295
KE/TK11/SFF_26                       31.6800      0.2     0.0000     31.6800  0.0000  dflipfloplw_294
KE/TK11/SFF_27                       31.6800      0.2     0.0000     31.6800  0.0000  dflipfloplw_293
KE/TK11/SFF_28                       31.6800      0.2     0.0000     31.6800  0.0000  dflipfloplw_292
KE/TK11/SFF_29                       31.6800      0.2     0.0000     31.6800  0.0000  dflipfloplw_291
KE/TK11/SFF_3                        31.6800      0.2     0.0000     31.6800  0.0000  dflipfloplw_317
KE/TK11/SFF_30                       31.6800      0.2     0.0000     31.6800  0.0000  dflipfloplw_290
KE/TK11/SFF_31                       31.6800      0.2     0.0000     31.6800  0.0000  dflipfloplw_289
KE/TK11/SFF_4                        31.6800      0.2     0.0000     31.6800  0.0000  dflipfloplw_316
KE/TK11/SFF_5                        31.6800      0.2     0.0000     31.6800  0.0000  dflipfloplw_315
KE/TK11/SFF_6                        31.6800      0.2     0.0000     31.6800  0.0000  dflipfloplw_314
KE/TK11/SFF_7                        31.6800      0.2     0.0000     31.6800  0.0000  dflipfloplw_313
KE/TK11/SFF_8                        31.6800      0.2     0.0000     31.6800  0.0000  dflipfloplw_312
KE/TK11/SFF_9                        31.6800      0.2     0.0000     31.6800  0.0000  dflipfloplw_311
KE/TK12                            1013.7598      5.2     0.0000      0.0000  0.0000  ScanFF_SIZE32_11
KE/TK12/SFF_0                        31.6800      0.2     0.0000     31.6800  0.0000  dflipfloplw_352
KE/TK12/SFF_1                        31.6800      0.2     0.0000     31.6800  0.0000  dflipfloplw_351
KE/TK12/SFF_10                       31.6800      0.2     0.0000     31.6800  0.0000  dflipfloplw_342
KE/TK12/SFF_11                       31.6800      0.2     0.0000     31.6800  0.0000  dflipfloplw_341
KE/TK12/SFF_12                       31.6800      0.2     0.0000     31.6800  0.0000  dflipfloplw_340
KE/TK12/SFF_13                       31.6800      0.2     0.0000     31.6800  0.0000  dflipfloplw_339
KE/TK12/SFF_14                       31.6800      0.2     0.0000     31.6800  0.0000  dflipfloplw_338
KE/TK12/SFF_15                       31.6800      0.2     0.0000     31.6800  0.0000  dflipfloplw_337
KE/TK12/SFF_16                       31.6800      0.2     0.0000     31.6800  0.0000  dflipfloplw_336
KE/TK12/SFF_17                       31.6800      0.2     0.0000     31.6800  0.0000  dflipfloplw_335
KE/TK12/SFF_18                       31.6800      0.2     0.0000     31.6800  0.0000  dflipfloplw_334
KE/TK12/SFF_19                       31.6800      0.2     0.0000     31.6800  0.0000  dflipfloplw_333
KE/TK12/SFF_2                        31.6800      0.2     0.0000     31.6800  0.0000  dflipfloplw_350
KE/TK12/SFF_20                       31.6800      0.2     0.0000     31.6800  0.0000  dflipfloplw_332
KE/TK12/SFF_21                       31.6800      0.2     0.0000     31.6800  0.0000  dflipfloplw_331
KE/TK12/SFF_22                       31.6800      0.2     0.0000     31.6800  0.0000  dflipfloplw_330
KE/TK12/SFF_23                       31.6800      0.2     0.0000     31.6800  0.0000  dflipfloplw_329
KE/TK12/SFF_24                       31.6800      0.2     0.0000     31.6800  0.0000  dflipfloplw_328
KE/TK12/SFF_25                       31.6800      0.2     0.0000     31.6800  0.0000  dflipfloplw_327
KE/TK12/SFF_26                       31.6800      0.2     0.0000     31.6800  0.0000  dflipfloplw_326
KE/TK12/SFF_27                       31.6800      0.2     0.0000     31.6800  0.0000  dflipfloplw_325
KE/TK12/SFF_28                       31.6800      0.2     0.0000     31.6800  0.0000  dflipfloplw_324
KE/TK12/SFF_29                       31.6800      0.2     0.0000     31.6800  0.0000  dflipfloplw_323
KE/TK12/SFF_3                        31.6800      0.2     0.0000     31.6800  0.0000  dflipfloplw_349
KE/TK12/SFF_30                       31.6800      0.2     0.0000     31.6800  0.0000  dflipfloplw_322
KE/TK12/SFF_31                       31.6800      0.2     0.0000     31.6800  0.0000  dflipfloplw_321
KE/TK12/SFF_4                        31.6800      0.2     0.0000     31.6800  0.0000  dflipfloplw_348
KE/TK12/SFF_5                        31.6800      0.2     0.0000     31.6800  0.0000  dflipfloplw_347
KE/TK12/SFF_6                        31.6800      0.2     0.0000     31.6800  0.0000  dflipfloplw_346
KE/TK12/SFF_7                        31.6800      0.2     0.0000     31.6800  0.0000  dflipfloplw_345
KE/TK12/SFF_8                        31.6800      0.2     0.0000     31.6800  0.0000  dflipfloplw_344
KE/TK12/SFF_9                        31.6800      0.2     0.0000     31.6800  0.0000  dflipfloplw_343
KE/TK13                            1013.7598      5.2     0.0000      0.0000  0.0000  ScanFF_SIZE32_0
KE/TK13/SFF_0                        31.6800      0.2     0.0000     31.6800  0.0000  dflipfloplw_384
KE/TK13/SFF_1                        31.6800      0.2     0.0000     31.6800  0.0000  dflipfloplw_383
KE/TK13/SFF_10                       31.6800      0.2     0.0000     31.6800  0.0000  dflipfloplw_374
KE/TK13/SFF_11                       31.6800      0.2     0.0000     31.6800  0.0000  dflipfloplw_373
KE/TK13/SFF_12                       31.6800      0.2     0.0000     31.6800  0.0000  dflipfloplw_372
KE/TK13/SFF_13                       31.6800      0.2     0.0000     31.6800  0.0000  dflipfloplw_371
KE/TK13/SFF_14                       31.6800      0.2     0.0000     31.6800  0.0000  dflipfloplw_370
KE/TK13/SFF_15                       31.6800      0.2     0.0000     31.6800  0.0000  dflipfloplw_369
KE/TK13/SFF_16                       31.6800      0.2     0.0000     31.6800  0.0000  dflipfloplw_368
KE/TK13/SFF_17                       31.6800      0.2     0.0000     31.6800  0.0000  dflipfloplw_367
KE/TK13/SFF_18                       31.6800      0.2     0.0000     31.6800  0.0000  dflipfloplw_366
KE/TK13/SFF_19                       31.6800      0.2     0.0000     31.6800  0.0000  dflipfloplw_365
KE/TK13/SFF_2                        31.6800      0.2     0.0000     31.6800  0.0000  dflipfloplw_382
KE/TK13/SFF_20                       31.6800      0.2     0.0000     31.6800  0.0000  dflipfloplw_364
KE/TK13/SFF_21                       31.6800      0.2     0.0000     31.6800  0.0000  dflipfloplw_363
KE/TK13/SFF_22                       31.6800      0.2     0.0000     31.6800  0.0000  dflipfloplw_362
KE/TK13/SFF_23                       31.6800      0.2     0.0000     31.6800  0.0000  dflipfloplw_361
KE/TK13/SFF_24                       31.6800      0.2     0.0000     31.6800  0.0000  dflipfloplw_360
KE/TK13/SFF_25                       31.6800      0.2     0.0000     31.6800  0.0000  dflipfloplw_359
KE/TK13/SFF_26                       31.6800      0.2     0.0000     31.6800  0.0000  dflipfloplw_358
KE/TK13/SFF_27                       31.6800      0.2     0.0000     31.6800  0.0000  dflipfloplw_357
KE/TK13/SFF_28                       31.6800      0.2     0.0000     31.6800  0.0000  dflipfloplw_356
KE/TK13/SFF_29                       31.6800      0.2     0.0000     31.6800  0.0000  dflipfloplw_355
KE/TK13/SFF_3                        31.6800      0.2     0.0000     31.6800  0.0000  dflipfloplw_381
KE/TK13/SFF_30                       31.6800      0.2     0.0000     31.6800  0.0000  dflipfloplw_354
KE/TK13/SFF_31                       31.6800      0.2     0.0000     31.6800  0.0000  dflipfloplw_353
KE/TK13/SFF_4                        31.6800      0.2     0.0000     31.6800  0.0000  dflipfloplw_380
KE/TK13/SFF_5                        31.6800      0.2     0.0000     31.6800  0.0000  dflipfloplw_379
KE/TK13/SFF_6                        31.6800      0.2     0.0000     31.6800  0.0000  dflipfloplw_378
KE/TK13/SFF_7                        31.6800      0.2     0.0000     31.6800  0.0000  dflipfloplw_377
KE/TK13/SFF_8                        31.6800      0.2     0.0000     31.6800  0.0000  dflipfloplw_376
KE/TK13/SFF_9                        31.6800      0.2     0.0000     31.6800  0.0000  dflipfloplw_375
KE/TK20                            1013.7598      5.2     0.0000      0.0000  0.0000  ScanFF_SIZE32_5
KE/TK20/SFF_0                        31.6800      0.2     0.0000     31.6800  0.0000  dflipfloplw_160
KE/TK20/SFF_1                        31.6800      0.2     0.0000     31.6800  0.0000  dflipfloplw_159
KE/TK20/SFF_10                       31.6800      0.2     0.0000     31.6800  0.0000  dflipfloplw_150
KE/TK20/SFF_11                       31.6800      0.2     0.0000     31.6800  0.0000  dflipfloplw_149
KE/TK20/SFF_12                       31.6800      0.2     0.0000     31.6800  0.0000  dflipfloplw_148
KE/TK20/SFF_13                       31.6800      0.2     0.0000     31.6800  0.0000  dflipfloplw_147
KE/TK20/SFF_14                       31.6800      0.2     0.0000     31.6800  0.0000  dflipfloplw_146
KE/TK20/SFF_15                       31.6800      0.2     0.0000     31.6800  0.0000  dflipfloplw_145
KE/TK20/SFF_16                       31.6800      0.2     0.0000     31.6800  0.0000  dflipfloplw_144
KE/TK20/SFF_17                       31.6800      0.2     0.0000     31.6800  0.0000  dflipfloplw_143
KE/TK20/SFF_18                       31.6800      0.2     0.0000     31.6800  0.0000  dflipfloplw_142
KE/TK20/SFF_19                       31.6800      0.2     0.0000     31.6800  0.0000  dflipfloplw_141
KE/TK20/SFF_2                        31.6800      0.2     0.0000     31.6800  0.0000  dflipfloplw_158
KE/TK20/SFF_20                       31.6800      0.2     0.0000     31.6800  0.0000  dflipfloplw_140
KE/TK20/SFF_21                       31.6800      0.2     0.0000     31.6800  0.0000  dflipfloplw_139
KE/TK20/SFF_22                       31.6800      0.2     0.0000     31.6800  0.0000  dflipfloplw_138
KE/TK20/SFF_23                       31.6800      0.2     0.0000     31.6800  0.0000  dflipfloplw_137
KE/TK20/SFF_24                       31.6800      0.2     0.0000     31.6800  0.0000  dflipfloplw_136
KE/TK20/SFF_25                       31.6800      0.2     0.0000     31.6800  0.0000  dflipfloplw_135
KE/TK20/SFF_26                       31.6800      0.2     0.0000     31.6800  0.0000  dflipfloplw_134
KE/TK20/SFF_27                       31.6800      0.2     0.0000     31.6800  0.0000  dflipfloplw_133
KE/TK20/SFF_28                       31.6800      0.2     0.0000     31.6800  0.0000  dflipfloplw_132
KE/TK20/SFF_29                       31.6800      0.2     0.0000     31.6800  0.0000  dflipfloplw_131
KE/TK20/SFF_3                        31.6800      0.2     0.0000     31.6800  0.0000  dflipfloplw_157
KE/TK20/SFF_30                       31.6800      0.2     0.0000     31.6800  0.0000  dflipfloplw_130
KE/TK20/SFF_31                       31.6800      0.2     0.0000     31.6800  0.0000  dflipfloplw_129
KE/TK20/SFF_4                        31.6800      0.2     0.0000     31.6800  0.0000  dflipfloplw_156
KE/TK20/SFF_5                        31.6800      0.2     0.0000     31.6800  0.0000  dflipfloplw_155
KE/TK20/SFF_6                        31.6800      0.2     0.0000     31.6800  0.0000  dflipfloplw_154
KE/TK20/SFF_7                        31.6800      0.2     0.0000     31.6800  0.0000  dflipfloplw_153
KE/TK20/SFF_8                        31.6800      0.2     0.0000     31.6800  0.0000  dflipfloplw_152
KE/TK20/SFF_9                        31.6800      0.2     0.0000     31.6800  0.0000  dflipfloplw_151
KE/TK21                            1013.7598      5.2     0.0000      0.0000  0.0000  ScanFF_SIZE32_6
KE/TK21/SFF_0                        31.6800      0.2     0.0000     31.6800  0.0000  dflipfloplw_192
KE/TK21/SFF_1                        31.6800      0.2     0.0000     31.6800  0.0000  dflipfloplw_191
KE/TK21/SFF_10                       31.6800      0.2     0.0000     31.6800  0.0000  dflipfloplw_182
KE/TK21/SFF_11                       31.6800      0.2     0.0000     31.6800  0.0000  dflipfloplw_181
KE/TK21/SFF_12                       31.6800      0.2     0.0000     31.6800  0.0000  dflipfloplw_180
KE/TK21/SFF_13                       31.6800      0.2     0.0000     31.6800  0.0000  dflipfloplw_179
KE/TK21/SFF_14                       31.6800      0.2     0.0000     31.6800  0.0000  dflipfloplw_178
KE/TK21/SFF_15                       31.6800      0.2     0.0000     31.6800  0.0000  dflipfloplw_177
KE/TK21/SFF_16                       31.6800      0.2     0.0000     31.6800  0.0000  dflipfloplw_176
KE/TK21/SFF_17                       31.6800      0.2     0.0000     31.6800  0.0000  dflipfloplw_175
KE/TK21/SFF_18                       31.6800      0.2     0.0000     31.6800  0.0000  dflipfloplw_174
KE/TK21/SFF_19                       31.6800      0.2     0.0000     31.6800  0.0000  dflipfloplw_173
KE/TK21/SFF_2                        31.6800      0.2     0.0000     31.6800  0.0000  dflipfloplw_190
KE/TK21/SFF_20                       31.6800      0.2     0.0000     31.6800  0.0000  dflipfloplw_172
KE/TK21/SFF_21                       31.6800      0.2     0.0000     31.6800  0.0000  dflipfloplw_171
KE/TK21/SFF_22                       31.6800      0.2     0.0000     31.6800  0.0000  dflipfloplw_170
KE/TK21/SFF_23                       31.6800      0.2     0.0000     31.6800  0.0000  dflipfloplw_169
KE/TK21/SFF_24                       31.6800      0.2     0.0000     31.6800  0.0000  dflipfloplw_168
KE/TK21/SFF_25                       31.6800      0.2     0.0000     31.6800  0.0000  dflipfloplw_167
KE/TK21/SFF_26                       31.6800      0.2     0.0000     31.6800  0.0000  dflipfloplw_166
KE/TK21/SFF_27                       31.6800      0.2     0.0000     31.6800  0.0000  dflipfloplw_165
KE/TK21/SFF_28                       31.6800      0.2     0.0000     31.6800  0.0000  dflipfloplw_164
KE/TK21/SFF_29                       31.6800      0.2     0.0000     31.6800  0.0000  dflipfloplw_163
KE/TK21/SFF_3                        31.6800      0.2     0.0000     31.6800  0.0000  dflipfloplw_189
KE/TK21/SFF_30                       31.6800      0.2     0.0000     31.6800  0.0000  dflipfloplw_162
KE/TK21/SFF_31                       31.6800      0.2     0.0000     31.6800  0.0000  dflipfloplw_161
KE/TK21/SFF_4                        31.6800      0.2     0.0000     31.6800  0.0000  dflipfloplw_188
KE/TK21/SFF_5                        31.6800      0.2     0.0000     31.6800  0.0000  dflipfloplw_187
KE/TK21/SFF_6                        31.6800      0.2     0.0000     31.6800  0.0000  dflipfloplw_186
KE/TK21/SFF_7                        31.6800      0.2     0.0000     31.6800  0.0000  dflipfloplw_185
KE/TK21/SFF_8                        31.6800      0.2     0.0000     31.6800  0.0000  dflipfloplw_184
KE/TK21/SFF_9                        31.6800      0.2     0.0000     31.6800  0.0000  dflipfloplw_183
KE/TK22                            1013.7598      5.2     0.0000      0.0000  0.0000  ScanFF_SIZE32_7
KE/TK22/SFF_0                        31.6800      0.2     0.0000     31.6800  0.0000  dflipfloplw_224
KE/TK22/SFF_1                        31.6800      0.2     0.0000     31.6800  0.0000  dflipfloplw_223
KE/TK22/SFF_10                       31.6800      0.2     0.0000     31.6800  0.0000  dflipfloplw_214
KE/TK22/SFF_11                       31.6800      0.2     0.0000     31.6800  0.0000  dflipfloplw_213
KE/TK22/SFF_12                       31.6800      0.2     0.0000     31.6800  0.0000  dflipfloplw_212
KE/TK22/SFF_13                       31.6800      0.2     0.0000     31.6800  0.0000  dflipfloplw_211
KE/TK22/SFF_14                       31.6800      0.2     0.0000     31.6800  0.0000  dflipfloplw_210
KE/TK22/SFF_15                       31.6800      0.2     0.0000     31.6800  0.0000  dflipfloplw_209
KE/TK22/SFF_16                       31.6800      0.2     0.0000     31.6800  0.0000  dflipfloplw_208
KE/TK22/SFF_17                       31.6800      0.2     0.0000     31.6800  0.0000  dflipfloplw_207
KE/TK22/SFF_18                       31.6800      0.2     0.0000     31.6800  0.0000  dflipfloplw_206
KE/TK22/SFF_19                       31.6800      0.2     0.0000     31.6800  0.0000  dflipfloplw_205
KE/TK22/SFF_2                        31.6800      0.2     0.0000     31.6800  0.0000  dflipfloplw_222
KE/TK22/SFF_20                       31.6800      0.2     0.0000     31.6800  0.0000  dflipfloplw_204
KE/TK22/SFF_21                       31.6800      0.2     0.0000     31.6800  0.0000  dflipfloplw_203
KE/TK22/SFF_22                       31.6800      0.2     0.0000     31.6800  0.0000  dflipfloplw_202
KE/TK22/SFF_23                       31.6800      0.2     0.0000     31.6800  0.0000  dflipfloplw_201
KE/TK22/SFF_24                       31.6800      0.2     0.0000     31.6800  0.0000  dflipfloplw_200
KE/TK22/SFF_25                       31.6800      0.2     0.0000     31.6800  0.0000  dflipfloplw_199
KE/TK22/SFF_26                       31.6800      0.2     0.0000     31.6800  0.0000  dflipfloplw_198
KE/TK22/SFF_27                       31.6800      0.2     0.0000     31.6800  0.0000  dflipfloplw_197
KE/TK22/SFF_28                       31.6800      0.2     0.0000     31.6800  0.0000  dflipfloplw_196
KE/TK22/SFF_29                       31.6800      0.2     0.0000     31.6800  0.0000  dflipfloplw_195
KE/TK22/SFF_3                        31.6800      0.2     0.0000     31.6800  0.0000  dflipfloplw_221
KE/TK22/SFF_30                       31.6800      0.2     0.0000     31.6800  0.0000  dflipfloplw_194
KE/TK22/SFF_31                       31.6800      0.2     0.0000     31.6800  0.0000  dflipfloplw_193
KE/TK22/SFF_4                        31.6800      0.2     0.0000     31.6800  0.0000  dflipfloplw_220
KE/TK22/SFF_5                        31.6800      0.2     0.0000     31.6800  0.0000  dflipfloplw_219
KE/TK22/SFF_6                        31.6800      0.2     0.0000     31.6800  0.0000  dflipfloplw_218
KE/TK22/SFF_7                        31.6800      0.2     0.0000     31.6800  0.0000  dflipfloplw_217
KE/TK22/SFF_8                        31.6800      0.2     0.0000     31.6800  0.0000  dflipfloplw_216
KE/TK22/SFF_9                        31.6800      0.2     0.0000     31.6800  0.0000  dflipfloplw_215
KE/TK23                            1013.7598      5.2     0.0000      0.0000  0.0000  ScanFF_SIZE32_8
KE/TK23/SFF_0                        31.6800      0.2     0.0000     31.6800  0.0000  dflipfloplw_256
KE/TK23/SFF_1                        31.6800      0.2     0.0000     31.6800  0.0000  dflipfloplw_255
KE/TK23/SFF_10                       31.6800      0.2     0.0000     31.6800  0.0000  dflipfloplw_246
KE/TK23/SFF_11                       31.6800      0.2     0.0000     31.6800  0.0000  dflipfloplw_245
KE/TK23/SFF_12                       31.6800      0.2     0.0000     31.6800  0.0000  dflipfloplw_244
KE/TK23/SFF_13                       31.6800      0.2     0.0000     31.6800  0.0000  dflipfloplw_243
KE/TK23/SFF_14                       31.6800      0.2     0.0000     31.6800  0.0000  dflipfloplw_242
KE/TK23/SFF_15                       31.6800      0.2     0.0000     31.6800  0.0000  dflipfloplw_241
KE/TK23/SFF_16                       31.6800      0.2     0.0000     31.6800  0.0000  dflipfloplw_240
KE/TK23/SFF_17                       31.6800      0.2     0.0000     31.6800  0.0000  dflipfloplw_239
KE/TK23/SFF_18                       31.6800      0.2     0.0000     31.6800  0.0000  dflipfloplw_238
KE/TK23/SFF_19                       31.6800      0.2     0.0000     31.6800  0.0000  dflipfloplw_237
KE/TK23/SFF_2                        31.6800      0.2     0.0000     31.6800  0.0000  dflipfloplw_254
KE/TK23/SFF_20                       31.6800      0.2     0.0000     31.6800  0.0000  dflipfloplw_236
KE/TK23/SFF_21                       31.6800      0.2     0.0000     31.6800  0.0000  dflipfloplw_235
KE/TK23/SFF_22                       31.6800      0.2     0.0000     31.6800  0.0000  dflipfloplw_234
KE/TK23/SFF_23                       31.6800      0.2     0.0000     31.6800  0.0000  dflipfloplw_233
KE/TK23/SFF_24                       31.6800      0.2     0.0000     31.6800  0.0000  dflipfloplw_232
KE/TK23/SFF_25                       31.6800      0.2     0.0000     31.6800  0.0000  dflipfloplw_231
KE/TK23/SFF_26                       31.6800      0.2     0.0000     31.6800  0.0000  dflipfloplw_230
KE/TK23/SFF_27                       31.6800      0.2     0.0000     31.6800  0.0000  dflipfloplw_229
KE/TK23/SFF_28                       31.6800      0.2     0.0000     31.6800  0.0000  dflipfloplw_228
KE/TK23/SFF_29                       31.6800      0.2     0.0000     31.6800  0.0000  dflipfloplw_227
KE/TK23/SFF_3                        31.6800      0.2     0.0000     31.6800  0.0000  dflipfloplw_253
KE/TK23/SFF_30                       31.6800      0.2     0.0000     31.6800  0.0000  dflipfloplw_226
KE/TK23/SFF_31                       31.6800      0.2     0.0000     31.6800  0.0000  dflipfloplw_225
KE/TK23/SFF_4                        31.6800      0.2     0.0000     31.6800  0.0000  dflipfloplw_252
KE/TK23/SFF_5                        31.6800      0.2     0.0000     31.6800  0.0000  dflipfloplw_251
KE/TK23/SFF_6                        31.6800      0.2     0.0000     31.6800  0.0000  dflipfloplw_250
KE/TK23/SFF_7                        31.6800      0.2     0.0000     31.6800  0.0000  dflipfloplw_249
KE/TK23/SFF_8                        31.6800      0.2     0.0000     31.6800  0.0000  dflipfloplw_248
KE/TK23/SFF_9                        31.6800      0.2     0.0000     31.6800  0.0000  dflipfloplw_247
KE/TK30                            1013.7598      5.2     0.0000      0.0000  0.0000  ScanFF_SIZE32_1
KE/TK30/SFF_0                        31.6800      0.2     0.0000     31.6800  0.0000  dflipfloplw_32
KE/TK30/SFF_1                        31.6800      0.2     0.0000     31.6800  0.0000  dflipfloplw_31
KE/TK30/SFF_10                       31.6800      0.2     0.0000     31.6800  0.0000  dflipfloplw_22
KE/TK30/SFF_11                       31.6800      0.2     0.0000     31.6800  0.0000  dflipfloplw_21
KE/TK30/SFF_12                       31.6800      0.2     0.0000     31.6800  0.0000  dflipfloplw_20
KE/TK30/SFF_13                       31.6800      0.2     0.0000     31.6800  0.0000  dflipfloplw_19
KE/TK30/SFF_14                       31.6800      0.2     0.0000     31.6800  0.0000  dflipfloplw_18
KE/TK30/SFF_15                       31.6800      0.2     0.0000     31.6800  0.0000  dflipfloplw_17
KE/TK30/SFF_16                       31.6800      0.2     0.0000     31.6800  0.0000  dflipfloplw_16
KE/TK30/SFF_17                       31.6800      0.2     0.0000     31.6800  0.0000  dflipfloplw_15
KE/TK30/SFF_18                       31.6800      0.2     0.0000     31.6800  0.0000  dflipfloplw_14
KE/TK30/SFF_19                       31.6800      0.2     0.0000     31.6800  0.0000  dflipfloplw_13
KE/TK30/SFF_2                        31.6800      0.2     0.0000     31.6800  0.0000  dflipfloplw_30
KE/TK30/SFF_20                       31.6800      0.2     0.0000     31.6800  0.0000  dflipfloplw_12
KE/TK30/SFF_21                       31.6800      0.2     0.0000     31.6800  0.0000  dflipfloplw_11
KE/TK30/SFF_22                       31.6800      0.2     0.0000     31.6800  0.0000  dflipfloplw_10
KE/TK30/SFF_23                       31.6800      0.2     0.0000     31.6800  0.0000  dflipfloplw_9
KE/TK30/SFF_24                       31.6800      0.2     0.0000     31.6800  0.0000  dflipfloplw_8
KE/TK30/SFF_25                       31.6800      0.2     0.0000     31.6800  0.0000  dflipfloplw_7
KE/TK30/SFF_26                       31.6800      0.2     0.0000     31.6800  0.0000  dflipfloplw_6
KE/TK30/SFF_27                       31.6800      0.2     0.0000     31.6800  0.0000  dflipfloplw_5
KE/TK30/SFF_28                       31.6800      0.2     0.0000     31.6800  0.0000  dflipfloplw_4
KE/TK30/SFF_29                       31.6800      0.2     0.0000     31.6800  0.0000  dflipfloplw_3
KE/TK30/SFF_3                        31.6800      0.2     0.0000     31.6800  0.0000  dflipfloplw_29
KE/TK30/SFF_30                       31.6800      0.2     0.0000     31.6800  0.0000  dflipfloplw_2
KE/TK30/SFF_31                       31.6800      0.2     0.0000     31.6800  0.0000  dflipfloplw_1
KE/TK30/SFF_4                        31.6800      0.2     0.0000     31.6800  0.0000  dflipfloplw_28
KE/TK30/SFF_5                        31.6800      0.2     0.0000     31.6800  0.0000  dflipfloplw_27
KE/TK30/SFF_6                        31.6800      0.2     0.0000     31.6800  0.0000  dflipfloplw_26
KE/TK30/SFF_7                        31.6800      0.2     0.0000     31.6800  0.0000  dflipfloplw_25
KE/TK30/SFF_8                        31.6800      0.2     0.0000     31.6800  0.0000  dflipfloplw_24
KE/TK30/SFF_9                        31.6800      0.2     0.0000     31.6800  0.0000  dflipfloplw_23
KE/TK31                            1013.7598      5.2     0.0000      0.0000  0.0000  ScanFF_SIZE32_2
KE/TK31/SFF_0                        31.6800      0.2     0.0000     31.6800  0.0000  dflipfloplw_64
KE/TK31/SFF_1                        31.6800      0.2     0.0000     31.6800  0.0000  dflipfloplw_63
KE/TK31/SFF_10                       31.6800      0.2     0.0000     31.6800  0.0000  dflipfloplw_54
KE/TK31/SFF_11                       31.6800      0.2     0.0000     31.6800  0.0000  dflipfloplw_53
KE/TK31/SFF_12                       31.6800      0.2     0.0000     31.6800  0.0000  dflipfloplw_52
KE/TK31/SFF_13                       31.6800      0.2     0.0000     31.6800  0.0000  dflipfloplw_51
KE/TK31/SFF_14                       31.6800      0.2     0.0000     31.6800  0.0000  dflipfloplw_50
KE/TK31/SFF_15                       31.6800      0.2     0.0000     31.6800  0.0000  dflipfloplw_49
KE/TK31/SFF_16                       31.6800      0.2     0.0000     31.6800  0.0000  dflipfloplw_48
KE/TK31/SFF_17                       31.6800      0.2     0.0000     31.6800  0.0000  dflipfloplw_47
KE/TK31/SFF_18                       31.6800      0.2     0.0000     31.6800  0.0000  dflipfloplw_46
KE/TK31/SFF_19                       31.6800      0.2     0.0000     31.6800  0.0000  dflipfloplw_45
KE/TK31/SFF_2                        31.6800      0.2     0.0000     31.6800  0.0000  dflipfloplw_62
KE/TK31/SFF_20                       31.6800      0.2     0.0000     31.6800  0.0000  dflipfloplw_44
KE/TK31/SFF_21                       31.6800      0.2     0.0000     31.6800  0.0000  dflipfloplw_43
KE/TK31/SFF_22                       31.6800      0.2     0.0000     31.6800  0.0000  dflipfloplw_42
KE/TK31/SFF_23                       31.6800      0.2     0.0000     31.6800  0.0000  dflipfloplw_41
KE/TK31/SFF_24                       31.6800      0.2     0.0000     31.6800  0.0000  dflipfloplw_40
KE/TK31/SFF_25                       31.6800      0.2     0.0000     31.6800  0.0000  dflipfloplw_39
KE/TK31/SFF_26                       31.6800      0.2     0.0000     31.6800  0.0000  dflipfloplw_38
KE/TK31/SFF_27                       31.6800      0.2     0.0000     31.6800  0.0000  dflipfloplw_37
KE/TK31/SFF_28                       31.6800      0.2     0.0000     31.6800  0.0000  dflipfloplw_36
KE/TK31/SFF_29                       31.6800      0.2     0.0000     31.6800  0.0000  dflipfloplw_35
KE/TK31/SFF_3                        31.6800      0.2     0.0000     31.6800  0.0000  dflipfloplw_61
KE/TK31/SFF_30                       31.6800      0.2     0.0000     31.6800  0.0000  dflipfloplw_34
KE/TK31/SFF_31                       31.6800      0.2     0.0000     31.6800  0.0000  dflipfloplw_33
KE/TK31/SFF_4                        31.6800      0.2     0.0000     31.6800  0.0000  dflipfloplw_60
KE/TK31/SFF_5                        31.6800      0.2     0.0000     31.6800  0.0000  dflipfloplw_59
KE/TK31/SFF_6                        31.6800      0.2     0.0000     31.6800  0.0000  dflipfloplw_58
KE/TK31/SFF_7                        31.6800      0.2     0.0000     31.6800  0.0000  dflipfloplw_57
KE/TK31/SFF_8                        31.6800      0.2     0.0000     31.6800  0.0000  dflipfloplw_56
KE/TK31/SFF_9                        31.6800      0.2     0.0000     31.6800  0.0000  dflipfloplw_55
KE/TK32                            1013.7598      5.2     0.0000      0.0000  0.0000  ScanFF_SIZE32_3
KE/TK32/SFF_0                        31.6800      0.2     0.0000     31.6800  0.0000  dflipfloplw_96
KE/TK32/SFF_1                        31.6800      0.2     0.0000     31.6800  0.0000  dflipfloplw_95
KE/TK32/SFF_10                       31.6800      0.2     0.0000     31.6800  0.0000  dflipfloplw_86
KE/TK32/SFF_11                       31.6800      0.2     0.0000     31.6800  0.0000  dflipfloplw_85
KE/TK32/SFF_12                       31.6800      0.2     0.0000     31.6800  0.0000  dflipfloplw_84
KE/TK32/SFF_13                       31.6800      0.2     0.0000     31.6800  0.0000  dflipfloplw_83
KE/TK32/SFF_14                       31.6800      0.2     0.0000     31.6800  0.0000  dflipfloplw_82
KE/TK32/SFF_15                       31.6800      0.2     0.0000     31.6800  0.0000  dflipfloplw_81
KE/TK32/SFF_16                       31.6800      0.2     0.0000     31.6800  0.0000  dflipfloplw_80
KE/TK32/SFF_17                       31.6800      0.2     0.0000     31.6800  0.0000  dflipfloplw_79
KE/TK32/SFF_18                       31.6800      0.2     0.0000     31.6800  0.0000  dflipfloplw_78
KE/TK32/SFF_19                       31.6800      0.2     0.0000     31.6800  0.0000  dflipfloplw_77
KE/TK32/SFF_2                        31.6800      0.2     0.0000     31.6800  0.0000  dflipfloplw_94
KE/TK32/SFF_20                       31.6800      0.2     0.0000     31.6800  0.0000  dflipfloplw_76
KE/TK32/SFF_21                       31.6800      0.2     0.0000     31.6800  0.0000  dflipfloplw_75
KE/TK32/SFF_22                       31.6800      0.2     0.0000     31.6800  0.0000  dflipfloplw_74
KE/TK32/SFF_23                       31.6800      0.2     0.0000     31.6800  0.0000  dflipfloplw_73
KE/TK32/SFF_24                       31.6800      0.2     0.0000     31.6800  0.0000  dflipfloplw_72
KE/TK32/SFF_25                       31.6800      0.2     0.0000     31.6800  0.0000  dflipfloplw_71
KE/TK32/SFF_26                       31.6800      0.2     0.0000     31.6800  0.0000  dflipfloplw_70
KE/TK32/SFF_27                       31.6800      0.2     0.0000     31.6800  0.0000  dflipfloplw_69
KE/TK32/SFF_28                       31.6800      0.2     0.0000     31.6800  0.0000  dflipfloplw_68
KE/TK32/SFF_29                       31.6800      0.2     0.0000     31.6800  0.0000  dflipfloplw_67
KE/TK32/SFF_3                        31.6800      0.2     0.0000     31.6800  0.0000  dflipfloplw_93
KE/TK32/SFF_30                       31.6800      0.2     0.0000     31.6800  0.0000  dflipfloplw_66
KE/TK32/SFF_31                       31.6800      0.2     0.0000     31.6800  0.0000  dflipfloplw_65
KE/TK32/SFF_4                        31.6800      0.2     0.0000     31.6800  0.0000  dflipfloplw_92
KE/TK32/SFF_5                        31.6800      0.2     0.0000     31.6800  0.0000  dflipfloplw_91
KE/TK32/SFF_6                        31.6800      0.2     0.0000     31.6800  0.0000  dflipfloplw_90
KE/TK32/SFF_7                        31.6800      0.2     0.0000     31.6800  0.0000  dflipfloplw_89
KE/TK32/SFF_8                        31.6800      0.2     0.0000     31.6800  0.0000  dflipfloplw_88
KE/TK32/SFF_9                        31.6800      0.2     0.0000     31.6800  0.0000  dflipfloplw_87
KE/TK33                            1013.7598      5.2     0.0000      0.0000  0.0000  ScanFF_SIZE32_4
KE/TK33/SFF_0                        31.6800      0.2     0.0000     31.6800  0.0000  dflipfloplw_128
KE/TK33/SFF_1                        31.6800      0.2     0.0000     31.6800  0.0000  dflipfloplw_127
KE/TK33/SFF_10                       31.6800      0.2     0.0000     31.6800  0.0000  dflipfloplw_118
KE/TK33/SFF_11                       31.6800      0.2     0.0000     31.6800  0.0000  dflipfloplw_117
KE/TK33/SFF_12                       31.6800      0.2     0.0000     31.6800  0.0000  dflipfloplw_116
KE/TK33/SFF_13                       31.6800      0.2     0.0000     31.6800  0.0000  dflipfloplw_115
KE/TK33/SFF_14                       31.6800      0.2     0.0000     31.6800  0.0000  dflipfloplw_114
KE/TK33/SFF_15                       31.6800      0.2     0.0000     31.6800  0.0000  dflipfloplw_113
KE/TK33/SFF_16                       31.6800      0.2     0.0000     31.6800  0.0000  dflipfloplw_112
KE/TK33/SFF_17                       31.6800      0.2     0.0000     31.6800  0.0000  dflipfloplw_111
KE/TK33/SFF_18                       31.6800      0.2     0.0000     31.6800  0.0000  dflipfloplw_110
KE/TK33/SFF_19                       31.6800      0.2     0.0000     31.6800  0.0000  dflipfloplw_109
KE/TK33/SFF_2                        31.6800      0.2     0.0000     31.6800  0.0000  dflipfloplw_126
KE/TK33/SFF_20                       31.6800      0.2     0.0000     31.6800  0.0000  dflipfloplw_108
KE/TK33/SFF_21                       31.6800      0.2     0.0000     31.6800  0.0000  dflipfloplw_107
KE/TK33/SFF_22                       31.6800      0.2     0.0000     31.6800  0.0000  dflipfloplw_106
KE/TK33/SFF_23                       31.6800      0.2     0.0000     31.6800  0.0000  dflipfloplw_105
KE/TK33/SFF_24                       31.6800      0.2     0.0000     31.6800  0.0000  dflipfloplw_104
KE/TK33/SFF_25                       31.6800      0.2     0.0000     31.6800  0.0000  dflipfloplw_103
KE/TK33/SFF_26                       31.6800      0.2     0.0000     31.6800  0.0000  dflipfloplw_102
KE/TK33/SFF_27                       31.6800      0.2     0.0000     31.6800  0.0000  dflipfloplw_101
KE/TK33/SFF_28                       31.6800      0.2     0.0000     31.6800  0.0000  dflipfloplw_100
KE/TK33/SFF_29                       31.6800      0.2     0.0000     31.6800  0.0000  dflipfloplw_99
KE/TK33/SFF_3                        31.6800      0.2     0.0000     31.6800  0.0000  dflipfloplw_125
KE/TK33/SFF_30                       31.6800      0.2     0.0000     31.6800  0.0000  dflipfloplw_98
KE/TK33/SFF_31                       31.6800      0.2     0.0000     31.6800  0.0000  dflipfloplw_97
KE/TK33/SFF_4                        31.6800      0.2     0.0000     31.6800  0.0000  dflipfloplw_124
KE/TK33/SFF_5                        31.6800      0.2     0.0000     31.6800  0.0000  dflipfloplw_123
KE/TK33/SFF_6                        31.6800      0.2     0.0000     31.6800  0.0000  dflipfloplw_122
KE/TK33/SFF_7                        31.6800      0.2     0.0000     31.6800  0.0000  dflipfloplw_121
KE/TK33/SFF_8                        31.6800      0.2     0.0000     31.6800  0.0000  dflipfloplw_120
KE/TK33/SFF_9                        31.6800      0.2     0.0000     31.6800  0.0000  dflipfloplw_119
RF                                 5636.1650     29.2   336.9599      0.0000  0.0000  RoundFunction_1_2
RF/C00                              253.4400      1.3     0.0000      0.0000  0.0000  ScanFF_SIZE8_1
RF/C00/SFF_0                         31.6800      0.2     0.0000     31.6800  0.0000  dflipfloplw_392
RF/C00/SFF_1                         31.6800      0.2     0.0000     31.6800  0.0000  dflipfloplw_391
RF/C00/SFF_2                         31.6800      0.2     0.0000     31.6800  0.0000  dflipfloplw_390
RF/C00/SFF_3                         31.6800      0.2     0.0000     31.6800  0.0000  dflipfloplw_389
RF/C00/SFF_4                         31.6800      0.2     0.0000     31.6800  0.0000  dflipfloplw_388
RF/C00/SFF_5                         31.6800      0.2     0.0000     31.6800  0.0000  dflipfloplw_387
RF/C00/SFF_6                         31.6800      0.2     0.0000     31.6800  0.0000  dflipfloplw_386
RF/C00/SFF_7                         31.6800      0.2     0.0000     31.6800  0.0000  dflipfloplw_385
RF/C01                              195.8400      1.0     0.0000    195.8400  0.0000  DataFF_SIZE8_1
RF/C02                              195.8400      1.0     0.0000    195.8400  0.0000  DataFF_SIZE8_2
RF/C03                              195.8400      1.0     0.0000    195.8400  0.0000  DataFF_SIZE8_0
RF/C04                              253.4400      1.3     0.0000      0.0000  0.0000  ScanFF_SIZE8_2
RF/C04/SFF_0                         31.6800      0.2     0.0000     31.6800  0.0000  dflipfloplw_400
RF/C04/SFF_1                         31.6800      0.2     0.0000     31.6800  0.0000  dflipfloplw_399
RF/C04/SFF_2                         31.6800      0.2     0.0000     31.6800  0.0000  dflipfloplw_398
RF/C04/SFF_3                         31.6800      0.2     0.0000     31.6800  0.0000  dflipfloplw_397
RF/C04/SFF_4                         31.6800      0.2     0.0000     31.6800  0.0000  dflipfloplw_396
RF/C04/SFF_5                         31.6800      0.2     0.0000     31.6800  0.0000  dflipfloplw_395
RF/C04/SFF_6                         31.6800      0.2     0.0000     31.6800  0.0000  dflipfloplw_394
RF/C04/SFF_7                         31.6800      0.2     0.0000     31.6800  0.0000  dflipfloplw_393
RF/C05                              253.4400      1.3     0.0000      0.0000  0.0000  ScanFF_SIZE8_3
RF/C05/SFF_0                         31.6800      0.2     0.0000     31.6800  0.0000  dflipfloplw_408
RF/C05/SFF_1                         31.6800      0.2     0.0000     31.6800  0.0000  dflipfloplw_407
RF/C05/SFF_2                         31.6800      0.2     0.0000     31.6800  0.0000  dflipfloplw_406
RF/C05/SFF_3                         31.6800      0.2     0.0000     31.6800  0.0000  dflipfloplw_405
RF/C05/SFF_4                         31.6800      0.2     0.0000     31.6800  0.0000  dflipfloplw_404
RF/C05/SFF_5                         31.6800      0.2     0.0000     31.6800  0.0000  dflipfloplw_403
RF/C05/SFF_6                         31.6800      0.2     0.0000     31.6800  0.0000  dflipfloplw_402
RF/C05/SFF_7                         31.6800      0.2     0.0000     31.6800  0.0000  dflipfloplw_401
RF/C06                              253.4400      1.3     0.0000      0.0000  0.0000  ScanFF_SIZE8_4
RF/C06/SFF_0                         31.6800      0.2     0.0000     31.6800  0.0000  dflipfloplw_416
RF/C06/SFF_1                         31.6800      0.2     0.0000     31.6800  0.0000  dflipfloplw_415
RF/C06/SFF_2                         31.6800      0.2     0.0000     31.6800  0.0000  dflipfloplw_414
RF/C06/SFF_3                         31.6800      0.2     0.0000     31.6800  0.0000  dflipfloplw_413
RF/C06/SFF_4                         31.6800      0.2     0.0000     31.6800  0.0000  dflipfloplw_412
RF/C06/SFF_5                         31.6800      0.2     0.0000     31.6800  0.0000  dflipfloplw_411
RF/C06/SFF_6                         31.6800      0.2     0.0000     31.6800  0.0000  dflipfloplw_410
RF/C06/SFF_7                         31.6800      0.2     0.0000     31.6800  0.0000  dflipfloplw_409
RF/C07                              253.4400      1.3     0.0000      0.0000  0.0000  ScanFF_SIZE8_5
RF/C07/SFF_0                         31.6800      0.2     0.0000     31.6800  0.0000  dflipfloplw_424
RF/C07/SFF_1                         31.6800      0.2     0.0000     31.6800  0.0000  dflipfloplw_423
RF/C07/SFF_2                         31.6800      0.2     0.0000     31.6800  0.0000  dflipfloplw_422
RF/C07/SFF_3                         31.6800      0.2     0.0000     31.6800  0.0000  dflipfloplw_421
RF/C07/SFF_4                         31.6800      0.2     0.0000     31.6800  0.0000  dflipfloplw_420
RF/C07/SFF_5                         31.6800      0.2     0.0000     31.6800  0.0000  dflipfloplw_419
RF/C07/SFF_6                         31.6800      0.2     0.0000     31.6800  0.0000  dflipfloplw_418
RF/C07/SFF_7                         31.6800      0.2     0.0000     31.6800  0.0000  dflipfloplw_417
RF/C08                              253.4400      1.3     0.0000      0.0000  0.0000  ScanFF_SIZE8_6
RF/C08/SFF_0                         31.6800      0.2     0.0000     31.6800  0.0000  dflipfloplw_432
RF/C08/SFF_1                         31.6800      0.2     0.0000     31.6800  0.0000  dflipfloplw_431
RF/C08/SFF_2                         31.6800      0.2     0.0000     31.6800  0.0000  dflipfloplw_430
RF/C08/SFF_3                         31.6800      0.2     0.0000     31.6800  0.0000  dflipfloplw_429
RF/C08/SFF_4                         31.6800      0.2     0.0000     31.6800  0.0000  dflipfloplw_428
RF/C08/SFF_5                         31.6800      0.2     0.0000     31.6800  0.0000  dflipfloplw_427
RF/C08/SFF_6                         31.6800      0.2     0.0000     31.6800  0.0000  dflipfloplw_426
RF/C08/SFF_7                         31.6800      0.2     0.0000     31.6800  0.0000  dflipfloplw_425
RF/C09                              253.4400      1.3     0.0000      0.0000  0.0000  ScanFF_SIZE8_7
RF/C09/SFF_0                         31.6800      0.2     0.0000     31.6800  0.0000  dflipfloplw_440
RF/C09/SFF_1                         31.6800      0.2     0.0000     31.6800  0.0000  dflipfloplw_439
RF/C09/SFF_2                         31.6800      0.2     0.0000     31.6800  0.0000  dflipfloplw_438
RF/C09/SFF_3                         31.6800      0.2     0.0000     31.6800  0.0000  dflipfloplw_437
RF/C09/SFF_4                         31.6800      0.2     0.0000     31.6800  0.0000  dflipfloplw_436
RF/C09/SFF_5                         31.6800      0.2     0.0000     31.6800  0.0000  dflipfloplw_435
RF/C09/SFF_6                         31.6800      0.2     0.0000     31.6800  0.0000  dflipfloplw_434
RF/C09/SFF_7                         31.6800      0.2     0.0000     31.6800  0.0000  dflipfloplw_433
RF/C10                              253.4400      1.3     0.0000      0.0000  0.0000  ScanFF_SIZE8_8
RF/C10/SFF_0                         31.6800      0.2     0.0000     31.6800  0.0000  dflipfloplw_448
RF/C10/SFF_1                         31.6800      0.2     0.0000     31.6800  0.0000  dflipfloplw_447
RF/C10/SFF_2                         31.6800      0.2     0.0000     31.6800  0.0000  dflipfloplw_446
RF/C10/SFF_3                         31.6800      0.2     0.0000     31.6800  0.0000  dflipfloplw_445
RF/C10/SFF_4                         31.6800      0.2     0.0000     31.6800  0.0000  dflipfloplw_444
RF/C10/SFF_5                         31.6800      0.2     0.0000     31.6800  0.0000  dflipfloplw_443
RF/C10/SFF_6                         31.6800      0.2     0.0000     31.6800  0.0000  dflipfloplw_442
RF/C10/SFF_7                         31.6800      0.2     0.0000     31.6800  0.0000  dflipfloplw_441
RF/C11                              253.4400      1.3     0.0000      0.0000  0.0000  ScanFF_SIZE8_9
RF/C11/SFF_0                         31.6800      0.2     0.0000     31.6800  0.0000  dflipfloplw_456
RF/C11/SFF_1                         31.6800      0.2     0.0000     31.6800  0.0000  dflipfloplw_455
RF/C11/SFF_2                         31.6800      0.2     0.0000     31.6800  0.0000  dflipfloplw_454
RF/C11/SFF_3                         31.6800      0.2     0.0000     31.6800  0.0000  dflipfloplw_453
RF/C11/SFF_4                         31.6800      0.2     0.0000     31.6800  0.0000  dflipfloplw_452
RF/C11/SFF_5                         31.6800      0.2     0.0000     31.6800  0.0000  dflipfloplw_451
RF/C11/SFF_6                         31.6800      0.2     0.0000     31.6800  0.0000  dflipfloplw_450
RF/C11/SFF_7                         31.6800      0.2     0.0000     31.6800  0.0000  dflipfloplw_449
RF/C12                              253.4400      1.3     0.0000      0.0000  0.0000  ScanFF_SIZE8_10
RF/C12/SFF_0                         31.6800      0.2     0.0000     31.6800  0.0000  dflipfloplw_464
RF/C12/SFF_1                         31.6800      0.2     0.0000     31.6800  0.0000  dflipfloplw_463
RF/C12/SFF_2                         31.6800      0.2     0.0000     31.6800  0.0000  dflipfloplw_462
RF/C12/SFF_3                         31.6800      0.2     0.0000     31.6800  0.0000  dflipfloplw_461
RF/C12/SFF_4                         31.6800      0.2     0.0000     31.6800  0.0000  dflipfloplw_460
RF/C12/SFF_5                         31.6800      0.2     0.0000     31.6800  0.0000  dflipfloplw_459
RF/C12/SFF_6                         31.6800      0.2     0.0000     31.6800  0.0000  dflipfloplw_458
RF/C12/SFF_7                         31.6800      0.2     0.0000     31.6800  0.0000  dflipfloplw_457
RF/C13                              253.4400      1.3     0.0000      0.0000  0.0000  ScanFF_SIZE8_11
RF/C13/SFF_0                         31.6800      0.2     0.0000     31.6800  0.0000  dflipfloplw_472
RF/C13/SFF_1                         31.6800      0.2     0.0000     31.6800  0.0000  dflipfloplw_471
RF/C13/SFF_2                         31.6800      0.2     0.0000     31.6800  0.0000  dflipfloplw_470
RF/C13/SFF_3                         31.6800      0.2     0.0000     31.6800  0.0000  dflipfloplw_469
RF/C13/SFF_4                         31.6800      0.2     0.0000     31.6800  0.0000  dflipfloplw_468
RF/C13/SFF_5                         31.6800      0.2     0.0000     31.6800  0.0000  dflipfloplw_467
RF/C13/SFF_6                         31.6800      0.2     0.0000     31.6800  0.0000  dflipfloplw_466
RF/C13/SFF_7                         31.6800      0.2     0.0000     31.6800  0.0000  dflipfloplw_465
RF/C14                              253.4400      1.3     0.0000      0.0000  0.0000  ScanFF_SIZE8_12
RF/C14/SFF_0                         31.6800      0.2     0.0000     31.6800  0.0000  dflipfloplw_480
RF/C14/SFF_1                         31.6800      0.2     0.0000     31.6800  0.0000  dflipfloplw_479
RF/C14/SFF_2                         31.6800      0.2     0.0000     31.6800  0.0000  dflipfloplw_478
RF/C14/SFF_3                         31.6800      0.2     0.0000     31.6800  0.0000  dflipfloplw_477
RF/C14/SFF_4                         31.6800      0.2     0.0000     31.6800  0.0000  dflipfloplw_476
RF/C14/SFF_5                         31.6800      0.2     0.0000     31.6800  0.0000  dflipfloplw_475
RF/C14/SFF_6                         31.6800      0.2     0.0000     31.6800  0.0000  dflipfloplw_474
RF/C14/SFF_7                         31.6800      0.2     0.0000     31.6800  0.0000  dflipfloplw_473
RF/C15                              253.4400      1.3     0.0000      0.0000  0.0000  ScanFF_SIZE8_0
RF/C15/SFF_0                         31.6800      0.2     0.0000     31.6800  0.0000  dflipfloplw_0
RF/C15/SFF_1                         31.6800      0.2     0.0000     31.6800  0.0000  dflipfloplw_487
RF/C15/SFF_2                         31.6800      0.2     0.0000     31.6800  0.0000  dflipfloplw_486
RF/C15/SFF_3                         31.6800      0.2     0.0000     31.6800  0.0000  dflipfloplw_485
RF/C15/SFF_4                         31.6800      0.2     0.0000     31.6800  0.0000  dflipfloplw_484
RF/C15/SFF_5                         31.6800      0.2     0.0000     31.6800  0.0000  dflipfloplw_483
RF/C15/SFF_6                         31.6800      0.2     0.0000     31.6800  0.0000  dflipfloplw_482
RF/C15/SFF_7                         31.6800      0.2     0.0000     31.6800  0.0000  dflipfloplw_481
RF/KA                               633.6000      3.3   633.6000      0.0000  0.0000  AddConstKey_1_2
RF/MC                               276.4800      1.4   276.4800      0.0000  0.0000  MixColumns_1
RF/S0                               126.7200      0.7   126.7200      0.0000  0.0000  SBox_1_1
RF/S1                               126.7200      0.7   126.7200      0.0000  0.0000  SBox_1_2
RF/S2                               126.7200      0.7   126.7200      0.0000  0.0000  SBox_1_3
RF/S3                               126.7200      0.7   126.7200      0.0000  0.0000  SBox_1_0
RF/SR                                 0.0000      0.0     0.0000      0.0000  0.0000  ShiftRows_1
--------------------------------  ----------  -------  ---------  ----------  ------  -------------------------------------
Total                                                  2939.0405  16392.9043  0.0000

1
