 
****************************************
Report : timing
        -path full
        -delay max
        -max_paths 1
        -sort_by group
Design : Skinny_0_1
Version: E-2010.12-SP2
Date   : Fri Jun 21 11:00:25 2019
****************************************

Operating Conditions: tt_1p2v_25c   Library: scx3_cmos8rf_lpvt_tt_1p2v_25c
Wire Load Model Mode: top

  Startpoint: CL/COUNT_OP_reg[0]
              (rising edge-triggered flip-flop clocked by CLK)
  Endpoint: KE/CLK_GATE_H_reg
            (negative level-sensitive latch clocked by CLK)
  Path Group: CLK
  Path Type: max

  Point                                    Incr       Path
  -----------------------------------------------------------
  clock CLK (rise edge)                    0.00       0.00
  clock network delay (ideal)              0.00       0.00
  CL/COUNT_OP_reg[0]/CK (DFFXLTS)          0.00       0.00 r
  CL/COUNT_OP_reg[0]/Q (DFFXLTS)           0.50       0.50 f
  CL/U16/Y (NOR2XLTS)                      0.56       1.06 r
  CL/U8/Y (NOR4BX1TS)                      0.49       1.55 r
  CL/U7/Y (BUFX3TS)                        0.51       2.06 r
  CL/KEY_CTL[1] (ControlLogic_0_1)         0.00       2.06 r
  KE/KEY_CTL[1] (KeyExpansion_0_1)         0.00       2.06 r
  KE/U8/Y (OR2X2TS)                        0.34       2.40 r
  KE/CLK_GATE_H_reg/D (TLATNX1TS)          0.00       2.40 r
  data arrival time                                   2.40

  clock CLK (fall edge)                 5000.00    5000.00
  clock network delay (ideal)              0.00    5000.00
  KE/CLK_GATE_H_reg/GN (TLATNX1TS)         0.00    5000.00 f
  time borrowed from endpoint              0.00    5000.00
  data required time                               5000.00
  -----------------------------------------------------------
  data required time                               5000.00
  data arrival time                                  -2.40
  -----------------------------------------------------------
  slack (MET)                                      4997.60

  Time Borrowing Information
  -----------------------------------------------
  CLK pulse width                       5000.00   
  library setup time                      -0.14   
  -----------------------------------------------
  max time borrow                       4999.86   
  actual time borrow                       0.00   
  -----------------------------------------------


1
