 
****************************************
Report : timing
        -path full
        -delay max
        -max_paths 1
        -sort_by group
Design : Skinny_1_2
Version: E-2010.12-SP2
Date   : Fri Jun 21 14:08:21 2019
****************************************

Operating Conditions: tt_1p2v_25c   Library: scx3_cmos8rf_lpvt_tt_1p2v_25c
Wire Load Model Mode: top

  Startpoint: PLAINTEXT[126]
              (input port)
  Endpoint: CIPHERTEXT[120]
            (output port)
  Path Group: (none)
  Path Type: max

  Point                                                   Incr       Path
  --------------------------------------------------------------------------
  input external delay                                    0.00       0.00 f
  PLAINTEXT[126] (in)                                     0.00       0.00 f
  RF_0/ROUND_IN[126] (RoundFunction_1_2_0)                0.00       0.00 f
  RF_0/S_15/X[6] (SBox_1_881)                             0.00       0.00 f
  RF_0/S_15/U13/Y (OAI31X1TS)                             0.43       0.43 r
  RF_0/S_15/U10/Y (OAI21X1TS)                             0.31       0.74 f
  RF_0/S_15/U9/Y (OAI31X1TS)                              0.23       0.97 r
  RF_0/S_15/U8/Y (OAI21X1TS)                              0.28       1.25 f
  RF_0/S_15/U7/Y (OAI31X1TS)                              0.17       1.42 r
  RF_0/S_15/U2/Y (OAI21X1TS)                              0.24       1.66 f
  RF_0/S_15/U1/Y (OAI31X1TS)                              0.11       1.77 r
  RF_0/S_15/Y[0] (SBox_1_881)                             0.00       1.77 r
  RF_0/KA/DATA_IN[120] (AddConstKey_1_2_0)                0.00       1.77 r
  RF_0/KA/U63/Y (XOR2X1TS)                                0.27       2.04 f
  RF_0/KA/U64/Y (XOR2X1TS)                                0.33       2.37 r
  RF_0/KA/DATA_OUT[120] (AddConstKey_1_2_0)               0.00       2.37 r
  RF_0/SR/X[120] (ShiftRows_1_0)                          0.00       2.37 r
  RF_0/SR/Y[120] (ShiftRows_1_0)                          0.00       2.37 r
  RF_0/MC/X[120] (MixColumns_1_0)                         0.00       2.37 r
  RF_0/MC/U42/Y (XOR2X1TS)                                0.41       2.78 r
  RF_0/MC/U43/Y (XOR2X1TS)                                0.36       3.14 f
  RF_0/MC/Y[120] (MixColumns_1_0)                         0.00       3.14 f
  RF_0/ROUND_OUT[120] (RoundFunction_1_2_0)               0.00       3.14 f
  RF_1/ROUND_IN[120] (RoundFunction_1_2_55)               0.00       3.14 f
  RF_1/S_15/X[0] (SBox_1_865)                             0.00       3.14 f
  RF_1/S_15/U11/Y (OAI31X1TS)                             0.48       3.63 r
  RF_1/S_15/U10/Y (OAI21X1TS)                             0.28       3.91 f
  RF_1/S_15/U9/Y (OAI31X1TS)                              0.23       4.13 r
  RF_1/S_15/U8/Y (OAI21X1TS)                              0.28       4.41 f
  RF_1/S_15/U7/Y (OAI31X1TS)                              0.18       4.59 r
  RF_1/S_15/U2/Y (OAI21X1TS)                              0.24       4.84 f
  RF_1/S_15/U1/Y (OAI31X1TS)                              0.13       4.97 r
  RF_1/S_15/Y[0] (SBox_1_865)                             0.00       4.97 r
  RF_1/KA/DATA_IN[120] (AddConstKey_1_2_55)               0.00       4.97 r
  RF_1/KA/U63/Y (XOR2X1TS)                                0.27       5.24 f
  RF_1/KA/U64/Y (XOR2X1TS)                                0.33       5.57 r
  RF_1/KA/DATA_OUT[120] (AddConstKey_1_2_55)              0.00       5.57 r
  RF_1/SR/X[120] (ShiftRows_1_55)                         0.00       5.57 r
  RF_1/SR/Y[120] (ShiftRows_1_55)                         0.00       5.57 r
  RF_1/MC/X[120] (MixColumns_1_55)                        0.00       5.57 r
  RF_1/MC/U42/Y (XOR2X1TS)                                0.41       5.98 r
  RF_1/MC/U43/Y (XOR2X1TS)                                0.36       6.34 f
  RF_1/MC/Y[120] (MixColumns_1_55)                        0.00       6.34 f
  RF_1/ROUND_OUT[120] (RoundFunction_1_2_55)              0.00       6.34 f
  RF_2/ROUND_IN[120] (RoundFunction_1_2_54)               0.00       6.34 f
  RF_2/S_15/X[0] (SBox_1_849)                             0.00       6.34 f
  RF_2/S_15/U11/Y (OAI31X1TS)                             0.48       6.82 r
  RF_2/S_15/U10/Y (OAI21X1TS)                             0.28       7.10 f
  RF_2/S_15/U9/Y (OAI31X1TS)                              0.23       7.33 r
  RF_2/S_15/U8/Y (OAI21X1TS)                              0.28       7.61 f
  RF_2/S_15/U7/Y (OAI31X1TS)                              0.18       7.79 r
  RF_2/S_15/U2/Y (OAI21X1TS)                              0.24       8.03 f
  RF_2/S_15/U1/Y (OAI31X1TS)                              0.13       8.17 r
  RF_2/S_15/Y[0] (SBox_1_849)                             0.00       8.17 r
  RF_2/KA/DATA_IN[120] (AddConstKey_1_2_54)               0.00       8.17 r
  RF_2/KA/U63/Y (XOR2X1TS)                                0.27       8.44 f
  RF_2/KA/U64/Y (XOR2X1TS)                                0.33       8.77 r
  RF_2/KA/DATA_OUT[120] (AddConstKey_1_2_54)              0.00       8.77 r
  RF_2/SR/X[120] (ShiftRows_1_54)                         0.00       8.77 r
  RF_2/SR/Y[120] (ShiftRows_1_54)                         0.00       8.77 r
  RF_2/MC/X[120] (MixColumns_1_54)                        0.00       8.77 r
  RF_2/MC/U42/Y (XOR2X1TS)                                0.41       9.18 r
  RF_2/MC/U43/Y (XOR2X1TS)                                0.36       9.54 f
  RF_2/MC/Y[120] (MixColumns_1_54)                        0.00       9.54 f
  RF_2/ROUND_OUT[120] (RoundFunction_1_2_54)              0.00       9.54 f
  RF_3/ROUND_IN[120] (RoundFunction_1_2_53)               0.00       9.54 f
  RF_3/S_15/X[0] (SBox_1_833)                             0.00       9.54 f
  RF_3/S_15/U11/Y (OAI31X1TS)                             0.48      10.02 r
  RF_3/S_15/U10/Y (OAI21X1TS)                             0.28      10.30 f
  RF_3/S_15/U9/Y (OAI31X1TS)                              0.23      10.53 r
  RF_3/S_15/U8/Y (OAI21X1TS)                              0.28      10.81 f
  RF_3/S_15/U7/Y (OAI31X1TS)                              0.18      10.99 r
  RF_3/S_15/U2/Y (OAI21X1TS)                              0.24      11.23 f
  RF_3/S_15/U1/Y (OAI31X1TS)                              0.13      11.37 r
  RF_3/S_15/Y[0] (SBox_1_833)                             0.00      11.37 r
  RF_3/KA/DATA_IN[120] (AddConstKey_1_2_53)               0.00      11.37 r
  RF_3/KA/U63/Y (XOR2X1TS)                                0.27      11.64 f
  RF_3/KA/U64/Y (XOR2X1TS)                                0.33      11.96 r
  RF_3/KA/DATA_OUT[120] (AddConstKey_1_2_53)              0.00      11.96 r
  RF_3/SR/X[120] (ShiftRows_1_53)                         0.00      11.96 r
  RF_3/SR/Y[120] (ShiftRows_1_53)                         0.00      11.96 r
  RF_3/MC/X[120] (MixColumns_1_53)                        0.00      11.96 r
  RF_3/MC/U42/Y (XOR2X1TS)                                0.41      12.38 r
  RF_3/MC/U43/Y (XOR2X1TS)                                0.36      12.74 f
  RF_3/MC/Y[120] (MixColumns_1_53)                        0.00      12.74 f
  RF_3/ROUND_OUT[120] (RoundFunction_1_2_53)              0.00      12.74 f
  RF_4/ROUND_IN[120] (RoundFunction_1_2_52)               0.00      12.74 f
  RF_4/S_15/X[0] (SBox_1_817)                             0.00      12.74 f
  RF_4/S_15/U11/Y (OAI31X1TS)                             0.48      13.22 r
  RF_4/S_15/U10/Y (OAI21X1TS)                             0.28      13.50 f
  RF_4/S_15/U9/Y (OAI31X1TS)                              0.23      13.73 r
  RF_4/S_15/U8/Y (OAI21X1TS)                              0.28      14.01 f
  RF_4/S_15/U7/Y (OAI31X1TS)                              0.18      14.19 r
  RF_4/S_15/U2/Y (OAI21X1TS)                              0.24      14.43 f
  RF_4/S_15/U1/Y (OAI31X1TS)                              0.13      14.57 r
  RF_4/S_15/Y[0] (SBox_1_817)                             0.00      14.57 r
  RF_4/KA/DATA_IN[120] (AddConstKey_1_2_52)               0.00      14.57 r
  RF_4/KA/U63/Y (XOR2X1TS)                                0.27      14.83 f
  RF_4/KA/U64/Y (XOR2X1TS)                                0.33      15.16 r
  RF_4/KA/DATA_OUT[120] (AddConstKey_1_2_52)              0.00      15.16 r
  RF_4/SR/X[120] (ShiftRows_1_52)                         0.00      15.16 r
  RF_4/SR/Y[120] (ShiftRows_1_52)                         0.00      15.16 r
  RF_4/MC/X[120] (MixColumns_1_52)                        0.00      15.16 r
  RF_4/MC/U42/Y (XOR2X1TS)                                0.41      15.57 r
  RF_4/MC/U43/Y (XOR2X1TS)                                0.36      15.94 f
  RF_4/MC/Y[120] (MixColumns_1_52)                        0.00      15.94 f
  RF_4/ROUND_OUT[120] (RoundFunction_1_2_52)              0.00      15.94 f
  RF_5/ROUND_IN[120] (RoundFunction_1_2_51)               0.00      15.94 f
  RF_5/S_15/X[0] (SBox_1_801)                             0.00      15.94 f
  RF_5/S_15/U11/Y (OAI31X1TS)                             0.48      16.42 r
  RF_5/S_15/U10/Y (OAI21X1TS)                             0.28      16.70 f
  RF_5/S_15/U9/Y (OAI31X1TS)                              0.23      16.93 r
  RF_5/S_15/U8/Y (OAI21X1TS)                              0.28      17.21 f
  RF_5/S_15/U7/Y (OAI31X1TS)                              0.18      17.39 r
  RF_5/S_15/U2/Y (OAI21X1TS)                              0.24      17.63 f
  RF_5/S_15/U1/Y (OAI31X1TS)                              0.13      17.76 r
  RF_5/S_15/Y[0] (SBox_1_801)                             0.00      17.76 r
  RF_5/KA/DATA_IN[120] (AddConstKey_1_2_51)               0.00      17.76 r
  RF_5/KA/U63/Y (XOR2X1TS)                                0.28      18.04 r
  RF_5/KA/U64/Y (XOR2X1TS)                                0.37      18.41 r
  RF_5/KA/DATA_OUT[120] (AddConstKey_1_2_51)              0.00      18.41 r
  RF_5/SR/X[120] (ShiftRows_1_51)                         0.00      18.41 r
  RF_5/SR/Y[120] (ShiftRows_1_51)                         0.00      18.41 r
  RF_5/MC/X[120] (MixColumns_1_51)                        0.00      18.41 r
  RF_5/MC/U42/Y (XOR2X1TS)                                0.41      18.82 r
  RF_5/MC/U43/Y (XOR2X1TS)                                0.36      19.18 f
  RF_5/MC/Y[120] (MixColumns_1_51)                        0.00      19.18 f
  RF_5/ROUND_OUT[120] (RoundFunction_1_2_51)              0.00      19.18 f
  RF_6/ROUND_IN[120] (RoundFunction_1_2_50)               0.00      19.18 f
  RF_6/S_15/X[0] (SBox_1_785)                             0.00      19.18 f
  RF_6/S_15/U11/Y (OAI31X1TS)                             0.48      19.67 r
  RF_6/S_15/U10/Y (OAI21X1TS)                             0.28      19.95 f
  RF_6/S_15/U9/Y (OAI31X1TS)                              0.23      20.18 r
  RF_6/S_15/U8/Y (OAI21X1TS)                              0.28      20.46 f
  RF_6/S_15/U7/Y (OAI31X1TS)                              0.18      20.63 r
  RF_6/S_15/U2/Y (OAI21X1TS)                              0.24      20.87 f
  RF_6/S_15/U1/Y (OAI31X1TS)                              0.13      21.00 r
  RF_6/S_15/Y[0] (SBox_1_785)                             0.00      21.00 r
  RF_6/KA/DATA_IN[120] (AddConstKey_1_2_50)               0.00      21.00 r
  RF_6/KA/U63/Y (XOR2X1TS)                                0.27      21.27 f
  RF_6/KA/U64/Y (XOR2X1TS)                                0.33      21.60 r
  RF_6/KA/DATA_OUT[120] (AddConstKey_1_2_50)              0.00      21.60 r
  RF_6/SR/X[120] (ShiftRows_1_50)                         0.00      21.60 r
  RF_6/SR/Y[120] (ShiftRows_1_50)                         0.00      21.60 r
  RF_6/MC/X[120] (MixColumns_1_50)                        0.00      21.60 r
  RF_6/MC/U42/Y (XOR2X1TS)                                0.41      22.01 r
  RF_6/MC/U43/Y (XOR2X1TS)                                0.36      22.38 f
  RF_6/MC/Y[120] (MixColumns_1_50)                        0.00      22.38 f
  RF_6/ROUND_OUT[120] (RoundFunction_1_2_50)              0.00      22.38 f
  RF_7/ROUND_IN[120] (RoundFunction_1_2_49)               0.00      22.38 f
  RF_7/S_15/X[0] (SBox_1_769)                             0.00      22.38 f
  RF_7/S_15/U11/Y (OAI31X1TS)                             0.48      22.86 r
  RF_7/S_15/U10/Y (OAI21X1TS)                             0.28      23.14 f
  RF_7/S_15/U9/Y (OAI31X1TS)                              0.23      23.37 r
  RF_7/S_15/U8/Y (OAI21X1TS)                              0.28      23.65 f
  RF_7/S_15/U7/Y (OAI31X1TS)                              0.18      23.83 r
  RF_7/S_15/U2/Y (OAI21X1TS)                              0.24      24.07 f
  RF_7/S_15/U1/Y (OAI31X1TS)                              0.13      24.20 r
  RF_7/S_15/Y[0] (SBox_1_769)                             0.00      24.20 r
  RF_7/KA/DATA_IN[120] (AddConstKey_1_2_49)               0.00      24.20 r
  RF_7/KA/U63/Y (XOR2X1TS)                                0.27      24.47 f
  RF_7/KA/U64/Y (XOR2X1TS)                                0.33      24.80 r
  RF_7/KA/DATA_OUT[120] (AddConstKey_1_2_49)              0.00      24.80 r
  RF_7/SR/X[120] (ShiftRows_1_49)                         0.00      24.80 r
  RF_7/SR/Y[120] (ShiftRows_1_49)                         0.00      24.80 r
  RF_7/MC/X[120] (MixColumns_1_49)                        0.00      24.80 r
  RF_7/MC/U42/Y (XOR2X1TS)                                0.41      25.21 r
  RF_7/MC/U43/Y (XOR2X1TS)                                0.36      25.58 f
  RF_7/MC/Y[120] (MixColumns_1_49)                        0.00      25.58 f
  RF_7/ROUND_OUT[120] (RoundFunction_1_2_49)              0.00      25.58 f
  RF_8/ROUND_IN[120] (RoundFunction_1_2_48)               0.00      25.58 f
  RF_8/S_15/X[0] (SBox_1_753)                             0.00      25.58 f
  RF_8/S_15/U11/Y (OAI31X1TS)                             0.48      26.06 r
  RF_8/S_15/U10/Y (OAI21X1TS)                             0.28      26.34 f
  RF_8/S_15/U9/Y (OAI31X1TS)                              0.23      26.57 r
  RF_8/S_15/U8/Y (OAI21X1TS)                              0.28      26.85 f
  RF_8/S_15/U7/Y (OAI31X1TS)                              0.18      27.03 r
  RF_8/S_15/U2/Y (OAI21X1TS)                              0.24      27.27 f
  RF_8/S_15/U1/Y (OAI31X1TS)                              0.13      27.40 r
  RF_8/S_15/Y[0] (SBox_1_753)                             0.00      27.40 r
  RF_8/KA/DATA_IN[120] (AddConstKey_1_2_48)               0.00      27.40 r
  RF_8/KA/U63/Y (XOR2X1TS)                                0.27      27.67 f
  RF_8/KA/U64/Y (XOR2X1TS)                                0.33      28.00 r
  RF_8/KA/DATA_OUT[120] (AddConstKey_1_2_48)              0.00      28.00 r
  RF_8/SR/X[120] (ShiftRows_1_48)                         0.00      28.00 r
  RF_8/SR/Y[120] (ShiftRows_1_48)                         0.00      28.00 r
  RF_8/MC/X[120] (MixColumns_1_48)                        0.00      28.00 r
  RF_8/MC/U42/Y (XOR2X1TS)                                0.41      28.41 r
  RF_8/MC/U43/Y (XOR2X1TS)                                0.36      28.77 f
  RF_8/MC/Y[120] (MixColumns_1_48)                        0.00      28.77 f
  RF_8/ROUND_OUT[120] (RoundFunction_1_2_48)              0.00      28.77 f
  RF_9/ROUND_IN[120] (RoundFunction_1_2_47)               0.00      28.77 f
  RF_9/S_15/X[0] (SBox_1_737)                             0.00      28.77 f
  RF_9/S_15/U11/Y (OAI31X1TS)                             0.48      29.26 r
  RF_9/S_15/U10/Y (OAI21X1TS)                             0.28      29.54 f
  RF_9/S_15/U9/Y (OAI31X1TS)                              0.23      29.77 r
  RF_9/S_15/U8/Y (OAI21X1TS)                              0.28      30.05 f
  RF_9/S_15/U7/Y (OAI31X1TS)                              0.18      30.23 r
  RF_9/S_15/U2/Y (OAI21X1TS)                              0.24      30.47 f
  RF_9/S_15/U1/Y (OAI31X1TS)                              0.13      30.60 r
  RF_9/S_15/Y[0] (SBox_1_737)                             0.00      30.60 r
  RF_9/KA/DATA_IN[120] (AddConstKey_1_2_47)               0.00      30.60 r
  RF_9/KA/U63/Y (XOR2X1TS)                                0.27      30.87 f
  RF_9/KA/U64/Y (XOR2X1TS)                                0.33      31.20 r
  RF_9/KA/DATA_OUT[120] (AddConstKey_1_2_47)              0.00      31.20 r
  RF_9/SR/X[120] (ShiftRows_1_47)                         0.00      31.20 r
  RF_9/SR/Y[120] (ShiftRows_1_47)                         0.00      31.20 r
  RF_9/MC/X[120] (MixColumns_1_47)                        0.00      31.20 r
  RF_9/MC/U42/Y (XOR2X1TS)                                0.41      31.61 r
  RF_9/MC/U43/Y (XOR2X1TS)                                0.36      31.97 f
  RF_9/MC/Y[120] (MixColumns_1_47)                        0.00      31.97 f
  RF_9/ROUND_OUT[120] (RoundFunction_1_2_47)              0.00      31.97 f
  RF_10/ROUND_IN[120] (RoundFunction_1_2_46)              0.00      31.97 f
  RF_10/S_15/X[0] (SBox_1_721)                            0.00      31.97 f
  RF_10/S_15/U11/Y (OAI31X1TS)                            0.48      32.46 r
  RF_10/S_15/U10/Y (OAI21X1TS)                            0.28      32.74 f
  RF_10/S_15/U9/Y (OAI31X1TS)                             0.23      32.97 r
  RF_10/S_15/U8/Y (OAI21X1TS)                             0.28      33.25 f
  RF_10/S_15/U7/Y (OAI31X1TS)                             0.18      33.43 r
  RF_10/S_15/U2/Y (OAI21X1TS)                             0.24      33.67 f
  RF_10/S_15/U1/Y (OAI31X1TS)                             0.13      33.80 r
  RF_10/S_15/Y[0] (SBox_1_721)                            0.00      33.80 r
  RF_10/KA/DATA_IN[120] (AddConstKey_1_2_46)              0.00      33.80 r
  RF_10/KA/U63/Y (XOR2X1TS)                               0.28      34.08 r
  RF_10/KA/U64/Y (XOR2X1TS)                               0.37      34.45 r
  RF_10/KA/DATA_OUT[120] (AddConstKey_1_2_46)             0.00      34.45 r
  RF_10/SR/X[120] (ShiftRows_1_46)                        0.00      34.45 r
  RF_10/SR/Y[120] (ShiftRows_1_46)                        0.00      34.45 r
  RF_10/MC/X[120] (MixColumns_1_46)                       0.00      34.45 r
  RF_10/MC/U42/Y (XOR2X1TS)                               0.41      34.86 r
  RF_10/MC/U43/Y (XOR2X1TS)                               0.36      35.22 f
  RF_10/MC/Y[120] (MixColumns_1_46)                       0.00      35.22 f
  RF_10/ROUND_OUT[120] (RoundFunction_1_2_46)             0.00      35.22 f
  RF_11/ROUND_IN[120] (RoundFunction_1_2_45)              0.00      35.22 f
  RF_11/S_15/X[0] (SBox_1_705)                            0.00      35.22 f
  RF_11/S_15/U11/Y (OAI31X1TS)                            0.48      35.70 r
  RF_11/S_15/U10/Y (OAI21X1TS)                            0.28      35.98 f
  RF_11/S_15/U9/Y (OAI31X1TS)                             0.23      36.21 r
  RF_11/S_15/U8/Y (OAI21X1TS)                             0.28      36.49 f
  RF_11/S_15/U7/Y (OAI31X1TS)                             0.18      36.67 r
  RF_11/S_15/U2/Y (OAI21X1TS)                             0.24      36.91 f
  RF_11/S_15/U1/Y (OAI31X1TS)                             0.13      37.04 r
  RF_11/S_15/Y[0] (SBox_1_705)                            0.00      37.04 r
  RF_11/KA/DATA_IN[120] (AddConstKey_1_2_45)              0.00      37.04 r
  RF_11/KA/U63/Y (XOR2X1TS)                               0.28      37.32 r
  RF_11/KA/U64/Y (XOR2X1TS)                               0.37      37.69 r
  RF_11/KA/DATA_OUT[120] (AddConstKey_1_2_45)             0.00      37.69 r
  RF_11/SR/X[120] (ShiftRows_1_45)                        0.00      37.69 r
  RF_11/SR/Y[120] (ShiftRows_1_45)                        0.00      37.69 r
  RF_11/MC/X[120] (MixColumns_1_45)                       0.00      37.69 r
  RF_11/MC/U42/Y (XOR2X1TS)                               0.41      38.10 r
  RF_11/MC/U43/Y (XOR2X1TS)                               0.36      38.46 f
  RF_11/MC/Y[120] (MixColumns_1_45)                       0.00      38.46 f
  RF_11/ROUND_OUT[120] (RoundFunction_1_2_45)             0.00      38.46 f
  RF_12/ROUND_IN[120] (RoundFunction_1_2_44)              0.00      38.46 f
  RF_12/S_15/X[0] (SBox_1_689)                            0.00      38.46 f
  RF_12/S_15/U11/Y (OAI31X1TS)                            0.48      38.94 r
  RF_12/S_15/U10/Y (OAI21X1TS)                            0.28      39.22 f
  RF_12/S_15/U9/Y (OAI31X1TS)                             0.23      39.45 r
  RF_12/S_15/U8/Y (OAI21X1TS)                             0.28      39.73 f
  RF_12/S_15/U7/Y (OAI31X1TS)                             0.18      39.91 r
  RF_12/S_15/U2/Y (OAI21X1TS)                             0.24      40.15 f
  RF_12/S_15/U1/Y (OAI31X1TS)                             0.13      40.28 r
  RF_12/S_15/Y[0] (SBox_1_689)                            0.00      40.28 r
  RF_12/KA/DATA_IN[120] (AddConstKey_1_2_44)              0.00      40.28 r
  RF_12/KA/U63/Y (XOR2X1TS)                               0.27      40.55 f
  RF_12/KA/U64/Y (XOR2X1TS)                               0.33      40.88 r
  RF_12/KA/DATA_OUT[120] (AddConstKey_1_2_44)             0.00      40.88 r
  RF_12/SR/X[120] (ShiftRows_1_44)                        0.00      40.88 r
  RF_12/SR/Y[120] (ShiftRows_1_44)                        0.00      40.88 r
  RF_12/MC/X[120] (MixColumns_1_44)                       0.00      40.88 r
  RF_12/MC/U42/Y (XOR2X1TS)                               0.41      41.29 r
  RF_12/MC/U43/Y (XOR2X1TS)                               0.36      41.65 f
  RF_12/MC/Y[120] (MixColumns_1_44)                       0.00      41.65 f
  RF_12/ROUND_OUT[120] (RoundFunction_1_2_44)             0.00      41.65 f
  RF_13/ROUND_IN[120] (RoundFunction_1_2_43)              0.00      41.65 f
  RF_13/S_15/X[0] (SBox_1_673)                            0.00      41.65 f
  RF_13/S_15/U11/Y (OAI31X1TS)                            0.48      42.14 r
  RF_13/S_15/U10/Y (OAI21X1TS)                            0.28      42.42 f
  RF_13/S_15/U9/Y (OAI31X1TS)                             0.23      42.65 r
  RF_13/S_15/U8/Y (OAI21X1TS)                             0.28      42.93 f
  RF_13/S_15/U7/Y (OAI31X1TS)                             0.18      43.10 r
  RF_13/S_15/U2/Y (OAI21X1TS)                             0.24      43.35 f
  RF_13/S_15/U1/Y (OAI31X1TS)                             0.13      43.48 r
  RF_13/S_15/Y[0] (SBox_1_673)                            0.00      43.48 r
  RF_13/KA/DATA_IN[120] (AddConstKey_1_2_43)              0.00      43.48 r
  RF_13/KA/U63/Y (XOR2X1TS)                               0.27      43.75 f
  RF_13/KA/U64/Y (XOR2X1TS)                               0.33      44.08 r
  RF_13/KA/DATA_OUT[120] (AddConstKey_1_2_43)             0.00      44.08 r
  RF_13/SR/X[120] (ShiftRows_1_43)                        0.00      44.08 r
  RF_13/SR/Y[120] (ShiftRows_1_43)                        0.00      44.08 r
  RF_13/MC/X[120] (MixColumns_1_43)                       0.00      44.08 r
  RF_13/MC/U42/Y (XOR2X1TS)                               0.41      44.49 r
  RF_13/MC/U43/Y (XOR2X1TS)                               0.36      44.85 f
  RF_13/MC/Y[120] (MixColumns_1_43)                       0.00      44.85 f
  RF_13/ROUND_OUT[120] (RoundFunction_1_2_43)             0.00      44.85 f
  RF_14/ROUND_IN[120] (RoundFunction_1_2_42)              0.00      44.85 f
  RF_14/S_15/X[0] (SBox_1_657)                            0.00      44.85 f
  RF_14/S_15/U11/Y (OAI31X1TS)                            0.48      45.34 r
  RF_14/S_15/U10/Y (OAI21X1TS)                            0.28      45.62 f
  RF_14/S_15/U9/Y (OAI31X1TS)                             0.23      45.85 r
  RF_14/S_15/U8/Y (OAI21X1TS)                             0.28      46.13 f
  RF_14/S_15/U7/Y (OAI31X1TS)                             0.18      46.30 r
  RF_14/S_15/U2/Y (OAI21X1TS)                             0.24      46.55 f
  RF_14/S_15/U1/Y (OAI31X1TS)                             0.13      46.68 r
  RF_14/S_15/Y[0] (SBox_1_657)                            0.00      46.68 r
  RF_14/KA/DATA_IN[120] (AddConstKey_1_2_42)              0.00      46.68 r
  RF_14/KA/U63/Y (XOR2X1TS)                               0.27      46.95 f
  RF_14/KA/U64/Y (XOR2X1TS)                               0.33      47.28 r
  RF_14/KA/DATA_OUT[120] (AddConstKey_1_2_42)             0.00      47.28 r
  RF_14/SR/X[120] (ShiftRows_1_42)                        0.00      47.28 r
  RF_14/SR/Y[120] (ShiftRows_1_42)                        0.00      47.28 r
  RF_14/MC/X[120] (MixColumns_1_42)                       0.00      47.28 r
  RF_14/MC/U42/Y (XOR2X1TS)                               0.41      47.69 r
  RF_14/MC/U43/Y (XOR2X1TS)                               0.36      48.05 f
  RF_14/MC/Y[120] (MixColumns_1_42)                       0.00      48.05 f
  RF_14/ROUND_OUT[120] (RoundFunction_1_2_42)             0.00      48.05 f
  RF_15/ROUND_IN[120] (RoundFunction_1_2_41)              0.00      48.05 f
  RF_15/S_15/X[0] (SBox_1_641)                            0.00      48.05 f
  RF_15/S_15/U11/Y (OAI31X1TS)                            0.48      48.54 r
  RF_15/S_15/U10/Y (OAI21X1TS)                            0.28      48.82 f
  RF_15/S_15/U9/Y (OAI31X1TS)                             0.23      49.04 r
  RF_15/S_15/U8/Y (OAI21X1TS)                             0.28      49.32 f
  RF_15/S_15/U7/Y (OAI31X1TS)                             0.18      49.50 r
  RF_15/S_15/U2/Y (OAI21X1TS)                             0.24      49.75 f
  RF_15/S_15/U1/Y (OAI31X1TS)                             0.13      49.88 r
  RF_15/S_15/Y[0] (SBox_1_641)                            0.00      49.88 r
  RF_15/KA/DATA_IN[120] (AddConstKey_1_2_41)              0.00      49.88 r
  RF_15/KA/U63/Y (XOR2X1TS)                               0.28      50.16 r
  RF_15/KA/U64/Y (XOR2X1TS)                               0.37      50.52 r
  RF_15/KA/DATA_OUT[120] (AddConstKey_1_2_41)             0.00      50.52 r
  RF_15/SR/X[120] (ShiftRows_1_41)                        0.00      50.52 r
  RF_15/SR/Y[120] (ShiftRows_1_41)                        0.00      50.52 r
  RF_15/MC/X[120] (MixColumns_1_41)                       0.00      50.52 r
  RF_15/MC/U42/Y (XOR2X1TS)                               0.41      50.93 r
  RF_15/MC/U43/Y (XOR2X1TS)                               0.36      51.30 f
  RF_15/MC/Y[120] (MixColumns_1_41)                       0.00      51.30 f
  RF_15/ROUND_OUT[120] (RoundFunction_1_2_41)             0.00      51.30 f
  RF_16/ROUND_IN[120] (RoundFunction_1_2_40)              0.00      51.30 f
  RF_16/S_15/X[0] (SBox_1_625)                            0.00      51.30 f
  RF_16/S_15/U11/Y (OAI31X1TS)                            0.48      51.78 r
  RF_16/S_15/U10/Y (OAI21X1TS)                            0.28      52.06 f
  RF_16/S_15/U9/Y (OAI31X1TS)                             0.23      52.29 r
  RF_16/S_15/U8/Y (OAI21X1TS)                             0.28      52.57 f
  RF_16/S_15/U7/Y (OAI31X1TS)                             0.18      52.75 r
  RF_16/S_15/U2/Y (OAI21X1TS)                             0.24      52.99 f
  RF_16/S_15/U1/Y (OAI31X1TS)                             0.13      53.12 r
  RF_16/S_15/Y[0] (SBox_1_625)                            0.00      53.12 r
  RF_16/KA/DATA_IN[120] (AddConstKey_1_2_40)              0.00      53.12 r
  RF_16/KA/U63/Y (XOR2X1TS)                               0.27      53.39 f
  RF_16/KA/U64/Y (XOR2X1TS)                               0.33      53.72 r
  RF_16/KA/DATA_OUT[120] (AddConstKey_1_2_40)             0.00      53.72 r
  RF_16/SR/X[120] (ShiftRows_1_40)                        0.00      53.72 r
  RF_16/SR/Y[120] (ShiftRows_1_40)                        0.00      53.72 r
  RF_16/MC/X[120] (MixColumns_1_40)                       0.00      53.72 r
  RF_16/MC/U42/Y (XOR2X1TS)                               0.41      54.13 r
  RF_16/MC/U43/Y (XOR2X1TS)                               0.36      54.49 f
  RF_16/MC/Y[120] (MixColumns_1_40)                       0.00      54.49 f
  RF_16/ROUND_OUT[120] (RoundFunction_1_2_40)             0.00      54.49 f
  RF_17/ROUND_IN[120] (RoundFunction_1_2_39)              0.00      54.49 f
  RF_17/S_15/X[0] (SBox_1_609)                            0.00      54.49 f
  RF_17/S_15/U11/Y (OAI31X1TS)                            0.48      54.98 r
  RF_17/S_15/U10/Y (OAI21X1TS)                            0.28      55.26 f
  RF_17/S_15/U9/Y (OAI31X1TS)                             0.23      55.48 r
  RF_17/S_15/U8/Y (OAI21X1TS)                             0.28      55.76 f
  RF_17/S_15/U7/Y (OAI31X1TS)                             0.18      55.94 r
  RF_17/S_15/U2/Y (OAI21X1TS)                             0.24      56.19 f
  RF_17/S_15/U1/Y (OAI31X1TS)                             0.13      56.32 r
  RF_17/S_15/Y[0] (SBox_1_609)                            0.00      56.32 r
  RF_17/KA/DATA_IN[120] (AddConstKey_1_2_39)              0.00      56.32 r
  RF_17/KA/U63/Y (XOR2X1TS)                               0.28      56.60 r
  RF_17/KA/U64/Y (XOR2X1TS)                               0.37      56.96 r
  RF_17/KA/DATA_OUT[120] (AddConstKey_1_2_39)             0.00      56.96 r
  RF_17/SR/X[120] (ShiftRows_1_39)                        0.00      56.96 r
  RF_17/SR/Y[120] (ShiftRows_1_39)                        0.00      56.96 r
  RF_17/MC/X[120] (MixColumns_1_39)                       0.00      56.96 r
  RF_17/MC/U42/Y (XOR2X1TS)                               0.41      57.37 r
  RF_17/MC/U43/Y (XOR2X1TS)                               0.36      57.74 f
  RF_17/MC/Y[120] (MixColumns_1_39)                       0.00      57.74 f
  RF_17/ROUND_OUT[120] (RoundFunction_1_2_39)             0.00      57.74 f
  RF_18/ROUND_IN[120] (RoundFunction_1_2_38)              0.00      57.74 f
  RF_18/S_15/X[0] (SBox_1_593)                            0.00      57.74 f
  RF_18/S_15/U11/Y (OAI31X1TS)                            0.48      58.22 r
  RF_18/S_15/U10/Y (OAI21X1TS)                            0.28      58.50 f
  RF_18/S_15/U9/Y (OAI31X1TS)                             0.23      58.73 r
  RF_18/S_15/U8/Y (OAI21X1TS)                             0.28      59.01 f
  RF_18/S_15/U7/Y (OAI31X1TS)                             0.18      59.19 r
  RF_18/S_15/U2/Y (OAI21X1TS)                             0.24      59.43 f
  RF_18/S_15/U1/Y (OAI31X1TS)                             0.13      59.56 r
  RF_18/S_15/Y[0] (SBox_1_593)                            0.00      59.56 r
  RF_18/KA/DATA_IN[120] (AddConstKey_1_2_38)              0.00      59.56 r
  RF_18/KA/U63/Y (XOR2X1TS)                               0.27      59.83 f
  RF_18/KA/U64/Y (XOR2X1TS)                               0.33      60.16 r
  RF_18/KA/DATA_OUT[120] (AddConstKey_1_2_38)             0.00      60.16 r
  RF_18/SR/X[120] (ShiftRows_1_38)                        0.00      60.16 r
  RF_18/SR/Y[120] (ShiftRows_1_38)                        0.00      60.16 r
  RF_18/MC/X[120] (MixColumns_1_38)                       0.00      60.16 r
  RF_18/MC/U42/Y (XOR2X1TS)                               0.41      60.57 r
  RF_18/MC/U43/Y (XOR2X1TS)                               0.36      60.93 f
  RF_18/MC/Y[120] (MixColumns_1_38)                       0.00      60.93 f
  RF_18/ROUND_OUT[120] (RoundFunction_1_2_38)             0.00      60.93 f
  RF_19/ROUND_IN[120] (RoundFunction_1_2_37)              0.00      60.93 f
  RF_19/S_15/X[0] (SBox_1_577)                            0.00      60.93 f
  RF_19/S_15/U11/Y (OAI31X1TS)                            0.48      61.41 r
  RF_19/S_15/U10/Y (OAI21X1TS)                            0.28      61.69 f
  RF_19/S_15/U9/Y (OAI31X1TS)                             0.23      61.92 r
  RF_19/S_15/U8/Y (OAI21X1TS)                             0.28      62.20 f
  RF_19/S_15/U7/Y (OAI31X1TS)                             0.18      62.38 r
  RF_19/S_15/U2/Y (OAI21X1TS)                             0.24      62.63 f
  RF_19/S_15/U1/Y (OAI31X1TS)                             0.13      62.76 r
  RF_19/S_15/Y[0] (SBox_1_577)                            0.00      62.76 r
  RF_19/KA/DATA_IN[120] (AddConstKey_1_2_37)              0.00      62.76 r
  RF_19/KA/U63/Y (XOR2X1TS)                               0.27      63.03 f
  RF_19/KA/U64/Y (XOR2X1TS)                               0.33      63.36 r
  RF_19/KA/DATA_OUT[120] (AddConstKey_1_2_37)             0.00      63.36 r
  RF_19/SR/X[120] (ShiftRows_1_37)                        0.00      63.36 r
  RF_19/SR/Y[120] (ShiftRows_1_37)                        0.00      63.36 r
  RF_19/MC/X[120] (MixColumns_1_37)                       0.00      63.36 r
  RF_19/MC/U42/Y (XOR2X1TS)                               0.41      63.77 r
  RF_19/MC/U43/Y (XOR2X1TS)                               0.36      64.13 f
  RF_19/MC/Y[120] (MixColumns_1_37)                       0.00      64.13 f
  RF_19/ROUND_OUT[120] (RoundFunction_1_2_37)             0.00      64.13 f
  RF_20/ROUND_IN[120] (RoundFunction_1_2_36)              0.00      64.13 f
  RF_20/S_15/X[0] (SBox_1_561)                            0.00      64.13 f
  RF_20/S_15/U11/Y (OAI31X1TS)                            0.48      64.61 r
  RF_20/S_15/U10/Y (OAI21X1TS)                            0.28      64.89 f
  RF_20/S_15/U9/Y (OAI31X1TS)                             0.23      65.12 r
  RF_20/S_15/U8/Y (OAI21X1TS)                             0.28      65.40 f
  RF_20/S_15/U7/Y (OAI31X1TS)                             0.18      65.58 r
  RF_20/S_15/U2/Y (OAI21X1TS)                             0.24      65.82 f
  RF_20/S_15/U1/Y (OAI31X1TS)                             0.13      65.95 r
  RF_20/S_15/Y[0] (SBox_1_561)                            0.00      65.95 r
  RF_20/KA/DATA_IN[120] (AddConstKey_1_2_36)              0.00      65.95 r
  RF_20/KA/U63/Y (XOR2X1TS)                               0.28      66.24 r
  RF_20/KA/U64/Y (XOR2X1TS)                               0.37      66.60 r
  RF_20/KA/DATA_OUT[120] (AddConstKey_1_2_36)             0.00      66.60 r
  RF_20/SR/X[120] (ShiftRows_1_36)                        0.00      66.60 r
  RF_20/SR/Y[120] (ShiftRows_1_36)                        0.00      66.60 r
  RF_20/MC/X[120] (MixColumns_1_36)                       0.00      66.60 r
  RF_20/MC/U42/Y (XOR2X1TS)                               0.41      67.01 r
  RF_20/MC/U43/Y (XOR2X1TS)                               0.36      67.38 f
  RF_20/MC/Y[120] (MixColumns_1_36)                       0.00      67.38 f
  RF_20/ROUND_OUT[120] (RoundFunction_1_2_36)             0.00      67.38 f
  RF_21/ROUND_IN[120] (RoundFunction_1_2_35)              0.00      67.38 f
  RF_21/S_15/X[0] (SBox_1_545)                            0.00      67.38 f
  RF_21/S_15/U11/Y (OAI31X1TS)                            0.48      67.86 r
  RF_21/S_15/U10/Y (OAI21X1TS)                            0.28      68.14 f
  RF_21/S_15/U9/Y (OAI31X1TS)                             0.23      68.37 r
  RF_21/S_15/U8/Y (OAI21X1TS)                             0.28      68.65 f
  RF_21/S_15/U7/Y (OAI31X1TS)                             0.18      68.83 r
  RF_21/S_15/U2/Y (OAI21X1TS)                             0.24      69.07 f
  RF_21/S_15/U1/Y (OAI31X1TS)                             0.13      69.20 r
  RF_21/S_15/Y[0] (SBox_1_545)                            0.00      69.20 r
  RF_21/KA/DATA_IN[120] (AddConstKey_1_2_35)              0.00      69.20 r
  RF_21/KA/U63/Y (XOR2X1TS)                               0.28      69.48 r
  RF_21/KA/U64/Y (XOR2X1TS)                               0.37      69.84 r
  RF_21/KA/DATA_OUT[120] (AddConstKey_1_2_35)             0.00      69.84 r
  RF_21/SR/X[120] (ShiftRows_1_35)                        0.00      69.84 r
  RF_21/SR/Y[120] (ShiftRows_1_35)                        0.00      69.84 r
  RF_21/MC/X[120] (MixColumns_1_35)                       0.00      69.84 r
  RF_21/MC/U42/Y (XOR2X1TS)                               0.41      70.25 r
  RF_21/MC/U43/Y (XOR2X1TS)                               0.36      70.62 f
  RF_21/MC/Y[120] (MixColumns_1_35)                       0.00      70.62 f
  RF_21/ROUND_OUT[120] (RoundFunction_1_2_35)             0.00      70.62 f
  RF_22/ROUND_IN[120] (RoundFunction_1_2_34)              0.00      70.62 f
  RF_22/S_15/X[0] (SBox_1_529)                            0.00      70.62 f
  RF_22/S_15/U11/Y (OAI31X1TS)                            0.48      71.10 r
  RF_22/S_15/U10/Y (OAI21X1TS)                            0.28      71.38 f
  RF_22/S_15/U9/Y (OAI31X1TS)                             0.23      71.61 r
  RF_22/S_15/U8/Y (OAI21X1TS)                             0.28      71.89 f
  RF_22/S_15/U7/Y (OAI31X1TS)                             0.18      72.07 r
  RF_22/S_15/U2/Y (OAI21X1TS)                             0.24      72.31 f
  RF_22/S_15/U1/Y (OAI31X1TS)                             0.13      72.44 r
  RF_22/S_15/Y[0] (SBox_1_529)                            0.00      72.44 r
  RF_22/KA/DATA_IN[120] (AddConstKey_1_2_34)              0.00      72.44 r
  RF_22/KA/U63/Y (XOR2X1TS)                               0.28      72.72 r
  RF_22/KA/U64/Y (XOR2X1TS)                               0.37      73.08 r
  RF_22/KA/DATA_OUT[120] (AddConstKey_1_2_34)             0.00      73.08 r
  RF_22/SR/X[120] (ShiftRows_1_34)                        0.00      73.08 r
  RF_22/SR/Y[120] (ShiftRows_1_34)                        0.00      73.08 r
  RF_22/MC/X[120] (MixColumns_1_34)                       0.00      73.08 r
  RF_22/MC/U42/Y (XOR2X1TS)                               0.41      73.50 r
  RF_22/MC/U43/Y (XOR2X1TS)                               0.36      73.86 f
  RF_22/MC/Y[120] (MixColumns_1_34)                       0.00      73.86 f
  RF_22/ROUND_OUT[120] (RoundFunction_1_2_34)             0.00      73.86 f
  RF_23/ROUND_IN[120] (RoundFunction_1_2_33)              0.00      73.86 f
  RF_23/S_15/X[0] (SBox_1_513)                            0.00      73.86 f
  RF_23/S_15/U11/Y (OAI31X1TS)                            0.48      74.34 r
  RF_23/S_15/U10/Y (OAI21X1TS)                            0.28      74.62 f
  RF_23/S_15/U9/Y (OAI31X1TS)                             0.23      74.85 r
  RF_23/S_15/U8/Y (OAI21X1TS)                             0.28      75.13 f
  RF_23/S_15/U7/Y (OAI31X1TS)                             0.18      75.31 r
  RF_23/S_15/U2/Y (OAI21X1TS)                             0.24      75.55 f
  RF_23/S_15/U1/Y (OAI31X1TS)                             0.13      75.68 r
  RF_23/S_15/Y[0] (SBox_1_513)                            0.00      75.68 r
  RF_23/KA/DATA_IN[120] (AddConstKey_1_2_33)              0.00      75.68 r
  RF_23/KA/U63/Y (XOR2X1TS)                               0.28      75.96 r
  RF_23/KA/U64/Y (XOR2X1TS)                               0.37      76.33 r
  RF_23/KA/DATA_OUT[120] (AddConstKey_1_2_33)             0.00      76.33 r
  RF_23/SR/X[120] (ShiftRows_1_33)                        0.00      76.33 r
  RF_23/SR/Y[120] (ShiftRows_1_33)                        0.00      76.33 r
  RF_23/MC/X[120] (MixColumns_1_33)                       0.00      76.33 r
  RF_23/MC/U42/Y (XOR2X1TS)                               0.41      76.74 r
  RF_23/MC/U43/Y (XOR2X1TS)                               0.36      77.10 f
  RF_23/MC/Y[120] (MixColumns_1_33)                       0.00      77.10 f
  RF_23/ROUND_OUT[120] (RoundFunction_1_2_33)             0.00      77.10 f
  RF_24/ROUND_IN[120] (RoundFunction_1_2_32)              0.00      77.10 f
  RF_24/S_15/X[0] (SBox_1_497)                            0.00      77.10 f
  RF_24/S_15/U11/Y (OAI31X1TS)                            0.48      77.58 r
  RF_24/S_15/U10/Y (OAI21X1TS)                            0.28      77.86 f
  RF_24/S_15/U9/Y (OAI31X1TS)                             0.23      78.09 r
  RF_24/S_15/U8/Y (OAI21X1TS)                             0.28      78.37 f
  RF_24/S_15/U7/Y (OAI31X1TS)                             0.18      78.55 r
  RF_24/S_15/U2/Y (OAI21X1TS)                             0.24      78.79 f
  RF_24/S_15/U1/Y (OAI31X1TS)                             0.13      78.92 r
  RF_24/S_15/Y[0] (SBox_1_497)                            0.00      78.92 r
  RF_24/KA/DATA_IN[120] (AddConstKey_1_2_32)              0.00      78.92 r
  RF_24/KA/U63/Y (XOR2X1TS)                               0.27      79.19 f
  RF_24/KA/U64/Y (XOR2X1TS)                               0.33      79.52 r
  RF_24/KA/DATA_OUT[120] (AddConstKey_1_2_32)             0.00      79.52 r
  RF_24/SR/X[120] (ShiftRows_1_32)                        0.00      79.52 r
  RF_24/SR/Y[120] (ShiftRows_1_32)                        0.00      79.52 r
  RF_24/MC/X[120] (MixColumns_1_32)                       0.00      79.52 r
  RF_24/MC/U42/Y (XOR2X1TS)                               0.41      79.93 r
  RF_24/MC/U43/Y (XOR2X1TS)                               0.36      80.29 f
  RF_24/MC/Y[120] (MixColumns_1_32)                       0.00      80.29 f
  RF_24/ROUND_OUT[120] (RoundFunction_1_2_32)             0.00      80.29 f
  RF_25/ROUND_IN[120] (RoundFunction_1_2_31)              0.00      80.29 f
  RF_25/S_15/X[0] (SBox_1_481)                            0.00      80.29 f
  RF_25/S_15/U11/Y (OAI31X1TS)                            0.48      80.78 r
  RF_25/S_15/U10/Y (OAI21X1TS)                            0.28      81.06 f
  RF_25/S_15/U9/Y (OAI31X1TS)                             0.23      81.29 r
  RF_25/S_15/U8/Y (OAI21X1TS)                             0.28      81.57 f
  RF_25/S_15/U7/Y (OAI31X1TS)                             0.18      81.75 r
  RF_25/S_15/U2/Y (OAI21X1TS)                             0.24      81.99 f
  RF_25/S_15/U1/Y (OAI31X1TS)                             0.13      82.12 r
  RF_25/S_15/Y[0] (SBox_1_481)                            0.00      82.12 r
  RF_25/KA/DATA_IN[120] (AddConstKey_1_2_31)              0.00      82.12 r
  RF_25/KA/U63/Y (XOR2X1TS)                               0.28      82.40 r
  RF_25/KA/U64/Y (XOR2X1TS)                               0.37      82.77 r
  RF_25/KA/DATA_OUT[120] (AddConstKey_1_2_31)             0.00      82.77 r
  RF_25/SR/X[120] (ShiftRows_1_31)                        0.00      82.77 r
  RF_25/SR/Y[120] (ShiftRows_1_31)                        0.00      82.77 r
  RF_25/MC/X[120] (MixColumns_1_31)                       0.00      82.77 r
  RF_25/MC/U42/Y (XOR2X1TS)                               0.41      83.18 r
  RF_25/MC/U43/Y (XOR2X1TS)                               0.36      83.54 f
  RF_25/MC/Y[120] (MixColumns_1_31)                       0.00      83.54 f
  RF_25/ROUND_OUT[120] (RoundFunction_1_2_31)             0.00      83.54 f
  RF_26/ROUND_IN[120] (RoundFunction_1_2_30)              0.00      83.54 f
  RF_26/S_15/X[0] (SBox_1_465)                            0.00      83.54 f
  RF_26/S_15/U11/Y (OAI31X1TS)                            0.48      84.02 r
  RF_26/S_15/U10/Y (OAI21X1TS)                            0.28      84.30 f
  RF_26/S_15/U9/Y (OAI31X1TS)                             0.23      84.53 r
  RF_26/S_15/U8/Y (OAI21X1TS)                             0.28      84.81 f
  RF_26/S_15/U7/Y (OAI31X1TS)                             0.18      84.99 r
  RF_26/S_15/U2/Y (OAI21X1TS)                             0.24      85.23 f
  RF_26/S_15/U1/Y (OAI31X1TS)                             0.13      85.36 r
  RF_26/S_15/Y[0] (SBox_1_465)                            0.00      85.36 r
  RF_26/KA/DATA_IN[120] (AddConstKey_1_2_30)              0.00      85.36 r
  RF_26/KA/U63/Y (XOR2X1TS)                               0.27      85.63 f
  RF_26/KA/U64/Y (XOR2X1TS)                               0.33      85.96 r
  RF_26/KA/DATA_OUT[120] (AddConstKey_1_2_30)             0.00      85.96 r
  RF_26/SR/X[120] (ShiftRows_1_30)                        0.00      85.96 r
  RF_26/SR/Y[120] (ShiftRows_1_30)                        0.00      85.96 r
  RF_26/MC/X[120] (MixColumns_1_30)                       0.00      85.96 r
  RF_26/MC/U42/Y (XOR2X1TS)                               0.41      86.37 r
  RF_26/MC/U43/Y (XOR2X1TS)                               0.36      86.73 f
  RF_26/MC/Y[120] (MixColumns_1_30)                       0.00      86.73 f
  RF_26/ROUND_OUT[120] (RoundFunction_1_2_30)             0.00      86.73 f
  RF_27/ROUND_IN[120] (RoundFunction_1_2_29)              0.00      86.73 f
  RF_27/S_15/X[0] (SBox_1_449)                            0.00      86.73 f
  RF_27/S_15/U11/Y (OAI31X1TS)                            0.48      87.22 r
  RF_27/S_15/U10/Y (OAI21X1TS)                            0.28      87.50 f
  RF_27/S_15/U9/Y (OAI31X1TS)                             0.23      87.73 r
  RF_27/S_15/U8/Y (OAI21X1TS)                             0.28      88.01 f
  RF_27/S_15/U7/Y (OAI31X1TS)                             0.18      88.19 r
  RF_27/S_15/U2/Y (OAI21X1TS)                             0.24      88.43 f
  RF_27/S_15/U1/Y (OAI31X1TS)                             0.13      88.56 r
  RF_27/S_15/Y[0] (SBox_1_449)                            0.00      88.56 r
  RF_27/KA/DATA_IN[120] (AddConstKey_1_2_29)              0.00      88.56 r
  RF_27/KA/U63/Y (XOR2X1TS)                               0.27      88.83 f
  RF_27/KA/U64/Y (XOR2X1TS)                               0.33      89.16 r
  RF_27/KA/DATA_OUT[120] (AddConstKey_1_2_29)             0.00      89.16 r
  RF_27/SR/X[120] (ShiftRows_1_29)                        0.00      89.16 r
  RF_27/SR/Y[120] (ShiftRows_1_29)                        0.00      89.16 r
  RF_27/MC/X[120] (MixColumns_1_29)                       0.00      89.16 r
  RF_27/MC/U42/Y (XOR2X1TS)                               0.41      89.57 r
  RF_27/MC/U43/Y (XOR2X1TS)                               0.36      89.93 f
  RF_27/MC/Y[120] (MixColumns_1_29)                       0.00      89.93 f
  RF_27/ROUND_OUT[120] (RoundFunction_1_2_29)             0.00      89.93 f
  RF_28/ROUND_IN[120] (RoundFunction_1_2_28)              0.00      89.93 f
  RF_28/S_15/X[0] (SBox_1_433)                            0.00      89.93 f
  RF_28/S_15/U11/Y (OAI31X1TS)                            0.48      90.42 r
  RF_28/S_15/U10/Y (OAI21X1TS)                            0.28      90.70 f
  RF_28/S_15/U9/Y (OAI31X1TS)                             0.23      90.93 r
  RF_28/S_15/U8/Y (OAI21X1TS)                             0.28      91.21 f
  RF_28/S_15/U7/Y (OAI31X1TS)                             0.18      91.38 r
  RF_28/S_15/U2/Y (OAI21X1TS)                             0.24      91.63 f
  RF_28/S_15/U1/Y (OAI31X1TS)                             0.13      91.76 r
  RF_28/S_15/Y[0] (SBox_1_433)                            0.00      91.76 r
  RF_28/KA/DATA_IN[120] (AddConstKey_1_2_28)              0.00      91.76 r
  RF_28/KA/U63/Y (XOR2X1TS)                               0.27      92.03 f
  RF_28/KA/U64/Y (XOR2X1TS)                               0.33      92.36 r
  RF_28/KA/DATA_OUT[120] (AddConstKey_1_2_28)             0.00      92.36 r
  RF_28/SR/X[120] (ShiftRows_1_28)                        0.00      92.36 r
  RF_28/SR/Y[120] (ShiftRows_1_28)                        0.00      92.36 r
  RF_28/MC/X[120] (MixColumns_1_28)                       0.00      92.36 r
  RF_28/MC/U42/Y (XOR2X1TS)                               0.41      92.77 r
  RF_28/MC/U43/Y (XOR2X1TS)                               0.36      93.13 f
  RF_28/MC/Y[120] (MixColumns_1_28)                       0.00      93.13 f
  RF_28/ROUND_OUT[120] (RoundFunction_1_2_28)             0.00      93.13 f
  RF_29/ROUND_IN[120] (RoundFunction_1_2_27)              0.00      93.13 f
  RF_29/S_15/X[0] (SBox_1_417)                            0.00      93.13 f
  RF_29/S_15/U11/Y (OAI31X1TS)                            0.48      93.62 r
  RF_29/S_15/U10/Y (OAI21X1TS)                            0.28      93.90 f
  RF_29/S_15/U9/Y (OAI31X1TS)                             0.23      94.13 r
  RF_29/S_15/U8/Y (OAI21X1TS)                             0.28      94.41 f
  RF_29/S_15/U7/Y (OAI31X1TS)                             0.18      94.58 r
  RF_29/S_15/U2/Y (OAI21X1TS)                             0.24      94.83 f
  RF_29/S_15/U1/Y (OAI31X1TS)                             0.13      94.96 r
  RF_29/S_15/Y[0] (SBox_1_417)                            0.00      94.96 r
  RF_29/KA/DATA_IN[120] (AddConstKey_1_2_27)              0.00      94.96 r
  RF_29/KA/U63/Y (XOR2X1TS)                               0.28      95.24 r
  RF_29/KA/U64/Y (XOR2X1TS)                               0.37      95.60 r
  RF_29/KA/DATA_OUT[120] (AddConstKey_1_2_27)             0.00      95.60 r
  RF_29/SR/X[120] (ShiftRows_1_27)                        0.00      95.60 r
  RF_29/SR/Y[120] (ShiftRows_1_27)                        0.00      95.60 r
  RF_29/MC/X[120] (MixColumns_1_27)                       0.00      95.60 r
  RF_29/MC/U42/Y (XOR2X1TS)                               0.41      96.02 r
  RF_29/MC/U43/Y (XOR2X1TS)                               0.36      96.38 f
  RF_29/MC/Y[120] (MixColumns_1_27)                       0.00      96.38 f
  RF_29/ROUND_OUT[120] (RoundFunction_1_2_27)             0.00      96.38 f
  RF_30/ROUND_IN[120] (RoundFunction_1_2_26)              0.00      96.38 f
  RF_30/S_15/X[0] (SBox_1_401)                            0.00      96.38 f
  RF_30/S_15/U11/Y (OAI31X1TS)                            0.48      96.86 r
  RF_30/S_15/U10/Y (OAI21X1TS)                            0.28      97.14 f
  RF_30/S_15/U9/Y (OAI31X1TS)                             0.23      97.37 r
  RF_30/S_15/U8/Y (OAI21X1TS)                             0.28      97.65 f
  RF_30/S_15/U7/Y (OAI31X1TS)                             0.18      97.83 r
  RF_30/S_15/U2/Y (OAI21X1TS)                             0.24      98.07 f
  RF_30/S_15/U1/Y (OAI31X1TS)                             0.13      98.20 r
  RF_30/S_15/Y[0] (SBox_1_401)                            0.00      98.20 r
  RF_30/KA/DATA_IN[120] (AddConstKey_1_2_26)              0.00      98.20 r
  RF_30/KA/U63/Y (XOR2X1TS)                               0.28      98.48 r
  RF_30/KA/U64/Y (XOR2X1TS)                               0.37      98.85 r
  RF_30/KA/DATA_OUT[120] (AddConstKey_1_2_26)             0.00      98.85 r
  RF_30/SR/X[120] (ShiftRows_1_26)                        0.00      98.85 r
  RF_30/SR/Y[120] (ShiftRows_1_26)                        0.00      98.85 r
  RF_30/MC/X[120] (MixColumns_1_26)                       0.00      98.85 r
  RF_30/MC/U42/Y (XOR2X1TS)                               0.41      99.26 r
  RF_30/MC/U43/Y (XOR2X1TS)                               0.36      99.62 f
  RF_30/MC/Y[120] (MixColumns_1_26)                       0.00      99.62 f
  RF_30/ROUND_OUT[120] (RoundFunction_1_2_26)             0.00      99.62 f
  RF_31/ROUND_IN[120] (RoundFunction_1_2_25)              0.00      99.62 f
  RF_31/S_15/X[0] (SBox_1_385)                            0.00      99.62 f
  RF_31/S_15/U11/Y (OAI31X1TS)                            0.48     100.10 r
  RF_31/S_15/U10/Y (OAI21X1TS)                            0.28     100.38 f
  RF_31/S_15/U9/Y (OAI31X1TS)                             0.23     100.61 r
  RF_31/S_15/U8/Y (OAI21X1TS)                             0.28     100.89 f
  RF_31/S_15/U7/Y (OAI31X1TS)                             0.18     101.07 r
  RF_31/S_15/U2/Y (OAI21X1TS)                             0.24     101.31 f
  RF_31/S_15/U1/Y (OAI31X1TS)                             0.13     101.44 r
  RF_31/S_15/Y[0] (SBox_1_385)                            0.00     101.44 r
  RF_31/KA/DATA_IN[120] (AddConstKey_1_2_25)              0.00     101.44 r
  RF_31/KA/U63/Y (XOR2X1TS)                               0.28     101.72 r
  RF_31/KA/U64/Y (XOR2X1TS)                               0.37     102.09 r
  RF_31/KA/DATA_OUT[120] (AddConstKey_1_2_25)             0.00     102.09 r
  RF_31/SR/X[120] (ShiftRows_1_25)                        0.00     102.09 r
  RF_31/SR/Y[120] (ShiftRows_1_25)                        0.00     102.09 r
  RF_31/MC/X[120] (MixColumns_1_25)                       0.00     102.09 r
  RF_31/MC/U42/Y (XOR2X1TS)                               0.41     102.50 r
  RF_31/MC/U43/Y (XOR2X1TS)                               0.36     102.86 f
  RF_31/MC/Y[120] (MixColumns_1_25)                       0.00     102.86 f
  RF_31/ROUND_OUT[120] (RoundFunction_1_2_25)             0.00     102.86 f
  RF_32/ROUND_IN[120] (RoundFunction_1_2_24)              0.00     102.86 f
  RF_32/S_15/X[0] (SBox_1_369)                            0.00     102.86 f
  RF_32/S_15/U11/Y (OAI31X1TS)                            0.48     103.34 r
  RF_32/S_15/U10/Y (OAI21X1TS)                            0.28     103.62 f
  RF_32/S_15/U9/Y (OAI31X1TS)                             0.23     103.85 r
  RF_32/S_15/U8/Y (OAI21X1TS)                             0.28     104.13 f
  RF_32/S_15/U7/Y (OAI31X1TS)                             0.18     104.31 r
  RF_32/S_15/U2/Y (OAI21X1TS)                             0.24     104.55 f
  RF_32/S_15/U1/Y (OAI31X1TS)                             0.13     104.68 r
  RF_32/S_15/Y[0] (SBox_1_369)                            0.00     104.68 r
  RF_32/KA/DATA_IN[120] (AddConstKey_1_2_24)              0.00     104.68 r
  RF_32/KA/U63/Y (XOR2X1TS)                               0.27     104.95 f
  RF_32/KA/U64/Y (XOR2X1TS)                               0.33     105.28 r
  RF_32/KA/DATA_OUT[120] (AddConstKey_1_2_24)             0.00     105.28 r
  RF_32/SR/X[120] (ShiftRows_1_24)                        0.00     105.28 r
  RF_32/SR/Y[120] (ShiftRows_1_24)                        0.00     105.28 r
  RF_32/MC/X[120] (MixColumns_1_24)                       0.00     105.28 r
  RF_32/MC/U42/Y (XOR2X1TS)                               0.41     105.69 r
  RF_32/MC/U43/Y (XOR2X1TS)                               0.36     106.05 f
  RF_32/MC/Y[120] (MixColumns_1_24)                       0.00     106.05 f
  RF_32/ROUND_OUT[120] (RoundFunction_1_2_24)             0.00     106.05 f
  RF_33/ROUND_IN[120] (RoundFunction_1_2_23)              0.00     106.05 f
  RF_33/S_15/X[0] (SBox_1_353)                            0.00     106.05 f
  RF_33/S_15/U11/Y (OAI31X1TS)                            0.48     106.54 r
  RF_33/S_15/U10/Y (OAI21X1TS)                            0.28     106.82 f
  RF_33/S_15/U9/Y (OAI31X1TS)                             0.23     107.05 r
  RF_33/S_15/U8/Y (OAI21X1TS)                             0.28     107.33 f
  RF_33/S_15/U7/Y (OAI31X1TS)                             0.18     107.51 r
  RF_33/S_15/U2/Y (OAI21X1TS)                             0.24     107.75 f
  RF_33/S_15/U1/Y (OAI31X1TS)                             0.13     107.88 r
  RF_33/S_15/Y[0] (SBox_1_353)                            0.00     107.88 r
  RF_33/KA/DATA_IN[120] (AddConstKey_1_2_23)              0.00     107.88 r
  RF_33/KA/U63/Y (XOR2X1TS)                               0.27     108.15 f
  RF_33/KA/U64/Y (XOR2X1TS)                               0.33     108.48 r
  RF_33/KA/DATA_OUT[120] (AddConstKey_1_2_23)             0.00     108.48 r
  RF_33/SR/X[120] (ShiftRows_1_23)                        0.00     108.48 r
  RF_33/SR/Y[120] (ShiftRows_1_23)                        0.00     108.48 r
  RF_33/MC/X[120] (MixColumns_1_23)                       0.00     108.48 r
  RF_33/MC/U42/Y (XOR2X1TS)                               0.41     108.89 r
  RF_33/MC/U43/Y (XOR2X1TS)                               0.36     109.25 f
  RF_33/MC/Y[120] (MixColumns_1_23)                       0.00     109.25 f
  RF_33/ROUND_OUT[120] (RoundFunction_1_2_23)             0.00     109.25 f
  RF_34/ROUND_IN[120] (RoundFunction_1_2_22)              0.00     109.25 f
  RF_34/S_15/X[0] (SBox_1_337)                            0.00     109.25 f
  RF_34/S_15/U11/Y (OAI31X1TS)                            0.48     109.74 r
  RF_34/S_15/U10/Y (OAI21X1TS)                            0.28     110.02 f
  RF_34/S_15/U9/Y (OAI31X1TS)                             0.23     110.25 r
  RF_34/S_15/U8/Y (OAI21X1TS)                             0.28     110.53 f
  RF_34/S_15/U7/Y (OAI31X1TS)                             0.18     110.71 r
  RF_34/S_15/U2/Y (OAI21X1TS)                             0.24     110.95 f
  RF_34/S_15/U1/Y (OAI31X1TS)                             0.13     111.08 r
  RF_34/S_15/Y[0] (SBox_1_337)                            0.00     111.08 r
  RF_34/KA/DATA_IN[120] (AddConstKey_1_2_22)              0.00     111.08 r
  RF_34/KA/U63/Y (XOR2X1TS)                               0.28     111.36 r
  RF_34/KA/U64/Y (XOR2X1TS)                               0.37     111.73 r
  RF_34/KA/DATA_OUT[120] (AddConstKey_1_2_22)             0.00     111.73 r
  RF_34/SR/X[120] (ShiftRows_1_22)                        0.00     111.73 r
  RF_34/SR/Y[120] (ShiftRows_1_22)                        0.00     111.73 r
  RF_34/MC/X[120] (MixColumns_1_22)                       0.00     111.73 r
  RF_34/MC/U42/Y (XOR2X1TS)                               0.41     112.14 r
  RF_34/MC/U43/Y (XOR2X1TS)                               0.36     112.50 f
  RF_34/MC/Y[120] (MixColumns_1_22)                       0.00     112.50 f
  RF_34/ROUND_OUT[120] (RoundFunction_1_2_22)             0.00     112.50 f
  RF_35/ROUND_IN[120] (RoundFunction_1_2_21)              0.00     112.50 f
  RF_35/S_15/X[0] (SBox_1_321)                            0.00     112.50 f
  RF_35/S_15/U11/Y (OAI31X1TS)                            0.48     112.98 r
  RF_35/S_15/U10/Y (OAI21X1TS)                            0.28     113.26 f
  RF_35/S_15/U9/Y (OAI31X1TS)                             0.23     113.49 r
  RF_35/S_15/U8/Y (OAI21X1TS)                             0.28     113.77 f
  RF_35/S_15/U7/Y (OAI31X1TS)                             0.18     113.95 r
  RF_35/S_15/U2/Y (OAI21X1TS)                             0.24     114.19 f
  RF_35/S_15/U1/Y (OAI31X1TS)                             0.13     114.32 r
  RF_35/S_15/Y[0] (SBox_1_321)                            0.00     114.32 r
  RF_35/KA/DATA_IN[120] (AddConstKey_1_2_21)              0.00     114.32 r
  RF_35/KA/U63/Y (XOR2X1TS)                               0.27     114.59 f
  RF_35/KA/U64/Y (XOR2X1TS)                               0.33     114.92 r
  RF_35/KA/DATA_OUT[120] (AddConstKey_1_2_21)             0.00     114.92 r
  RF_35/SR/X[120] (ShiftRows_1_21)                        0.00     114.92 r
  RF_35/SR/Y[120] (ShiftRows_1_21)                        0.00     114.92 r
  RF_35/MC/X[120] (MixColumns_1_21)                       0.00     114.92 r
  RF_35/MC/U42/Y (XOR2X1TS)                               0.41     115.33 r
  RF_35/MC/U43/Y (XOR2X1TS)                               0.36     115.69 f
  RF_35/MC/Y[120] (MixColumns_1_21)                       0.00     115.69 f
  RF_35/ROUND_OUT[120] (RoundFunction_1_2_21)             0.00     115.69 f
  RF_36/ROUND_IN[120] (RoundFunction_1_2_20)              0.00     115.69 f
  RF_36/S_15/X[0] (SBox_1_305)                            0.00     115.69 f
  RF_36/S_15/U11/Y (OAI31X1TS)                            0.48     116.18 r
  RF_36/S_15/U10/Y (OAI21X1TS)                            0.28     116.46 f
  RF_36/S_15/U9/Y (OAI31X1TS)                             0.23     116.69 r
  RF_36/S_15/U8/Y (OAI21X1TS)                             0.28     116.97 f
  RF_36/S_15/U7/Y (OAI31X1TS)                             0.18     117.15 r
  RF_36/S_15/U2/Y (OAI21X1TS)                             0.24     117.39 f
  RF_36/S_15/U1/Y (OAI31X1TS)                             0.13     117.52 r
  RF_36/S_15/Y[0] (SBox_1_305)                            0.00     117.52 r
  RF_36/KA/DATA_IN[120] (AddConstKey_1_2_20)              0.00     117.52 r
  RF_36/KA/U63/Y (XOR2X1TS)                               0.27     117.79 f
  RF_36/KA/U64/Y (XOR2X1TS)                               0.33     118.12 r
  RF_36/KA/DATA_OUT[120] (AddConstKey_1_2_20)             0.00     118.12 r
  RF_36/SR/X[120] (ShiftRows_1_20)                        0.00     118.12 r
  RF_36/SR/Y[120] (ShiftRows_1_20)                        0.00     118.12 r
  RF_36/MC/X[120] (MixColumns_1_20)                       0.00     118.12 r
  RF_36/MC/U42/Y (XOR2X1TS)                               0.41     118.53 r
  RF_36/MC/U43/Y (XOR2X1TS)                               0.36     118.89 f
  RF_36/MC/Y[120] (MixColumns_1_20)                       0.00     118.89 f
  RF_36/ROUND_OUT[120] (RoundFunction_1_2_20)             0.00     118.89 f
  RF_37/ROUND_IN[120] (RoundFunction_1_2_19)              0.00     118.89 f
  RF_37/S_15/X[0] (SBox_1_289)                            0.00     118.89 f
  RF_37/S_15/U11/Y (OAI31X1TS)                            0.48     119.38 r
  RF_37/S_15/U10/Y (OAI21X1TS)                            0.28     119.66 f
  RF_37/S_15/U9/Y (OAI31X1TS)                             0.23     119.89 r
  RF_37/S_15/U8/Y (OAI21X1TS)                             0.28     120.17 f
  RF_37/S_15/U7/Y (OAI31X1TS)                             0.18     120.34 r
  RF_37/S_15/U2/Y (OAI21X1TS)                             0.24     120.59 f
  RF_37/S_15/U1/Y (OAI31X1TS)                             0.13     120.72 r
  RF_37/S_15/Y[0] (SBox_1_289)                            0.00     120.72 r
  RF_37/KA/DATA_IN[120] (AddConstKey_1_2_19)              0.00     120.72 r
  RF_37/KA/U63/Y (XOR2X1TS)                               0.28     121.00 r
  RF_37/KA/U64/Y (XOR2X1TS)                               0.37     121.37 r
  RF_37/KA/DATA_OUT[120] (AddConstKey_1_2_19)             0.00     121.37 r
  RF_37/SR/X[120] (ShiftRows_1_19)                        0.00     121.37 r
  RF_37/SR/Y[120] (ShiftRows_1_19)                        0.00     121.37 r
  RF_37/MC/X[120] (MixColumns_1_19)                       0.00     121.37 r
  RF_37/MC/U42/Y (XOR2X1TS)                               0.41     121.78 r
  RF_37/MC/U43/Y (XOR2X1TS)                               0.36     122.14 f
  RF_37/MC/Y[120] (MixColumns_1_19)                       0.00     122.14 f
  RF_37/ROUND_OUT[120] (RoundFunction_1_2_19)             0.00     122.14 f
  RF_38/ROUND_IN[120] (RoundFunction_1_2_18)              0.00     122.14 f
  RF_38/S_15/X[0] (SBox_1_273)                            0.00     122.14 f
  RF_38/S_15/U11/Y (OAI31X1TS)                            0.48     122.62 r
  RF_38/S_15/U10/Y (OAI21X1TS)                            0.28     122.90 f
  RF_38/S_15/U9/Y (OAI31X1TS)                             0.23     123.13 r
  RF_38/S_15/U8/Y (OAI21X1TS)                             0.28     123.41 f
  RF_38/S_15/U7/Y (OAI31X1TS)                             0.18     123.59 r
  RF_38/S_15/U2/Y (OAI21X1TS)                             0.24     123.83 f
  RF_38/S_15/U1/Y (OAI31X1TS)                             0.13     123.96 r
  RF_38/S_15/Y[0] (SBox_1_273)                            0.00     123.96 r
  RF_38/KA/DATA_IN[120] (AddConstKey_1_2_18)              0.00     123.96 r
  RF_38/KA/U63/Y (XOR2X1TS)                               0.27     124.23 f
  RF_38/KA/U64/Y (XOR2X1TS)                               0.33     124.56 r
  RF_38/KA/DATA_OUT[120] (AddConstKey_1_2_18)             0.00     124.56 r
  RF_38/SR/X[120] (ShiftRows_1_18)                        0.00     124.56 r
  RF_38/SR/Y[120] (ShiftRows_1_18)                        0.00     124.56 r
  RF_38/MC/X[120] (MixColumns_1_18)                       0.00     124.56 r
  RF_38/MC/U42/Y (XOR2X1TS)                               0.41     124.97 r
  RF_38/MC/U43/Y (XOR2X1TS)                               0.36     125.33 f
  RF_38/MC/Y[120] (MixColumns_1_18)                       0.00     125.33 f
  RF_38/ROUND_OUT[120] (RoundFunction_1_2_18)             0.00     125.33 f
  RF_39/ROUND_IN[120] (RoundFunction_1_2_17)              0.00     125.33 f
  RF_39/S_15/X[0] (SBox_1_257)                            0.00     125.33 f
  RF_39/S_15/U11/Y (OAI31X1TS)                            0.48     125.82 r
  RF_39/S_15/U10/Y (OAI21X1TS)                            0.28     126.10 f
  RF_39/S_15/U9/Y (OAI31X1TS)                             0.23     126.33 r
  RF_39/S_15/U8/Y (OAI21X1TS)                             0.28     126.61 f
  RF_39/S_15/U7/Y (OAI31X1TS)                             0.18     126.79 r
  RF_39/S_15/U2/Y (OAI21X1TS)                             0.24     127.03 f
  RF_39/S_15/U1/Y (OAI31X1TS)                             0.13     127.16 r
  RF_39/S_15/Y[0] (SBox_1_257)                            0.00     127.16 r
  RF_39/KA/DATA_IN[120] (AddConstKey_1_2_17)              0.00     127.16 r
  RF_39/KA/U63/Y (XOR2X1TS)                               0.28     127.44 r
  RF_39/KA/U64/Y (XOR2X1TS)                               0.37     127.81 r
  RF_39/KA/DATA_OUT[120] (AddConstKey_1_2_17)             0.00     127.81 r
  RF_39/SR/X[120] (ShiftRows_1_17)                        0.00     127.81 r
  RF_39/SR/Y[120] (ShiftRows_1_17)                        0.00     127.81 r
  RF_39/MC/X[120] (MixColumns_1_17)                       0.00     127.81 r
  RF_39/MC/U42/Y (XOR2X1TS)                               0.41     128.22 r
  RF_39/MC/U43/Y (XOR2X1TS)                               0.36     128.58 f
  RF_39/MC/Y[120] (MixColumns_1_17)                       0.00     128.58 f
  RF_39/ROUND_OUT[120] (RoundFunction_1_2_17)             0.00     128.58 f
  RF_40/ROUND_IN[120] (RoundFunction_1_2_16)              0.00     128.58 f
  RF_40/S_15/X[0] (SBox_1_241)                            0.00     128.58 f
  RF_40/S_15/U11/Y (OAI31X1TS)                            0.48     129.06 r
  RF_40/S_15/U10/Y (OAI21X1TS)                            0.28     129.34 f
  RF_40/S_15/U9/Y (OAI31X1TS)                             0.23     129.57 r
  RF_40/S_15/U8/Y (OAI21X1TS)                             0.28     129.85 f
  RF_40/S_15/U7/Y (OAI31X1TS)                             0.18     130.03 r
  RF_40/S_15/U2/Y (OAI21X1TS)                             0.24     130.27 f
  RF_40/S_15/U1/Y (OAI31X1TS)                             0.13     130.40 r
  RF_40/S_15/Y[0] (SBox_1_241)                            0.00     130.40 r
  RF_40/KA/DATA_IN[120] (AddConstKey_1_2_16)              0.00     130.40 r
  RF_40/KA/U63/Y (XOR2X1TS)                               0.28     130.68 r
  RF_40/KA/U64/Y (XOR2X1TS)                               0.37     131.05 r
  RF_40/KA/DATA_OUT[120] (AddConstKey_1_2_16)             0.00     131.05 r
  RF_40/SR/X[120] (ShiftRows_1_16)                        0.00     131.05 r
  RF_40/SR/Y[120] (ShiftRows_1_16)                        0.00     131.05 r
  RF_40/MC/X[120] (MixColumns_1_16)                       0.00     131.05 r
  RF_40/MC/U42/Y (XOR2X1TS)                               0.41     131.46 r
  RF_40/MC/U43/Y (XOR2X1TS)                               0.36     131.82 f
  RF_40/MC/Y[120] (MixColumns_1_16)                       0.00     131.82 f
  RF_40/ROUND_OUT[120] (RoundFunction_1_2_16)             0.00     131.82 f
  RF_41/ROUND_IN[120] (RoundFunction_1_2_15)              0.00     131.82 f
  RF_41/S_15/X[0] (SBox_1_225)                            0.00     131.82 f
  RF_41/S_15/U11/Y (OAI31X1TS)                            0.48     132.30 r
  RF_41/S_15/U10/Y (OAI21X1TS)                            0.28     132.58 f
  RF_41/S_15/U9/Y (OAI31X1TS)                             0.23     132.81 r
  RF_41/S_15/U8/Y (OAI21X1TS)                             0.28     133.09 f
  RF_41/S_15/U7/Y (OAI31X1TS)                             0.18     133.27 r
  RF_41/S_15/U2/Y (OAI21X1TS)                             0.24     133.51 f
  RF_41/S_15/U1/Y (OAI31X1TS)                             0.13     133.64 r
  RF_41/S_15/Y[0] (SBox_1_225)                            0.00     133.64 r
  RF_41/KA/DATA_IN[120] (AddConstKey_1_2_15)              0.00     133.64 r
  RF_41/KA/U63/Y (XOR2X1TS)                               0.27     133.91 f
  RF_41/KA/U64/Y (XOR2X1TS)                               0.33     134.24 r
  RF_41/KA/DATA_OUT[120] (AddConstKey_1_2_15)             0.00     134.24 r
  RF_41/SR/X[120] (ShiftRows_1_15)                        0.00     134.24 r
  RF_41/SR/Y[120] (ShiftRows_1_15)                        0.00     134.24 r
  RF_41/MC/X[120] (MixColumns_1_15)                       0.00     134.24 r
  RF_41/MC/U42/Y (XOR2X1TS)                               0.41     134.65 r
  RF_41/MC/U43/Y (XOR2X1TS)                               0.36     135.01 f
  RF_41/MC/Y[120] (MixColumns_1_15)                       0.00     135.01 f
  RF_41/ROUND_OUT[120] (RoundFunction_1_2_15)             0.00     135.01 f
  RF_42/ROUND_IN[120] (RoundFunction_1_2_14)              0.00     135.01 f
  RF_42/S_15/X[0] (SBox_1_209)                            0.00     135.01 f
  RF_42/S_15/U11/Y (OAI31X1TS)                            0.48     135.50 r
  RF_42/S_15/U10/Y (OAI21X1TS)                            0.28     135.78 f
  RF_42/S_15/U9/Y (OAI31X1TS)                             0.23     136.01 r
  RF_42/S_15/U8/Y (OAI21X1TS)                             0.28     136.29 f
  RF_42/S_15/U7/Y (OAI31X1TS)                             0.18     136.47 r
  RF_42/S_15/U2/Y (OAI21X1TS)                             0.24     136.71 f
  RF_42/S_15/U1/Y (OAI31X1TS)                             0.13     136.84 r
  RF_42/S_15/Y[0] (SBox_1_209)                            0.00     136.84 r
  RF_42/KA/DATA_IN[120] (AddConstKey_1_2_14)              0.00     136.84 r
  RF_42/KA/U63/Y (XOR2X1TS)                               0.28     137.12 r
  RF_42/KA/U64/Y (XOR2X1TS)                               0.37     137.49 r
  RF_42/KA/DATA_OUT[120] (AddConstKey_1_2_14)             0.00     137.49 r
  RF_42/SR/X[120] (ShiftRows_1_14)                        0.00     137.49 r
  RF_42/SR/Y[120] (ShiftRows_1_14)                        0.00     137.49 r
  RF_42/MC/X[120] (MixColumns_1_14)                       0.00     137.49 r
  RF_42/MC/U42/Y (XOR2X1TS)                               0.41     137.90 r
  RF_42/MC/U43/Y (XOR2X1TS)                               0.36     138.26 f
  RF_42/MC/Y[120] (MixColumns_1_14)                       0.00     138.26 f
  RF_42/ROUND_OUT[120] (RoundFunction_1_2_14)             0.00     138.26 f
  RF_43/ROUND_IN[120] (RoundFunction_1_2_13)              0.00     138.26 f
  RF_43/S_15/X[0] (SBox_1_193)                            0.00     138.26 f
  RF_43/S_15/U11/Y (OAI31X1TS)                            0.48     138.75 r
  RF_43/S_15/U10/Y (OAI21X1TS)                            0.28     139.03 f
  RF_43/S_15/U9/Y (OAI31X1TS)                             0.23     139.25 r
  RF_43/S_15/U8/Y (OAI21X1TS)                             0.28     139.53 f
  RF_43/S_15/U7/Y (OAI31X1TS)                             0.18     139.71 r
  RF_43/S_15/U2/Y (OAI21X1TS)                             0.24     139.95 f
  RF_43/S_15/U1/Y (OAI31X1TS)                             0.13     140.08 r
  RF_43/S_15/Y[0] (SBox_1_193)                            0.00     140.08 r
  RF_43/KA/DATA_IN[120] (AddConstKey_1_2_13)              0.00     140.08 r
  RF_43/KA/U63/Y (XOR2X1TS)                               0.28     140.36 r
  RF_43/KA/U64/Y (XOR2X1TS)                               0.37     140.73 r
  RF_43/KA/DATA_OUT[120] (AddConstKey_1_2_13)             0.00     140.73 r
  RF_43/SR/X[120] (ShiftRows_1_13)                        0.00     140.73 r
  RF_43/SR/Y[120] (ShiftRows_1_13)                        0.00     140.73 r
  RF_43/MC/X[120] (MixColumns_1_13)                       0.00     140.73 r
  RF_43/MC/U42/Y (XOR2X1TS)                               0.41     141.14 r
  RF_43/MC/U43/Y (XOR2X1TS)                               0.36     141.50 f
  RF_43/MC/Y[120] (MixColumns_1_13)                       0.00     141.50 f
  RF_43/ROUND_OUT[120] (RoundFunction_1_2_13)             0.00     141.50 f
  RF_44/ROUND_IN[120] (RoundFunction_1_2_12)              0.00     141.50 f
  RF_44/S_15/X[0] (SBox_1_177)                            0.00     141.50 f
  RF_44/S_15/U11/Y (OAI31X1TS)                            0.48     141.99 r
  RF_44/S_15/U10/Y (OAI21X1TS)                            0.28     142.27 f
  RF_44/S_15/U9/Y (OAI31X1TS)                             0.23     142.50 r
  RF_44/S_15/U8/Y (OAI21X1TS)                             0.28     142.78 f
  RF_44/S_15/U7/Y (OAI31X1TS)                             0.18     142.95 r
  RF_44/S_15/U2/Y (OAI21X1TS)                             0.24     143.19 f
  RF_44/S_15/U1/Y (OAI31X1TS)                             0.13     143.32 r
  RF_44/S_15/Y[0] (SBox_1_177)                            0.00     143.32 r
  RF_44/KA/DATA_IN[120] (AddConstKey_1_2_12)              0.00     143.32 r
  RF_44/KA/U63/Y (XOR2X1TS)                               0.28     143.60 r
  RF_44/KA/U64/Y (XOR2X1TS)                               0.37     143.97 r
  RF_44/KA/DATA_OUT[120] (AddConstKey_1_2_12)             0.00     143.97 r
  RF_44/SR/X[120] (ShiftRows_1_12)                        0.00     143.97 r
  RF_44/SR/Y[120] (ShiftRows_1_12)                        0.00     143.97 r
  RF_44/MC/X[120] (MixColumns_1_12)                       0.00     143.97 r
  RF_44/MC/U42/Y (XOR2X1TS)                               0.41     144.38 r
  RF_44/MC/U43/Y (XOR2X1TS)                               0.36     144.74 f
  RF_44/MC/Y[120] (MixColumns_1_12)                       0.00     144.74 f
  RF_44/ROUND_OUT[120] (RoundFunction_1_2_12)             0.00     144.74 f
  RF_45/ROUND_IN[120] (RoundFunction_1_2_11)              0.00     144.74 f
  RF_45/S_15/X[0] (SBox_1_161)                            0.00     144.74 f
  RF_45/S_15/U11/Y (OAI31X1TS)                            0.48     145.23 r
  RF_45/S_15/U10/Y (OAI21X1TS)                            0.28     145.51 f
  RF_45/S_15/U9/Y (OAI31X1TS)                             0.23     145.74 r
  RF_45/S_15/U8/Y (OAI21X1TS)                             0.28     146.02 f
  RF_45/S_15/U7/Y (OAI31X1TS)                             0.18     146.19 r
  RF_45/S_15/U2/Y (OAI21X1TS)                             0.24     146.43 f
  RF_45/S_15/U1/Y (OAI31X1TS)                             0.13     146.57 r
  RF_45/S_15/Y[0] (SBox_1_161)                            0.00     146.57 r
  RF_45/KA/DATA_IN[120] (AddConstKey_1_2_11)              0.00     146.57 r
  RF_45/KA/U63/Y (XOR2X1TS)                               0.27     146.83 f
  RF_45/KA/U64/Y (XOR2X1TS)                               0.33     147.16 r
  RF_45/KA/DATA_OUT[120] (AddConstKey_1_2_11)             0.00     147.16 r
  RF_45/SR/X[120] (ShiftRows_1_11)                        0.00     147.16 r
  RF_45/SR/Y[120] (ShiftRows_1_11)                        0.00     147.16 r
  RF_45/MC/X[120] (MixColumns_1_11)                       0.00     147.16 r
  RF_45/MC/U42/Y (XOR2X1TS)                               0.41     147.58 r
  RF_45/MC/U43/Y (XOR2X1TS)                               0.36     147.94 f
  RF_45/MC/Y[120] (MixColumns_1_11)                       0.00     147.94 f
  RF_45/ROUND_OUT[120] (RoundFunction_1_2_11)             0.00     147.94 f
  RF_46/ROUND_IN[120] (RoundFunction_1_2_10)              0.00     147.94 f
  RF_46/S_15/X[0] (SBox_1_145)                            0.00     147.94 f
  RF_46/S_15/U11/Y (OAI31X1TS)                            0.48     148.42 r
  RF_46/S_15/U10/Y (OAI21X1TS)                            0.28     148.70 f
  RF_46/S_15/U9/Y (OAI31X1TS)                             0.23     148.93 r
  RF_46/S_15/U8/Y (OAI21X1TS)                             0.28     149.21 f
  RF_46/S_15/U7/Y (OAI31X1TS)                             0.18     149.39 r
  RF_46/S_15/U2/Y (OAI21X1TS)                             0.24     149.63 f
  RF_46/S_15/U1/Y (OAI31X1TS)                             0.13     149.76 r
  RF_46/S_15/Y[0] (SBox_1_145)                            0.00     149.76 r
  RF_46/KA/DATA_IN[120] (AddConstKey_1_2_10)              0.00     149.76 r
  RF_46/KA/U63/Y (XOR2X1TS)                               0.28     150.04 r
  RF_46/KA/U64/Y (XOR2X1TS)                               0.37     150.41 r
  RF_46/KA/DATA_OUT[120] (AddConstKey_1_2_10)             0.00     150.41 r
  RF_46/SR/X[120] (ShiftRows_1_10)                        0.00     150.41 r
  RF_46/SR/Y[120] (ShiftRows_1_10)                        0.00     150.41 r
  RF_46/MC/X[120] (MixColumns_1_10)                       0.00     150.41 r
  RF_46/MC/U42/Y (XOR2X1TS)                               0.41     150.82 r
  RF_46/MC/U43/Y (XOR2X1TS)                               0.36     151.18 f
  RF_46/MC/Y[120] (MixColumns_1_10)                       0.00     151.18 f
  RF_46/ROUND_OUT[120] (RoundFunction_1_2_10)             0.00     151.18 f
  RF_47/ROUND_IN[120] (RoundFunction_1_2_9)               0.00     151.18 f
  RF_47/S_15/X[0] (SBox_1_129)                            0.00     151.18 f
  RF_47/S_15/U11/Y (OAI31X1TS)                            0.48     151.67 r
  RF_47/S_15/U10/Y (OAI21X1TS)                            0.28     151.95 f
  RF_47/S_15/U9/Y (OAI31X1TS)                             0.23     152.18 r
  RF_47/S_15/U8/Y (OAI21X1TS)                             0.28     152.46 f
  RF_47/S_15/U7/Y (OAI31X1TS)                             0.18     152.63 r
  RF_47/S_15/U2/Y (OAI21X1TS)                             0.24     152.87 f
  RF_47/S_15/U1/Y (OAI31X1TS)                             0.13     153.00 r
  RF_47/S_15/Y[0] (SBox_1_129)                            0.00     153.00 r
  RF_47/KA/DATA_IN[120] (AddConstKey_1_2_9)               0.00     153.00 r
  RF_47/KA/U63/Y (XOR2X1TS)                               0.28     153.29 r
  RF_47/KA/U64/Y (XOR2X1TS)                               0.37     153.65 r
  RF_47/KA/DATA_OUT[120] (AddConstKey_1_2_9)              0.00     153.65 r
  RF_47/SR/X[120] (ShiftRows_1_9)                         0.00     153.65 r
  RF_47/SR/Y[120] (ShiftRows_1_9)                         0.00     153.65 r
  RF_47/MC/X[120] (MixColumns_1_9)                        0.00     153.65 r
  RF_47/MC/U42/Y (XOR2X1TS)                               0.41     154.06 r
  RF_47/MC/U43/Y (XOR2X1TS)                               0.36     154.43 f
  RF_47/MC/Y[120] (MixColumns_1_9)                        0.00     154.43 f
  RF_47/ROUND_OUT[120] (RoundFunction_1_2_9)              0.00     154.43 f
  RF_48/ROUND_IN[120] (RoundFunction_1_2_8)               0.00     154.43 f
  RF_48/S_15/X[0] (SBox_1_113)                            0.00     154.43 f
  RF_48/S_15/U11/Y (OAI31X1TS)                            0.48     154.91 r
  RF_48/S_15/U10/Y (OAI21X1TS)                            0.28     155.19 f
  RF_48/S_15/U9/Y (OAI31X1TS)                             0.23     155.42 r
  RF_48/S_15/U8/Y (OAI21X1TS)                             0.28     155.70 f
  RF_48/S_15/U7/Y (OAI31X1TS)                             0.18     155.87 r
  RF_48/S_15/U2/Y (OAI21X1TS)                             0.24     156.11 f
  RF_48/S_15/U1/Y (OAI31X1TS)                             0.13     156.25 r
  RF_48/S_15/Y[0] (SBox_1_113)                            0.00     156.25 r
  RF_48/KA/DATA_IN[120] (AddConstKey_1_2_8)               0.00     156.25 r
  RF_48/KA/U63/Y (XOR2X1TS)                               0.27     156.52 f
  RF_48/KA/U64/Y (XOR2X1TS)                               0.33     156.85 r
  RF_48/KA/DATA_OUT[120] (AddConstKey_1_2_8)              0.00     156.85 r
  RF_48/SR/X[120] (ShiftRows_1_8)                         0.00     156.85 r
  RF_48/SR/Y[120] (ShiftRows_1_8)                         0.00     156.85 r
  RF_48/MC/X[120] (MixColumns_1_8)                        0.00     156.85 r
  RF_48/MC/U42/Y (XOR2X1TS)                               0.41     157.26 r
  RF_48/MC/U43/Y (XOR2X1TS)                               0.36     157.62 f
  RF_48/MC/Y[120] (MixColumns_1_8)                        0.00     157.62 f
  RF_48/ROUND_OUT[120] (RoundFunction_1_2_8)              0.00     157.62 f
  RF_49/ROUND_IN[120] (RoundFunction_1_2_7)               0.00     157.62 f
  RF_49/S_15/X[0] (SBox_1_97)                             0.00     157.62 f
  RF_49/S_15/U11/Y (OAI31X1TS)                            0.48     158.10 r
  RF_49/S_15/U10/Y (OAI21X1TS)                            0.28     158.38 f
  RF_49/S_15/U9/Y (OAI31X1TS)                             0.23     158.61 r
  RF_49/S_15/U8/Y (OAI21X1TS)                             0.28     158.89 f
  RF_49/S_15/U7/Y (OAI31X1TS)                             0.18     159.07 r
  RF_49/S_15/U2/Y (OAI21X1TS)                             0.24     159.31 f
  RF_49/S_15/U1/Y (OAI31X1TS)                             0.13     159.45 r
  RF_49/S_15/Y[0] (SBox_1_97)                             0.00     159.45 r
  RF_49/KA/DATA_IN[120] (AddConstKey_1_2_7)               0.00     159.45 r
  RF_49/KA/U63/Y (XOR2X1TS)                               0.27     159.72 f
  RF_49/KA/U64/Y (XOR2X1TS)                               0.33     160.04 r
  RF_49/KA/DATA_OUT[120] (AddConstKey_1_2_7)              0.00     160.04 r
  RF_49/SR/X[120] (ShiftRows_1_7)                         0.00     160.04 r
  RF_49/SR/Y[120] (ShiftRows_1_7)                         0.00     160.04 r
  RF_49/MC/X[120] (MixColumns_1_7)                        0.00     160.04 r
  RF_49/MC/U42/Y (XOR2X1TS)                               0.41     160.46 r
  RF_49/MC/U43/Y (XOR2X1TS)                               0.36     160.82 f
  RF_49/MC/Y[120] (MixColumns_1_7)                        0.00     160.82 f
  RF_49/ROUND_OUT[120] (RoundFunction_1_2_7)              0.00     160.82 f
  RF_50/ROUND_IN[120] (RoundFunction_1_2_6)               0.00     160.82 f
  RF_50/S_15/X[0] (SBox_1_81)                             0.00     160.82 f
  RF_50/S_15/U11/Y (OAI31X1TS)                            0.48     161.30 r
  RF_50/S_15/U10/Y (OAI21X1TS)                            0.28     161.58 f
  RF_50/S_15/U9/Y (OAI31X1TS)                             0.23     161.81 r
  RF_50/S_15/U8/Y (OAI21X1TS)                             0.28     162.09 f
  RF_50/S_15/U7/Y (OAI31X1TS)                             0.18     162.27 r
  RF_50/S_15/U2/Y (OAI21X1TS)                             0.24     162.51 f
  RF_50/S_15/U1/Y (OAI31X1TS)                             0.13     162.64 r
  RF_50/S_15/Y[0] (SBox_1_81)                             0.00     162.64 r
  RF_50/KA/DATA_IN[120] (AddConstKey_1_2_6)               0.00     162.64 r
  RF_50/KA/U63/Y (XOR2X1TS)                               0.28     162.92 r
  RF_50/KA/U64/Y (XOR2X1TS)                               0.37     163.29 r
  RF_50/KA/DATA_OUT[120] (AddConstKey_1_2_6)              0.00     163.29 r
  RF_50/SR/X[120] (ShiftRows_1_6)                         0.00     163.29 r
  RF_50/SR/Y[120] (ShiftRows_1_6)                         0.00     163.29 r
  RF_50/MC/X[120] (MixColumns_1_6)                        0.00     163.29 r
  RF_50/MC/U42/Y (XOR2X1TS)                               0.41     163.70 r
  RF_50/MC/U43/Y (XOR2X1TS)                               0.36     164.06 f
  RF_50/MC/Y[120] (MixColumns_1_6)                        0.00     164.06 f
  RF_50/ROUND_OUT[120] (RoundFunction_1_2_6)              0.00     164.06 f
  RF_51/ROUND_IN[120] (RoundFunction_1_2_5)               0.00     164.06 f
  RF_51/S_15/X[0] (SBox_1_65)                             0.00     164.06 f
  RF_51/S_15/U11/Y (OAI31X1TS)                            0.48     164.55 r
  RF_51/S_15/U10/Y (OAI21X1TS)                            0.28     164.83 f
  RF_51/S_15/U9/Y (OAI31X1TS)                             0.23     165.06 r
  RF_51/S_15/U8/Y (OAI21X1TS)                             0.28     165.34 f
  RF_51/S_15/U7/Y (OAI31X1TS)                             0.18     165.51 r
  RF_51/S_15/U2/Y (OAI21X1TS)                             0.24     165.75 f
  RF_51/S_15/U1/Y (OAI31X1TS)                             0.13     165.88 r
  RF_51/S_15/Y[0] (SBox_1_65)                             0.00     165.88 r
  RF_51/KA/DATA_IN[120] (AddConstKey_1_2_5)               0.00     165.88 r
  RF_51/KA/U63/Y (XOR2X1TS)                               0.28     166.17 r
  RF_51/KA/U64/Y (XOR2X1TS)                               0.37     166.53 r
  RF_51/KA/DATA_OUT[120] (AddConstKey_1_2_5)              0.00     166.53 r
  RF_51/SR/X[120] (ShiftRows_1_5)                         0.00     166.53 r
  RF_51/SR/Y[120] (ShiftRows_1_5)                         0.00     166.53 r
  RF_51/MC/X[120] (MixColumns_1_5)                        0.00     166.53 r
  RF_51/MC/U42/Y (XOR2X1TS)                               0.41     166.94 r
  RF_51/MC/U43/Y (XOR2X1TS)                               0.36     167.31 f
  RF_51/MC/Y[120] (MixColumns_1_5)                        0.00     167.31 f
  RF_51/ROUND_OUT[120] (RoundFunction_1_2_5)              0.00     167.31 f
  RF_52/ROUND_IN[120] (RoundFunction_1_2_4)               0.00     167.31 f
  RF_52/S_15/X[0] (SBox_1_49)                             0.00     167.31 f
  RF_52/S_15/U11/Y (OAI31X1TS)                            0.48     167.79 r
  RF_52/S_15/U10/Y (OAI21X1TS)                            0.28     168.07 f
  RF_52/S_15/U9/Y (OAI31X1TS)                             0.23     168.30 r
  RF_52/S_15/U8/Y (OAI21X1TS)                             0.28     168.58 f
  RF_52/S_15/U7/Y (OAI31X1TS)                             0.18     168.76 r
  RF_52/S_15/U2/Y (OAI21X1TS)                             0.24     169.00 f
  RF_52/S_15/U1/Y (OAI31X1TS)                             0.13     169.13 r
  RF_52/S_15/Y[0] (SBox_1_49)                             0.00     169.13 r
  RF_52/KA/DATA_IN[120] (AddConstKey_1_2_4)               0.00     169.13 r
  RF_52/KA/U63/Y (XOR2X1TS)                               0.27     169.40 f
  RF_52/KA/U64/Y (XOR2X1TS)                               0.33     169.73 r
  RF_52/KA/DATA_OUT[120] (AddConstKey_1_2_4)              0.00     169.73 r
  RF_52/SR/X[120] (ShiftRows_1_4)                         0.00     169.73 r
  RF_52/SR/Y[120] (ShiftRows_1_4)                         0.00     169.73 r
  RF_52/MC/X[120] (MixColumns_1_4)                        0.00     169.73 r
  RF_52/MC/U43/Y (XOR2X1TS)                               0.41     170.14 r
  RF_52/MC/U44/Y (XOR2X1TS)                               0.36     170.50 f
  RF_52/MC/Y[120] (MixColumns_1_4)                        0.00     170.50 f
  RF_52/ROUND_OUT[120] (RoundFunction_1_2_4)              0.00     170.50 f
  RF_53/ROUND_IN[120] (RoundFunction_1_2_3)               0.00     170.50 f
  RF_53/S_15/X[0] (SBox_1_33)                             0.00     170.50 f
  RF_53/S_15/U11/Y (OAI31X1TS)                            0.48     170.98 r
  RF_53/S_15/U10/Y (OAI21X1TS)                            0.28     171.26 f
  RF_53/S_15/U9/Y (OAI31X1TS)                             0.23     171.49 r
  RF_53/S_15/U8/Y (OAI21X1TS)                             0.28     171.77 f
  RF_53/S_15/U7/Y (OAI31X1TS)                             0.18     171.95 r
  RF_53/S_15/U4/Y (OAI21X1TS)                             0.24     172.19 f
  RF_53/S_15/U3/Y (OAI31X1TS)                             0.13     172.32 r
  RF_53/S_15/Y[0] (SBox_1_33)                             0.00     172.32 r
  RF_53/KA/DATA_IN[120] (AddConstKey_1_2_3)               0.00     172.32 r
  RF_53/KA/U65/Y (XOR2X1TS)                               0.28     172.61 r
  RF_53/KA/U66/Y (XOR2X1TS)                               0.37     172.97 r
  RF_53/KA/DATA_OUT[120] (AddConstKey_1_2_3)              0.00     172.97 r
  RF_53/SR/X[120] (ShiftRows_1_3)                         0.00     172.97 r
  RF_53/SR/Y[120] (ShiftRows_1_3)                         0.00     172.97 r
  RF_53/MC/X[120] (MixColumns_1_3)                        0.00     172.97 r
  RF_53/MC/U62/Y (XOR2X1TS)                               0.41     173.38 r
  RF_53/MC/U63/Y (XOR2X1TS)                               0.36     173.75 f
  RF_53/MC/Y[120] (MixColumns_1_3)                        0.00     173.75 f
  RF_53/ROUND_OUT[120] (RoundFunction_1_2_3)              0.00     173.75 f
  RF_54/ROUND_IN[120] (RoundFunction_1_2_2)               0.00     173.75 f
  RF_54/S_15/X[0] (SBox_1_17)                             0.00     173.75 f
  RF_54/S_15/U15/Y (OAI31X1TS)                            0.48     174.23 r
  RF_54/S_15/U5/Y (OAI21X1TS)                             0.28     174.51 f
  RF_54/S_15/U11/Y (OAI31X1TS)                            0.23     174.74 r
  RF_54/S_15/U4/Y (OAI21X1TS)                             0.28     175.02 f
  RF_54/S_15/U8/Y (OAI31X1TS)                             0.18     175.20 r
  RF_54/S_15/U3/Y (OAI21X1TS)                             0.24     175.44 f
  RF_54/S_15/U7/Y (OAI31X1TS)                             0.13     175.57 r
  RF_54/S_15/Y[0] (SBox_1_17)                             0.00     175.57 r
  RF_54/KA/DATA_IN[120] (AddConstKey_1_2_2)               0.00     175.57 r
  RF_54/KA/U76/Y (XOR2X1TS)                               0.27     175.84 f
  RF_54/KA/U77/Y (XOR2X1TS)                               0.33     176.17 r
  RF_54/KA/DATA_OUT[120] (AddConstKey_1_2_2)              0.00     176.17 r
  RF_54/SR/X[120] (ShiftRows_1_2)                         0.00     176.17 r
  RF_54/SR/Y[120] (ShiftRows_1_2)                         0.00     176.17 r
  RF_54/MC/X[120] (MixColumns_1_2)                        0.00     176.17 r
  RF_54/MC/U69/Y (XOR2X1TS)                               0.41     176.58 r
  RF_54/MC/U70/Y (XOR2X1TS)                               0.36     176.94 f
  RF_54/MC/Y[120] (MixColumns_1_2)                        0.00     176.94 f
  RF_54/ROUND_OUT[120] (RoundFunction_1_2_2)              0.00     176.94 f
  RF_55/ROUND_IN[120] (RoundFunction_1_2_1)               0.00     176.94 f
  RF_55/S_15/X[0] (SBox_1_1)                              0.00     176.94 f
  RF_55/S_15/U15/Y (OAI31X1TS)                            0.48     177.42 r
  RF_55/S_15/U5/Y (OAI21X1TS)                             0.28     177.70 f
  RF_55/S_15/U11/Y (OAI31X1TS)                            0.23     177.93 r
  RF_55/S_15/U4/Y (OAI21X1TS)                             0.28     178.21 f
  RF_55/S_15/U8/Y (OAI31X1TS)                             0.18     178.39 r
  RF_55/S_15/U3/Y (OAI21X1TS)                             0.24     178.63 f
  RF_55/S_15/U7/Y (OAI31X1TS)                             0.13     178.76 r
  RF_55/S_15/Y[0] (SBox_1_1)                              0.00     178.76 r
  RF_55/KA/DATA_IN[120] (AddConstKey_1_2_1)               0.00     178.76 r
  RF_55/KA/U94/Y (XOR2X1TS)                               0.28     179.05 r
  RF_55/KA/U18/Y (XOR2X1TS)                               0.30     179.34 r
  RF_55/KA/DATA_OUT[120] (AddConstKey_1_2_1)              0.00     179.34 r
  RF_55/SR/X[120] (ShiftRows_1_1)                         0.00     179.34 r
  RF_55/SR/Y[120] (ShiftRows_1_1)                         0.00     179.34 r
  RF_55/MC/X[120] (MixColumns_1_1)                        0.00     179.34 r
  RF_55/MC/U79/Y (XOR2X1TS)                               0.30     179.64 r
  RF_55/MC/U80/Y (XOR2X1TS)                               0.27     179.91 f
  RF_55/MC/Y[120] (MixColumns_1_1)                        0.00     179.91 f
  RF_55/ROUND_OUT[120] (RoundFunction_1_2_1)              0.00     179.91 f
  CIPHERTEXT[120] (out)                                   0.00     179.91 f
  data arrival time                                                179.91
  --------------------------------------------------------------------------
  (Path is unconstrained)


1
