 
****************************************
Report : timing
        -path full
        -delay max
        -max_paths 1
        -sort_by group
Design : Skinny_0_1
Version: E-2010.12-SP2
Date   : Fri Jun 21 12:34:26 2019
****************************************

Operating Conditions: tt_1p2v_25c   Library: scx3_cmos8rf_lpvt_tt_1p2v_25c
Wire Load Model Mode: top

  Startpoint: PLAINTEXT[63]
              (input port)
  Endpoint: CIPHERTEXT[60]
            (output port)
  Path Group: (none)
  Path Type: max

  Point                                                   Incr       Path
  --------------------------------------------------------------------------
  input external delay                                    0.00       0.00 f
  PLAINTEXT[63] (in)                                      0.00       0.00 f
  RF_0/ROUND_IN[63] (RoundFunction_0_1_0)                 0.00       0.00 f
  RF_0/S_15/X[3] (SBox_0_561)                             0.00       0.00 f
  RF_0/S_15/U7/Y (OAI31X1TS)                              0.43       0.43 r
  RF_0/S_15/U6/Y (OAI21X1TS)                              0.31       0.73 f
  RF_0/S_15/U5/Y (OAI31X1TS)                              0.11       0.85 r
  RF_0/S_15/Y[1] (SBox_0_561)                             0.00       0.85 r
  RF_0/KA/DATA_IN[61] (AddConstKey_0_1_0)                 0.00       0.85 r
  RF_0/KA/U54/Y (XOR2X1TS)                                0.28       1.13 r
  RF_0/KA/U55/Y (XOR2X1TS)                                0.51       1.64 r
  RF_0/KA/DATA_OUT[61] (AddConstKey_0_1_0)                0.00       1.64 r
  RF_0/SR/X[61] (ShiftRows_0_0)                           0.00       1.64 r
  RF_0/SR/Y[61] (ShiftRows_0_0)                           0.00       1.64 r
  RF_0/MC/X[61] (MixColumns_0_0)                          0.00       1.64 r
  RF_0/MC/U5/Y (XOR2X1TS)                                 0.65       2.29 r
  RF_0/MC/U46/Y (XOR2X1TS)                                0.62       2.92 r
  RF_0/MC/Y[61] (MixColumns_0_0)                          0.00       2.92 r
  RF_0/ROUND_OUT[61] (RoundFunction_0_1_0)                0.00       2.92 r
  RF_1/ROUND_IN[61] (RoundFunction_0_1_35)                0.00       2.92 r
  RF_1/S_15/X[1] (SBox_0_545)                             0.00       2.92 r
  RF_1/S_15/U4/Y (OAI21X1TS)                              0.29       3.21 f
  RF_1/S_15/U3/Y (OAI31X1TS)                              0.18       3.39 r
  RF_1/S_15/Y[2] (SBox_0_545)                             0.00       3.39 r
  RF_1/KA/DATA_IN[62] (AddConstKey_0_1_35)                0.00       3.39 r
  RF_1/KA/U56/Y (XOR2X1TS)                                0.34       3.73 r
  RF_1/KA/U57/Y (XOR2X1TS)                                0.51       4.24 r
  RF_1/KA/DATA_OUT[62] (AddConstKey_0_1_35)               0.00       4.24 r
  RF_1/SR/X[62] (ShiftRows_0_35)                          0.00       4.24 r
  RF_1/SR/Y[62] (ShiftRows_0_35)                          0.00       4.24 r
  RF_1/MC/X[62] (MixColumns_0_35)                         0.00       4.24 r
  RF_1/MC/U6/Y (XOR2X1TS)                                 0.65       4.89 r
  RF_1/MC/U47/Y (XOR2X1TS)                                0.62       5.51 r
  RF_1/MC/Y[62] (MixColumns_0_35)                         0.00       5.51 r
  RF_1/ROUND_OUT[62] (RoundFunction_0_1_35)               0.00       5.51 r
  RF_2/ROUND_IN[62] (RoundFunction_0_1_34)                0.00       5.51 r
  RF_2/S_15/X[2] (SBox_0_529)                             0.00       5.51 r
  RF_2/S_15/U8/Y (OAI21X1TS)                              0.29       5.80 f
  RF_2/S_15/U7/Y (OAI31X1TS)                              0.23       6.03 r
  RF_2/S_15/U6/Y (OAI21X1TS)                              0.31       6.34 f
  RF_2/S_15/U5/Y (OAI31X1TS)                              0.13       6.47 r
  RF_2/S_15/Y[1] (SBox_0_529)                             0.00       6.47 r
  RF_2/KA/DATA_IN[61] (AddConstKey_0_1_34)                0.00       6.47 r
  RF_2/KA/U54/Y (XNOR2X1TS)                               0.27       6.73 f
  RF_2/KA/U55/Y (XOR2X1TS)                                0.47       7.21 r
  RF_2/KA/DATA_OUT[61] (AddConstKey_0_1_34)               0.00       7.21 r
  RF_2/SR/X[61] (ShiftRows_0_34)                          0.00       7.21 r
  RF_2/SR/Y[61] (ShiftRows_0_34)                          0.00       7.21 r
  RF_2/MC/X[61] (MixColumns_0_34)                         0.00       7.21 r
  RF_2/MC/U5/Y (XOR2X1TS)                                 0.65       7.86 r
  RF_2/MC/U46/Y (XOR2X1TS)                                0.62       8.49 r
  RF_2/MC/Y[61] (MixColumns_0_34)                         0.00       8.49 r
  RF_2/ROUND_OUT[61] (RoundFunction_0_1_34)               0.00       8.49 r
  RF_3/ROUND_IN[61] (RoundFunction_0_1_33)                0.00       8.49 r
  RF_3/S_15/X[1] (SBox_0_513)                             0.00       8.49 r
  RF_3/S_15/U4/Y (OAI21X1TS)                              0.29       8.78 f
  RF_3/S_15/U3/Y (OAI31X1TS)                              0.18       8.96 r
  RF_3/S_15/Y[2] (SBox_0_513)                             0.00       8.96 r
  RF_3/KA/DATA_IN[62] (AddConstKey_0_1_33)                0.00       8.96 r
  RF_3/KA/U56/Y (XNOR2X1TS)                               0.33       9.29 f
  RF_3/KA/U57/Y (XOR2X1TS)                                0.47       9.76 r
  RF_3/KA/DATA_OUT[62] (AddConstKey_0_1_33)               0.00       9.76 r
  RF_3/SR/X[62] (ShiftRows_0_33)                          0.00       9.76 r
  RF_3/SR/Y[62] (ShiftRows_0_33)                          0.00       9.76 r
  RF_3/MC/X[62] (MixColumns_0_33)                         0.00       9.76 r
  RF_3/MC/U6/Y (XOR2X1TS)                                 0.65      10.41 r
  RF_3/MC/U47/Y (XOR2X1TS)                                0.62      11.03 r
  RF_3/MC/Y[62] (MixColumns_0_33)                         0.00      11.03 r
  RF_3/ROUND_OUT[62] (RoundFunction_0_1_33)               0.00      11.03 r
  RF_4/ROUND_IN[62] (RoundFunction_0_1_32)                0.00      11.03 r
  RF_4/S_15/X[2] (SBox_0_497)                             0.00      11.03 r
  RF_4/S_15/U8/Y (OAI21X1TS)                              0.29      11.32 f
  RF_4/S_15/U7/Y (OAI31X1TS)                              0.23      11.55 r
  RF_4/S_15/U6/Y (OAI21X1TS)                              0.31      11.86 f
  RF_4/S_15/U5/Y (OAI31X1TS)                              0.13      11.99 r
  RF_4/S_15/Y[1] (SBox_0_497)                             0.00      11.99 r
  RF_4/KA/DATA_IN[61] (AddConstKey_0_1_32)                0.00      11.99 r
  RF_4/KA/U54/Y (XNOR2X1TS)                               0.27      12.25 f
  RF_4/KA/U55/Y (XOR2X1TS)                                0.47      12.73 r
  RF_4/KA/DATA_OUT[61] (AddConstKey_0_1_32)               0.00      12.73 r
  RF_4/SR/X[61] (ShiftRows_0_32)                          0.00      12.73 r
  RF_4/SR/Y[61] (ShiftRows_0_32)                          0.00      12.73 r
  RF_4/MC/X[61] (MixColumns_0_32)                         0.00      12.73 r
  RF_4/MC/U5/Y (XOR2X1TS)                                 0.65      13.38 r
  RF_4/MC/U46/Y (XOR2X1TS)                                0.62      14.01 r
  RF_4/MC/Y[61] (MixColumns_0_32)                         0.00      14.01 r
  RF_4/ROUND_OUT[61] (RoundFunction_0_1_32)               0.00      14.01 r
  RF_5/ROUND_IN[61] (RoundFunction_0_1_31)                0.00      14.01 r
  RF_5/S_15/X[1] (SBox_0_481)                             0.00      14.01 r
  RF_5/S_15/U4/Y (OAI21X1TS)                              0.29      14.30 f
  RF_5/S_15/U3/Y (OAI31X1TS)                              0.18      14.48 r
  RF_5/S_15/Y[2] (SBox_0_481)                             0.00      14.48 r
  RF_5/KA/DATA_IN[62] (AddConstKey_0_1_31)                0.00      14.48 r
  RF_5/KA/U56/Y (XNOR2X1TS)                               0.33      14.81 f
  RF_5/KA/U57/Y (XOR2X1TS)                                0.47      15.28 r
  RF_5/KA/DATA_OUT[62] (AddConstKey_0_1_31)               0.00      15.28 r
  RF_5/SR/X[62] (ShiftRows_0_31)                          0.00      15.28 r
  RF_5/SR/Y[62] (ShiftRows_0_31)                          0.00      15.28 r
  RF_5/MC/X[62] (MixColumns_0_31)                         0.00      15.28 r
  RF_5/MC/U6/Y (XOR2X1TS)                                 0.65      15.93 r
  RF_5/MC/U47/Y (XOR2X1TS)                                0.62      16.55 r
  RF_5/MC/Y[62] (MixColumns_0_31)                         0.00      16.55 r
  RF_5/ROUND_OUT[62] (RoundFunction_0_1_31)               0.00      16.55 r
  RF_6/ROUND_IN[62] (RoundFunction_0_1_30)                0.00      16.55 r
  RF_6/S_15/X[2] (SBox_0_465)                             0.00      16.55 r
  RF_6/S_15/U8/Y (OAI21X1TS)                              0.29      16.84 f
  RF_6/S_15/U7/Y (OAI31X1TS)                              0.23      17.07 r
  RF_6/S_15/U6/Y (OAI21X1TS)                              0.31      17.38 f
  RF_6/S_15/U5/Y (OAI31X1TS)                              0.13      17.51 r
  RF_6/S_15/Y[1] (SBox_0_465)                             0.00      17.51 r
  RF_6/KA/DATA_IN[61] (AddConstKey_0_1_30)                0.00      17.51 r
  RF_6/KA/U54/Y (XOR2X1TS)                                0.28      17.79 r
  RF_6/KA/U55/Y (XOR2X1TS)                                0.51      18.30 r
  RF_6/KA/DATA_OUT[61] (AddConstKey_0_1_30)               0.00      18.30 r
  RF_6/SR/X[61] (ShiftRows_0_30)                          0.00      18.30 r
  RF_6/SR/Y[61] (ShiftRows_0_30)                          0.00      18.30 r
  RF_6/MC/X[61] (MixColumns_0_30)                         0.00      18.30 r
  RF_6/MC/U5/Y (XOR2X1TS)                                 0.65      18.95 r
  RF_6/MC/U46/Y (XOR2X1TS)                                0.62      19.58 r
  RF_6/MC/Y[61] (MixColumns_0_30)                         0.00      19.58 r
  RF_6/ROUND_OUT[61] (RoundFunction_0_1_30)               0.00      19.58 r
  RF_7/ROUND_IN[61] (RoundFunction_0_1_29)                0.00      19.58 r
  RF_7/S_15/X[1] (SBox_0_449)                             0.00      19.58 r
  RF_7/S_15/U4/Y (OAI21X1TS)                              0.29      19.87 f
  RF_7/S_15/U3/Y (OAI31X1TS)                              0.18      20.05 r
  RF_7/S_15/Y[2] (SBox_0_449)                             0.00      20.05 r
  RF_7/KA/DATA_IN[62] (AddConstKey_0_1_29)                0.00      20.05 r
  RF_7/KA/U56/Y (XOR2X1TS)                                0.34      20.39 r
  RF_7/KA/U57/Y (XOR2X1TS)                                0.51      20.90 r
  RF_7/KA/DATA_OUT[62] (AddConstKey_0_1_29)               0.00      20.90 r
  RF_7/SR/X[62] (ShiftRows_0_29)                          0.00      20.90 r
  RF_7/SR/Y[62] (ShiftRows_0_29)                          0.00      20.90 r
  RF_7/MC/X[62] (MixColumns_0_29)                         0.00      20.90 r
  RF_7/MC/U6/Y (XOR2X1TS)                                 0.65      21.55 r
  RF_7/MC/U47/Y (XOR2X1TS)                                0.62      22.17 r
  RF_7/MC/Y[62] (MixColumns_0_29)                         0.00      22.17 r
  RF_7/ROUND_OUT[62] (RoundFunction_0_1_29)               0.00      22.17 r
  RF_8/ROUND_IN[62] (RoundFunction_0_1_28)                0.00      22.17 r
  RF_8/S_15/X[2] (SBox_0_433)                             0.00      22.17 r
  RF_8/S_15/U8/Y (OAI21X1TS)                              0.29      22.46 f
  RF_8/S_15/U7/Y (OAI31X1TS)                              0.23      22.69 r
  RF_8/S_15/U6/Y (OAI21X1TS)                              0.31      23.00 f
  RF_8/S_15/U5/Y (OAI31X1TS)                              0.13      23.13 r
  RF_8/S_15/Y[1] (SBox_0_433)                             0.00      23.13 r
  RF_8/KA/DATA_IN[61] (AddConstKey_0_1_28)                0.00      23.13 r
  RF_8/KA/U54/Y (XNOR2X1TS)                               0.27      23.39 f
  RF_8/KA/U55/Y (XOR2X1TS)                                0.47      23.87 r
  RF_8/KA/DATA_OUT[61] (AddConstKey_0_1_28)               0.00      23.87 r
  RF_8/SR/X[61] (ShiftRows_0_28)                          0.00      23.87 r
  RF_8/SR/Y[61] (ShiftRows_0_28)                          0.00      23.87 r
  RF_8/MC/X[61] (MixColumns_0_28)                         0.00      23.87 r
  RF_8/MC/U5/Y (XOR2X1TS)                                 0.65      24.52 r
  RF_8/MC/U46/Y (XOR2X1TS)                                0.62      25.15 r
  RF_8/MC/Y[61] (MixColumns_0_28)                         0.00      25.15 r
  RF_8/ROUND_OUT[61] (RoundFunction_0_1_28)               0.00      25.15 r
  RF_9/ROUND_IN[61] (RoundFunction_0_1_27)                0.00      25.15 r
  RF_9/S_15/X[1] (SBox_0_417)                             0.00      25.15 r
  RF_9/S_15/U4/Y (OAI21X1TS)                              0.29      25.44 f
  RF_9/S_15/U3/Y (OAI31X1TS)                              0.18      25.62 r
  RF_9/S_15/Y[2] (SBox_0_417)                             0.00      25.62 r
  RF_9/KA/DATA_IN[62] (AddConstKey_0_1_27)                0.00      25.62 r
  RF_9/KA/U56/Y (XNOR2X1TS)                               0.33      25.95 f
  RF_9/KA/U57/Y (XOR2X1TS)                                0.47      26.42 r
  RF_9/KA/DATA_OUT[62] (AddConstKey_0_1_27)               0.00      26.42 r
  RF_9/SR/X[62] (ShiftRows_0_27)                          0.00      26.42 r
  RF_9/SR/Y[62] (ShiftRows_0_27)                          0.00      26.42 r
  RF_9/MC/X[62] (MixColumns_0_27)                         0.00      26.42 r
  RF_9/MC/U6/Y (XOR2X1TS)                                 0.65      27.07 r
  RF_9/MC/U47/Y (XOR2X1TS)                                0.62      27.69 r
  RF_9/MC/Y[62] (MixColumns_0_27)                         0.00      27.69 r
  RF_9/ROUND_OUT[62] (RoundFunction_0_1_27)               0.00      27.69 r
  RF_10/ROUND_IN[62] (RoundFunction_0_1_26)               0.00      27.69 r
  RF_10/S_15/X[2] (SBox_0_401)                            0.00      27.69 r
  RF_10/S_15/U8/Y (OAI21X1TS)                             0.29      27.98 f
  RF_10/S_15/U7/Y (OAI31X1TS)                             0.23      28.21 r
  RF_10/S_15/U6/Y (OAI21X1TS)                             0.31      28.52 f
  RF_10/S_15/U5/Y (OAI31X1TS)                             0.13      28.65 r
  RF_10/S_15/Y[1] (SBox_0_401)                            0.00      28.65 r
  RF_10/KA/DATA_IN[61] (AddConstKey_0_1_26)               0.00      28.65 r
  RF_10/KA/U54/Y (XNOR2X1TS)                              0.27      28.91 f
  RF_10/KA/U55/Y (XOR2X1TS)                               0.47      29.39 r
  RF_10/KA/DATA_OUT[61] (AddConstKey_0_1_26)              0.00      29.39 r
  RF_10/SR/X[61] (ShiftRows_0_26)                         0.00      29.39 r
  RF_10/SR/Y[61] (ShiftRows_0_26)                         0.00      29.39 r
  RF_10/MC/X[61] (MixColumns_0_26)                        0.00      29.39 r
  RF_10/MC/U5/Y (XOR2X1TS)                                0.65      30.04 r
  RF_10/MC/U46/Y (XOR2X1TS)                               0.62      30.67 r
  RF_10/MC/Y[61] (MixColumns_0_26)                        0.00      30.67 r
  RF_10/ROUND_OUT[61] (RoundFunction_0_1_26)              0.00      30.67 r
  RF_11/ROUND_IN[61] (RoundFunction_0_1_25)               0.00      30.67 r
  RF_11/S_15/X[1] (SBox_0_385)                            0.00      30.67 r
  RF_11/S_15/U4/Y (OAI21X1TS)                             0.29      30.96 f
  RF_11/S_15/U3/Y (OAI31X1TS)                             0.18      31.14 r
  RF_11/S_15/Y[2] (SBox_0_385)                            0.00      31.14 r
  RF_11/KA/DATA_IN[62] (AddConstKey_0_1_25)               0.00      31.14 r
  RF_11/KA/U56/Y (XNOR2X1TS)                              0.33      31.47 f
  RF_11/KA/U57/Y (XOR2X1TS)                               0.47      31.94 r
  RF_11/KA/DATA_OUT[62] (AddConstKey_0_1_25)              0.00      31.94 r
  RF_11/SR/X[62] (ShiftRows_0_25)                         0.00      31.94 r
  RF_11/SR/Y[62] (ShiftRows_0_25)                         0.00      31.94 r
  RF_11/MC/X[62] (MixColumns_0_25)                        0.00      31.94 r
  RF_11/MC/U6/Y (XOR2X1TS)                                0.65      32.59 r
  RF_11/MC/U47/Y (XOR2X1TS)                               0.62      33.21 r
  RF_11/MC/Y[62] (MixColumns_0_25)                        0.00      33.21 r
  RF_11/ROUND_OUT[62] (RoundFunction_0_1_25)              0.00      33.21 r
  RF_12/ROUND_IN[62] (RoundFunction_0_1_24)               0.00      33.21 r
  RF_12/S_15/X[2] (SBox_0_369)                            0.00      33.21 r
  RF_12/S_15/U8/Y (OAI21X1TS)                             0.29      33.50 f
  RF_12/S_15/U7/Y (OAI31X1TS)                             0.23      33.73 r
  RF_12/S_15/U6/Y (OAI21X1TS)                             0.31      34.04 f
  RF_12/S_15/U5/Y (OAI31X1TS)                             0.13      34.17 r
  RF_12/S_15/Y[1] (SBox_0_369)                            0.00      34.17 r
  RF_12/KA/DATA_IN[61] (AddConstKey_0_1_24)               0.00      34.17 r
  RF_12/KA/U54/Y (XOR2X1TS)                               0.28      34.45 r
  RF_12/KA/U55/Y (XOR2X1TS)                               0.51      34.96 r
  RF_12/KA/DATA_OUT[61] (AddConstKey_0_1_24)              0.00      34.96 r
  RF_12/SR/X[61] (ShiftRows_0_24)                         0.00      34.96 r
  RF_12/SR/Y[61] (ShiftRows_0_24)                         0.00      34.96 r
  RF_12/MC/X[61] (MixColumns_0_24)                        0.00      34.96 r
  RF_12/MC/U5/Y (XOR2X1TS)                                0.65      35.61 r
  RF_12/MC/U46/Y (XOR2X1TS)                               0.62      36.24 r
  RF_12/MC/Y[61] (MixColumns_0_24)                        0.00      36.24 r
  RF_12/ROUND_OUT[61] (RoundFunction_0_1_24)              0.00      36.24 r
  RF_13/ROUND_IN[61] (RoundFunction_0_1_23)               0.00      36.24 r
  RF_13/S_15/X[1] (SBox_0_353)                            0.00      36.24 r
  RF_13/S_15/U4/Y (OAI21X1TS)                             0.29      36.53 f
  RF_13/S_15/U3/Y (OAI31X1TS)                             0.18      36.71 r
  RF_13/S_15/Y[2] (SBox_0_353)                            0.00      36.71 r
  RF_13/KA/DATA_IN[62] (AddConstKey_0_1_23)               0.00      36.71 r
  RF_13/KA/U56/Y (XOR2X1TS)                               0.34      37.05 r
  RF_13/KA/U57/Y (XOR2X1TS)                               0.51      37.56 r
  RF_13/KA/DATA_OUT[62] (AddConstKey_0_1_23)              0.00      37.56 r
  RF_13/SR/X[62] (ShiftRows_0_23)                         0.00      37.56 r
  RF_13/SR/Y[62] (ShiftRows_0_23)                         0.00      37.56 r
  RF_13/MC/X[62] (MixColumns_0_23)                        0.00      37.56 r
  RF_13/MC/U6/Y (XOR2X1TS)                                0.65      38.21 r
  RF_13/MC/U47/Y (XOR2X1TS)                               0.62      38.83 r
  RF_13/MC/Y[62] (MixColumns_0_23)                        0.00      38.83 r
  RF_13/ROUND_OUT[62] (RoundFunction_0_1_23)              0.00      38.83 r
  RF_14/ROUND_IN[62] (RoundFunction_0_1_22)               0.00      38.83 r
  RF_14/S_15/X[2] (SBox_0_337)                            0.00      38.83 r
  RF_14/S_15/U8/Y (OAI21X1TS)                             0.29      39.12 f
  RF_14/S_15/U7/Y (OAI31X1TS)                             0.23      39.35 r
  RF_14/S_15/U6/Y (OAI21X1TS)                             0.31      39.66 f
  RF_14/S_15/U5/Y (OAI31X1TS)                             0.13      39.79 r
  RF_14/S_15/Y[1] (SBox_0_337)                            0.00      39.79 r
  RF_14/KA/DATA_IN[61] (AddConstKey_0_1_22)               0.00      39.79 r
  RF_14/KA/U54/Y (XNOR2X1TS)                              0.27      40.05 f
  RF_14/KA/U55/Y (XOR2X1TS)                               0.47      40.53 r
  RF_14/KA/DATA_OUT[61] (AddConstKey_0_1_22)              0.00      40.53 r
  RF_14/SR/X[61] (ShiftRows_0_22)                         0.00      40.53 r
  RF_14/SR/Y[61] (ShiftRows_0_22)                         0.00      40.53 r
  RF_14/MC/X[61] (MixColumns_0_22)                        0.00      40.53 r
  RF_14/MC/U5/Y (XOR2X1TS)                                0.65      41.18 r
  RF_14/MC/U46/Y (XOR2X1TS)                               0.62      41.81 r
  RF_14/MC/Y[61] (MixColumns_0_22)                        0.00      41.81 r
  RF_14/ROUND_OUT[61] (RoundFunction_0_1_22)              0.00      41.81 r
  RF_15/ROUND_IN[61] (RoundFunction_0_1_21)               0.00      41.81 r
  RF_15/S_15/X[1] (SBox_0_321)                            0.00      41.81 r
  RF_15/S_15/U4/Y (OAI21X1TS)                             0.29      42.10 f
  RF_15/S_15/U3/Y (OAI31X1TS)                             0.18      42.28 r
  RF_15/S_15/Y[2] (SBox_0_321)                            0.00      42.28 r
  RF_15/KA/DATA_IN[62] (AddConstKey_0_1_21)               0.00      42.28 r
  RF_15/KA/U56/Y (XNOR2X1TS)                              0.33      42.61 f
  RF_15/KA/U57/Y (XOR2X1TS)                               0.47      43.08 r
  RF_15/KA/DATA_OUT[62] (AddConstKey_0_1_21)              0.00      43.08 r
  RF_15/SR/X[62] (ShiftRows_0_21)                         0.00      43.08 r
  RF_15/SR/Y[62] (ShiftRows_0_21)                         0.00      43.08 r
  RF_15/MC/X[62] (MixColumns_0_21)                        0.00      43.08 r
  RF_15/MC/U6/Y (XOR2X1TS)                                0.65      43.73 r
  RF_15/MC/U47/Y (XOR2X1TS)                               0.62      44.35 r
  RF_15/MC/Y[62] (MixColumns_0_21)                        0.00      44.35 r
  RF_15/ROUND_OUT[62] (RoundFunction_0_1_21)              0.00      44.35 r
  RF_16/ROUND_IN[62] (RoundFunction_0_1_20)               0.00      44.35 r
  RF_16/S_15/X[2] (SBox_0_305)                            0.00      44.35 r
  RF_16/S_15/U8/Y (OAI21X1TS)                             0.29      44.64 f
  RF_16/S_15/U7/Y (OAI31X1TS)                             0.23      44.87 r
  RF_16/S_15/U6/Y (OAI21X1TS)                             0.31      45.18 f
  RF_16/S_15/U5/Y (OAI31X1TS)                             0.13      45.31 r
  RF_16/S_15/Y[1] (SBox_0_305)                            0.00      45.31 r
  RF_16/KA/DATA_IN[61] (AddConstKey_0_1_20)               0.00      45.31 r
  RF_16/KA/U54/Y (XOR2X1TS)                               0.28      45.59 r
  RF_16/KA/U55/Y (XOR2X1TS)                               0.51      46.10 r
  RF_16/KA/DATA_OUT[61] (AddConstKey_0_1_20)              0.00      46.10 r
  RF_16/SR/X[61] (ShiftRows_0_20)                         0.00      46.10 r
  RF_16/SR/Y[61] (ShiftRows_0_20)                         0.00      46.10 r
  RF_16/MC/X[61] (MixColumns_0_20)                        0.00      46.10 r
  RF_16/MC/U5/Y (XOR2X1TS)                                0.65      46.75 r
  RF_16/MC/U46/Y (XOR2X1TS)                               0.62      47.38 r
  RF_16/MC/Y[61] (MixColumns_0_20)                        0.00      47.38 r
  RF_16/ROUND_OUT[61] (RoundFunction_0_1_20)              0.00      47.38 r
  RF_17/ROUND_IN[61] (RoundFunction_0_1_19)               0.00      47.38 r
  RF_17/S_15/X[1] (SBox_0_289)                            0.00      47.38 r
  RF_17/S_15/U4/Y (OAI21X1TS)                             0.29      47.67 f
  RF_17/S_15/U3/Y (OAI31X1TS)                             0.18      47.85 r
  RF_17/S_15/Y[2] (SBox_0_289)                            0.00      47.85 r
  RF_17/KA/DATA_IN[62] (AddConstKey_0_1_19)               0.00      47.85 r
  RF_17/KA/U56/Y (XOR2X1TS)                               0.34      48.19 r
  RF_17/KA/U57/Y (XOR2X1TS)                               0.51      48.70 r
  RF_17/KA/DATA_OUT[62] (AddConstKey_0_1_19)              0.00      48.70 r
  RF_17/SR/X[62] (ShiftRows_0_19)                         0.00      48.70 r
  RF_17/SR/Y[62] (ShiftRows_0_19)                         0.00      48.70 r
  RF_17/MC/X[62] (MixColumns_0_19)                        0.00      48.70 r
  RF_17/MC/U6/Y (XOR2X1TS)                                0.65      49.35 r
  RF_17/MC/U47/Y (XOR2X1TS)                               0.62      49.97 r
  RF_17/MC/Y[62] (MixColumns_0_19)                        0.00      49.97 r
  RF_17/ROUND_OUT[62] (RoundFunction_0_1_19)              0.00      49.97 r
  RF_18/ROUND_IN[62] (RoundFunction_0_1_18)               0.00      49.97 r
  RF_18/S_15/X[2] (SBox_0_273)                            0.00      49.97 r
  RF_18/S_15/U8/Y (OAI21X1TS)                             0.29      50.26 f
  RF_18/S_15/U7/Y (OAI31X1TS)                             0.23      50.49 r
  RF_18/S_15/U6/Y (OAI21X1TS)                             0.31      50.80 f
  RF_18/S_15/U5/Y (OAI31X1TS)                             0.13      50.92 r
  RF_18/S_15/Y[1] (SBox_0_273)                            0.00      50.92 r
  RF_18/KA/DATA_IN[61] (AddConstKey_0_1_18)               0.00      50.92 r
  RF_18/KA/U54/Y (XOR2X1TS)                               0.28      51.21 r
  RF_18/KA/U55/Y (XOR2X1TS)                               0.51      51.72 r
  RF_18/KA/DATA_OUT[61] (AddConstKey_0_1_18)              0.00      51.72 r
  RF_18/SR/X[61] (ShiftRows_0_18)                         0.00      51.72 r
  RF_18/SR/Y[61] (ShiftRows_0_18)                         0.00      51.72 r
  RF_18/MC/X[61] (MixColumns_0_18)                        0.00      51.72 r
  RF_18/MC/U5/Y (XOR2X1TS)                                0.65      52.37 r
  RF_18/MC/U46/Y (XOR2X1TS)                               0.62      52.99 r
  RF_18/MC/Y[61] (MixColumns_0_18)                        0.00      52.99 r
  RF_18/ROUND_OUT[61] (RoundFunction_0_1_18)              0.00      52.99 r
  RF_19/ROUND_IN[61] (RoundFunction_0_1_17)               0.00      52.99 r
  RF_19/S_15/X[1] (SBox_0_257)                            0.00      52.99 r
  RF_19/S_15/U4/Y (OAI21X1TS)                             0.29      53.29 f
  RF_19/S_15/U3/Y (OAI31X1TS)                             0.18      53.46 r
  RF_19/S_15/Y[2] (SBox_0_257)                            0.00      53.46 r
  RF_19/KA/DATA_IN[62] (AddConstKey_0_1_17)               0.00      53.46 r
  RF_19/KA/U56/Y (XOR2X1TS)                               0.34      53.81 r
  RF_19/KA/U57/Y (XOR2X1TS)                               0.51      54.32 r
  RF_19/KA/DATA_OUT[62] (AddConstKey_0_1_17)              0.00      54.32 r
  RF_19/SR/X[62] (ShiftRows_0_17)                         0.00      54.32 r
  RF_19/SR/Y[62] (ShiftRows_0_17)                         0.00      54.32 r
  RF_19/MC/X[62] (MixColumns_0_17)                        0.00      54.32 r
  RF_19/MC/U6/Y (XOR2X1TS)                                0.65      54.97 r
  RF_19/MC/U47/Y (XOR2X1TS)                               0.62      55.59 r
  RF_19/MC/Y[62] (MixColumns_0_17)                        0.00      55.59 r
  RF_19/ROUND_OUT[62] (RoundFunction_0_1_17)              0.00      55.59 r
  RF_20/ROUND_IN[62] (RoundFunction_0_1_16)               0.00      55.59 r
  RF_20/S_15/X[2] (SBox_0_241)                            0.00      55.59 r
  RF_20/S_15/U8/Y (OAI21X1TS)                             0.29      55.88 f
  RF_20/S_15/U7/Y (OAI31X1TS)                             0.23      56.11 r
  RF_20/S_15/U6/Y (OAI21X1TS)                             0.31      56.41 f
  RF_20/S_15/U5/Y (OAI31X1TS)                             0.13      56.54 r
  RF_20/S_15/Y[1] (SBox_0_241)                            0.00      56.54 r
  RF_20/KA/DATA_IN[61] (AddConstKey_0_1_16)               0.00      56.54 r
  RF_20/KA/U54/Y (XNOR2X1TS)                              0.27      56.81 f
  RF_20/KA/U55/Y (XOR2X1TS)                               0.47      57.29 r
  RF_20/KA/DATA_OUT[61] (AddConstKey_0_1_16)              0.00      57.29 r
  RF_20/SR/X[61] (ShiftRows_0_16)                         0.00      57.29 r
  RF_20/SR/Y[61] (ShiftRows_0_16)                         0.00      57.29 r
  RF_20/MC/X[61] (MixColumns_0_16)                        0.00      57.29 r
  RF_20/MC/U5/Y (XOR2X1TS)                                0.65      57.94 r
  RF_20/MC/U46/Y (XOR2X1TS)                               0.62      58.56 r
  RF_20/MC/Y[61] (MixColumns_0_16)                        0.00      58.56 r
  RF_20/ROUND_OUT[61] (RoundFunction_0_1_16)              0.00      58.56 r
  RF_21/ROUND_IN[61] (RoundFunction_0_1_15)               0.00      58.56 r
  RF_21/S_15/X[1] (SBox_0_225)                            0.00      58.56 r
  RF_21/S_15/U4/Y (OAI21X1TS)                             0.29      58.86 f
  RF_21/S_15/U3/Y (OAI31X1TS)                             0.18      59.04 r
  RF_21/S_15/Y[2] (SBox_0_225)                            0.00      59.04 r
  RF_21/KA/DATA_IN[62] (AddConstKey_0_1_15)               0.00      59.04 r
  RF_21/KA/U56/Y (XNOR2X1TS)                              0.33      59.37 f
  RF_21/KA/U57/Y (XOR2X1TS)                               0.47      59.84 r
  RF_21/KA/DATA_OUT[62] (AddConstKey_0_1_15)              0.00      59.84 r
  RF_21/SR/X[62] (ShiftRows_0_15)                         0.00      59.84 r
  RF_21/SR/Y[62] (ShiftRows_0_15)                         0.00      59.84 r
  RF_21/MC/X[62] (MixColumns_0_15)                        0.00      59.84 r
  RF_21/MC/U6/Y (XOR2X1TS)                                0.65      60.49 r
  RF_21/MC/U47/Y (XOR2X1TS)                               0.62      61.11 r
  RF_21/MC/Y[62] (MixColumns_0_15)                        0.00      61.11 r
  RF_21/ROUND_OUT[62] (RoundFunction_0_1_15)              0.00      61.11 r
  RF_22/ROUND_IN[62] (RoundFunction_0_1_14)               0.00      61.11 r
  RF_22/S_15/X[2] (SBox_0_209)                            0.00      61.11 r
  RF_22/S_15/U8/Y (OAI21X1TS)                             0.29      61.40 f
  RF_22/S_15/U7/Y (OAI31X1TS)                             0.23      61.63 r
  RF_22/S_15/U6/Y (OAI21X1TS)                             0.31      61.93 f
  RF_22/S_15/U5/Y (OAI31X1TS)                             0.13      62.06 r
  RF_22/S_15/Y[1] (SBox_0_209)                            0.00      62.06 r
  RF_22/KA/DATA_IN[61] (AddConstKey_0_1_14)               0.00      62.06 r
  RF_22/KA/U54/Y (XOR2X1TS)                               0.28      62.35 r
  RF_22/KA/U55/Y (XOR2X1TS)                               0.51      62.85 r
  RF_22/KA/DATA_OUT[61] (AddConstKey_0_1_14)              0.00      62.85 r
  RF_22/SR/X[61] (ShiftRows_0_14)                         0.00      62.85 r
  RF_22/SR/Y[61] (ShiftRows_0_14)                         0.00      62.85 r
  RF_22/MC/X[61] (MixColumns_0_14)                        0.00      62.85 r
  RF_22/MC/U5/Y (XOR2X1TS)                                0.65      63.51 r
  RF_22/MC/U46/Y (XOR2X1TS)                               0.62      64.13 r
  RF_22/MC/Y[61] (MixColumns_0_14)                        0.00      64.13 r
  RF_22/ROUND_OUT[61] (RoundFunction_0_1_14)              0.00      64.13 r
  RF_23/ROUND_IN[61] (RoundFunction_0_1_13)               0.00      64.13 r
  RF_23/S_15/X[1] (SBox_0_193)                            0.00      64.13 r
  RF_23/S_15/U4/Y (OAI21X1TS)                             0.29      64.43 f
  RF_23/S_15/U3/Y (OAI31X1TS)                             0.18      64.60 r
  RF_23/S_15/Y[2] (SBox_0_193)                            0.00      64.60 r
  RF_23/KA/DATA_IN[62] (AddConstKey_0_1_13)               0.00      64.60 r
  RF_23/KA/U56/Y (XOR2X1TS)                               0.34      64.95 r
  RF_23/KA/U57/Y (XOR2X1TS)                               0.51      65.46 r
  RF_23/KA/DATA_OUT[62] (AddConstKey_0_1_13)              0.00      65.46 r
  RF_23/SR/X[62] (ShiftRows_0_13)                         0.00      65.46 r
  RF_23/SR/Y[62] (ShiftRows_0_13)                         0.00      65.46 r
  RF_23/MC/X[62] (MixColumns_0_13)                        0.00      65.46 r
  RF_23/MC/U6/Y (XOR2X1TS)                                0.65      66.11 r
  RF_23/MC/U47/Y (XOR2X1TS)                               0.62      66.73 r
  RF_23/MC/Y[62] (MixColumns_0_13)                        0.00      66.73 r
  RF_23/ROUND_OUT[62] (RoundFunction_0_1_13)              0.00      66.73 r
  RF_24/ROUND_IN[62] (RoundFunction_0_1_12)               0.00      66.73 r
  RF_24/S_15/X[2] (SBox_0_177)                            0.00      66.73 r
  RF_24/S_15/U8/Y (OAI21X1TS)                             0.29      67.02 f
  RF_24/S_15/U7/Y (OAI31X1TS)                             0.23      67.25 r
  RF_24/S_15/U6/Y (OAI21X1TS)                             0.31      67.55 f
  RF_24/S_15/U5/Y (OAI31X1TS)                             0.13      67.68 r
  RF_24/S_15/Y[1] (SBox_0_177)                            0.00      67.68 r
  RF_24/KA/DATA_IN[61] (AddConstKey_0_1_12)               0.00      67.68 r
  RF_24/KA/U54/Y (XOR2X1TS)                               0.28      67.96 r
  RF_24/KA/U55/Y (XOR2X1TS)                               0.51      68.47 r
  RF_24/KA/DATA_OUT[61] (AddConstKey_0_1_12)              0.00      68.47 r
  RF_24/SR/X[61] (ShiftRows_0_12)                         0.00      68.47 r
  RF_24/SR/Y[61] (ShiftRows_0_12)                         0.00      68.47 r
  RF_24/MC/X[61] (MixColumns_0_12)                        0.00      68.47 r
  RF_24/MC/U5/Y (XOR2X1TS)                                0.65      69.13 r
  RF_24/MC/U46/Y (XOR2X1TS)                               0.62      69.75 r
  RF_24/MC/Y[61] (MixColumns_0_12)                        0.00      69.75 r
  RF_24/ROUND_OUT[61] (RoundFunction_0_1_12)              0.00      69.75 r
  RF_25/ROUND_IN[61] (RoundFunction_0_1_11)               0.00      69.75 r
  RF_25/S_15/X[1] (SBox_0_161)                            0.00      69.75 r
  RF_25/S_15/U4/Y (OAI21X1TS)                             0.29      70.05 f
  RF_25/S_15/U3/Y (OAI31X1TS)                             0.18      70.22 r
  RF_25/S_15/Y[2] (SBox_0_161)                            0.00      70.22 r
  RF_25/KA/DATA_IN[62] (AddConstKey_0_1_11)               0.00      70.22 r
  RF_25/KA/U56/Y (XOR2X1TS)                               0.34      70.57 r
  RF_25/KA/U57/Y (XOR2X1TS)                               0.51      71.08 r
  RF_25/KA/DATA_OUT[62] (AddConstKey_0_1_11)              0.00      71.08 r
  RF_25/SR/X[62] (ShiftRows_0_11)                         0.00      71.08 r
  RF_25/SR/Y[62] (ShiftRows_0_11)                         0.00      71.08 r
  RF_25/MC/X[62] (MixColumns_0_11)                        0.00      71.08 r
  RF_25/MC/U6/Y (XOR2X1TS)                                0.65      71.73 r
  RF_25/MC/U47/Y (XOR2X1TS)                               0.62      72.35 r
  RF_25/MC/Y[62] (MixColumns_0_11)                        0.00      72.35 r
  RF_25/ROUND_OUT[62] (RoundFunction_0_1_11)              0.00      72.35 r
  RF_26/ROUND_IN[62] (RoundFunction_0_1_10)               0.00      72.35 r
  RF_26/S_15/X[2] (SBox_0_145)                            0.00      72.35 r
  RF_26/S_15/U8/Y (OAI21X1TS)                             0.29      72.64 f
  RF_26/S_15/U7/Y (OAI31X1TS)                             0.23      72.87 r
  RF_26/S_15/U6/Y (OAI21X1TS)                             0.31      73.17 f
  RF_26/S_15/U5/Y (OAI31X1TS)                             0.13      73.30 r
  RF_26/S_15/Y[1] (SBox_0_145)                            0.00      73.30 r
  RF_26/KA/DATA_IN[61] (AddConstKey_0_1_10)               0.00      73.30 r
  RF_26/KA/U54/Y (XOR2X1TS)                               0.28      73.58 r
  RF_26/KA/U55/Y (XOR2X1TS)                               0.51      74.09 r
  RF_26/KA/DATA_OUT[61] (AddConstKey_0_1_10)              0.00      74.09 r
  RF_26/SR/X[61] (ShiftRows_0_10)                         0.00      74.09 r
  RF_26/SR/Y[61] (ShiftRows_0_10)                         0.00      74.09 r
  RF_26/MC/X[61] (MixColumns_0_10)                        0.00      74.09 r
  RF_26/MC/U5/Y (XOR2X1TS)                                0.65      74.75 r
  RF_26/MC/U46/Y (XOR2X1TS)                               0.62      75.37 r
  RF_26/MC/Y[61] (MixColumns_0_10)                        0.00      75.37 r
  RF_26/ROUND_OUT[61] (RoundFunction_0_1_10)              0.00      75.37 r
  RF_27/ROUND_IN[61] (RoundFunction_0_1_9)                0.00      75.37 r
  RF_27/S_15/X[1] (SBox_0_129)                            0.00      75.37 r
  RF_27/S_15/U4/Y (OAI21X1TS)                             0.29      75.66 f
  RF_27/S_15/U3/Y (OAI31X1TS)                             0.18      75.84 r
  RF_27/S_15/Y[2] (SBox_0_129)                            0.00      75.84 r
  RF_27/KA/DATA_IN[62] (AddConstKey_0_1_9)                0.00      75.84 r
  RF_27/KA/U56/Y (XOR2X1TS)                               0.34      76.18 r
  RF_27/KA/U57/Y (XOR2X1TS)                               0.51      76.70 r
  RF_27/KA/DATA_OUT[62] (AddConstKey_0_1_9)               0.00      76.70 r
  RF_27/SR/X[62] (ShiftRows_0_9)                          0.00      76.70 r
  RF_27/SR/Y[62] (ShiftRows_0_9)                          0.00      76.70 r
  RF_27/MC/X[62] (MixColumns_0_9)                         0.00      76.70 r
  RF_27/MC/U6/Y (XOR2X1TS)                                0.65      77.35 r
  RF_27/MC/U47/Y (XOR2X1TS)                               0.62      77.96 r
  RF_27/MC/Y[62] (MixColumns_0_9)                         0.00      77.96 r
  RF_27/ROUND_OUT[62] (RoundFunction_0_1_9)               0.00      77.96 r
  RF_28/ROUND_IN[62] (RoundFunction_0_1_8)                0.00      77.96 r
  RF_28/S_15/X[2] (SBox_0_113)                            0.00      77.96 r
  RF_28/S_15/U8/Y (OAI21X1TS)                             0.29      78.26 f
  RF_28/S_15/U7/Y (OAI31X1TS)                             0.23      78.48 r
  RF_28/S_15/U6/Y (OAI21X1TS)                             0.31      78.79 f
  RF_28/S_15/U5/Y (OAI31X1TS)                             0.13      78.92 r
  RF_28/S_15/Y[1] (SBox_0_113)                            0.00      78.92 r
  RF_28/KA/DATA_IN[61] (AddConstKey_0_1_8)                0.00      78.92 r
  RF_28/KA/U54/Y (XNOR2X1TS)                              0.27      79.19 f
  RF_28/KA/U55/Y (XOR2X1TS)                               0.47      79.66 r
  RF_28/KA/DATA_OUT[61] (AddConstKey_0_1_8)               0.00      79.66 r
  RF_28/SR/X[61] (ShiftRows_0_8)                          0.00      79.66 r
  RF_28/SR/Y[61] (ShiftRows_0_8)                          0.00      79.66 r
  RF_28/MC/X[61] (MixColumns_0_8)                         0.00      79.66 r
  RF_28/MC/U5/Y (XOR2X1TS)                                0.65      80.32 r
  RF_28/MC/U46/Y (XOR2X1TS)                               0.62      80.94 r
  RF_28/MC/Y[61] (MixColumns_0_8)                         0.00      80.94 r
  RF_28/ROUND_OUT[61] (RoundFunction_0_1_8)               0.00      80.94 r
  RF_29/ROUND_IN[61] (RoundFunction_0_1_7)                0.00      80.94 r
  RF_29/S_15/X[1] (SBox_0_97)                             0.00      80.94 r
  RF_29/S_15/U4/Y (OAI21X1TS)                             0.29      81.23 f
  RF_29/S_15/U3/Y (OAI31X1TS)                             0.18      81.41 r
  RF_29/S_15/Y[2] (SBox_0_97)                             0.00      81.41 r
  RF_29/KA/DATA_IN[62] (AddConstKey_0_1_7)                0.00      81.41 r
  RF_29/KA/U56/Y (XNOR2X1TS)                              0.33      81.74 f
  RF_29/KA/U57/Y (XOR2X1TS)                               0.47      82.21 r
  RF_29/KA/DATA_OUT[62] (AddConstKey_0_1_7)               0.00      82.21 r
  RF_29/SR/X[62] (ShiftRows_0_7)                          0.00      82.21 r
  RF_29/SR/Y[62] (ShiftRows_0_7)                          0.00      82.21 r
  RF_29/MC/X[62] (MixColumns_0_7)                         0.00      82.21 r
  RF_29/MC/U6/Y (XOR2X1TS)                                0.65      82.86 r
  RF_29/MC/U47/Y (XOR2X1TS)                               0.62      83.48 r
  RF_29/MC/Y[62] (MixColumns_0_7)                         0.00      83.48 r
  RF_29/ROUND_OUT[62] (RoundFunction_0_1_7)               0.00      83.48 r
  RF_30/ROUND_IN[62] (RoundFunction_0_1_6)                0.00      83.48 r
  RF_30/S_15/X[2] (SBox_0_81)                             0.00      83.48 r
  RF_30/S_15/U8/Y (OAI21X1TS)                             0.29      83.78 f
  RF_30/S_15/U7/Y (OAI31X1TS)                             0.23      84.00 r
  RF_30/S_15/U6/Y (OAI21X1TS)                             0.31      84.31 f
  RF_30/S_15/U5/Y (OAI31X1TS)                             0.13      84.44 r
  RF_30/S_15/Y[1] (SBox_0_81)                             0.00      84.44 r
  RF_30/KA/DATA_IN[61] (AddConstKey_0_1_6)                0.00      84.44 r
  RF_30/KA/U54/Y (XOR2X1TS)                               0.28      84.72 r
  RF_30/KA/U55/Y (XOR2X1TS)                               0.51      85.23 r
  RF_30/KA/DATA_OUT[61] (AddConstKey_0_1_6)               0.00      85.23 r
  RF_30/SR/X[61] (ShiftRows_0_6)                          0.00      85.23 r
  RF_30/SR/Y[61] (ShiftRows_0_6)                          0.00      85.23 r
  RF_30/MC/X[61] (MixColumns_0_6)                         0.00      85.23 r
  RF_30/MC/U5/Y (XOR2X1TS)                                0.65      85.89 r
  RF_30/MC/U46/Y (XOR2X1TS)                               0.62      86.51 r
  RF_30/MC/Y[61] (MixColumns_0_6)                         0.00      86.51 r
  RF_30/ROUND_OUT[61] (RoundFunction_0_1_6)               0.00      86.51 r
  RF_31/ROUND_IN[61] (RoundFunction_0_1_5)                0.00      86.51 r
  RF_31/S_15/X[1] (SBox_0_65)                             0.00      86.51 r
  RF_31/S_15/U4/Y (OAI21X1TS)                             0.29      86.80 f
  RF_31/S_15/U3/Y (OAI31X1TS)                             0.18      86.98 r
  RF_31/S_15/Y[2] (SBox_0_65)                             0.00      86.98 r
  RF_31/KA/DATA_IN[62] (AddConstKey_0_1_5)                0.00      86.98 r
  RF_31/KA/U56/Y (XOR2X1TS)                               0.34      87.32 r
  RF_31/KA/U57/Y (XOR2X1TS)                               0.51      87.83 r
  RF_31/KA/DATA_OUT[62] (AddConstKey_0_1_5)               0.00      87.83 r
  RF_31/SR/X[62] (ShiftRows_0_5)                          0.00      87.83 r
  RF_31/SR/Y[62] (ShiftRows_0_5)                          0.00      87.83 r
  RF_31/MC/X[62] (MixColumns_0_5)                         0.00      87.83 r
  RF_31/MC/U6/Y (XOR2X1TS)                                0.65      88.48 r
  RF_31/MC/U47/Y (XOR2X1TS)                               0.62      89.10 r
  RF_31/MC/Y[62] (MixColumns_0_5)                         0.00      89.10 r
  RF_31/ROUND_OUT[62] (RoundFunction_0_1_5)               0.00      89.10 r
  RF_32/ROUND_IN[62] (RoundFunction_0_1_4)                0.00      89.10 r
  RF_32/S_15/X[2] (SBox_0_49)                             0.00      89.10 r
  RF_32/S_15/U8/Y (OAI21X1TS)                             0.29      89.40 f
  RF_32/S_15/U7/Y (OAI31X1TS)                             0.23      89.62 r
  RF_32/S_15/U6/Y (OAI21X1TS)                             0.31      89.93 f
  RF_32/S_15/U5/Y (OAI31X1TS)                             0.13      90.06 r
  RF_32/S_15/Y[1] (SBox_0_49)                             0.00      90.06 r
  RF_32/KA/DATA_IN[61] (AddConstKey_0_1_4)                0.00      90.06 r
  RF_32/KA/U54/Y (XOR2X1TS)                               0.28      90.34 r
  RF_32/KA/U55/Y (XOR2X1TS)                               0.51      90.85 r
  RF_32/KA/DATA_OUT[61] (AddConstKey_0_1_4)               0.00      90.85 r
  RF_32/SR/X[61] (ShiftRows_0_4)                          0.00      90.85 r
  RF_32/SR/Y[61] (ShiftRows_0_4)                          0.00      90.85 r
  RF_32/MC/X[61] (MixColumns_0_4)                         0.00      90.85 r
  RF_32/MC/U5/Y (XOR2X1TS)                                0.65      91.50 r
  RF_32/MC/U46/Y (XOR2X1TS)                               0.62      92.13 r
  RF_32/MC/Y[61] (MixColumns_0_4)                         0.00      92.13 r
  RF_32/ROUND_OUT[61] (RoundFunction_0_1_4)               0.00      92.13 r
  RF_33/ROUND_IN[61] (RoundFunction_0_1_3)                0.00      92.13 r
  RF_33/S_15/X[1] (SBox_0_33)                             0.00      92.13 r
  RF_33/S_15/U4/Y (OAI21X1TS)                             0.29      92.42 f
  RF_33/S_15/U3/Y (OAI31X1TS)                             0.18      92.60 r
  RF_33/S_15/Y[2] (SBox_0_33)                             0.00      92.60 r
  RF_33/KA/DATA_IN[62] (AddConstKey_0_1_3)                0.00      92.60 r
  RF_33/KA/U56/Y (XOR2X1TS)                               0.34      92.94 r
  RF_33/KA/U57/Y (XOR2X1TS)                               0.51      93.45 r
  RF_33/KA/DATA_OUT[62] (AddConstKey_0_1_3)               0.00      93.45 r
  RF_33/SR/X[62] (ShiftRows_0_3)                          0.00      93.45 r
  RF_33/SR/Y[62] (ShiftRows_0_3)                          0.00      93.45 r
  RF_33/MC/X[62] (MixColumns_0_3)                         0.00      93.45 r
  RF_33/MC/U15/Y (XOR2X1TS)                               0.65      94.10 r
  RF_33/MC/U47/Y (XOR2X1TS)                               0.62      94.72 r
  RF_33/MC/Y[62] (MixColumns_0_3)                         0.00      94.72 r
  RF_33/ROUND_OUT[62] (RoundFunction_0_1_3)               0.00      94.72 r
  RF_34/ROUND_IN[62] (RoundFunction_0_1_2)                0.00      94.72 r
  RF_34/S_15/X[2] (SBox_0_17)                             0.00      94.72 r
  RF_34/S_15/U6/Y (OAI21X1TS)                             0.29      95.01 f
  RF_34/S_15/U5/Y (OAI31X1TS)                             0.23      95.24 r
  RF_34/S_15/U2/Y (OAI21X1TS)                             0.31      95.55 f
  RF_34/S_15/U1/Y (OAI31X1TS)                             0.13      95.68 r
  RF_34/S_15/Y[1] (SBox_0_17)                             0.00      95.68 r
  RF_34/KA/DATA_IN[61] (AddConstKey_0_1_2)                0.00      95.68 r
  RF_34/KA/U55/Y (XNOR2X1TS)                              0.27      95.94 f
  RF_34/KA/U56/Y (XOR2X1TS)                               0.47      96.42 r
  RF_34/KA/DATA_OUT[61] (AddConstKey_0_1_2)               0.00      96.42 r
  RF_34/SR/X[61] (ShiftRows_0_2)                          0.00      96.42 r
  RF_34/SR/Y[61] (ShiftRows_0_2)                          0.00      96.42 r
  RF_34/MC/X[61] (MixColumns_0_2)                         0.00      96.42 r
  RF_34/MC/U21/Y (XOR2X1TS)                               0.65      97.07 r
  RF_34/MC/U46/Y (XOR2X1TS)                               0.62      97.70 r
  RF_34/MC/Y[61] (MixColumns_0_2)                         0.00      97.70 r
  RF_34/ROUND_OUT[61] (RoundFunction_0_1_2)               0.00      97.70 r
  RF_35/ROUND_IN[61] (RoundFunction_0_1_1)                0.00      97.70 r
  RF_35/S_15/X[1] (SBox_0_1)                              0.00      97.70 r
  RF_35/S_15/U6/Y (OAI21X1TS)                             0.29      97.99 f
  RF_35/S_15/U5/Y (OAI31X1TS)                             0.18      98.17 r
  RF_35/S_15/U4/Y (OAI21X1TS)                             0.24      98.41 f
  RF_35/S_15/U3/Y (OAI31X1TS)                             0.13      98.54 r
  RF_35/S_15/Y[0] (SBox_0_1)                              0.00      98.54 r
  RF_35/KA/DATA_IN[60] (AddConstKey_0_1_1)                0.00      98.54 r
  RF_35/KA/U59/Y (XNOR2X1TS)                              0.27      98.81 f
  RF_35/KA/U5/Y (XOR2X1TS)                                0.26      99.07 r
  RF_35/KA/DATA_OUT[60] (AddConstKey_0_1_1)               0.00      99.07 r
  RF_35/SR/X[60] (ShiftRows_0_1)                          0.00      99.07 r
  RF_35/SR/Y[60] (ShiftRows_0_1)                          0.00      99.07 r
  RF_35/MC/X[60] (MixColumns_0_1)                         0.00      99.07 r
  RF_35/MC/U27/Y (XOR2X1TS)                               0.30      99.37 r
  RF_35/MC/U45/Y (XOR2X1TS)                               0.27      99.64 f
  RF_35/MC/Y[60] (MixColumns_0_1)                         0.00      99.64 f
  RF_35/ROUND_OUT[60] (RoundFunction_0_1_1)               0.00      99.64 f
  CIPHERTEXT[60] (out)                                    0.00      99.64 f
  data arrival time                                                 99.64
  --------------------------------------------------------------------------
  (Path is unconstrained)


1
