 
****************************************
Report : timing
        -path full
        -delay max
        -max_paths 1
        -sort_by group
Design : Skinny_0_2
Version: E-2010.12-SP2
Date   : Fri Jun 21 12:46:25 2019
****************************************

Operating Conditions: tt_1p2v_25c   Library: scx3_cmos8rf_lpvt_tt_1p2v_25c
Wire Load Model Mode: top

  Startpoint: PLAINTEXT[63]
              (input port)
  Endpoint: CIPHERTEXT[60]
            (output port)
  Path Group: (none)
  Path Type: max

  Point                                                   Incr       Path
  --------------------------------------------------------------------------
  input external delay                                    0.00       0.00 f
  PLAINTEXT[63] (in)                                      0.00       0.00 f
  RF_0/ROUND_IN[63] (RoundFunction_0_2_0)                 0.00       0.00 f
  RF_0/S_15/X[3] (SBox_0_625)                             0.00       0.00 f
  RF_0/S_15/U7/Y (OAI31X1TS)                              0.43       0.43 r
  RF_0/S_15/U6/Y (OAI21X1TS)                              0.31       0.73 f
  RF_0/S_15/U5/Y (OAI31X1TS)                              0.11       0.85 r
  RF_0/S_15/Y[1] (SBox_0_625)                             0.00       0.85 r
  RF_0/KA/DATA_IN[61] (AddConstKey_0_2_0)                 0.00       0.85 r
  RF_0/KA/U90/Y (XOR2X1TS)                                0.28       1.13 r
  RF_0/KA/U91/Y (XOR2X1TS)                                0.51       1.64 r
  RF_0/KA/DATA_OUT[61] (AddConstKey_0_2_0)                0.00       1.64 r
  RF_0/SR/X[61] (ShiftRows_0_0)                           0.00       1.64 r
  RF_0/SR/Y[61] (ShiftRows_0_0)                           0.00       1.64 r
  RF_0/MC/X[61] (MixColumns_0_0)                          0.00       1.64 r
  RF_0/MC/U5/Y (XOR2X1TS)                                 0.65       2.29 r
  RF_0/MC/U46/Y (XOR2X1TS)                                0.62       2.92 r
  RF_0/MC/Y[61] (MixColumns_0_0)                          0.00       2.92 r
  RF_0/ROUND_OUT[61] (RoundFunction_0_2_0)                0.00       2.92 r
  RF_1/ROUND_IN[61] (RoundFunction_0_2_39)                0.00       2.92 r
  RF_1/S_15/X[1] (SBox_0_609)                             0.00       2.92 r
  RF_1/S_15/U4/Y (OAI21X1TS)                              0.29       3.21 f
  RF_1/S_15/U3/Y (OAI31X1TS)                              0.18       3.39 r
  RF_1/S_15/Y[2] (SBox_0_609)                             0.00       3.39 r
  RF_1/KA/DATA_IN[62] (AddConstKey_0_2_39)                0.00       3.39 r
  RF_1/KA/U93/Y (XOR2X1TS)                                0.34       3.73 r
  RF_1/KA/U94/Y (XOR2X1TS)                                0.51       4.24 r
  RF_1/KA/DATA_OUT[62] (AddConstKey_0_2_39)               0.00       4.24 r
  RF_1/SR/X[62] (ShiftRows_0_39)                          0.00       4.24 r
  RF_1/SR/Y[62] (ShiftRows_0_39)                          0.00       4.24 r
  RF_1/MC/X[62] (MixColumns_0_39)                         0.00       4.24 r
  RF_1/MC/U6/Y (XOR2X1TS)                                 0.65       4.89 r
  RF_1/MC/U47/Y (XOR2X1TS)                                0.62       5.51 r
  RF_1/MC/Y[62] (MixColumns_0_39)                         0.00       5.51 r
  RF_1/ROUND_OUT[62] (RoundFunction_0_2_39)               0.00       5.51 r
  RF_2/ROUND_IN[62] (RoundFunction_0_2_38)                0.00       5.51 r
  RF_2/S_15/X[2] (SBox_0_593)                             0.00       5.51 r
  RF_2/S_15/U8/Y (OAI21X1TS)                              0.29       5.80 f
  RF_2/S_15/U7/Y (OAI31X1TS)                              0.23       6.03 r
  RF_2/S_15/U6/Y (OAI21X1TS)                              0.31       6.34 f
  RF_2/S_15/U5/Y (OAI31X1TS)                              0.13       6.47 r
  RF_2/S_15/Y[1] (SBox_0_593)                             0.00       6.47 r
  RF_2/KA/DATA_IN[61] (AddConstKey_0_2_38)                0.00       6.47 r
  RF_2/KA/U90/Y (XOR2X1TS)                                0.27       6.74 f
  RF_2/KA/U91/Y (XOR2X1TS)                                0.47       7.21 r
  RF_2/KA/DATA_OUT[61] (AddConstKey_0_2_38)               0.00       7.21 r
  RF_2/SR/X[61] (ShiftRows_0_38)                          0.00       7.21 r
  RF_2/SR/Y[61] (ShiftRows_0_38)                          0.00       7.21 r
  RF_2/MC/X[61] (MixColumns_0_38)                         0.00       7.21 r
  RF_2/MC/U5/Y (XOR2X1TS)                                 0.65       7.86 r
  RF_2/MC/U46/Y (XOR2X1TS)                                0.62       8.49 r
  RF_2/MC/Y[61] (MixColumns_0_38)                         0.00       8.49 r
  RF_2/ROUND_OUT[61] (RoundFunction_0_2_38)               0.00       8.49 r
  RF_3/ROUND_IN[61] (RoundFunction_0_2_37)                0.00       8.49 r
  RF_3/S_15/X[1] (SBox_0_577)                             0.00       8.49 r
  RF_3/S_15/U4/Y (OAI21X1TS)                              0.29       8.78 f
  RF_3/S_15/U3/Y (OAI31X1TS)                              0.18       8.96 r
  RF_3/S_15/Y[2] (SBox_0_577)                             0.00       8.96 r
  RF_3/KA/DATA_IN[62] (AddConstKey_0_2_37)                0.00       8.96 r
  RF_3/KA/U93/Y (XOR2X1TS)                                0.34       9.30 f
  RF_3/KA/U94/Y (XOR2X1TS)                                0.47       9.76 r
  RF_3/KA/DATA_OUT[62] (AddConstKey_0_2_37)               0.00       9.76 r
  RF_3/SR/X[62] (ShiftRows_0_37)                          0.00       9.76 r
  RF_3/SR/Y[62] (ShiftRows_0_37)                          0.00       9.76 r
  RF_3/MC/X[62] (MixColumns_0_37)                         0.00       9.76 r
  RF_3/MC/U6/Y (XOR2X1TS)                                 0.65      10.41 r
  RF_3/MC/U47/Y (XOR2X1TS)                                0.62      11.03 r
  RF_3/MC/Y[62] (MixColumns_0_37)                         0.00      11.03 r
  RF_3/ROUND_OUT[62] (RoundFunction_0_2_37)               0.00      11.03 r
  RF_4/ROUND_IN[62] (RoundFunction_0_2_36)                0.00      11.03 r
  RF_4/S_15/X[2] (SBox_0_561)                             0.00      11.03 r
  RF_4/S_15/U8/Y (OAI21X1TS)                              0.29      11.33 f
  RF_4/S_15/U7/Y (OAI31X1TS)                              0.23      11.55 r
  RF_4/S_15/U6/Y (OAI21X1TS)                              0.31      11.86 f
  RF_4/S_15/U5/Y (OAI31X1TS)                              0.13      11.99 r
  RF_4/S_15/Y[1] (SBox_0_561)                             0.00      11.99 r
  RF_4/KA/DATA_IN[61] (AddConstKey_0_2_36)                0.00      11.99 r
  RF_4/KA/U90/Y (XOR2X1TS)                                0.27      12.26 f
  RF_4/KA/U91/Y (XOR2X1TS)                                0.47      12.74 r
  RF_4/KA/DATA_OUT[61] (AddConstKey_0_2_36)               0.00      12.74 r
  RF_4/SR/X[61] (ShiftRows_0_36)                          0.00      12.74 r
  RF_4/SR/Y[61] (ShiftRows_0_36)                          0.00      12.74 r
  RF_4/MC/X[61] (MixColumns_0_36)                         0.00      12.74 r
  RF_4/MC/U5/Y (XOR2X1TS)                                 0.65      13.39 r
  RF_4/MC/U46/Y (XOR2X1TS)                                0.62      14.02 r
  RF_4/MC/Y[61] (MixColumns_0_36)                         0.00      14.02 r
  RF_4/ROUND_OUT[61] (RoundFunction_0_2_36)               0.00      14.02 r
  RF_5/ROUND_IN[61] (RoundFunction_0_2_35)                0.00      14.02 r
  RF_5/S_15/X[1] (SBox_0_545)                             0.00      14.02 r
  RF_5/S_15/U4/Y (OAI21X1TS)                              0.29      14.31 f
  RF_5/S_15/U3/Y (OAI31X1TS)                              0.18      14.49 r
  RF_5/S_15/Y[2] (SBox_0_545)                             0.00      14.49 r
  RF_5/KA/DATA_IN[62] (AddConstKey_0_2_35)                0.00      14.49 r
  RF_5/KA/U93/Y (XOR2X1TS)                                0.34      14.82 f
  RF_5/KA/U94/Y (XOR2X1TS)                                0.47      15.29 r
  RF_5/KA/DATA_OUT[62] (AddConstKey_0_2_35)               0.00      15.29 r
  RF_5/SR/X[62] (ShiftRows_0_35)                          0.00      15.29 r
  RF_5/SR/Y[62] (ShiftRows_0_35)                          0.00      15.29 r
  RF_5/MC/X[62] (MixColumns_0_35)                         0.00      15.29 r
  RF_5/MC/U6/Y (XOR2X1TS)                                 0.65      15.94 r
  RF_5/MC/U47/Y (XOR2X1TS)                                0.62      16.56 r
  RF_5/MC/Y[62] (MixColumns_0_35)                         0.00      16.56 r
  RF_5/ROUND_OUT[62] (RoundFunction_0_2_35)               0.00      16.56 r
  RF_6/ROUND_IN[62] (RoundFunction_0_2_34)                0.00      16.56 r
  RF_6/S_15/X[2] (SBox_0_529)                             0.00      16.56 r
  RF_6/S_15/U8/Y (OAI21X1TS)                              0.29      16.85 f
  RF_6/S_15/U7/Y (OAI31X1TS)                              0.23      17.08 r
  RF_6/S_15/U6/Y (OAI21X1TS)                              0.31      17.39 f
  RF_6/S_15/U5/Y (OAI31X1TS)                              0.13      17.52 r
  RF_6/S_15/Y[1] (SBox_0_529)                             0.00      17.52 r
  RF_6/KA/DATA_IN[61] (AddConstKey_0_2_34)                0.00      17.52 r
  RF_6/KA/U90/Y (XOR2X1TS)                                0.28      17.80 r
  RF_6/KA/U91/Y (XOR2X1TS)                                0.51      18.31 r
  RF_6/KA/DATA_OUT[61] (AddConstKey_0_2_34)               0.00      18.31 r
  RF_6/SR/X[61] (ShiftRows_0_34)                          0.00      18.31 r
  RF_6/SR/Y[61] (ShiftRows_0_34)                          0.00      18.31 r
  RF_6/MC/X[61] (MixColumns_0_34)                         0.00      18.31 r
  RF_6/MC/U5/Y (XOR2X1TS)                                 0.65      18.96 r
  RF_6/MC/U46/Y (XOR2X1TS)                                0.62      19.59 r
  RF_6/MC/Y[61] (MixColumns_0_34)                         0.00      19.59 r
  RF_6/ROUND_OUT[61] (RoundFunction_0_2_34)               0.00      19.59 r
  RF_7/ROUND_IN[61] (RoundFunction_0_2_33)                0.00      19.59 r
  RF_7/S_15/X[1] (SBox_0_513)                             0.00      19.59 r
  RF_7/S_15/U4/Y (OAI21X1TS)                              0.29      19.88 f
  RF_7/S_15/U3/Y (OAI31X1TS)                              0.18      20.06 r
  RF_7/S_15/Y[2] (SBox_0_513)                             0.00      20.06 r
  RF_7/KA/DATA_IN[62] (AddConstKey_0_2_33)                0.00      20.06 r
  RF_7/KA/U93/Y (XOR2X1TS)                                0.34      20.40 r
  RF_7/KA/U94/Y (XOR2X1TS)                                0.51      20.91 r
  RF_7/KA/DATA_OUT[62] (AddConstKey_0_2_33)               0.00      20.91 r
  RF_7/SR/X[62] (ShiftRows_0_33)                          0.00      20.91 r
  RF_7/SR/Y[62] (ShiftRows_0_33)                          0.00      20.91 r
  RF_7/MC/X[62] (MixColumns_0_33)                         0.00      20.91 r
  RF_7/MC/U6/Y (XOR2X1TS)                                 0.65      21.56 r
  RF_7/MC/U47/Y (XOR2X1TS)                                0.62      22.18 r
  RF_7/MC/Y[62] (MixColumns_0_33)                         0.00      22.18 r
  RF_7/ROUND_OUT[62] (RoundFunction_0_2_33)               0.00      22.18 r
  RF_8/ROUND_IN[62] (RoundFunction_0_2_32)                0.00      22.18 r
  RF_8/S_15/X[2] (SBox_0_497)                             0.00      22.18 r
  RF_8/S_15/U8/Y (OAI21X1TS)                              0.29      22.48 f
  RF_8/S_15/U7/Y (OAI31X1TS)                              0.23      22.70 r
  RF_8/S_15/U6/Y (OAI21X1TS)                              0.31      23.01 f
  RF_8/S_15/U5/Y (OAI31X1TS)                              0.13      23.14 r
  RF_8/S_15/Y[1] (SBox_0_497)                             0.00      23.14 r
  RF_8/KA/DATA_IN[61] (AddConstKey_0_2_32)                0.00      23.14 r
  RF_8/KA/U90/Y (XOR2X1TS)                                0.27      23.41 f
  RF_8/KA/U91/Y (XOR2X1TS)                                0.47      23.88 r
  RF_8/KA/DATA_OUT[61] (AddConstKey_0_2_32)               0.00      23.88 r
  RF_8/SR/X[61] (ShiftRows_0_32)                          0.00      23.88 r
  RF_8/SR/Y[61] (ShiftRows_0_32)                          0.00      23.88 r
  RF_8/MC/X[61] (MixColumns_0_32)                         0.00      23.88 r
  RF_8/MC/U5/Y (XOR2X1TS)                                 0.65      24.54 r
  RF_8/MC/U46/Y (XOR2X1TS)                                0.62      25.16 r
  RF_8/MC/Y[61] (MixColumns_0_32)                         0.00      25.16 r
  RF_8/ROUND_OUT[61] (RoundFunction_0_2_32)               0.00      25.16 r
  RF_9/ROUND_IN[61] (RoundFunction_0_2_31)                0.00      25.16 r
  RF_9/S_15/X[1] (SBox_0_481)                             0.00      25.16 r
  RF_9/S_15/U4/Y (OAI21X1TS)                              0.29      25.45 f
  RF_9/S_15/U3/Y (OAI31X1TS)                              0.18      25.63 r
  RF_9/S_15/Y[2] (SBox_0_481)                             0.00      25.63 r
  RF_9/KA/DATA_IN[62] (AddConstKey_0_2_31)                0.00      25.63 r
  RF_9/KA/U93/Y (XOR2X1TS)                                0.34      25.97 f
  RF_9/KA/U94/Y (XOR2X1TS)                                0.47      26.44 r
  RF_9/KA/DATA_OUT[62] (AddConstKey_0_2_31)               0.00      26.44 r
  RF_9/SR/X[62] (ShiftRows_0_31)                          0.00      26.44 r
  RF_9/SR/Y[62] (ShiftRows_0_31)                          0.00      26.44 r
  RF_9/MC/X[62] (MixColumns_0_31)                         0.00      26.44 r
  RF_9/MC/U6/Y (XOR2X1TS)                                 0.65      27.09 r
  RF_9/MC/U47/Y (XOR2X1TS)                                0.62      27.71 r
  RF_9/MC/Y[62] (MixColumns_0_31)                         0.00      27.71 r
  RF_9/ROUND_OUT[62] (RoundFunction_0_2_31)               0.00      27.71 r
  RF_10/ROUND_IN[62] (RoundFunction_0_2_30)               0.00      27.71 r
  RF_10/S_15/X[2] (SBox_0_465)                            0.00      27.71 r
  RF_10/S_15/U8/Y (OAI21X1TS)                             0.29      28.00 f
  RF_10/S_15/U7/Y (OAI31X1TS)                             0.23      28.23 r
  RF_10/S_15/U6/Y (OAI21X1TS)                             0.31      28.54 f
  RF_10/S_15/U5/Y (OAI31X1TS)                             0.13      28.67 r
  RF_10/S_15/Y[1] (SBox_0_465)                            0.00      28.67 r
  RF_10/KA/DATA_IN[61] (AddConstKey_0_2_30)               0.00      28.67 r
  RF_10/KA/U90/Y (XOR2X1TS)                               0.27      28.94 f
  RF_10/KA/U91/Y (XOR2X1TS)                               0.47      29.41 r
  RF_10/KA/DATA_OUT[61] (AddConstKey_0_2_30)              0.00      29.41 r
  RF_10/SR/X[61] (ShiftRows_0_30)                         0.00      29.41 r
  RF_10/SR/Y[61] (ShiftRows_0_30)                         0.00      29.41 r
  RF_10/MC/X[61] (MixColumns_0_30)                        0.00      29.41 r
  RF_10/MC/U5/Y (XOR2X1TS)                                0.65      30.06 r
  RF_10/MC/U46/Y (XOR2X1TS)                               0.62      30.69 r
  RF_10/MC/Y[61] (MixColumns_0_30)                        0.00      30.69 r
  RF_10/ROUND_OUT[61] (RoundFunction_0_2_30)              0.00      30.69 r
  RF_11/ROUND_IN[61] (RoundFunction_0_2_29)               0.00      30.69 r
  RF_11/S_15/X[1] (SBox_0_449)                            0.00      30.69 r
  RF_11/S_15/U4/Y (OAI21X1TS)                             0.29      30.98 f
  RF_11/S_15/U3/Y (OAI31X1TS)                             0.18      31.16 r
  RF_11/S_15/Y[2] (SBox_0_449)                            0.00      31.16 r
  RF_11/KA/DATA_IN[62] (AddConstKey_0_2_29)               0.00      31.16 r
  RF_11/KA/U93/Y (XOR2X1TS)                               0.34      31.50 f
  RF_11/KA/U94/Y (XOR2X1TS)                               0.47      31.96 r
  RF_11/KA/DATA_OUT[62] (AddConstKey_0_2_29)              0.00      31.96 r
  RF_11/SR/X[62] (ShiftRows_0_29)                         0.00      31.96 r
  RF_11/SR/Y[62] (ShiftRows_0_29)                         0.00      31.96 r
  RF_11/MC/X[62] (MixColumns_0_29)                        0.00      31.96 r
  RF_11/MC/U6/Y (XOR2X1TS)                                0.65      32.61 r
  RF_11/MC/U47/Y (XOR2X1TS)                               0.62      33.23 r
  RF_11/MC/Y[62] (MixColumns_0_29)                        0.00      33.23 r
  RF_11/ROUND_OUT[62] (RoundFunction_0_2_29)              0.00      33.23 r
  RF_12/ROUND_IN[62] (RoundFunction_0_2_28)               0.00      33.23 r
  RF_12/S_15/X[2] (SBox_0_433)                            0.00      33.23 r
  RF_12/S_15/U8/Y (OAI21X1TS)                             0.29      33.53 f
  RF_12/S_15/U7/Y (OAI31X1TS)                             0.23      33.75 r
  RF_12/S_15/U6/Y (OAI21X1TS)                             0.31      34.06 f
  RF_12/S_15/U5/Y (OAI31X1TS)                             0.13      34.19 r
  RF_12/S_15/Y[1] (SBox_0_433)                            0.00      34.19 r
  RF_12/KA/DATA_IN[61] (AddConstKey_0_2_28)               0.00      34.19 r
  RF_12/KA/U90/Y (XOR2X1TS)                               0.28      34.47 r
  RF_12/KA/U91/Y (XOR2X1TS)                               0.51      34.98 r
  RF_12/KA/DATA_OUT[61] (AddConstKey_0_2_28)              0.00      34.98 r
  RF_12/SR/X[61] (ShiftRows_0_28)                         0.00      34.98 r
  RF_12/SR/Y[61] (ShiftRows_0_28)                         0.00      34.98 r
  RF_12/MC/X[61] (MixColumns_0_28)                        0.00      34.98 r
  RF_12/MC/U5/Y (XOR2X1TS)                                0.65      35.64 r
  RF_12/MC/U46/Y (XOR2X1TS)                               0.62      36.26 r
  RF_12/MC/Y[61] (MixColumns_0_28)                        0.00      36.26 r
  RF_12/ROUND_OUT[61] (RoundFunction_0_2_28)              0.00      36.26 r
  RF_13/ROUND_IN[61] (RoundFunction_0_2_27)               0.00      36.26 r
  RF_13/S_15/X[1] (SBox_0_417)                            0.00      36.26 r
  RF_13/S_15/U4/Y (OAI21X1TS)                             0.29      36.56 f
  RF_13/S_15/U3/Y (OAI31X1TS)                             0.18      36.73 r
  RF_13/S_15/Y[2] (SBox_0_417)                            0.00      36.73 r
  RF_13/KA/DATA_IN[62] (AddConstKey_0_2_27)               0.00      36.73 r
  RF_13/KA/U93/Y (XOR2X1TS)                               0.34      37.08 r
  RF_13/KA/U94/Y (XOR2X1TS)                               0.51      37.59 r
  RF_13/KA/DATA_OUT[62] (AddConstKey_0_2_27)              0.00      37.59 r
  RF_13/SR/X[62] (ShiftRows_0_27)                         0.00      37.59 r
  RF_13/SR/Y[62] (ShiftRows_0_27)                         0.00      37.59 r
  RF_13/MC/X[62] (MixColumns_0_27)                        0.00      37.59 r
  RF_13/MC/U6/Y (XOR2X1TS)                                0.65      38.24 r
  RF_13/MC/U47/Y (XOR2X1TS)                               0.62      38.86 r
  RF_13/MC/Y[62] (MixColumns_0_27)                        0.00      38.86 r
  RF_13/ROUND_OUT[62] (RoundFunction_0_2_27)              0.00      38.86 r
  RF_14/ROUND_IN[62] (RoundFunction_0_2_26)               0.00      38.86 r
  RF_14/S_15/X[2] (SBox_0_401)                            0.00      38.86 r
  RF_14/S_15/U8/Y (OAI21X1TS)                             0.29      39.15 f
  RF_14/S_15/U7/Y (OAI31X1TS)                             0.23      39.38 r
  RF_14/S_15/U6/Y (OAI21X1TS)                             0.31      39.68 f
  RF_14/S_15/U5/Y (OAI31X1TS)                             0.13      39.81 r
  RF_14/S_15/Y[1] (SBox_0_401)                            0.00      39.81 r
  RF_14/KA/DATA_IN[61] (AddConstKey_0_2_26)               0.00      39.81 r
  RF_14/KA/U90/Y (XOR2X1TS)                               0.27      40.08 f
  RF_14/KA/U91/Y (XOR2X1TS)                               0.47      40.55 r
  RF_14/KA/DATA_OUT[61] (AddConstKey_0_2_26)              0.00      40.55 r
  RF_14/SR/X[61] (ShiftRows_0_26)                         0.00      40.55 r
  RF_14/SR/Y[61] (ShiftRows_0_26)                         0.00      40.55 r
  RF_14/MC/X[61] (MixColumns_0_26)                        0.00      40.55 r
  RF_14/MC/U5/Y (XOR2X1TS)                                0.65      41.21 r
  RF_14/MC/U46/Y (XOR2X1TS)                               0.62      41.83 r
  RF_14/MC/Y[61] (MixColumns_0_26)                        0.00      41.83 r
  RF_14/ROUND_OUT[61] (RoundFunction_0_2_26)              0.00      41.83 r
  RF_15/ROUND_IN[61] (RoundFunction_0_2_25)               0.00      41.83 r
  RF_15/S_15/X[1] (SBox_0_385)                            0.00      41.83 r
  RF_15/S_15/U4/Y (OAI21X1TS)                             0.29      42.13 f
  RF_15/S_15/U3/Y (OAI31X1TS)                             0.18      42.31 r
  RF_15/S_15/Y[2] (SBox_0_385)                            0.00      42.31 r
  RF_15/KA/DATA_IN[62] (AddConstKey_0_2_25)               0.00      42.31 r
  RF_15/KA/U93/Y (XOR2X1TS)                               0.34      42.64 f
  RF_15/KA/U94/Y (XOR2X1TS)                               0.47      43.11 r
  RF_15/KA/DATA_OUT[62] (AddConstKey_0_2_25)              0.00      43.11 r
  RF_15/SR/X[62] (ShiftRows_0_25)                         0.00      43.11 r
  RF_15/SR/Y[62] (ShiftRows_0_25)                         0.00      43.11 r
  RF_15/MC/X[62] (MixColumns_0_25)                        0.00      43.11 r
  RF_15/MC/U6/Y (XOR2X1TS)                                0.65      43.76 r
  RF_15/MC/U47/Y (XOR2X1TS)                               0.62      44.38 r
  RF_15/MC/Y[62] (MixColumns_0_25)                        0.00      44.38 r
  RF_15/ROUND_OUT[62] (RoundFunction_0_2_25)              0.00      44.38 r
  RF_16/ROUND_IN[62] (RoundFunction_0_2_24)               0.00      44.38 r
  RF_16/S_15/X[2] (SBox_0_369)                            0.00      44.38 r
  RF_16/S_15/U8/Y (OAI21X1TS)                             0.29      44.67 f
  RF_16/S_15/U7/Y (OAI31X1TS)                             0.23      44.90 r
  RF_16/S_15/U6/Y (OAI21X1TS)                             0.31      45.21 f
  RF_16/S_15/U5/Y (OAI31X1TS)                             0.13      45.34 r
  RF_16/S_15/Y[1] (SBox_0_369)                            0.00      45.34 r
  RF_16/KA/DATA_IN[61] (AddConstKey_0_2_24)               0.00      45.34 r
  RF_16/KA/U90/Y (XOR2X1TS)                               0.28      45.62 r
  RF_16/KA/U91/Y (XOR2X1TS)                               0.51      46.13 r
  RF_16/KA/DATA_OUT[61] (AddConstKey_0_2_24)              0.00      46.13 r
  RF_16/SR/X[61] (ShiftRows_0_24)                         0.00      46.13 r
  RF_16/SR/Y[61] (ShiftRows_0_24)                         0.00      46.13 r
  RF_16/MC/X[61] (MixColumns_0_24)                        0.00      46.13 r
  RF_16/MC/U5/Y (XOR2X1TS)                                0.65      46.78 r
  RF_16/MC/U46/Y (XOR2X1TS)                               0.62      47.41 r
  RF_16/MC/Y[61] (MixColumns_0_24)                        0.00      47.41 r
  RF_16/ROUND_OUT[61] (RoundFunction_0_2_24)              0.00      47.41 r
  RF_17/ROUND_IN[61] (RoundFunction_0_2_23)               0.00      47.41 r
  RF_17/S_15/X[1] (SBox_0_353)                            0.00      47.41 r
  RF_17/S_15/U4/Y (OAI21X1TS)                             0.29      47.70 f
  RF_17/S_15/U3/Y (OAI31X1TS)                             0.18      47.88 r
  RF_17/S_15/Y[2] (SBox_0_353)                            0.00      47.88 r
  RF_17/KA/DATA_IN[62] (AddConstKey_0_2_23)               0.00      47.88 r
  RF_17/KA/U93/Y (XOR2X1TS)                               0.34      48.22 r
  RF_17/KA/U94/Y (XOR2X1TS)                               0.51      48.73 r
  RF_17/KA/DATA_OUT[62] (AddConstKey_0_2_23)              0.00      48.73 r
  RF_17/SR/X[62] (ShiftRows_0_23)                         0.00      48.73 r
  RF_17/SR/Y[62] (ShiftRows_0_23)                         0.00      48.73 r
  RF_17/MC/X[62] (MixColumns_0_23)                        0.00      48.73 r
  RF_17/MC/U6/Y (XOR2X1TS)                                0.65      49.38 r
  RF_17/MC/U47/Y (XOR2X1TS)                               0.62      50.00 r
  RF_17/MC/Y[62] (MixColumns_0_23)                        0.00      50.00 r
  RF_17/ROUND_OUT[62] (RoundFunction_0_2_23)              0.00      50.00 r
  RF_18/ROUND_IN[62] (RoundFunction_0_2_22)               0.00      50.00 r
  RF_18/S_15/X[2] (SBox_0_337)                            0.00      50.00 r
  RF_18/S_15/U8/Y (OAI21X1TS)                             0.29      50.29 f
  RF_18/S_15/U7/Y (OAI31X1TS)                             0.23      50.52 r
  RF_18/S_15/U6/Y (OAI21X1TS)                             0.31      50.83 f
  RF_18/S_15/U5/Y (OAI31X1TS)                             0.13      50.96 r
  RF_18/S_15/Y[1] (SBox_0_337)                            0.00      50.96 r
  RF_18/KA/DATA_IN[61] (AddConstKey_0_2_22)               0.00      50.96 r
  RF_18/KA/U90/Y (XOR2X1TS)                               0.28      51.24 r
  RF_18/KA/U91/Y (XOR2X1TS)                               0.51      51.75 r
  RF_18/KA/DATA_OUT[61] (AddConstKey_0_2_22)              0.00      51.75 r
  RF_18/SR/X[61] (ShiftRows_0_22)                         0.00      51.75 r
  RF_18/SR/Y[61] (ShiftRows_0_22)                         0.00      51.75 r
  RF_18/MC/X[61] (MixColumns_0_22)                        0.00      51.75 r
  RF_18/MC/U5/Y (XOR2X1TS)                                0.65      52.40 r
  RF_18/MC/U46/Y (XOR2X1TS)                               0.62      53.03 r
  RF_18/MC/Y[61] (MixColumns_0_22)                        0.00      53.03 r
  RF_18/ROUND_OUT[61] (RoundFunction_0_2_22)              0.00      53.03 r
  RF_19/ROUND_IN[61] (RoundFunction_0_2_21)               0.00      53.03 r
  RF_19/S_15/X[1] (SBox_0_321)                            0.00      53.03 r
  RF_19/S_15/U4/Y (OAI21X1TS)                             0.29      53.32 f
  RF_19/S_15/U3/Y (OAI31X1TS)                             0.18      53.50 r
  RF_19/S_15/Y[2] (SBox_0_321)                            0.00      53.50 r
  RF_19/KA/DATA_IN[62] (AddConstKey_0_2_21)               0.00      53.50 r
  RF_19/KA/U93/Y (XOR2X1TS)                               0.34      53.84 r
  RF_19/KA/U94/Y (XOR2X1TS)                               0.51      54.35 r
  RF_19/KA/DATA_OUT[62] (AddConstKey_0_2_21)              0.00      54.35 r
  RF_19/SR/X[62] (ShiftRows_0_21)                         0.00      54.35 r
  RF_19/SR/Y[62] (ShiftRows_0_21)                         0.00      54.35 r
  RF_19/MC/X[62] (MixColumns_0_21)                        0.00      54.35 r
  RF_19/MC/U6/Y (XOR2X1TS)                                0.65      55.00 r
  RF_19/MC/U47/Y (XOR2X1TS)                               0.62      55.62 r
  RF_19/MC/Y[62] (MixColumns_0_21)                        0.00      55.62 r
  RF_19/ROUND_OUT[62] (RoundFunction_0_2_21)              0.00      55.62 r
  RF_20/ROUND_IN[62] (RoundFunction_0_2_20)               0.00      55.62 r
  RF_20/S_15/X[2] (SBox_0_305)                            0.00      55.62 r
  RF_20/S_15/U8/Y (OAI21X1TS)                             0.29      55.91 f
  RF_20/S_15/U7/Y (OAI31X1TS)                             0.23      56.14 r
  RF_20/S_15/U6/Y (OAI21X1TS)                             0.31      56.44 f
  RF_20/S_15/U5/Y (OAI31X1TS)                             0.13      56.58 r
  RF_20/S_15/Y[1] (SBox_0_305)                            0.00      56.58 r
  RF_20/KA/DATA_IN[61] (AddConstKey_0_2_20)               0.00      56.58 r
  RF_20/KA/U90/Y (XOR2X1TS)                               0.27      56.85 f
  RF_20/KA/U91/Y (XOR2X1TS)                               0.47      57.32 r
  RF_20/KA/DATA_OUT[61] (AddConstKey_0_2_20)              0.00      57.32 r
  RF_20/SR/X[61] (ShiftRows_0_20)                         0.00      57.32 r
  RF_20/SR/Y[61] (ShiftRows_0_20)                         0.00      57.32 r
  RF_20/MC/X[61] (MixColumns_0_20)                        0.00      57.32 r
  RF_20/MC/U5/Y (XOR2X1TS)                                0.65      57.97 r
  RF_20/MC/U46/Y (XOR2X1TS)                               0.62      58.60 r
  RF_20/MC/Y[61] (MixColumns_0_20)                        0.00      58.60 r
  RF_20/ROUND_OUT[61] (RoundFunction_0_2_20)              0.00      58.60 r
  RF_21/ROUND_IN[61] (RoundFunction_0_2_19)               0.00      58.60 r
  RF_21/S_15/X[1] (SBox_0_289)                            0.00      58.60 r
  RF_21/S_15/U4/Y (OAI21X1TS)                             0.29      58.89 f
  RF_21/S_15/U3/Y (OAI31X1TS)                             0.18      59.07 r
  RF_21/S_15/Y[2] (SBox_0_289)                            0.00      59.07 r
  RF_21/KA/DATA_IN[62] (AddConstKey_0_2_19)               0.00      59.07 r
  RF_21/KA/U93/Y (XOR2X1TS)                               0.34      59.40 f
  RF_21/KA/U94/Y (XOR2X1TS)                               0.47      59.87 r
  RF_21/KA/DATA_OUT[62] (AddConstKey_0_2_19)              0.00      59.87 r
  RF_21/SR/X[62] (ShiftRows_0_19)                         0.00      59.87 r
  RF_21/SR/Y[62] (ShiftRows_0_19)                         0.00      59.87 r
  RF_21/MC/X[62] (MixColumns_0_19)                        0.00      59.87 r
  RF_21/MC/U6/Y (XOR2X1TS)                                0.65      60.52 r
  RF_21/MC/U47/Y (XOR2X1TS)                               0.62      61.14 r
  RF_21/MC/Y[62] (MixColumns_0_19)                        0.00      61.14 r
  RF_21/ROUND_OUT[62] (RoundFunction_0_2_19)              0.00      61.14 r
  RF_22/ROUND_IN[62] (RoundFunction_0_2_18)               0.00      61.14 r
  RF_22/S_15/X[2] (SBox_0_273)                            0.00      61.14 r
  RF_22/S_15/U8/Y (OAI21X1TS)                             0.29      61.44 f
  RF_22/S_15/U7/Y (OAI31X1TS)                             0.23      61.66 r
  RF_22/S_15/U6/Y (OAI21X1TS)                             0.31      61.97 f
  RF_22/S_15/U5/Y (OAI31X1TS)                             0.13      62.10 r
  RF_22/S_15/Y[1] (SBox_0_273)                            0.00      62.10 r
  RF_22/KA/DATA_IN[61] (AddConstKey_0_2_18)               0.00      62.10 r
  RF_22/KA/U90/Y (XOR2X1TS)                               0.28      62.38 r
  RF_22/KA/U91/Y (XOR2X1TS)                               0.51      62.89 r
  RF_22/KA/DATA_OUT[61] (AddConstKey_0_2_18)              0.00      62.89 r
  RF_22/SR/X[61] (ShiftRows_0_18)                         0.00      62.89 r
  RF_22/SR/Y[61] (ShiftRows_0_18)                         0.00      62.89 r
  RF_22/MC/X[61] (MixColumns_0_18)                        0.00      62.89 r
  RF_22/MC/U5/Y (XOR2X1TS)                                0.65      63.55 r
  RF_22/MC/U46/Y (XOR2X1TS)                               0.62      64.17 r
  RF_22/MC/Y[61] (MixColumns_0_18)                        0.00      64.17 r
  RF_22/ROUND_OUT[61] (RoundFunction_0_2_18)              0.00      64.17 r
  RF_23/ROUND_IN[61] (RoundFunction_0_2_17)               0.00      64.17 r
  RF_23/S_15/X[1] (SBox_0_257)                            0.00      64.17 r
  RF_23/S_15/U4/Y (OAI21X1TS)                             0.29      64.47 f
  RF_23/S_15/U3/Y (OAI31X1TS)                             0.18      64.64 r
  RF_23/S_15/Y[2] (SBox_0_257)                            0.00      64.64 r
  RF_23/KA/DATA_IN[62] (AddConstKey_0_2_17)               0.00      64.64 r
  RF_23/KA/U93/Y (XOR2X1TS)                               0.34      64.98 r
  RF_23/KA/U94/Y (XOR2X1TS)                               0.51      65.50 r
  RF_23/KA/DATA_OUT[62] (AddConstKey_0_2_17)              0.00      65.50 r
  RF_23/SR/X[62] (ShiftRows_0_17)                         0.00      65.50 r
  RF_23/SR/Y[62] (ShiftRows_0_17)                         0.00      65.50 r
  RF_23/MC/X[62] (MixColumns_0_17)                        0.00      65.50 r
  RF_23/MC/U6/Y (XOR2X1TS)                                0.65      66.15 r
  RF_23/MC/U47/Y (XOR2X1TS)                               0.62      66.77 r
  RF_23/MC/Y[62] (MixColumns_0_17)                        0.00      66.77 r
  RF_23/ROUND_OUT[62] (RoundFunction_0_2_17)              0.00      66.77 r
  RF_24/ROUND_IN[62] (RoundFunction_0_2_16)               0.00      66.77 r
  RF_24/S_15/X[2] (SBox_0_241)                            0.00      66.77 r
  RF_24/S_15/U8/Y (OAI21X1TS)                             0.29      67.06 f
  RF_24/S_15/U7/Y (OAI31X1TS)                             0.23      67.28 r
  RF_24/S_15/U6/Y (OAI21X1TS)                             0.31      67.59 f
  RF_24/S_15/U5/Y (OAI31X1TS)                             0.13      67.72 r
  RF_24/S_15/Y[1] (SBox_0_241)                            0.00      67.72 r
  RF_24/KA/DATA_IN[61] (AddConstKey_0_2_16)               0.00      67.72 r
  RF_24/KA/U90/Y (XOR2X1TS)                               0.28      68.00 r
  RF_24/KA/U91/Y (XOR2X1TS)                               0.51      68.51 r
  RF_24/KA/DATA_OUT[61] (AddConstKey_0_2_16)              0.00      68.51 r
  RF_24/SR/X[61] (ShiftRows_0_16)                         0.00      68.51 r
  RF_24/SR/Y[61] (ShiftRows_0_16)                         0.00      68.51 r
  RF_24/MC/X[61] (MixColumns_0_16)                        0.00      68.51 r
  RF_24/MC/U5/Y (XOR2X1TS)                                0.65      69.16 r
  RF_24/MC/U46/Y (XOR2X1TS)                               0.62      69.79 r
  RF_24/MC/Y[61] (MixColumns_0_16)                        0.00      69.79 r
  RF_24/ROUND_OUT[61] (RoundFunction_0_2_16)              0.00      69.79 r
  RF_25/ROUND_IN[61] (RoundFunction_0_2_15)               0.00      69.79 r
  RF_25/S_15/X[1] (SBox_0_225)                            0.00      69.79 r
  RF_25/S_15/U4/Y (OAI21X1TS)                             0.29      70.08 f
  RF_25/S_15/U3/Y (OAI31X1TS)                             0.18      70.26 r
  RF_25/S_15/Y[2] (SBox_0_225)                            0.00      70.26 r
  RF_25/KA/DATA_IN[62] (AddConstKey_0_2_15)               0.00      70.26 r
  RF_25/KA/U93/Y (XOR2X1TS)                               0.34      70.60 r
  RF_25/KA/U94/Y (XOR2X1TS)                               0.51      71.11 r
  RF_25/KA/DATA_OUT[62] (AddConstKey_0_2_15)              0.00      71.11 r
  RF_25/SR/X[62] (ShiftRows_0_15)                         0.00      71.11 r
  RF_25/SR/Y[62] (ShiftRows_0_15)                         0.00      71.11 r
  RF_25/MC/X[62] (MixColumns_0_15)                        0.00      71.11 r
  RF_25/MC/U6/Y (XOR2X1TS)                                0.65      71.76 r
  RF_25/MC/U47/Y (XOR2X1TS)                               0.62      72.38 r
  RF_25/MC/Y[62] (MixColumns_0_15)                        0.00      72.38 r
  RF_25/ROUND_OUT[62] (RoundFunction_0_2_15)              0.00      72.38 r
  RF_26/ROUND_IN[62] (RoundFunction_0_2_14)               0.00      72.38 r
  RF_26/S_15/X[2] (SBox_0_209)                            0.00      72.38 r
  RF_26/S_15/U8/Y (OAI21X1TS)                             0.29      72.68 f
  RF_26/S_15/U7/Y (OAI31X1TS)                             0.23      72.90 r
  RF_26/S_15/U6/Y (OAI21X1TS)                             0.31      73.21 f
  RF_26/S_15/U5/Y (OAI31X1TS)                             0.13      73.34 r
  RF_26/S_15/Y[1] (SBox_0_209)                            0.00      73.34 r
  RF_26/KA/DATA_IN[61] (AddConstKey_0_2_14)               0.00      73.34 r
  RF_26/KA/U90/Y (XOR2X1TS)                               0.28      73.62 r
  RF_26/KA/U91/Y (XOR2X1TS)                               0.51      74.13 r
  RF_26/KA/DATA_OUT[61] (AddConstKey_0_2_14)              0.00      74.13 r
  RF_26/SR/X[61] (ShiftRows_0_14)                         0.00      74.13 r
  RF_26/SR/Y[61] (ShiftRows_0_14)                         0.00      74.13 r
  RF_26/MC/X[61] (MixColumns_0_14)                        0.00      74.13 r
  RF_26/MC/U5/Y (XOR2X1TS)                                0.65      74.78 r
  RF_26/MC/U46/Y (XOR2X1TS)                               0.62      75.41 r
  RF_26/MC/Y[61] (MixColumns_0_14)                        0.00      75.41 r
  RF_26/ROUND_OUT[61] (RoundFunction_0_2_14)              0.00      75.41 r
  RF_27/ROUND_IN[61] (RoundFunction_0_2_13)               0.00      75.41 r
  RF_27/S_15/X[1] (SBox_0_193)                            0.00      75.41 r
  RF_27/S_15/U4/Y (OAI21X1TS)                             0.29      75.70 f
  RF_27/S_15/U3/Y (OAI31X1TS)                             0.18      75.88 r
  RF_27/S_15/Y[2] (SBox_0_193)                            0.00      75.88 r
  RF_27/KA/DATA_IN[62] (AddConstKey_0_2_13)               0.00      75.88 r
  RF_27/KA/U93/Y (XOR2X1TS)                               0.34      76.22 r
  RF_27/KA/U94/Y (XOR2X1TS)                               0.51      76.73 r
  RF_27/KA/DATA_OUT[62] (AddConstKey_0_2_13)              0.00      76.73 r
  RF_27/SR/X[62] (ShiftRows_0_13)                         0.00      76.73 r
  RF_27/SR/Y[62] (ShiftRows_0_13)                         0.00      76.73 r
  RF_27/MC/X[62] (MixColumns_0_13)                        0.00      76.73 r
  RF_27/MC/U6/Y (XOR2X1TS)                                0.65      77.38 r
  RF_27/MC/U47/Y (XOR2X1TS)                               0.62      78.00 r
  RF_27/MC/Y[62] (MixColumns_0_13)                        0.00      78.00 r
  RF_27/ROUND_OUT[62] (RoundFunction_0_2_13)              0.00      78.00 r
  RF_28/ROUND_IN[62] (RoundFunction_0_2_12)               0.00      78.00 r
  RF_28/S_15/X[2] (SBox_0_177)                            0.00      78.00 r
  RF_28/S_15/U8/Y (OAI21X1TS)                             0.29      78.29 f
  RF_28/S_15/U7/Y (OAI31X1TS)                             0.23      78.52 r
  RF_28/S_15/U6/Y (OAI21X1TS)                             0.31      78.83 f
  RF_28/S_15/U5/Y (OAI31X1TS)                             0.13      78.96 r
  RF_28/S_15/Y[1] (SBox_0_177)                            0.00      78.96 r
  RF_28/KA/DATA_IN[61] (AddConstKey_0_2_12)               0.00      78.96 r
  RF_28/KA/U90/Y (XOR2X1TS)                               0.27      79.23 f
  RF_28/KA/U91/Y (XOR2X1TS)                               0.47      79.70 r
  RF_28/KA/DATA_OUT[61] (AddConstKey_0_2_12)              0.00      79.70 r
  RF_28/SR/X[61] (ShiftRows_0_12)                         0.00      79.70 r
  RF_28/SR/Y[61] (ShiftRows_0_12)                         0.00      79.70 r
  RF_28/MC/X[61] (MixColumns_0_12)                        0.00      79.70 r
  RF_28/MC/U5/Y (XOR2X1TS)                                0.65      80.35 r
  RF_28/MC/U46/Y (XOR2X1TS)                               0.62      80.98 r
  RF_28/MC/Y[61] (MixColumns_0_12)                        0.00      80.98 r
  RF_28/ROUND_OUT[61] (RoundFunction_0_2_12)              0.00      80.98 r
  RF_29/ROUND_IN[61] (RoundFunction_0_2_11)               0.00      80.98 r
  RF_29/S_15/X[1] (SBox_0_161)                            0.00      80.98 r
  RF_29/S_15/U4/Y (OAI21X1TS)                             0.29      81.27 f
  RF_29/S_15/U3/Y (OAI31X1TS)                             0.18      81.45 r
  RF_29/S_15/Y[2] (SBox_0_161)                            0.00      81.45 r
  RF_29/KA/DATA_IN[62] (AddConstKey_0_2_11)               0.00      81.45 r
  RF_29/KA/U93/Y (XOR2X1TS)                               0.34      81.79 f
  RF_29/KA/U94/Y (XOR2X1TS)                               0.47      82.26 r
  RF_29/KA/DATA_OUT[62] (AddConstKey_0_2_11)              0.00      82.26 r
  RF_29/SR/X[62] (ShiftRows_0_11)                         0.00      82.26 r
  RF_29/SR/Y[62] (ShiftRows_0_11)                         0.00      82.26 r
  RF_29/MC/X[62] (MixColumns_0_11)                        0.00      82.26 r
  RF_29/MC/U6/Y (XOR2X1TS)                                0.65      82.91 r
  RF_29/MC/U47/Y (XOR2X1TS)                               0.62      83.52 r
  RF_29/MC/Y[62] (MixColumns_0_11)                        0.00      83.52 r
  RF_29/ROUND_OUT[62] (RoundFunction_0_2_11)              0.00      83.52 r
  RF_30/ROUND_IN[62] (RoundFunction_0_2_10)               0.00      83.52 r
  RF_30/S_15/X[2] (SBox_0_145)                            0.00      83.52 r
  RF_30/S_15/U8/Y (OAI21X1TS)                             0.29      83.82 f
  RF_30/S_15/U7/Y (OAI31X1TS)                             0.23      84.05 r
  RF_30/S_15/U6/Y (OAI21X1TS)                             0.31      84.35 f
  RF_30/S_15/U5/Y (OAI31X1TS)                             0.13      84.48 r
  RF_30/S_15/Y[1] (SBox_0_145)                            0.00      84.48 r
  RF_30/KA/DATA_IN[61] (AddConstKey_0_2_10)               0.00      84.48 r
  RF_30/KA/U90/Y (XOR2X1TS)                               0.28      84.76 r
  RF_30/KA/U91/Y (XOR2X1TS)                               0.51      85.27 r
  RF_30/KA/DATA_OUT[61] (AddConstKey_0_2_10)              0.00      85.27 r
  RF_30/SR/X[61] (ShiftRows_0_10)                         0.00      85.27 r
  RF_30/SR/Y[61] (ShiftRows_0_10)                         0.00      85.27 r
  RF_30/MC/X[61] (MixColumns_0_10)                        0.00      85.27 r
  RF_30/MC/U5/Y (XOR2X1TS)                                0.65      85.93 r
  RF_30/MC/U46/Y (XOR2X1TS)                               0.62      86.55 r
  RF_30/MC/Y[61] (MixColumns_0_10)                        0.00      86.55 r
  RF_30/ROUND_OUT[61] (RoundFunction_0_2_10)              0.00      86.55 r
  RF_31/ROUND_IN[61] (RoundFunction_0_2_9)                0.00      86.55 r
  RF_31/S_15/X[1] (SBox_0_129)                            0.00      86.55 r
  RF_31/S_15/U4/Y (OAI21X1TS)                             0.29      86.85 f
  RF_31/S_15/U3/Y (OAI31X1TS)                             0.18      87.02 r
  RF_31/S_15/Y[2] (SBox_0_129)                            0.00      87.02 r
  RF_31/KA/DATA_IN[62] (AddConstKey_0_2_9)                0.00      87.02 r
  RF_31/KA/U93/Y (XOR2X1TS)                               0.34      87.37 r
  RF_31/KA/U94/Y (XOR2X1TS)                               0.51      87.88 r
  RF_31/KA/DATA_OUT[62] (AddConstKey_0_2_9)               0.00      87.88 r
  RF_31/SR/X[62] (ShiftRows_0_9)                          0.00      87.88 r
  RF_31/SR/Y[62] (ShiftRows_0_9)                          0.00      87.88 r
  RF_31/MC/X[62] (MixColumns_0_9)                         0.00      87.88 r
  RF_31/MC/U6/Y (XOR2X1TS)                                0.65      88.53 r
  RF_31/MC/U47/Y (XOR2X1TS)                               0.62      89.15 r
  RF_31/MC/Y[62] (MixColumns_0_9)                         0.00      89.15 r
  RF_31/ROUND_OUT[62] (RoundFunction_0_2_9)               0.00      89.15 r
  RF_32/ROUND_IN[62] (RoundFunction_0_2_8)                0.00      89.15 r
  RF_32/S_15/X[2] (SBox_0_113)                            0.00      89.15 r
  RF_32/S_15/U8/Y (OAI21X1TS)                             0.29      89.44 f
  RF_32/S_15/U7/Y (OAI31X1TS)                             0.23      89.67 r
  RF_32/S_15/U6/Y (OAI21X1TS)                             0.31      89.97 f
  RF_32/S_15/U5/Y (OAI31X1TS)                             0.13      90.10 r
  RF_32/S_15/Y[1] (SBox_0_113)                            0.00      90.10 r
  RF_32/KA/DATA_IN[61] (AddConstKey_0_2_8)                0.00      90.10 r
  RF_32/KA/U90/Y (XOR2X1TS)                               0.28      90.38 r
  RF_32/KA/U91/Y (XOR2X1TS)                               0.51      90.89 r
  RF_32/KA/DATA_OUT[61] (AddConstKey_0_2_8)               0.00      90.89 r
  RF_32/SR/X[61] (ShiftRows_0_8)                          0.00      90.89 r
  RF_32/SR/Y[61] (ShiftRows_0_8)                          0.00      90.89 r
  RF_32/MC/X[61] (MixColumns_0_8)                         0.00      90.89 r
  RF_32/MC/U5/Y (XOR2X1TS)                                0.65      91.55 r
  RF_32/MC/U46/Y (XOR2X1TS)                               0.62      92.17 r
  RF_32/MC/Y[61] (MixColumns_0_8)                         0.00      92.17 r
  RF_32/ROUND_OUT[61] (RoundFunction_0_2_8)               0.00      92.17 r
  RF_33/ROUND_IN[61] (RoundFunction_0_2_7)                0.00      92.17 r
  RF_33/S_15/X[1] (SBox_0_97)                             0.00      92.17 r
  RF_33/S_15/U4/Y (OAI21X1TS)                             0.29      92.46 f
  RF_33/S_15/U3/Y (OAI31X1TS)                             0.18      92.64 r
  RF_33/S_15/Y[2] (SBox_0_97)                             0.00      92.64 r
  RF_33/KA/DATA_IN[62] (AddConstKey_0_2_7)                0.00      92.64 r
  RF_33/KA/U93/Y (XOR2X1TS)                               0.34      92.98 r
  RF_33/KA/U94/Y (XOR2X1TS)                               0.51      93.50 r
  RF_33/KA/DATA_OUT[62] (AddConstKey_0_2_7)               0.00      93.50 r
  RF_33/SR/X[62] (ShiftRows_0_7)                          0.00      93.50 r
  RF_33/SR/Y[62] (ShiftRows_0_7)                          0.00      93.50 r
  RF_33/MC/X[62] (MixColumns_0_7)                         0.00      93.50 r
  RF_33/MC/U6/Y (XOR2X1TS)                                0.65      94.15 r
  RF_33/MC/U47/Y (XOR2X1TS)                               0.62      94.77 r
  RF_33/MC/Y[62] (MixColumns_0_7)                         0.00      94.77 r
  RF_33/ROUND_OUT[62] (RoundFunction_0_2_7)               0.00      94.77 r
  RF_34/ROUND_IN[62] (RoundFunction_0_2_6)                0.00      94.77 r
  RF_34/S_15/X[2] (SBox_0_81)                             0.00      94.77 r
  RF_34/S_15/U8/Y (OAI21X1TS)                             0.29      95.06 f
  RF_34/S_15/U7/Y (OAI31X1TS)                             0.23      95.28 r
  RF_34/S_15/U6/Y (OAI21X1TS)                             0.31      95.59 f
  RF_34/S_15/U5/Y (OAI31X1TS)                             0.13      95.72 r
  RF_34/S_15/Y[1] (SBox_0_81)                             0.00      95.72 r
  RF_34/KA/DATA_IN[61] (AddConstKey_0_2_6)                0.00      95.72 r
  RF_34/KA/U90/Y (XOR2X1TS)                               0.27      95.99 f
  RF_34/KA/U91/Y (XOR2X1TS)                               0.47      96.46 r
  RF_34/KA/DATA_OUT[61] (AddConstKey_0_2_6)               0.00      96.46 r
  RF_34/SR/X[61] (ShiftRows_0_6)                          0.00      96.46 r
  RF_34/SR/Y[61] (ShiftRows_0_6)                          0.00      96.46 r
  RF_34/MC/X[61] (MixColumns_0_6)                         0.00      96.46 r
  RF_34/MC/U5/Y (XOR2X1TS)                                0.65      97.12 r
  RF_34/MC/U46/Y (XOR2X1TS)                               0.62      97.74 r
  RF_34/MC/Y[61] (MixColumns_0_6)                         0.00      97.74 r
  RF_34/ROUND_OUT[61] (RoundFunction_0_2_6)               0.00      97.74 r
  RF_35/ROUND_IN[61] (RoundFunction_0_2_5)                0.00      97.74 r
  RF_35/S_15/X[1] (SBox_0_65)                             0.00      97.74 r
  RF_35/S_15/U4/Y (OAI21X1TS)                             0.29      98.04 f
  RF_35/S_15/U3/Y (OAI31X1TS)                             0.18      98.21 r
  RF_35/S_15/Y[2] (SBox_0_65)                             0.00      98.21 r
  RF_35/KA/DATA_IN[62] (AddConstKey_0_2_5)                0.00      98.21 r
  RF_35/KA/U93/Y (XOR2X1TS)                               0.34      98.55 f
  RF_35/KA/U94/Y (XOR2X1TS)                               0.47      99.02 r
  RF_35/KA/DATA_OUT[62] (AddConstKey_0_2_5)               0.00      99.02 r
  RF_35/SR/X[62] (ShiftRows_0_5)                          0.00      99.02 r
  RF_35/SR/Y[62] (ShiftRows_0_5)                          0.00      99.02 r
  RF_35/MC/X[62] (MixColumns_0_5)                         0.00      99.02 r
  RF_35/MC/U6/Y (XOR2X1TS)                                0.65      99.67 r
  RF_35/MC/U47/Y (XOR2X1TS)                               0.62     100.29 r
  RF_35/MC/Y[62] (MixColumns_0_5)                         0.00     100.29 r
  RF_35/ROUND_OUT[62] (RoundFunction_0_2_5)               0.00     100.29 r
  RF_36/ROUND_IN[62] (RoundFunction_0_2_4)                0.00     100.29 r
  RF_36/S_15/X[2] (SBox_0_49)                             0.00     100.29 r
  RF_36/S_15/U8/Y (OAI21X1TS)                             0.29     100.58 f
  RF_36/S_15/U7/Y (OAI31X1TS)                             0.23     100.81 r
  RF_36/S_15/U6/Y (OAI21X1TS)                             0.31     101.12 f
  RF_36/S_15/U5/Y (OAI31X1TS)                             0.13     101.25 r
  RF_36/S_15/Y[1] (SBox_0_49)                             0.00     101.25 r
  RF_36/KA/DATA_IN[61] (AddConstKey_0_2_4)                0.00     101.25 r
  RF_36/KA/U90/Y (XOR2X1TS)                               0.27     101.52 f
  RF_36/KA/U91/Y (XOR2X1TS)                               0.47     101.99 r
  RF_36/KA/DATA_OUT[61] (AddConstKey_0_2_4)               0.00     101.99 r
  RF_36/SR/X[61] (ShiftRows_0_4)                          0.00     101.99 r
  RF_36/SR/Y[61] (ShiftRows_0_4)                          0.00     101.99 r
  RF_36/MC/X[61] (MixColumns_0_4)                         0.00     101.99 r
  RF_36/MC/U5/Y (XOR2X1TS)                                0.65     102.65 r
  RF_36/MC/U46/Y (XOR2X1TS)                               0.62     103.27 r
  RF_36/MC/Y[61] (MixColumns_0_4)                         0.00     103.27 r
  RF_36/ROUND_OUT[61] (RoundFunction_0_2_4)               0.00     103.27 r
  RF_37/ROUND_IN[61] (RoundFunction_0_2_3)                0.00     103.27 r
  RF_37/S_15/X[1] (SBox_0_33)                             0.00     103.27 r
  RF_37/S_15/U4/Y (OAI21X1TS)                             0.29     103.56 f
  RF_37/S_15/U3/Y (OAI31X1TS)                             0.18     103.74 r
  RF_37/S_15/Y[2] (SBox_0_33)                             0.00     103.74 r
  RF_37/KA/DATA_IN[62] (AddConstKey_0_2_3)                0.00     103.74 r
  RF_37/KA/U93/Y (XOR2X1TS)                               0.34     104.08 f
  RF_37/KA/U94/Y (XOR2X1TS)                               0.47     104.55 r
  RF_37/KA/DATA_OUT[62] (AddConstKey_0_2_3)               0.00     104.55 r
  RF_37/SR/X[62] (ShiftRows_0_3)                          0.00     104.55 r
  RF_37/SR/Y[62] (ShiftRows_0_3)                          0.00     104.55 r
  RF_37/MC/X[62] (MixColumns_0_3)                         0.00     104.55 r
  RF_37/MC/U15/Y (XOR2X1TS)                               0.65     105.20 r
  RF_37/MC/U47/Y (XOR2X1TS)                               0.62     105.82 r
  RF_37/MC/Y[62] (MixColumns_0_3)                         0.00     105.82 r
  RF_37/ROUND_OUT[62] (RoundFunction_0_2_3)               0.00     105.82 r
  RF_38/ROUND_IN[62] (RoundFunction_0_2_2)                0.00     105.82 r
  RF_38/S_15/X[2] (SBox_0_17)                             0.00     105.82 r
  RF_38/S_15/U6/Y (OAI21X1TS)                             0.29     106.11 f
  RF_38/S_15/U5/Y (OAI31X1TS)                             0.23     106.34 r
  RF_38/S_15/U2/Y (OAI21X1TS)                             0.31     106.64 f
  RF_38/S_15/U1/Y (OAI31X1TS)                             0.13     106.77 r
  RF_38/S_15/Y[1] (SBox_0_17)                             0.00     106.77 r
  RF_38/KA/DATA_IN[61] (AddConstKey_0_2_2)                0.00     106.77 r
  RF_38/KA/U90/Y (XOR2X1TS)                               0.28     107.06 r
  RF_38/KA/U91/Y (XOR2X1TS)                               0.51     107.56 r
  RF_38/KA/DATA_OUT[61] (AddConstKey_0_2_2)               0.00     107.56 r
  RF_38/SR/X[61] (ShiftRows_0_2)                          0.00     107.56 r
  RF_38/SR/Y[61] (ShiftRows_0_2)                          0.00     107.56 r
  RF_38/MC/X[61] (MixColumns_0_2)                         0.00     107.56 r
  RF_38/MC/U24/Y (XOR2X1TS)                               0.65     108.22 r
  RF_38/MC/U46/Y (XOR2X1TS)                               0.62     108.84 r
  RF_38/MC/Y[61] (MixColumns_0_2)                         0.00     108.84 r
  RF_38/ROUND_OUT[61] (RoundFunction_0_2_2)               0.00     108.84 r
  RF_39/ROUND_IN[61] (RoundFunction_0_2_1)                0.00     108.84 r
  RF_39/S_15/X[1] (SBox_0_1)                              0.00     108.84 r
  RF_39/S_15/U6/Y (OAI21X1TS)                             0.29     109.14 f
  RF_39/S_15/U5/Y (OAI31X1TS)                             0.18     109.31 r
  RF_39/S_15/U4/Y (OAI21X1TS)                             0.24     109.55 f
  RF_39/S_15/U3/Y (OAI31X1TS)                             0.13     109.68 r
  RF_39/S_15/Y[0] (SBox_0_1)                              0.00     109.68 r
  RF_39/KA/DATA_IN[60] (AddConstKey_0_2_1)                0.00     109.68 r
  RF_39/KA/U14/Y (XOR2X1TS)                               0.28     109.96 r
  RF_39/KA/U13/Y (XOR2X1TS)                               0.30     110.26 r
  RF_39/KA/DATA_OUT[60] (AddConstKey_0_2_1)               0.00     110.26 r
  RF_39/SR/X[60] (ShiftRows_0_1)                          0.00     110.26 r
  RF_39/SR/Y[60] (ShiftRows_0_1)                          0.00     110.26 r
  RF_39/MC/X[60] (MixColumns_0_1)                         0.00     110.26 r
  RF_39/MC/U23/Y (XOR2X1TS)                               0.30     110.56 r
  RF_39/MC/U45/Y (XOR2X1TS)                               0.27     110.83 f
  RF_39/MC/Y[60] (MixColumns_0_1)                         0.00     110.83 f
  RF_39/ROUND_OUT[60] (RoundFunction_0_2_1)               0.00     110.83 f
  CIPHERTEXT[60] (out)                                    0.00     110.83 f
  data arrival time                                                110.83
  --------------------------------------------------------------------------
  (Path is unconstrained)


1
