Information: Updating graph... (UID-83)
 
****************************************
Report : area
Design : Skinny_0_0
Version: E-2010.12-SP2
Date   : Fri Jun 21 12:25:27 2019
****************************************

Information: Updating design information... (UID-85)
Library(s) Used:

    scx3_cmos8rf_lpvt_tt_1p2v_25c (File: /usr/flow/designkits/synthesis/ibm_0.13um/scx3_cmos8rf_lpvt_tt_1p2v_25c.db)

Number of ports:                          193
Number of nets:                          4130
Number of cells:                           63
Number of combinational cells:              0
Number of sequential cells:                 0
Number of macros:                           0
Number of buf/inv:                          0
Number of references:                      63

Combinational area:       62069.761490
Noncombinational area:       0.000000
Net Interconnect area:      undefined  (No wire load specified)

Total cell area:          62069.761490
Total area:                 undefined

Hierarchical area distribution
------------------------------

                                  Global cell area            Local cell area
                                  -------------------  ----------------------------- 
Hierarchical cell                 Absolute    Percent  Combi-      Noncombi-  Black
                                  Total       Total    national    national   boxes   Design
--------------------------------  ----------  -------  ----------  ---------  ------  --------------------
Skinny_0_0                        62068.4922    100.0      0.0000     0.0000  0.0000  Skinny_0_0
KE_0                                  0.0000      0.0      0.0000     0.0000  0.0000  KeyExpansion_0_0_0
KE_0/P1                               0.0000      0.0      0.0000     0.0000  0.0000  Permutation_0_0
KE_1                                  0.0000      0.0      0.0000     0.0000  0.0000  KeyExpansion_0_0_31
KE_1/P1                               0.0000      0.0      0.0000     0.0000  0.0000  Permutation_0_31
KE_10                                 0.0000      0.0      0.0000     0.0000  0.0000  KeyExpansion_0_0_22
KE_10/P1                              0.0000      0.0      0.0000     0.0000  0.0000  Permutation_0_22
KE_11                                 0.0000      0.0      0.0000     0.0000  0.0000  KeyExpansion_0_0_21
KE_11/P1                              0.0000      0.0      0.0000     0.0000  0.0000  Permutation_0_21
KE_12                                 0.0000      0.0      0.0000     0.0000  0.0000  KeyExpansion_0_0_20
KE_12/P1                              0.0000      0.0      0.0000     0.0000  0.0000  Permutation_0_20
KE_13                                 0.0000      0.0      0.0000     0.0000  0.0000  KeyExpansion_0_0_19
KE_13/P1                              0.0000      0.0      0.0000     0.0000  0.0000  Permutation_0_19
KE_14                                 0.0000      0.0      0.0000     0.0000  0.0000  KeyExpansion_0_0_18
KE_14/P1                              0.0000      0.0      0.0000     0.0000  0.0000  Permutation_0_18
KE_15                                 0.0000      0.0      0.0000     0.0000  0.0000  KeyExpansion_0_0_17
KE_15/P1                              0.0000      0.0      0.0000     0.0000  0.0000  Permutation_0_17
KE_16                                 0.0000      0.0      0.0000     0.0000  0.0000  KeyExpansion_0_0_16
KE_16/P1                              0.0000      0.0      0.0000     0.0000  0.0000  Permutation_0_16
KE_17                                 0.0000      0.0      0.0000     0.0000  0.0000  KeyExpansion_0_0_15
KE_17/P1                              0.0000      0.0      0.0000     0.0000  0.0000  Permutation_0_15
KE_18                                 0.0000      0.0      0.0000     0.0000  0.0000  KeyExpansion_0_0_14
KE_18/P1                              0.0000      0.0      0.0000     0.0000  0.0000  Permutation_0_14
KE_19                                 0.0000      0.0      0.0000     0.0000  0.0000  KeyExpansion_0_0_13
KE_19/P1                              0.0000      0.0      0.0000     0.0000  0.0000  Permutation_0_13
KE_2                                  0.0000      0.0      0.0000     0.0000  0.0000  KeyExpansion_0_0_30
KE_2/P1                               0.0000      0.0      0.0000     0.0000  0.0000  Permutation_0_30
KE_20                                 0.0000      0.0      0.0000     0.0000  0.0000  KeyExpansion_0_0_12
KE_20/P1                              0.0000      0.0      0.0000     0.0000  0.0000  Permutation_0_12
KE_21                                 0.0000      0.0      0.0000     0.0000  0.0000  KeyExpansion_0_0_11
KE_21/P1                              0.0000      0.0      0.0000     0.0000  0.0000  Permutation_0_11
KE_22                                 0.0000      0.0      0.0000     0.0000  0.0000  KeyExpansion_0_0_10
KE_22/P1                              0.0000      0.0      0.0000     0.0000  0.0000  Permutation_0_10
KE_23                                 0.0000      0.0      0.0000     0.0000  0.0000  KeyExpansion_0_0_9
KE_23/P1                              0.0000      0.0      0.0000     0.0000  0.0000  Permutation_0_9
KE_24                                 0.0000      0.0      0.0000     0.0000  0.0000  KeyExpansion_0_0_8
KE_24/P1                              0.0000      0.0      0.0000     0.0000  0.0000  Permutation_0_8
KE_25                                 0.0000      0.0      0.0000     0.0000  0.0000  KeyExpansion_0_0_7
KE_25/P1                              0.0000      0.0      0.0000     0.0000  0.0000  Permutation_0_7
KE_26                                 0.0000      0.0      0.0000     0.0000  0.0000  KeyExpansion_0_0_6
KE_26/P1                              0.0000      0.0      0.0000     0.0000  0.0000  Permutation_0_6
KE_27                                 0.0000      0.0      0.0000     0.0000  0.0000  KeyExpansion_0_0_5
KE_27/P1                              0.0000      0.0      0.0000     0.0000  0.0000  Permutation_0_5
KE_28                                 0.0000      0.0      0.0000     0.0000  0.0000  KeyExpansion_0_0_4
KE_28/P1                              0.0000      0.0      0.0000     0.0000  0.0000  Permutation_0_4
KE_29                                 0.0000      0.0      0.0000     0.0000  0.0000  KeyExpansion_0_0_3
KE_29/P1                              0.0000      0.0      0.0000     0.0000  0.0000  Permutation_0_3
KE_3                                  0.0000      0.0      0.0000     0.0000  0.0000  KeyExpansion_0_0_29
KE_3/P1                               0.0000      0.0      0.0000     0.0000  0.0000  Permutation_0_29
KE_30                                 0.0000      0.0      0.0000     0.0000  0.0000  KeyExpansion_0_0_2
KE_30/P1                              0.0000      0.0      0.0000     0.0000  0.0000  Permutation_0_2
KE_4                                  0.0000      0.0      0.0000     0.0000  0.0000  KeyExpansion_0_0_28
KE_4/P1                               0.0000      0.0      0.0000     0.0000  0.0000  Permutation_0_28
KE_5                                  0.0000      0.0      0.0000     0.0000  0.0000  KeyExpansion_0_0_27
KE_5/P1                               0.0000      0.0      0.0000     0.0000  0.0000  Permutation_0_27
KE_6                                  0.0000      0.0      0.0000     0.0000  0.0000  KeyExpansion_0_0_26
KE_6/P1                               0.0000      0.0      0.0000     0.0000  0.0000  Permutation_0_26
KE_7                                  0.0000      0.0      0.0000     0.0000  0.0000  KeyExpansion_0_0_25
KE_7/P1                               0.0000      0.0      0.0000     0.0000  0.0000  Permutation_0_25
KE_8                                  0.0000      0.0      0.0000     0.0000  0.0000  KeyExpansion_0_0_24
KE_8/P1                               0.0000      0.0      0.0000     0.0000  0.0000  Permutation_0_24
KE_9                                  0.0000      0.0      0.0000     0.0000  0.0000  KeyExpansion_0_0_23
KE_9/P1                               0.0000      0.0      0.0000     0.0000  0.0000  Permutation_0_23
RF_0                               1939.6787      3.1      0.0000     0.0000  0.0000  RoundFunction_0_0_0
RF_0/KA                             372.9600      0.6    372.9600     0.0000  0.0000  AddConstKey_0_0_0
RF_0/MC                             552.9599      0.9    552.9599     0.0000  0.0000  MixColumns_0_0
RF_0/SR                               0.0000      0.0      0.0000     0.0000  0.0000  ShiftRows_0_0
RF_0/S_0                             63.3600      0.1     63.3600     0.0000  0.0000  SBox_0_0
RF_0/S_1                             63.3600      0.1     63.3600     0.0000  0.0000  SBox_0_511
RF_0/S_10                            63.3600      0.1     63.3600     0.0000  0.0000  SBox_0_502
RF_0/S_11                            63.3600      0.1     63.3600     0.0000  0.0000  SBox_0_501
RF_0/S_12                            63.3600      0.1     63.3600     0.0000  0.0000  SBox_0_500
RF_0/S_13                            63.3600      0.1     63.3600     0.0000  0.0000  SBox_0_499
RF_0/S_14                            63.3600      0.1     63.3600     0.0000  0.0000  SBox_0_498
RF_0/S_15                            63.3600      0.1     63.3600     0.0000  0.0000  SBox_0_497
RF_0/S_2                             63.3600      0.1     63.3600     0.0000  0.0000  SBox_0_510
RF_0/S_3                             63.3600      0.1     63.3600     0.0000  0.0000  SBox_0_509
RF_0/S_4                             63.3600      0.1     63.3600     0.0000  0.0000  SBox_0_508
RF_0/S_5                             63.3600      0.1     63.3600     0.0000  0.0000  SBox_0_507
RF_0/S_6                             63.3600      0.1     63.3600     0.0000  0.0000  SBox_0_506
RF_0/S_7                             63.3600      0.1     63.3600     0.0000  0.0000  SBox_0_505
RF_0/S_8                             63.3600      0.1     63.3600     0.0000  0.0000  SBox_0_504
RF_0/S_9                             63.3600      0.1     63.3600     0.0000  0.0000  SBox_0_503
RF_1                               1939.6787      3.1      0.0000     0.0000  0.0000  RoundFunction_0_0_31
RF_1/KA                             372.9600      0.6    372.9600     0.0000  0.0000  AddConstKey_0_0_31
RF_1/MC                             552.9599      0.9    552.9599     0.0000  0.0000  MixColumns_0_31
RF_1/SR                               0.0000      0.0      0.0000     0.0000  0.0000  ShiftRows_0_31
RF_1/S_0                             63.3600      0.1     63.3600     0.0000  0.0000  SBox_0_496
RF_1/S_1                             63.3600      0.1     63.3600     0.0000  0.0000  SBox_0_495
RF_1/S_10                            63.3600      0.1     63.3600     0.0000  0.0000  SBox_0_486
RF_1/S_11                            63.3600      0.1     63.3600     0.0000  0.0000  SBox_0_485
RF_1/S_12                            63.3600      0.1     63.3600     0.0000  0.0000  SBox_0_484
RF_1/S_13                            63.3600      0.1     63.3600     0.0000  0.0000  SBox_0_483
RF_1/S_14                            63.3600      0.1     63.3600     0.0000  0.0000  SBox_0_482
RF_1/S_15                            63.3600      0.1     63.3600     0.0000  0.0000  SBox_0_481
RF_1/S_2                             63.3600      0.1     63.3600     0.0000  0.0000  SBox_0_494
RF_1/S_3                             63.3600      0.1     63.3600     0.0000  0.0000  SBox_0_493
RF_1/S_4                             63.3600      0.1     63.3600     0.0000  0.0000  SBox_0_492
RF_1/S_5                             63.3600      0.1     63.3600     0.0000  0.0000  SBox_0_491
RF_1/S_6                             63.3600      0.1     63.3600     0.0000  0.0000  SBox_0_490
RF_1/S_7                             63.3600      0.1     63.3600     0.0000  0.0000  SBox_0_489
RF_1/S_8                             63.3600      0.1     63.3600     0.0000  0.0000  SBox_0_488
RF_1/S_9                             63.3600      0.1     63.3600     0.0000  0.0000  SBox_0_487
RF_10                              1939.6787      3.1      0.0000     0.0000  0.0000  RoundFunction_0_0_22
RF_10/KA                            372.9600      0.6    372.9600     0.0000  0.0000  AddConstKey_0_0_22
RF_10/MC                            552.9599      0.9    552.9599     0.0000  0.0000  MixColumns_0_22
RF_10/SR                              0.0000      0.0      0.0000     0.0000  0.0000  ShiftRows_0_22
RF_10/S_0                            63.3600      0.1     63.3600     0.0000  0.0000  SBox_0_352
RF_10/S_1                            63.3600      0.1     63.3600     0.0000  0.0000  SBox_0_351
RF_10/S_10                           63.3600      0.1     63.3600     0.0000  0.0000  SBox_0_342
RF_10/S_11                           63.3600      0.1     63.3600     0.0000  0.0000  SBox_0_341
RF_10/S_12                           63.3600      0.1     63.3600     0.0000  0.0000  SBox_0_340
RF_10/S_13                           63.3600      0.1     63.3600     0.0000  0.0000  SBox_0_339
RF_10/S_14                           63.3600      0.1     63.3600     0.0000  0.0000  SBox_0_338
RF_10/S_15                           63.3600      0.1     63.3600     0.0000  0.0000  SBox_0_337
RF_10/S_2                            63.3600      0.1     63.3600     0.0000  0.0000  SBox_0_350
RF_10/S_3                            63.3600      0.1     63.3600     0.0000  0.0000  SBox_0_349
RF_10/S_4                            63.3600      0.1     63.3600     0.0000  0.0000  SBox_0_348
RF_10/S_5                            63.3600      0.1     63.3600     0.0000  0.0000  SBox_0_347
RF_10/S_6                            63.3600      0.1     63.3600     0.0000  0.0000  SBox_0_346
RF_10/S_7                            63.3600      0.1     63.3600     0.0000  0.0000  SBox_0_345
RF_10/S_8                            63.3600      0.1     63.3600     0.0000  0.0000  SBox_0_344
RF_10/S_9                            63.3600      0.1     63.3600     0.0000  0.0000  SBox_0_343
RF_11                              1939.6787      3.1      0.0000     0.0000  0.0000  RoundFunction_0_0_21
RF_11/KA                            372.9600      0.6    372.9600     0.0000  0.0000  AddConstKey_0_0_21
RF_11/MC                            552.9599      0.9    552.9599     0.0000  0.0000  MixColumns_0_21
RF_11/SR                              0.0000      0.0      0.0000     0.0000  0.0000  ShiftRows_0_21
RF_11/S_0                            63.3600      0.1     63.3600     0.0000  0.0000  SBox_0_336
RF_11/S_1                            63.3600      0.1     63.3600     0.0000  0.0000  SBox_0_335
RF_11/S_10                           63.3600      0.1     63.3600     0.0000  0.0000  SBox_0_326
RF_11/S_11                           63.3600      0.1     63.3600     0.0000  0.0000  SBox_0_325
RF_11/S_12                           63.3600      0.1     63.3600     0.0000  0.0000  SBox_0_324
RF_11/S_13                           63.3600      0.1     63.3600     0.0000  0.0000  SBox_0_323
RF_11/S_14                           63.3600      0.1     63.3600     0.0000  0.0000  SBox_0_322
RF_11/S_15                           63.3600      0.1     63.3600     0.0000  0.0000  SBox_0_321
RF_11/S_2                            63.3600      0.1     63.3600     0.0000  0.0000  SBox_0_334
RF_11/S_3                            63.3600      0.1     63.3600     0.0000  0.0000  SBox_0_333
RF_11/S_4                            63.3600      0.1     63.3600     0.0000  0.0000  SBox_0_332
RF_11/S_5                            63.3600      0.1     63.3600     0.0000  0.0000  SBox_0_331
RF_11/S_6                            63.3600      0.1     63.3600     0.0000  0.0000  SBox_0_330
RF_11/S_7                            63.3600      0.1     63.3600     0.0000  0.0000  SBox_0_329
RF_11/S_8                            63.3600      0.1     63.3600     0.0000  0.0000  SBox_0_328
RF_11/S_9                            63.3600      0.1     63.3600     0.0000  0.0000  SBox_0_327
RF_12                              1939.6787      3.1      0.0000     0.0000  0.0000  RoundFunction_0_0_20
RF_12/KA                            372.9600      0.6    372.9600     0.0000  0.0000  AddConstKey_0_0_20
RF_12/MC                            552.9599      0.9    552.9599     0.0000  0.0000  MixColumns_0_20
RF_12/SR                              0.0000      0.0      0.0000     0.0000  0.0000  ShiftRows_0_20
RF_12/S_0                            63.3600      0.1     63.3600     0.0000  0.0000  SBox_0_320
RF_12/S_1                            63.3600      0.1     63.3600     0.0000  0.0000  SBox_0_319
RF_12/S_10                           63.3600      0.1     63.3600     0.0000  0.0000  SBox_0_310
RF_12/S_11                           63.3600      0.1     63.3600     0.0000  0.0000  SBox_0_309
RF_12/S_12                           63.3600      0.1     63.3600     0.0000  0.0000  SBox_0_308
RF_12/S_13                           63.3600      0.1     63.3600     0.0000  0.0000  SBox_0_307
RF_12/S_14                           63.3600      0.1     63.3600     0.0000  0.0000  SBox_0_306
RF_12/S_15                           63.3600      0.1     63.3600     0.0000  0.0000  SBox_0_305
RF_12/S_2                            63.3600      0.1     63.3600     0.0000  0.0000  SBox_0_318
RF_12/S_3                            63.3600      0.1     63.3600     0.0000  0.0000  SBox_0_317
RF_12/S_4                            63.3600      0.1     63.3600     0.0000  0.0000  SBox_0_316
RF_12/S_5                            63.3600      0.1     63.3600     0.0000  0.0000  SBox_0_315
RF_12/S_6                            63.3600      0.1     63.3600     0.0000  0.0000  SBox_0_314
RF_12/S_7                            63.3600      0.1     63.3600     0.0000  0.0000  SBox_0_313
RF_12/S_8                            63.3600      0.1     63.3600     0.0000  0.0000  SBox_0_312
RF_12/S_9                            63.3600      0.1     63.3600     0.0000  0.0000  SBox_0_311
RF_13                              1939.6787      3.1      0.0000     0.0000  0.0000  RoundFunction_0_0_19
RF_13/KA                            372.9600      0.6    372.9600     0.0000  0.0000  AddConstKey_0_0_19
RF_13/MC                            552.9599      0.9    552.9599     0.0000  0.0000  MixColumns_0_19
RF_13/SR                              0.0000      0.0      0.0000     0.0000  0.0000  ShiftRows_0_19
RF_13/S_0                            63.3600      0.1     63.3600     0.0000  0.0000  SBox_0_304
RF_13/S_1                            63.3600      0.1     63.3600     0.0000  0.0000  SBox_0_303
RF_13/S_10                           63.3600      0.1     63.3600     0.0000  0.0000  SBox_0_294
RF_13/S_11                           63.3600      0.1     63.3600     0.0000  0.0000  SBox_0_293
RF_13/S_12                           63.3600      0.1     63.3600     0.0000  0.0000  SBox_0_292
RF_13/S_13                           63.3600      0.1     63.3600     0.0000  0.0000  SBox_0_291
RF_13/S_14                           63.3600      0.1     63.3600     0.0000  0.0000  SBox_0_290
RF_13/S_15                           63.3600      0.1     63.3600     0.0000  0.0000  SBox_0_289
RF_13/S_2                            63.3600      0.1     63.3600     0.0000  0.0000  SBox_0_302
RF_13/S_3                            63.3600      0.1     63.3600     0.0000  0.0000  SBox_0_301
RF_13/S_4                            63.3600      0.1     63.3600     0.0000  0.0000  SBox_0_300
RF_13/S_5                            63.3600      0.1     63.3600     0.0000  0.0000  SBox_0_299
RF_13/S_6                            63.3600      0.1     63.3600     0.0000  0.0000  SBox_0_298
RF_13/S_7                            63.3600      0.1     63.3600     0.0000  0.0000  SBox_0_297
RF_13/S_8                            63.3600      0.1     63.3600     0.0000  0.0000  SBox_0_296
RF_13/S_9                            63.3600      0.1     63.3600     0.0000  0.0000  SBox_0_295
RF_14                              1939.6787      3.1      0.0000     0.0000  0.0000  RoundFunction_0_0_18
RF_14/KA                            372.9600      0.6    372.9600     0.0000  0.0000  AddConstKey_0_0_18
RF_14/MC                            552.9599      0.9    552.9599     0.0000  0.0000  MixColumns_0_18
RF_14/SR                              0.0000      0.0      0.0000     0.0000  0.0000  ShiftRows_0_18
RF_14/S_0                            63.3600      0.1     63.3600     0.0000  0.0000  SBox_0_288
RF_14/S_1                            63.3600      0.1     63.3600     0.0000  0.0000  SBox_0_287
RF_14/S_10                           63.3600      0.1     63.3600     0.0000  0.0000  SBox_0_278
RF_14/S_11                           63.3600      0.1     63.3600     0.0000  0.0000  SBox_0_277
RF_14/S_12                           63.3600      0.1     63.3600     0.0000  0.0000  SBox_0_276
RF_14/S_13                           63.3600      0.1     63.3600     0.0000  0.0000  SBox_0_275
RF_14/S_14                           63.3600      0.1     63.3600     0.0000  0.0000  SBox_0_274
RF_14/S_15                           63.3600      0.1     63.3600     0.0000  0.0000  SBox_0_273
RF_14/S_2                            63.3600      0.1     63.3600     0.0000  0.0000  SBox_0_286
RF_14/S_3                            63.3600      0.1     63.3600     0.0000  0.0000  SBox_0_285
RF_14/S_4                            63.3600      0.1     63.3600     0.0000  0.0000  SBox_0_284
RF_14/S_5                            63.3600      0.1     63.3600     0.0000  0.0000  SBox_0_283
RF_14/S_6                            63.3600      0.1     63.3600     0.0000  0.0000  SBox_0_282
RF_14/S_7                            63.3600      0.1     63.3600     0.0000  0.0000  SBox_0_281
RF_14/S_8                            63.3600      0.1     63.3600     0.0000  0.0000  SBox_0_280
RF_14/S_9                            63.3600      0.1     63.3600     0.0000  0.0000  SBox_0_279
RF_15                              1939.6787      3.1      0.0000     0.0000  0.0000  RoundFunction_0_0_17
RF_15/KA                            372.9600      0.6    372.9600     0.0000  0.0000  AddConstKey_0_0_17
RF_15/MC                            552.9599      0.9    552.9599     0.0000  0.0000  MixColumns_0_17
RF_15/SR                              0.0000      0.0      0.0000     0.0000  0.0000  ShiftRows_0_17
RF_15/S_0                            63.3600      0.1     63.3600     0.0000  0.0000  SBox_0_272
RF_15/S_1                            63.3600      0.1     63.3600     0.0000  0.0000  SBox_0_271
RF_15/S_10                           63.3600      0.1     63.3600     0.0000  0.0000  SBox_0_262
RF_15/S_11                           63.3600      0.1     63.3600     0.0000  0.0000  SBox_0_261
RF_15/S_12                           63.3600      0.1     63.3600     0.0000  0.0000  SBox_0_260
RF_15/S_13                           63.3600      0.1     63.3600     0.0000  0.0000  SBox_0_259
RF_15/S_14                           63.3600      0.1     63.3600     0.0000  0.0000  SBox_0_258
RF_15/S_15                           63.3600      0.1     63.3600     0.0000  0.0000  SBox_0_257
RF_15/S_2                            63.3600      0.1     63.3600     0.0000  0.0000  SBox_0_270
RF_15/S_3                            63.3600      0.1     63.3600     0.0000  0.0000  SBox_0_269
RF_15/S_4                            63.3600      0.1     63.3600     0.0000  0.0000  SBox_0_268
RF_15/S_5                            63.3600      0.1     63.3600     0.0000  0.0000  SBox_0_267
RF_15/S_6                            63.3600      0.1     63.3600     0.0000  0.0000  SBox_0_266
RF_15/S_7                            63.3600      0.1     63.3600     0.0000  0.0000  SBox_0_265
RF_15/S_8                            63.3600      0.1     63.3600     0.0000  0.0000  SBox_0_264
RF_15/S_9                            63.3600      0.1     63.3600     0.0000  0.0000  SBox_0_263
RF_16                              1939.6787      3.1      0.0000     0.0000  0.0000  RoundFunction_0_0_16
RF_16/KA                            372.9600      0.6    372.9600     0.0000  0.0000  AddConstKey_0_0_16
RF_16/MC                            552.9599      0.9    552.9599     0.0000  0.0000  MixColumns_0_16
RF_16/SR                              0.0000      0.0      0.0000     0.0000  0.0000  ShiftRows_0_16
RF_16/S_0                            63.3600      0.1     63.3600     0.0000  0.0000  SBox_0_256
RF_16/S_1                            63.3600      0.1     63.3600     0.0000  0.0000  SBox_0_255
RF_16/S_10                           63.3600      0.1     63.3600     0.0000  0.0000  SBox_0_246
RF_16/S_11                           63.3600      0.1     63.3600     0.0000  0.0000  SBox_0_245
RF_16/S_12                           63.3600      0.1     63.3600     0.0000  0.0000  SBox_0_244
RF_16/S_13                           63.3600      0.1     63.3600     0.0000  0.0000  SBox_0_243
RF_16/S_14                           63.3600      0.1     63.3600     0.0000  0.0000  SBox_0_242
RF_16/S_15                           63.3600      0.1     63.3600     0.0000  0.0000  SBox_0_241
RF_16/S_2                            63.3600      0.1     63.3600     0.0000  0.0000  SBox_0_254
RF_16/S_3                            63.3600      0.1     63.3600     0.0000  0.0000  SBox_0_253
RF_16/S_4                            63.3600      0.1     63.3600     0.0000  0.0000  SBox_0_252
RF_16/S_5                            63.3600      0.1     63.3600     0.0000  0.0000  SBox_0_251
RF_16/S_6                            63.3600      0.1     63.3600     0.0000  0.0000  SBox_0_250
RF_16/S_7                            63.3600      0.1     63.3600     0.0000  0.0000  SBox_0_249
RF_16/S_8                            63.3600      0.1     63.3600     0.0000  0.0000  SBox_0_248
RF_16/S_9                            63.3600      0.1     63.3600     0.0000  0.0000  SBox_0_247
RF_17                              1939.6787      3.1      0.0000     0.0000  0.0000  RoundFunction_0_0_15
RF_17/KA                            372.9600      0.6    372.9600     0.0000  0.0000  AddConstKey_0_0_15
RF_17/MC                            552.9599      0.9    552.9599     0.0000  0.0000  MixColumns_0_15
RF_17/SR                              0.0000      0.0      0.0000     0.0000  0.0000  ShiftRows_0_15
RF_17/S_0                            63.3600      0.1     63.3600     0.0000  0.0000  SBox_0_240
RF_17/S_1                            63.3600      0.1     63.3600     0.0000  0.0000  SBox_0_239
RF_17/S_10                           63.3600      0.1     63.3600     0.0000  0.0000  SBox_0_230
RF_17/S_11                           63.3600      0.1     63.3600     0.0000  0.0000  SBox_0_229
RF_17/S_12                           63.3600      0.1     63.3600     0.0000  0.0000  SBox_0_228
RF_17/S_13                           63.3600      0.1     63.3600     0.0000  0.0000  SBox_0_227
RF_17/S_14                           63.3600      0.1     63.3600     0.0000  0.0000  SBox_0_226
RF_17/S_15                           63.3600      0.1     63.3600     0.0000  0.0000  SBox_0_225
RF_17/S_2                            63.3600      0.1     63.3600     0.0000  0.0000  SBox_0_238
RF_17/S_3                            63.3600      0.1     63.3600     0.0000  0.0000  SBox_0_237
RF_17/S_4                            63.3600      0.1     63.3600     0.0000  0.0000  SBox_0_236
RF_17/S_5                            63.3600      0.1     63.3600     0.0000  0.0000  SBox_0_235
RF_17/S_6                            63.3600      0.1     63.3600     0.0000  0.0000  SBox_0_234
RF_17/S_7                            63.3600      0.1     63.3600     0.0000  0.0000  SBox_0_233
RF_17/S_8                            63.3600      0.1     63.3600     0.0000  0.0000  SBox_0_232
RF_17/S_9                            63.3600      0.1     63.3600     0.0000  0.0000  SBox_0_231
RF_18                              1939.6787      3.1      0.0000     0.0000  0.0000  RoundFunction_0_0_14
RF_18/KA                            372.9600      0.6    372.9600     0.0000  0.0000  AddConstKey_0_0_14
RF_18/MC                            552.9599      0.9    552.9599     0.0000  0.0000  MixColumns_0_14
RF_18/SR                              0.0000      0.0      0.0000     0.0000  0.0000  ShiftRows_0_14
RF_18/S_0                            63.3600      0.1     63.3600     0.0000  0.0000  SBox_0_224
RF_18/S_1                            63.3600      0.1     63.3600     0.0000  0.0000  SBox_0_223
RF_18/S_10                           63.3600      0.1     63.3600     0.0000  0.0000  SBox_0_214
RF_18/S_11                           63.3600      0.1     63.3600     0.0000  0.0000  SBox_0_213
RF_18/S_12                           63.3600      0.1     63.3600     0.0000  0.0000  SBox_0_212
RF_18/S_13                           63.3600      0.1     63.3600     0.0000  0.0000  SBox_0_211
RF_18/S_14                           63.3600      0.1     63.3600     0.0000  0.0000  SBox_0_210
RF_18/S_15                           63.3600      0.1     63.3600     0.0000  0.0000  SBox_0_209
RF_18/S_2                            63.3600      0.1     63.3600     0.0000  0.0000  SBox_0_222
RF_18/S_3                            63.3600      0.1     63.3600     0.0000  0.0000  SBox_0_221
RF_18/S_4                            63.3600      0.1     63.3600     0.0000  0.0000  SBox_0_220
RF_18/S_5                            63.3600      0.1     63.3600     0.0000  0.0000  SBox_0_219
RF_18/S_6                            63.3600      0.1     63.3600     0.0000  0.0000  SBox_0_218
RF_18/S_7                            63.3600      0.1     63.3600     0.0000  0.0000  SBox_0_217
RF_18/S_8                            63.3600      0.1     63.3600     0.0000  0.0000  SBox_0_216
RF_18/S_9                            63.3600      0.1     63.3600     0.0000  0.0000  SBox_0_215
RF_19                              1939.6787      3.1      0.0000     0.0000  0.0000  RoundFunction_0_0_13
RF_19/KA                            372.9600      0.6    372.9600     0.0000  0.0000  AddConstKey_0_0_13
RF_19/MC                            552.9599      0.9    552.9599     0.0000  0.0000  MixColumns_0_13
RF_19/SR                              0.0000      0.0      0.0000     0.0000  0.0000  ShiftRows_0_13
RF_19/S_0                            63.3600      0.1     63.3600     0.0000  0.0000  SBox_0_208
RF_19/S_1                            63.3600      0.1     63.3600     0.0000  0.0000  SBox_0_207
RF_19/S_10                           63.3600      0.1     63.3600     0.0000  0.0000  SBox_0_198
RF_19/S_11                           63.3600      0.1     63.3600     0.0000  0.0000  SBox_0_197
RF_19/S_12                           63.3600      0.1     63.3600     0.0000  0.0000  SBox_0_196
RF_19/S_13                           63.3600      0.1     63.3600     0.0000  0.0000  SBox_0_195
RF_19/S_14                           63.3600      0.1     63.3600     0.0000  0.0000  SBox_0_194
RF_19/S_15                           63.3600      0.1     63.3600     0.0000  0.0000  SBox_0_193
RF_19/S_2                            63.3600      0.1     63.3600     0.0000  0.0000  SBox_0_206
RF_19/S_3                            63.3600      0.1     63.3600     0.0000  0.0000  SBox_0_205
RF_19/S_4                            63.3600      0.1     63.3600     0.0000  0.0000  SBox_0_204
RF_19/S_5                            63.3600      0.1     63.3600     0.0000  0.0000  SBox_0_203
RF_19/S_6                            63.3600      0.1     63.3600     0.0000  0.0000  SBox_0_202
RF_19/S_7                            63.3600      0.1     63.3600     0.0000  0.0000  SBox_0_201
RF_19/S_8                            63.3600      0.1     63.3600     0.0000  0.0000  SBox_0_200
RF_19/S_9                            63.3600      0.1     63.3600     0.0000  0.0000  SBox_0_199
RF_2                               1939.6787      3.1      0.0000     0.0000  0.0000  RoundFunction_0_0_30
RF_2/KA                             372.9600      0.6    372.9600     0.0000  0.0000  AddConstKey_0_0_30
RF_2/MC                             552.9599      0.9    552.9599     0.0000  0.0000  MixColumns_0_30
RF_2/SR                               0.0000      0.0      0.0000     0.0000  0.0000  ShiftRows_0_30
RF_2/S_0                             63.3600      0.1     63.3600     0.0000  0.0000  SBox_0_480
RF_2/S_1                             63.3600      0.1     63.3600     0.0000  0.0000  SBox_0_479
RF_2/S_10                            63.3600      0.1     63.3600     0.0000  0.0000  SBox_0_470
RF_2/S_11                            63.3600      0.1     63.3600     0.0000  0.0000  SBox_0_469
RF_2/S_12                            63.3600      0.1     63.3600     0.0000  0.0000  SBox_0_468
RF_2/S_13                            63.3600      0.1     63.3600     0.0000  0.0000  SBox_0_467
RF_2/S_14                            63.3600      0.1     63.3600     0.0000  0.0000  SBox_0_466
RF_2/S_15                            63.3600      0.1     63.3600     0.0000  0.0000  SBox_0_465
RF_2/S_2                             63.3600      0.1     63.3600     0.0000  0.0000  SBox_0_478
RF_2/S_3                             63.3600      0.1     63.3600     0.0000  0.0000  SBox_0_477
RF_2/S_4                             63.3600      0.1     63.3600     0.0000  0.0000  SBox_0_476
RF_2/S_5                             63.3600      0.1     63.3600     0.0000  0.0000  SBox_0_475
RF_2/S_6                             63.3600      0.1     63.3600     0.0000  0.0000  SBox_0_474
RF_2/S_7                             63.3600      0.1     63.3600     0.0000  0.0000  SBox_0_473
RF_2/S_8                             63.3600      0.1     63.3600     0.0000  0.0000  SBox_0_472
RF_2/S_9                             63.3600      0.1     63.3600     0.0000  0.0000  SBox_0_471
RF_20                              1939.6787      3.1      0.0000     0.0000  0.0000  RoundFunction_0_0_12
RF_20/KA                            372.9600      0.6    372.9600     0.0000  0.0000  AddConstKey_0_0_12
RF_20/MC                            552.9599      0.9    552.9599     0.0000  0.0000  MixColumns_0_12
RF_20/SR                              0.0000      0.0      0.0000     0.0000  0.0000  ShiftRows_0_12
RF_20/S_0                            63.3600      0.1     63.3600     0.0000  0.0000  SBox_0_192
RF_20/S_1                            63.3600      0.1     63.3600     0.0000  0.0000  SBox_0_191
RF_20/S_10                           63.3600      0.1     63.3600     0.0000  0.0000  SBox_0_182
RF_20/S_11                           63.3600      0.1     63.3600     0.0000  0.0000  SBox_0_181
RF_20/S_12                           63.3600      0.1     63.3600     0.0000  0.0000  SBox_0_180
RF_20/S_13                           63.3600      0.1     63.3600     0.0000  0.0000  SBox_0_179
RF_20/S_14                           63.3600      0.1     63.3600     0.0000  0.0000  SBox_0_178
RF_20/S_15                           63.3600      0.1     63.3600     0.0000  0.0000  SBox_0_177
RF_20/S_2                            63.3600      0.1     63.3600     0.0000  0.0000  SBox_0_190
RF_20/S_3                            63.3600      0.1     63.3600     0.0000  0.0000  SBox_0_189
RF_20/S_4                            63.3600      0.1     63.3600     0.0000  0.0000  SBox_0_188
RF_20/S_5                            63.3600      0.1     63.3600     0.0000  0.0000  SBox_0_187
RF_20/S_6                            63.3600      0.1     63.3600     0.0000  0.0000  SBox_0_186
RF_20/S_7                            63.3600      0.1     63.3600     0.0000  0.0000  SBox_0_185
RF_20/S_8                            63.3600      0.1     63.3600     0.0000  0.0000  SBox_0_184
RF_20/S_9                            63.3600      0.1     63.3600     0.0000  0.0000  SBox_0_183
RF_21                              1939.6787      3.1      0.0000     0.0000  0.0000  RoundFunction_0_0_11
RF_21/KA                            372.9600      0.6    372.9600     0.0000  0.0000  AddConstKey_0_0_11
RF_21/MC                            552.9599      0.9    552.9599     0.0000  0.0000  MixColumns_0_11
RF_21/SR                              0.0000      0.0      0.0000     0.0000  0.0000  ShiftRows_0_11
RF_21/S_0                            63.3600      0.1     63.3600     0.0000  0.0000  SBox_0_176
RF_21/S_1                            63.3600      0.1     63.3600     0.0000  0.0000  SBox_0_175
RF_21/S_10                           63.3600      0.1     63.3600     0.0000  0.0000  SBox_0_166
RF_21/S_11                           63.3600      0.1     63.3600     0.0000  0.0000  SBox_0_165
RF_21/S_12                           63.3600      0.1     63.3600     0.0000  0.0000  SBox_0_164
RF_21/S_13                           63.3600      0.1     63.3600     0.0000  0.0000  SBox_0_163
RF_21/S_14                           63.3600      0.1     63.3600     0.0000  0.0000  SBox_0_162
RF_21/S_15                           63.3600      0.1     63.3600     0.0000  0.0000  SBox_0_161
RF_21/S_2                            63.3600      0.1     63.3600     0.0000  0.0000  SBox_0_174
RF_21/S_3                            63.3600      0.1     63.3600     0.0000  0.0000  SBox_0_173
RF_21/S_4                            63.3600      0.1     63.3600     0.0000  0.0000  SBox_0_172
RF_21/S_5                            63.3600      0.1     63.3600     0.0000  0.0000  SBox_0_171
RF_21/S_6                            63.3600      0.1     63.3600     0.0000  0.0000  SBox_0_170
RF_21/S_7                            63.3600      0.1     63.3600     0.0000  0.0000  SBox_0_169
RF_21/S_8                            63.3600      0.1     63.3600     0.0000  0.0000  SBox_0_168
RF_21/S_9                            63.3600      0.1     63.3600     0.0000  0.0000  SBox_0_167
RF_22                              1939.6787      3.1      0.0000     0.0000  0.0000  RoundFunction_0_0_10
RF_22/KA                            372.9600      0.6    372.9600     0.0000  0.0000  AddConstKey_0_0_10
RF_22/MC                            552.9599      0.9    552.9599     0.0000  0.0000  MixColumns_0_10
RF_22/SR                              0.0000      0.0      0.0000     0.0000  0.0000  ShiftRows_0_10
RF_22/S_0                            63.3600      0.1     63.3600     0.0000  0.0000  SBox_0_160
RF_22/S_1                            63.3600      0.1     63.3600     0.0000  0.0000  SBox_0_159
RF_22/S_10                           63.3600      0.1     63.3600     0.0000  0.0000  SBox_0_150
RF_22/S_11                           63.3600      0.1     63.3600     0.0000  0.0000  SBox_0_149
RF_22/S_12                           63.3600      0.1     63.3600     0.0000  0.0000  SBox_0_148
RF_22/S_13                           63.3600      0.1     63.3600     0.0000  0.0000  SBox_0_147
RF_22/S_14                           63.3600      0.1     63.3600     0.0000  0.0000  SBox_0_146
RF_22/S_15                           63.3600      0.1     63.3600     0.0000  0.0000  SBox_0_145
RF_22/S_2                            63.3600      0.1     63.3600     0.0000  0.0000  SBox_0_158
RF_22/S_3                            63.3600      0.1     63.3600     0.0000  0.0000  SBox_0_157
RF_22/S_4                            63.3600      0.1     63.3600     0.0000  0.0000  SBox_0_156
RF_22/S_5                            63.3600      0.1     63.3600     0.0000  0.0000  SBox_0_155
RF_22/S_6                            63.3600      0.1     63.3600     0.0000  0.0000  SBox_0_154
RF_22/S_7                            63.3600      0.1     63.3600     0.0000  0.0000  SBox_0_153
RF_22/S_8                            63.3600      0.1     63.3600     0.0000  0.0000  SBox_0_152
RF_22/S_9                            63.3600      0.1     63.3600     0.0000  0.0000  SBox_0_151
RF_23                              1939.6787      3.1      0.0000     0.0000  0.0000  RoundFunction_0_0_9
RF_23/KA                            372.9600      0.6    372.9600     0.0000  0.0000  AddConstKey_0_0_9
RF_23/MC                            552.9599      0.9    552.9599     0.0000  0.0000  MixColumns_0_9
RF_23/SR                              0.0000      0.0      0.0000     0.0000  0.0000  ShiftRows_0_9
RF_23/S_0                            63.3600      0.1     63.3600     0.0000  0.0000  SBox_0_144
RF_23/S_1                            63.3600      0.1     63.3600     0.0000  0.0000  SBox_0_143
RF_23/S_10                           63.3600      0.1     63.3600     0.0000  0.0000  SBox_0_134
RF_23/S_11                           63.3600      0.1     63.3600     0.0000  0.0000  SBox_0_133
RF_23/S_12                           63.3600      0.1     63.3600     0.0000  0.0000  SBox_0_132
RF_23/S_13                           63.3600      0.1     63.3600     0.0000  0.0000  SBox_0_131
RF_23/S_14                           63.3600      0.1     63.3600     0.0000  0.0000  SBox_0_130
RF_23/S_15                           63.3600      0.1     63.3600     0.0000  0.0000  SBox_0_129
RF_23/S_2                            63.3600      0.1     63.3600     0.0000  0.0000  SBox_0_142
RF_23/S_3                            63.3600      0.1     63.3600     0.0000  0.0000  SBox_0_141
RF_23/S_4                            63.3600      0.1     63.3600     0.0000  0.0000  SBox_0_140
RF_23/S_5                            63.3600      0.1     63.3600     0.0000  0.0000  SBox_0_139
RF_23/S_6                            63.3600      0.1     63.3600     0.0000  0.0000  SBox_0_138
RF_23/S_7                            63.3600      0.1     63.3600     0.0000  0.0000  SBox_0_137
RF_23/S_8                            63.3600      0.1     63.3600     0.0000  0.0000  SBox_0_136
RF_23/S_9                            63.3600      0.1     63.3600     0.0000  0.0000  SBox_0_135
RF_24                              1939.6787      3.1      0.0000     0.0000  0.0000  RoundFunction_0_0_8
RF_24/KA                            372.9600      0.6    372.9600     0.0000  0.0000  AddConstKey_0_0_8
RF_24/MC                            552.9599      0.9    552.9599     0.0000  0.0000  MixColumns_0_8
RF_24/SR                              0.0000      0.0      0.0000     0.0000  0.0000  ShiftRows_0_8
RF_24/S_0                            63.3600      0.1     63.3600     0.0000  0.0000  SBox_0_128
RF_24/S_1                            63.3600      0.1     63.3600     0.0000  0.0000  SBox_0_127
RF_24/S_10                           63.3600      0.1     63.3600     0.0000  0.0000  SBox_0_118
RF_24/S_11                           63.3600      0.1     63.3600     0.0000  0.0000  SBox_0_117
RF_24/S_12                           63.3600      0.1     63.3600     0.0000  0.0000  SBox_0_116
RF_24/S_13                           63.3600      0.1     63.3600     0.0000  0.0000  SBox_0_115
RF_24/S_14                           63.3600      0.1     63.3600     0.0000  0.0000  SBox_0_114
RF_24/S_15                           63.3600      0.1     63.3600     0.0000  0.0000  SBox_0_113
RF_24/S_2                            63.3600      0.1     63.3600     0.0000  0.0000  SBox_0_126
RF_24/S_3                            63.3600      0.1     63.3600     0.0000  0.0000  SBox_0_125
RF_24/S_4                            63.3600      0.1     63.3600     0.0000  0.0000  SBox_0_124
RF_24/S_5                            63.3600      0.1     63.3600     0.0000  0.0000  SBox_0_123
RF_24/S_6                            63.3600      0.1     63.3600     0.0000  0.0000  SBox_0_122
RF_24/S_7                            63.3600      0.1     63.3600     0.0000  0.0000  SBox_0_121
RF_24/S_8                            63.3600      0.1     63.3600     0.0000  0.0000  SBox_0_120
RF_24/S_9                            63.3600      0.1     63.3600     0.0000  0.0000  SBox_0_119
RF_25                              1939.6787      3.1      0.0000     0.0000  0.0000  RoundFunction_0_0_7
RF_25/KA                            372.9600      0.6    372.9600     0.0000  0.0000  AddConstKey_0_0_7
RF_25/MC                            552.9599      0.9    552.9599     0.0000  0.0000  MixColumns_0_7
RF_25/SR                              0.0000      0.0      0.0000     0.0000  0.0000  ShiftRows_0_7
RF_25/S_0                            63.3600      0.1     63.3600     0.0000  0.0000  SBox_0_112
RF_25/S_1                            63.3600      0.1     63.3600     0.0000  0.0000  SBox_0_111
RF_25/S_10                           63.3600      0.1     63.3600     0.0000  0.0000  SBox_0_102
RF_25/S_11                           63.3600      0.1     63.3600     0.0000  0.0000  SBox_0_101
RF_25/S_12                           63.3600      0.1     63.3600     0.0000  0.0000  SBox_0_100
RF_25/S_13                           63.3600      0.1     63.3600     0.0000  0.0000  SBox_0_99
RF_25/S_14                           63.3600      0.1     63.3600     0.0000  0.0000  SBox_0_98
RF_25/S_15                           63.3600      0.1     63.3600     0.0000  0.0000  SBox_0_97
RF_25/S_2                            63.3600      0.1     63.3600     0.0000  0.0000  SBox_0_110
RF_25/S_3                            63.3600      0.1     63.3600     0.0000  0.0000  SBox_0_109
RF_25/S_4                            63.3600      0.1     63.3600     0.0000  0.0000  SBox_0_108
RF_25/S_5                            63.3600      0.1     63.3600     0.0000  0.0000  SBox_0_107
RF_25/S_6                            63.3600      0.1     63.3600     0.0000  0.0000  SBox_0_106
RF_25/S_7                            63.3600      0.1     63.3600     0.0000  0.0000  SBox_0_105
RF_25/S_8                            63.3600      0.1     63.3600     0.0000  0.0000  SBox_0_104
RF_25/S_9                            63.3600      0.1     63.3600     0.0000  0.0000  SBox_0_103
RF_26                              1939.6787      3.1      0.0000     0.0000  0.0000  RoundFunction_0_0_6
RF_26/KA                            372.9600      0.6    372.9600     0.0000  0.0000  AddConstKey_0_0_6
RF_26/MC                            552.9599      0.9    552.9599     0.0000  0.0000  MixColumns_0_6
RF_26/SR                              0.0000      0.0      0.0000     0.0000  0.0000  ShiftRows_0_6
RF_26/S_0                            63.3600      0.1     63.3600     0.0000  0.0000  SBox_0_96
RF_26/S_1                            63.3600      0.1     63.3600     0.0000  0.0000  SBox_0_95
RF_26/S_10                           63.3600      0.1     63.3600     0.0000  0.0000  SBox_0_86
RF_26/S_11                           63.3600      0.1     63.3600     0.0000  0.0000  SBox_0_85
RF_26/S_12                           63.3600      0.1     63.3600     0.0000  0.0000  SBox_0_84
RF_26/S_13                           63.3600      0.1     63.3600     0.0000  0.0000  SBox_0_83
RF_26/S_14                           63.3600      0.1     63.3600     0.0000  0.0000  SBox_0_82
RF_26/S_15                           63.3600      0.1     63.3600     0.0000  0.0000  SBox_0_81
RF_26/S_2                            63.3600      0.1     63.3600     0.0000  0.0000  SBox_0_94
RF_26/S_3                            63.3600      0.1     63.3600     0.0000  0.0000  SBox_0_93
RF_26/S_4                            63.3600      0.1     63.3600     0.0000  0.0000  SBox_0_92
RF_26/S_5                            63.3600      0.1     63.3600     0.0000  0.0000  SBox_0_91
RF_26/S_6                            63.3600      0.1     63.3600     0.0000  0.0000  SBox_0_90
RF_26/S_7                            63.3600      0.1     63.3600     0.0000  0.0000  SBox_0_89
RF_26/S_8                            63.3600      0.1     63.3600     0.0000  0.0000  SBox_0_88
RF_26/S_9                            63.3600      0.1     63.3600     0.0000  0.0000  SBox_0_87
RF_27                              1939.6787      3.1      0.0000     0.0000  0.0000  RoundFunction_0_0_5
RF_27/KA                            372.9600      0.6    372.9600     0.0000  0.0000  AddConstKey_0_0_5
RF_27/MC                            552.9599      0.9    552.9599     0.0000  0.0000  MixColumns_0_5
RF_27/SR                              0.0000      0.0      0.0000     0.0000  0.0000  ShiftRows_0_5
RF_27/S_0                            63.3600      0.1     63.3600     0.0000  0.0000  SBox_0_80
RF_27/S_1                            63.3600      0.1     63.3600     0.0000  0.0000  SBox_0_79
RF_27/S_10                           63.3600      0.1     63.3600     0.0000  0.0000  SBox_0_70
RF_27/S_11                           63.3600      0.1     63.3600     0.0000  0.0000  SBox_0_69
RF_27/S_12                           63.3600      0.1     63.3600     0.0000  0.0000  SBox_0_68
RF_27/S_13                           63.3600      0.1     63.3600     0.0000  0.0000  SBox_0_67
RF_27/S_14                           63.3600      0.1     63.3600     0.0000  0.0000  SBox_0_66
RF_27/S_15                           63.3600      0.1     63.3600     0.0000  0.0000  SBox_0_65
RF_27/S_2                            63.3600      0.1     63.3600     0.0000  0.0000  SBox_0_78
RF_27/S_3                            63.3600      0.1     63.3600     0.0000  0.0000  SBox_0_77
RF_27/S_4                            63.3600      0.1     63.3600     0.0000  0.0000  SBox_0_76
RF_27/S_5                            63.3600      0.1     63.3600     0.0000  0.0000  SBox_0_75
RF_27/S_6                            63.3600      0.1     63.3600     0.0000  0.0000  SBox_0_74
RF_27/S_7                            63.3600      0.1     63.3600     0.0000  0.0000  SBox_0_73
RF_27/S_8                            63.3600      0.1     63.3600     0.0000  0.0000  SBox_0_72
RF_27/S_9                            63.3600      0.1     63.3600     0.0000  0.0000  SBox_0_71
RF_28                              1939.6787      3.1      0.0000     0.0000  0.0000  RoundFunction_0_0_4
RF_28/KA                            372.9600      0.6    372.9600     0.0000  0.0000  AddConstKey_0_0_4
RF_28/MC                            552.9599      0.9    552.9599     0.0000  0.0000  MixColumns_0_4
RF_28/SR                              0.0000      0.0      0.0000     0.0000  0.0000  ShiftRows_0_4
RF_28/S_0                            63.3600      0.1     63.3600     0.0000  0.0000  SBox_0_64
RF_28/S_1                            63.3600      0.1     63.3600     0.0000  0.0000  SBox_0_63
RF_28/S_10                           63.3600      0.1     63.3600     0.0000  0.0000  SBox_0_54
RF_28/S_11                           63.3600      0.1     63.3600     0.0000  0.0000  SBox_0_53
RF_28/S_12                           63.3600      0.1     63.3600     0.0000  0.0000  SBox_0_52
RF_28/S_13                           63.3600      0.1     63.3600     0.0000  0.0000  SBox_0_51
RF_28/S_14                           63.3600      0.1     63.3600     0.0000  0.0000  SBox_0_50
RF_28/S_15                           63.3600      0.1     63.3600     0.0000  0.0000  SBox_0_49
RF_28/S_2                            63.3600      0.1     63.3600     0.0000  0.0000  SBox_0_62
RF_28/S_3                            63.3600      0.1     63.3600     0.0000  0.0000  SBox_0_61
RF_28/S_4                            63.3600      0.1     63.3600     0.0000  0.0000  SBox_0_60
RF_28/S_5                            63.3600      0.1     63.3600     0.0000  0.0000  SBox_0_59
RF_28/S_6                            63.3600      0.1     63.3600     0.0000  0.0000  SBox_0_58
RF_28/S_7                            63.3600      0.1     63.3600     0.0000  0.0000  SBox_0_57
RF_28/S_8                            63.3600      0.1     63.3600     0.0000  0.0000  SBox_0_56
RF_28/S_9                            63.3600      0.1     63.3600     0.0000  0.0000  SBox_0_55
RF_29                              1939.6787      3.1      0.0000     0.0000  0.0000  RoundFunction_0_0_3
RF_29/KA                            372.9600      0.6    372.9600     0.0000  0.0000  AddConstKey_0_0_3
RF_29/MC                            552.9599      0.9    552.9599     0.0000  0.0000  MixColumns_0_3
RF_29/SR                              0.0000      0.0      0.0000     0.0000  0.0000  ShiftRows_0_3
RF_29/S_0                            63.3600      0.1     63.3600     0.0000  0.0000  SBox_0_48
RF_29/S_1                            63.3600      0.1     63.3600     0.0000  0.0000  SBox_0_47
RF_29/S_10                           63.3600      0.1     63.3600     0.0000  0.0000  SBox_0_38
RF_29/S_11                           63.3600      0.1     63.3600     0.0000  0.0000  SBox_0_37
RF_29/S_12                           63.3600      0.1     63.3600     0.0000  0.0000  SBox_0_36
RF_29/S_13                           63.3600      0.1     63.3600     0.0000  0.0000  SBox_0_35
RF_29/S_14                           63.3600      0.1     63.3600     0.0000  0.0000  SBox_0_34
RF_29/S_15                           63.3600      0.1     63.3600     0.0000  0.0000  SBox_0_33
RF_29/S_2                            63.3600      0.1     63.3600     0.0000  0.0000  SBox_0_46
RF_29/S_3                            63.3600      0.1     63.3600     0.0000  0.0000  SBox_0_45
RF_29/S_4                            63.3600      0.1     63.3600     0.0000  0.0000  SBox_0_44
RF_29/S_5                            63.3600      0.1     63.3600     0.0000  0.0000  SBox_0_43
RF_29/S_6                            63.3600      0.1     63.3600     0.0000  0.0000  SBox_0_42
RF_29/S_7                            63.3600      0.1     63.3600     0.0000  0.0000  SBox_0_41
RF_29/S_8                            63.3600      0.1     63.3600     0.0000  0.0000  SBox_0_40
RF_29/S_9                            63.3600      0.1     63.3600     0.0000  0.0000  SBox_0_39
RF_3                               1939.6787      3.1      0.0000     0.0000  0.0000  RoundFunction_0_0_29
RF_3/KA                             372.9600      0.6    372.9600     0.0000  0.0000  AddConstKey_0_0_29
RF_3/MC                             552.9599      0.9    552.9599     0.0000  0.0000  MixColumns_0_29
RF_3/SR                               0.0000      0.0      0.0000     0.0000  0.0000  ShiftRows_0_29
RF_3/S_0                             63.3600      0.1     63.3600     0.0000  0.0000  SBox_0_464
RF_3/S_1                             63.3600      0.1     63.3600     0.0000  0.0000  SBox_0_463
RF_3/S_10                            63.3600      0.1     63.3600     0.0000  0.0000  SBox_0_454
RF_3/S_11                            63.3600      0.1     63.3600     0.0000  0.0000  SBox_0_453
RF_3/S_12                            63.3600      0.1     63.3600     0.0000  0.0000  SBox_0_452
RF_3/S_13                            63.3600      0.1     63.3600     0.0000  0.0000  SBox_0_451
RF_3/S_14                            63.3600      0.1     63.3600     0.0000  0.0000  SBox_0_450
RF_3/S_15                            63.3600      0.1     63.3600     0.0000  0.0000  SBox_0_449
RF_3/S_2                             63.3600      0.1     63.3600     0.0000  0.0000  SBox_0_462
RF_3/S_3                             63.3600      0.1     63.3600     0.0000  0.0000  SBox_0_461
RF_3/S_4                             63.3600      0.1     63.3600     0.0000  0.0000  SBox_0_460
RF_3/S_5                             63.3600      0.1     63.3600     0.0000  0.0000  SBox_0_459
RF_3/S_6                             63.3600      0.1     63.3600     0.0000  0.0000  SBox_0_458
RF_3/S_7                             63.3600      0.1     63.3600     0.0000  0.0000  SBox_0_457
RF_3/S_8                             63.3600      0.1     63.3600     0.0000  0.0000  SBox_0_456
RF_3/S_9                             63.3600      0.1     63.3600     0.0000  0.0000  SBox_0_455
RF_30                              1939.6787      3.1      0.0000     0.0000  0.0000  RoundFunction_0_0_2
RF_30/KA                            372.9600      0.6    372.9600     0.0000  0.0000  AddConstKey_0_0_2
RF_30/MC                            552.9599      0.9    552.9599     0.0000  0.0000  MixColumns_0_2
RF_30/SR                              0.0000      0.0      0.0000     0.0000  0.0000  ShiftRows_0_2
RF_30/S_0                            63.3600      0.1     63.3600     0.0000  0.0000  SBox_0_32
RF_30/S_1                            63.3600      0.1     63.3600     0.0000  0.0000  SBox_0_31
RF_30/S_10                           63.3600      0.1     63.3600     0.0000  0.0000  SBox_0_22
RF_30/S_11                           63.3600      0.1     63.3600     0.0000  0.0000  SBox_0_21
RF_30/S_12                           63.3600      0.1     63.3600     0.0000  0.0000  SBox_0_20
RF_30/S_13                           63.3600      0.1     63.3600     0.0000  0.0000  SBox_0_19
RF_30/S_14                           63.3600      0.1     63.3600     0.0000  0.0000  SBox_0_18
RF_30/S_15                           63.3600      0.1     63.3600     0.0000  0.0000  SBox_0_17
RF_30/S_2                            63.3600      0.1     63.3600     0.0000  0.0000  SBox_0_30
RF_30/S_3                            63.3600      0.1     63.3600     0.0000  0.0000  SBox_0_29
RF_30/S_4                            63.3600      0.1     63.3600     0.0000  0.0000  SBox_0_28
RF_30/S_5                            63.3600      0.1     63.3600     0.0000  0.0000  SBox_0_27
RF_30/S_6                            63.3600      0.1     63.3600     0.0000  0.0000  SBox_0_26
RF_30/S_7                            63.3600      0.1     63.3600     0.0000  0.0000  SBox_0_25
RF_30/S_8                            63.3600      0.1     63.3600     0.0000  0.0000  SBox_0_24
RF_30/S_9                            63.3600      0.1     63.3600     0.0000  0.0000  SBox_0_23
RF_31                              1939.6787      3.1      0.0000     0.0000  0.0000  RoundFunction_0_0_1
RF_31/KA                            372.9600      0.6    372.9600     0.0000  0.0000  AddConstKey_0_0_1
RF_31/MC                            552.9599      0.9    552.9599     0.0000  0.0000  MixColumns_0_1
RF_31/SR                              0.0000      0.0      0.0000     0.0000  0.0000  ShiftRows_0_1
RF_31/S_0                            63.3600      0.1     63.3600     0.0000  0.0000  SBox_0_16
RF_31/S_1                            63.3600      0.1     63.3600     0.0000  0.0000  SBox_0_15
RF_31/S_10                           63.3600      0.1     63.3600     0.0000  0.0000  SBox_0_6
RF_31/S_11                           63.3600      0.1     63.3600     0.0000  0.0000  SBox_0_5
RF_31/S_12                           63.3600      0.1     63.3600     0.0000  0.0000  SBox_0_4
RF_31/S_13                           63.3600      0.1     63.3600     0.0000  0.0000  SBox_0_3
RF_31/S_14                           63.3600      0.1     63.3600     0.0000  0.0000  SBox_0_2
RF_31/S_15                           63.3600      0.1     63.3600     0.0000  0.0000  SBox_0_1
RF_31/S_2                            63.3600      0.1     63.3600     0.0000  0.0000  SBox_0_14
RF_31/S_3                            63.3600      0.1     63.3600     0.0000  0.0000  SBox_0_13
RF_31/S_4                            63.3600      0.1     63.3600     0.0000  0.0000  SBox_0_12
RF_31/S_5                            63.3600      0.1     63.3600     0.0000  0.0000  SBox_0_11
RF_31/S_6                            63.3600      0.1     63.3600     0.0000  0.0000  SBox_0_10
RF_31/S_7                            63.3600      0.1     63.3600     0.0000  0.0000  SBox_0_9
RF_31/S_8                            63.3600      0.1     63.3600     0.0000  0.0000  SBox_0_8
RF_31/S_9                            63.3600      0.1     63.3600     0.0000  0.0000  SBox_0_7
RF_4                               1939.6787      3.1      0.0000     0.0000  0.0000  RoundFunction_0_0_28
RF_4/KA                             372.9600      0.6    372.9600     0.0000  0.0000  AddConstKey_0_0_28
RF_4/MC                             552.9599      0.9    552.9599     0.0000  0.0000  MixColumns_0_28
RF_4/SR                               0.0000      0.0      0.0000     0.0000  0.0000  ShiftRows_0_28
RF_4/S_0                             63.3600      0.1     63.3600     0.0000  0.0000  SBox_0_448
RF_4/S_1                             63.3600      0.1     63.3600     0.0000  0.0000  SBox_0_447
RF_4/S_10                            63.3600      0.1     63.3600     0.0000  0.0000  SBox_0_438
RF_4/S_11                            63.3600      0.1     63.3600     0.0000  0.0000  SBox_0_437
RF_4/S_12                            63.3600      0.1     63.3600     0.0000  0.0000  SBox_0_436
RF_4/S_13                            63.3600      0.1     63.3600     0.0000  0.0000  SBox_0_435
RF_4/S_14                            63.3600      0.1     63.3600     0.0000  0.0000  SBox_0_434
RF_4/S_15                            63.3600      0.1     63.3600     0.0000  0.0000  SBox_0_433
RF_4/S_2                             63.3600      0.1     63.3600     0.0000  0.0000  SBox_0_446
RF_4/S_3                             63.3600      0.1     63.3600     0.0000  0.0000  SBox_0_445
RF_4/S_4                             63.3600      0.1     63.3600     0.0000  0.0000  SBox_0_444
RF_4/S_5                             63.3600      0.1     63.3600     0.0000  0.0000  SBox_0_443
RF_4/S_6                             63.3600      0.1     63.3600     0.0000  0.0000  SBox_0_442
RF_4/S_7                             63.3600      0.1     63.3600     0.0000  0.0000  SBox_0_441
RF_4/S_8                             63.3600      0.1     63.3600     0.0000  0.0000  SBox_0_440
RF_4/S_9                             63.3600      0.1     63.3600     0.0000  0.0000  SBox_0_439
RF_5                               1939.6787      3.1      0.0000     0.0000  0.0000  RoundFunction_0_0_27
RF_5/KA                             372.9600      0.6    372.9600     0.0000  0.0000  AddConstKey_0_0_27
RF_5/MC                             552.9599      0.9    552.9599     0.0000  0.0000  MixColumns_0_27
RF_5/SR                               0.0000      0.0      0.0000     0.0000  0.0000  ShiftRows_0_27
RF_5/S_0                             63.3600      0.1     63.3600     0.0000  0.0000  SBox_0_432
RF_5/S_1                             63.3600      0.1     63.3600     0.0000  0.0000  SBox_0_431
RF_5/S_10                            63.3600      0.1     63.3600     0.0000  0.0000  SBox_0_422
RF_5/S_11                            63.3600      0.1     63.3600     0.0000  0.0000  SBox_0_421
RF_5/S_12                            63.3600      0.1     63.3600     0.0000  0.0000  SBox_0_420
RF_5/S_13                            63.3600      0.1     63.3600     0.0000  0.0000  SBox_0_419
RF_5/S_14                            63.3600      0.1     63.3600     0.0000  0.0000  SBox_0_418
RF_5/S_15                            63.3600      0.1     63.3600     0.0000  0.0000  SBox_0_417
RF_5/S_2                             63.3600      0.1     63.3600     0.0000  0.0000  SBox_0_430
RF_5/S_3                             63.3600      0.1     63.3600     0.0000  0.0000  SBox_0_429
RF_5/S_4                             63.3600      0.1     63.3600     0.0000  0.0000  SBox_0_428
RF_5/S_5                             63.3600      0.1     63.3600     0.0000  0.0000  SBox_0_427
RF_5/S_6                             63.3600      0.1     63.3600     0.0000  0.0000  SBox_0_426
RF_5/S_7                             63.3600      0.1     63.3600     0.0000  0.0000  SBox_0_425
RF_5/S_8                             63.3600      0.1     63.3600     0.0000  0.0000  SBox_0_424
RF_5/S_9                             63.3600      0.1     63.3600     0.0000  0.0000  SBox_0_423
RF_6                               1939.6787      3.1      0.0000     0.0000  0.0000  RoundFunction_0_0_26
RF_6/KA                             372.9600      0.6    372.9600     0.0000  0.0000  AddConstKey_0_0_26
RF_6/MC                             552.9599      0.9    552.9599     0.0000  0.0000  MixColumns_0_26
RF_6/SR                               0.0000      0.0      0.0000     0.0000  0.0000  ShiftRows_0_26
RF_6/S_0                             63.3600      0.1     63.3600     0.0000  0.0000  SBox_0_416
RF_6/S_1                             63.3600      0.1     63.3600     0.0000  0.0000  SBox_0_415
RF_6/S_10                            63.3600      0.1     63.3600     0.0000  0.0000  SBox_0_406
RF_6/S_11                            63.3600      0.1     63.3600     0.0000  0.0000  SBox_0_405
RF_6/S_12                            63.3600      0.1     63.3600     0.0000  0.0000  SBox_0_404
RF_6/S_13                            63.3600      0.1     63.3600     0.0000  0.0000  SBox_0_403
RF_6/S_14                            63.3600      0.1     63.3600     0.0000  0.0000  SBox_0_402
RF_6/S_15                            63.3600      0.1     63.3600     0.0000  0.0000  SBox_0_401
RF_6/S_2                             63.3600      0.1     63.3600     0.0000  0.0000  SBox_0_414
RF_6/S_3                             63.3600      0.1     63.3600     0.0000  0.0000  SBox_0_413
RF_6/S_4                             63.3600      0.1     63.3600     0.0000  0.0000  SBox_0_412
RF_6/S_5                             63.3600      0.1     63.3600     0.0000  0.0000  SBox_0_411
RF_6/S_6                             63.3600      0.1     63.3600     0.0000  0.0000  SBox_0_410
RF_6/S_7                             63.3600      0.1     63.3600     0.0000  0.0000  SBox_0_409
RF_6/S_8                             63.3600      0.1     63.3600     0.0000  0.0000  SBox_0_408
RF_6/S_9                             63.3600      0.1     63.3600     0.0000  0.0000  SBox_0_407
RF_7                               1939.6787      3.1      0.0000     0.0000  0.0000  RoundFunction_0_0_25
RF_7/KA                             372.9600      0.6    372.9600     0.0000  0.0000  AddConstKey_0_0_25
RF_7/MC                             552.9599      0.9    552.9599     0.0000  0.0000  MixColumns_0_25
RF_7/SR                               0.0000      0.0      0.0000     0.0000  0.0000  ShiftRows_0_25
RF_7/S_0                             63.3600      0.1     63.3600     0.0000  0.0000  SBox_0_400
RF_7/S_1                             63.3600      0.1     63.3600     0.0000  0.0000  SBox_0_399
RF_7/S_10                            63.3600      0.1     63.3600     0.0000  0.0000  SBox_0_390
RF_7/S_11                            63.3600      0.1     63.3600     0.0000  0.0000  SBox_0_389
RF_7/S_12                            63.3600      0.1     63.3600     0.0000  0.0000  SBox_0_388
RF_7/S_13                            63.3600      0.1     63.3600     0.0000  0.0000  SBox_0_387
RF_7/S_14                            63.3600      0.1     63.3600     0.0000  0.0000  SBox_0_386
RF_7/S_15                            63.3600      0.1     63.3600     0.0000  0.0000  SBox_0_385
RF_7/S_2                             63.3600      0.1     63.3600     0.0000  0.0000  SBox_0_398
RF_7/S_3                             63.3600      0.1     63.3600     0.0000  0.0000  SBox_0_397
RF_7/S_4                             63.3600      0.1     63.3600     0.0000  0.0000  SBox_0_396
RF_7/S_5                             63.3600      0.1     63.3600     0.0000  0.0000  SBox_0_395
RF_7/S_6                             63.3600      0.1     63.3600     0.0000  0.0000  SBox_0_394
RF_7/S_7                             63.3600      0.1     63.3600     0.0000  0.0000  SBox_0_393
RF_7/S_8                             63.3600      0.1     63.3600     0.0000  0.0000  SBox_0_392
RF_7/S_9                             63.3600      0.1     63.3600     0.0000  0.0000  SBox_0_391
RF_8                               1939.6787      3.1      0.0000     0.0000  0.0000  RoundFunction_0_0_24
RF_8/KA                             372.9600      0.6    372.9600     0.0000  0.0000  AddConstKey_0_0_24
RF_8/MC                             552.9599      0.9    552.9599     0.0000  0.0000  MixColumns_0_24
RF_8/SR                               0.0000      0.0      0.0000     0.0000  0.0000  ShiftRows_0_24
RF_8/S_0                             63.3600      0.1     63.3600     0.0000  0.0000  SBox_0_384
RF_8/S_1                             63.3600      0.1     63.3600     0.0000  0.0000  SBox_0_383
RF_8/S_10                            63.3600      0.1     63.3600     0.0000  0.0000  SBox_0_374
RF_8/S_11                            63.3600      0.1     63.3600     0.0000  0.0000  SBox_0_373
RF_8/S_12                            63.3600      0.1     63.3600     0.0000  0.0000  SBox_0_372
RF_8/S_13                            63.3600      0.1     63.3600     0.0000  0.0000  SBox_0_371
RF_8/S_14                            63.3600      0.1     63.3600     0.0000  0.0000  SBox_0_370
RF_8/S_15                            63.3600      0.1     63.3600     0.0000  0.0000  SBox_0_369
RF_8/S_2                             63.3600      0.1     63.3600     0.0000  0.0000  SBox_0_382
RF_8/S_3                             63.3600      0.1     63.3600     0.0000  0.0000  SBox_0_381
RF_8/S_4                             63.3600      0.1     63.3600     0.0000  0.0000  SBox_0_380
RF_8/S_5                             63.3600      0.1     63.3600     0.0000  0.0000  SBox_0_379
RF_8/S_6                             63.3600      0.1     63.3600     0.0000  0.0000  SBox_0_378
RF_8/S_7                             63.3600      0.1     63.3600     0.0000  0.0000  SBox_0_377
RF_8/S_8                             63.3600      0.1     63.3600     0.0000  0.0000  SBox_0_376
RF_8/S_9                             63.3600      0.1     63.3600     0.0000  0.0000  SBox_0_375
RF_9                               1939.6787      3.1      0.0000     0.0000  0.0000  RoundFunction_0_0_23
RF_9/KA                             372.9600      0.6    372.9600     0.0000  0.0000  AddConstKey_0_0_23
RF_9/MC                             552.9599      0.9    552.9599     0.0000  0.0000  MixColumns_0_23
RF_9/SR                               0.0000      0.0      0.0000     0.0000  0.0000  ShiftRows_0_23
RF_9/S_0                             63.3600      0.1     63.3600     0.0000  0.0000  SBox_0_368
RF_9/S_1                             63.3600      0.1     63.3600     0.0000  0.0000  SBox_0_367
RF_9/S_10                            63.3600      0.1     63.3600     0.0000  0.0000  SBox_0_358
RF_9/S_11                            63.3600      0.1     63.3600     0.0000  0.0000  SBox_0_357
RF_9/S_12                            63.3600      0.1     63.3600     0.0000  0.0000  SBox_0_356
RF_9/S_13                            63.3600      0.1     63.3600     0.0000  0.0000  SBox_0_355
RF_9/S_14                            63.3600      0.1     63.3600     0.0000  0.0000  SBox_0_354
RF_9/S_15                            63.3600      0.1     63.3600     0.0000  0.0000  SBox_0_353
RF_9/S_2                             63.3600      0.1     63.3600     0.0000  0.0000  SBox_0_366
RF_9/S_3                             63.3600      0.1     63.3600     0.0000  0.0000  SBox_0_365
RF_9/S_4                             63.3600      0.1     63.3600     0.0000  0.0000  SBox_0_364
RF_9/S_5                             63.3600      0.1     63.3600     0.0000  0.0000  SBox_0_363
RF_9/S_6                             63.3600      0.1     63.3600     0.0000  0.0000  SBox_0_362
RF_9/S_7                             63.3600      0.1     63.3600     0.0000  0.0000  SBox_0_361
RF_9/S_8                             63.3600      0.1     63.3600     0.0000  0.0000  SBox_0_360
RF_9/S_9                             63.3600      0.1     63.3600     0.0000  0.0000  SBox_0_359
--------------------------------  ----------  -------  ----------  ---------  ------  --------------------
Total                                                  62069.5547     0.0000  0.0000

1
