 
****************************************
Report : timing
        -path full
        -delay max
        -max_paths 1
        -sort_by group
Design : Skinny_1_1
Version: E-2010.12-SP2
Date   : Fri Jun 21 13:28:25 2019
****************************************

Operating Conditions: tt_1p2v_25c   Library: scx3_cmos8rf_lpvt_tt_1p2v_25c
Wire Load Model Mode: top

  Startpoint: PLAINTEXT[126]
              (input port)
  Endpoint: CIPHERTEXT[120]
            (output port)
  Path Group: (none)
  Path Type: max

  Point                                                   Incr       Path
  --------------------------------------------------------------------------
  input external delay                                    0.00       0.00 f
  PLAINTEXT[126] (in)                                     0.00       0.00 f
  RF_0/ROUND_IN[126] (RoundFunction_1_1_0)                0.00       0.00 f
  RF_0/S_15/X[6] (SBox_1_753)                             0.00       0.00 f
  RF_0/S_15/U13/Y (OAI31X1TS)                             0.43       0.43 r
  RF_0/S_15/U10/Y (OAI21X1TS)                             0.31       0.74 f
  RF_0/S_15/U9/Y (OAI31X1TS)                              0.23       0.97 r
  RF_0/S_15/U8/Y (OAI21X1TS)                              0.28       1.25 f
  RF_0/S_15/U7/Y (OAI31X1TS)                              0.17       1.42 r
  RF_0/S_15/U2/Y (OAI21X1TS)                              0.24       1.66 f
  RF_0/S_15/U1/Y (OAI31X1TS)                              0.11       1.77 r
  RF_0/S_15/Y[0] (SBox_1_753)                             0.00       1.77 r
  RF_0/KA/DATA_IN[120] (AddConstKey_1_1_0)                0.00       1.77 r
  RF_0/KA/U30/Y (XNOR2X1TS)                               0.27       2.03 f
  RF_0/KA/U31/Y (XOR2X1TS)                                0.33       2.37 r
  RF_0/KA/DATA_OUT[120] (AddConstKey_1_1_0)               0.00       2.37 r
  RF_0/SR/X[120] (ShiftRows_1_0)                          0.00       2.37 r
  RF_0/SR/Y[120] (ShiftRows_1_0)                          0.00       2.37 r
  RF_0/MC/X[120] (MixColumns_1_0)                         0.00       2.37 r
  RF_0/MC/U42/Y (XOR2X1TS)                                0.41       2.78 r
  RF_0/MC/U43/Y (XOR2X1TS)                                0.36       3.14 f
  RF_0/MC/Y[120] (MixColumns_1_0)                         0.00       3.14 f
  RF_0/ROUND_OUT[120] (RoundFunction_1_1_0)               0.00       3.14 f
  RF_1/ROUND_IN[120] (RoundFunction_1_1_47)               0.00       3.14 f
  RF_1/S_15/X[0] (SBox_1_737)                             0.00       3.14 f
  RF_1/S_15/U11/Y (OAI31X1TS)                             0.48       3.62 r
  RF_1/S_15/U10/Y (OAI21X1TS)                             0.28       3.90 f
  RF_1/S_15/U9/Y (OAI31X1TS)                              0.23       4.13 r
  RF_1/S_15/U8/Y (OAI21X1TS)                              0.28       4.41 f
  RF_1/S_15/U7/Y (OAI31X1TS)                              0.18       4.59 r
  RF_1/S_15/U2/Y (OAI21X1TS)                              0.24       4.83 f
  RF_1/S_15/U1/Y (OAI31X1TS)                              0.13       4.96 r
  RF_1/S_15/Y[0] (SBox_1_737)                             0.00       4.96 r
  RF_1/KA/DATA_IN[120] (AddConstKey_1_1_47)               0.00       4.96 r
  RF_1/KA/U30/Y (XNOR2X1TS)                               0.27       5.23 f
  RF_1/KA/U31/Y (XOR2X1TS)                                0.33       5.56 r
  RF_1/KA/DATA_OUT[120] (AddConstKey_1_1_47)              0.00       5.56 r
  RF_1/SR/X[120] (ShiftRows_1_47)                         0.00       5.56 r
  RF_1/SR/Y[120] (ShiftRows_1_47)                         0.00       5.56 r
  RF_1/MC/X[120] (MixColumns_1_47)                        0.00       5.56 r
  RF_1/MC/U42/Y (XOR2X1TS)                                0.41       5.97 r
  RF_1/MC/U43/Y (XOR2X1TS)                                0.36       6.33 f
  RF_1/MC/Y[120] (MixColumns_1_47)                        0.00       6.33 f
  RF_1/ROUND_OUT[120] (RoundFunction_1_1_47)              0.00       6.33 f
  RF_2/ROUND_IN[120] (RoundFunction_1_1_46)               0.00       6.33 f
  RF_2/S_15/X[0] (SBox_1_721)                             0.00       6.33 f
  RF_2/S_15/U11/Y (OAI31X1TS)                             0.48       6.82 r
  RF_2/S_15/U10/Y (OAI21X1TS)                             0.28       7.10 f
  RF_2/S_15/U9/Y (OAI31X1TS)                              0.23       7.33 r
  RF_2/S_15/U8/Y (OAI21X1TS)                              0.28       7.61 f
  RF_2/S_15/U7/Y (OAI31X1TS)                              0.18       7.78 r
  RF_2/S_15/U2/Y (OAI21X1TS)                              0.24       8.03 f
  RF_2/S_15/U1/Y (OAI31X1TS)                              0.13       8.16 r
  RF_2/S_15/Y[0] (SBox_1_721)                             0.00       8.16 r
  RF_2/KA/DATA_IN[120] (AddConstKey_1_1_46)               0.00       8.16 r
  RF_2/KA/U30/Y (XNOR2X1TS)                               0.27       8.42 f
  RF_2/KA/U31/Y (XOR2X1TS)                                0.33       8.76 r
  RF_2/KA/DATA_OUT[120] (AddConstKey_1_1_46)              0.00       8.76 r
  RF_2/SR/X[120] (ShiftRows_1_46)                         0.00       8.76 r
  RF_2/SR/Y[120] (ShiftRows_1_46)                         0.00       8.76 r
  RF_2/MC/X[120] (MixColumns_1_46)                        0.00       8.76 r
  RF_2/MC/U42/Y (XOR2X1TS)                                0.41       9.17 r
  RF_2/MC/U43/Y (XOR2X1TS)                                0.36       9.53 f
  RF_2/MC/Y[120] (MixColumns_1_46)                        0.00       9.53 f
  RF_2/ROUND_OUT[120] (RoundFunction_1_1_46)              0.00       9.53 f
  RF_3/ROUND_IN[120] (RoundFunction_1_1_45)               0.00       9.53 f
  RF_3/S_15/X[0] (SBox_1_705)                             0.00       9.53 f
  RF_3/S_15/U11/Y (OAI31X1TS)                             0.48      10.01 r
  RF_3/S_15/U10/Y (OAI21X1TS)                             0.28      10.29 f
  RF_3/S_15/U9/Y (OAI31X1TS)                              0.23      10.52 r
  RF_3/S_15/U8/Y (OAI21X1TS)                              0.28      10.80 f
  RF_3/S_15/U7/Y (OAI31X1TS)                              0.18      10.98 r
  RF_3/S_15/U2/Y (OAI21X1TS)                              0.24      11.22 f
  RF_3/S_15/U1/Y (OAI31X1TS)                              0.13      11.35 r
  RF_3/S_15/Y[0] (SBox_1_705)                             0.00      11.35 r
  RF_3/KA/DATA_IN[120] (AddConstKey_1_1_45)               0.00      11.35 r
  RF_3/KA/U34/Y (XNOR2X1TS)                               0.27      11.62 f
  RF_3/KA/U35/Y (XOR2X1TS)                                0.33      11.95 r
  RF_3/KA/DATA_OUT[120] (AddConstKey_1_1_45)              0.00      11.95 r
  RF_3/SR/X[120] (ShiftRows_1_45)                         0.00      11.95 r
  RF_3/SR/Y[120] (ShiftRows_1_45)                         0.00      11.95 r
  RF_3/MC/X[120] (MixColumns_1_45)                        0.00      11.95 r
  RF_3/MC/U42/Y (XOR2X1TS)                                0.41      12.36 r
  RF_3/MC/U43/Y (XOR2X1TS)                                0.36      12.72 f
  RF_3/MC/Y[120] (MixColumns_1_45)                        0.00      12.72 f
  RF_3/ROUND_OUT[120] (RoundFunction_1_1_45)              0.00      12.72 f
  RF_4/ROUND_IN[120] (RoundFunction_1_1_44)               0.00      12.72 f
  RF_4/S_15/X[0] (SBox_1_689)                             0.00      12.72 f
  RF_4/S_15/U11/Y (OAI31X1TS)                             0.48      13.21 r
  RF_4/S_15/U10/Y (OAI21X1TS)                             0.28      13.49 f
  RF_4/S_15/U9/Y (OAI31X1TS)                              0.23      13.72 r
  RF_4/S_15/U8/Y (OAI21X1TS)                              0.28      14.00 f
  RF_4/S_15/U7/Y (OAI31X1TS)                              0.18      14.17 r
  RF_4/S_15/U2/Y (OAI21X1TS)                              0.24      14.42 f
  RF_4/S_15/U1/Y (OAI31X1TS)                              0.13      14.55 r
  RF_4/S_15/Y[0] (SBox_1_689)                             0.00      14.55 r
  RF_4/KA/DATA_IN[120] (AddConstKey_1_1_44)               0.00      14.55 r
  RF_4/KA/U34/Y (XNOR2X1TS)                               0.27      14.81 f
  RF_4/KA/U35/Y (XOR2X1TS)                                0.33      15.14 r
  RF_4/KA/DATA_OUT[120] (AddConstKey_1_1_44)              0.00      15.14 r
  RF_4/SR/X[120] (ShiftRows_1_44)                         0.00      15.14 r
  RF_4/SR/Y[120] (ShiftRows_1_44)                         0.00      15.14 r
  RF_4/MC/X[120] (MixColumns_1_44)                        0.00      15.14 r
  RF_4/MC/U42/Y (XOR2X1TS)                                0.41      15.56 r
  RF_4/MC/U43/Y (XOR2X1TS)                                0.36      15.92 f
  RF_4/MC/Y[120] (MixColumns_1_44)                        0.00      15.92 f
  RF_4/ROUND_OUT[120] (RoundFunction_1_1_44)              0.00      15.92 f
  RF_5/ROUND_IN[120] (RoundFunction_1_1_43)               0.00      15.92 f
  RF_5/S_15/X[0] (SBox_1_673)                             0.00      15.92 f
  RF_5/S_15/U11/Y (OAI31X1TS)                             0.48      16.40 r
  RF_5/S_15/U10/Y (OAI21X1TS)                             0.28      16.68 f
  RF_5/S_15/U9/Y (OAI31X1TS)                              0.23      16.91 r
  RF_5/S_15/U8/Y (OAI21X1TS)                              0.28      17.19 f
  RF_5/S_15/U7/Y (OAI31X1TS)                              0.18      17.37 r
  RF_5/S_15/U2/Y (OAI21X1TS)                              0.24      17.61 f
  RF_5/S_15/U1/Y (OAI31X1TS)                              0.13      17.74 r
  RF_5/S_15/Y[0] (SBox_1_673)                             0.00      17.74 r
  RF_5/KA/DATA_IN[120] (AddConstKey_1_1_43)               0.00      17.74 r
  RF_5/KA/U38/Y (XOR2X1TS)                                0.28      18.02 r
  RF_5/KA/U39/Y (XOR2X1TS)                                0.37      18.39 r
  RF_5/KA/DATA_OUT[120] (AddConstKey_1_1_43)              0.00      18.39 r
  RF_5/SR/X[120] (ShiftRows_1_43)                         0.00      18.39 r
  RF_5/SR/Y[120] (ShiftRows_1_43)                         0.00      18.39 r
  RF_5/MC/X[120] (MixColumns_1_43)                        0.00      18.39 r
  RF_5/MC/U42/Y (XOR2X1TS)                                0.41      18.80 r
  RF_5/MC/U43/Y (XOR2X1TS)                                0.36      19.16 f
  RF_5/MC/Y[120] (MixColumns_1_43)                        0.00      19.16 f
  RF_5/ROUND_OUT[120] (RoundFunction_1_1_43)              0.00      19.16 f
  RF_6/ROUND_IN[120] (RoundFunction_1_1_42)               0.00      19.16 f
  RF_6/S_15/X[0] (SBox_1_657)                             0.00      19.16 f
  RF_6/S_15/U11/Y (OAI31X1TS)                             0.48      19.65 r
  RF_6/S_15/U10/Y (OAI21X1TS)                             0.28      19.93 f
  RF_6/S_15/U9/Y (OAI31X1TS)                              0.23      20.16 r
  RF_6/S_15/U8/Y (OAI21X1TS)                              0.28      20.44 f
  RF_6/S_15/U7/Y (OAI31X1TS)                              0.18      20.61 r
  RF_6/S_15/U2/Y (OAI21X1TS)                              0.24      20.85 f
  RF_6/S_15/U1/Y (OAI31X1TS)                              0.13      20.98 r
  RF_6/S_15/Y[0] (SBox_1_657)                             0.00      20.98 r
  RF_6/KA/DATA_IN[120] (AddConstKey_1_1_42)               0.00      20.98 r
  RF_6/KA/U38/Y (XNOR2X1TS)                               0.27      21.25 f
  RF_6/KA/U39/Y (XOR2X1TS)                                0.33      21.58 r
  RF_6/KA/DATA_OUT[120] (AddConstKey_1_1_42)              0.00      21.58 r
  RF_6/SR/X[120] (ShiftRows_1_42)                         0.00      21.58 r
  RF_6/SR/Y[120] (ShiftRows_1_42)                         0.00      21.58 r
  RF_6/MC/X[120] (MixColumns_1_42)                        0.00      21.58 r
  RF_6/MC/U42/Y (XOR2X1TS)                                0.41      21.99 r
  RF_6/MC/U43/Y (XOR2X1TS)                                0.36      22.36 f
  RF_6/MC/Y[120] (MixColumns_1_42)                        0.00      22.36 f
  RF_6/ROUND_OUT[120] (RoundFunction_1_1_42)              0.00      22.36 f
  RF_7/ROUND_IN[120] (RoundFunction_1_1_41)               0.00      22.36 f
  RF_7/S_15/X[0] (SBox_1_641)                             0.00      22.36 f
  RF_7/S_15/U11/Y (OAI31X1TS)                             0.48      22.84 r
  RF_7/S_15/U10/Y (OAI21X1TS)                             0.28      23.12 f
  RF_7/S_15/U9/Y (OAI31X1TS)                              0.23      23.35 r
  RF_7/S_15/U8/Y (OAI21X1TS)                              0.28      23.63 f
  RF_7/S_15/U7/Y (OAI31X1TS)                              0.18      23.81 r
  RF_7/S_15/U2/Y (OAI21X1TS)                              0.24      24.05 f
  RF_7/S_15/U1/Y (OAI31X1TS)                              0.13      24.18 r
  RF_7/S_15/Y[0] (SBox_1_641)                             0.00      24.18 r
  RF_7/KA/DATA_IN[120] (AddConstKey_1_1_41)               0.00      24.18 r
  RF_7/KA/U38/Y (XNOR2X1TS)                               0.27      24.45 f
  RF_7/KA/U39/Y (XOR2X1TS)                                0.33      24.78 r
  RF_7/KA/DATA_OUT[120] (AddConstKey_1_1_41)              0.00      24.78 r
  RF_7/SR/X[120] (ShiftRows_1_41)                         0.00      24.78 r
  RF_7/SR/Y[120] (ShiftRows_1_41)                         0.00      24.78 r
  RF_7/MC/X[120] (MixColumns_1_41)                        0.00      24.78 r
  RF_7/MC/U42/Y (XOR2X1TS)                                0.41      25.19 r
  RF_7/MC/U43/Y (XOR2X1TS)                                0.36      25.55 f
  RF_7/MC/Y[120] (MixColumns_1_41)                        0.00      25.55 f
  RF_7/ROUND_OUT[120] (RoundFunction_1_1_41)              0.00      25.55 f
  RF_8/ROUND_IN[120] (RoundFunction_1_1_40)               0.00      25.55 f
  RF_8/S_15/X[0] (SBox_1_625)                             0.00      25.55 f
  RF_8/S_15/U11/Y (OAI31X1TS)                             0.48      26.03 r
  RF_8/S_15/U10/Y (OAI21X1TS)                             0.28      26.31 f
  RF_8/S_15/U9/Y (OAI31X1TS)                              0.23      26.54 r
  RF_8/S_15/U8/Y (OAI21X1TS)                              0.28      26.82 f
  RF_8/S_15/U7/Y (OAI31X1TS)                              0.18      27.00 r
  RF_8/S_15/U2/Y (OAI21X1TS)                              0.24      27.24 f
  RF_8/S_15/U1/Y (OAI31X1TS)                              0.13      27.37 r
  RF_8/S_15/Y[0] (SBox_1_625)                             0.00      27.37 r
  RF_8/KA/DATA_IN[120] (AddConstKey_1_1_40)               0.00      27.37 r
  RF_8/KA/U38/Y (XNOR2X1TS)                               0.27      27.64 f
  RF_8/KA/U39/Y (XOR2X1TS)                                0.33      27.97 r
  RF_8/KA/DATA_OUT[120] (AddConstKey_1_1_40)              0.00      27.97 r
  RF_8/SR/X[120] (ShiftRows_1_40)                         0.00      27.97 r
  RF_8/SR/Y[120] (ShiftRows_1_40)                         0.00      27.97 r
  RF_8/MC/X[120] (MixColumns_1_40)                        0.00      27.97 r
  RF_8/MC/U42/Y (XOR2X1TS)                                0.41      28.38 r
  RF_8/MC/U43/Y (XOR2X1TS)                                0.36      28.74 f
  RF_8/MC/Y[120] (MixColumns_1_40)                        0.00      28.74 f
  RF_8/ROUND_OUT[120] (RoundFunction_1_1_40)              0.00      28.74 f
  RF_9/ROUND_IN[120] (RoundFunction_1_1_39)               0.00      28.74 f
  RF_9/S_15/X[0] (SBox_1_609)                             0.00      28.74 f
  RF_9/S_15/U11/Y (OAI31X1TS)                             0.48      29.23 r
  RF_9/S_15/U10/Y (OAI21X1TS)                             0.28      29.51 f
  RF_9/S_15/U9/Y (OAI31X1TS)                              0.23      29.74 r
  RF_9/S_15/U8/Y (OAI21X1TS)                              0.28      30.02 f
  RF_9/S_15/U7/Y (OAI31X1TS)                              0.18      30.20 r
  RF_9/S_15/U2/Y (OAI21X1TS)                              0.24      30.44 f
  RF_9/S_15/U1/Y (OAI31X1TS)                              0.13      30.57 r
  RF_9/S_15/Y[0] (SBox_1_609)                             0.00      30.57 r
  RF_9/KA/DATA_IN[120] (AddConstKey_1_1_39)               0.00      30.57 r
  RF_9/KA/U38/Y (XNOR2X1TS)                               0.27      30.83 f
  RF_9/KA/U39/Y (XOR2X1TS)                                0.33      31.17 r
  RF_9/KA/DATA_OUT[120] (AddConstKey_1_1_39)              0.00      31.17 r
  RF_9/SR/X[120] (ShiftRows_1_39)                         0.00      31.17 r
  RF_9/SR/Y[120] (ShiftRows_1_39)                         0.00      31.17 r
  RF_9/MC/X[120] (MixColumns_1_39)                        0.00      31.17 r
  RF_9/MC/U42/Y (XOR2X1TS)                                0.41      31.58 r
  RF_9/MC/U43/Y (XOR2X1TS)                                0.36      31.94 f
  RF_9/MC/Y[120] (MixColumns_1_39)                        0.00      31.94 f
  RF_9/ROUND_OUT[120] (RoundFunction_1_1_39)              0.00      31.94 f
  RF_10/ROUND_IN[120] (RoundFunction_1_1_38)              0.00      31.94 f
  RF_10/S_15/X[0] (SBox_1_593)                            0.00      31.94 f
  RF_10/S_15/U11/Y (OAI31X1TS)                            0.48      32.42 r
  RF_10/S_15/U10/Y (OAI21X1TS)                            0.28      32.70 f
  RF_10/S_15/U9/Y (OAI31X1TS)                             0.23      32.93 r
  RF_10/S_15/U8/Y (OAI21X1TS)                             0.28      33.21 f
  RF_10/S_15/U7/Y (OAI31X1TS)                             0.18      33.39 r
  RF_10/S_15/U2/Y (OAI21X1TS)                             0.24      33.63 f
  RF_10/S_15/U1/Y (OAI31X1TS)                             0.13      33.76 r
  RF_10/S_15/Y[0] (SBox_1_593)                            0.00      33.76 r
  RF_10/KA/DATA_IN[120] (AddConstKey_1_1_38)              0.00      33.76 r
  RF_10/KA/U38/Y (XOR2X1TS)                               0.28      34.04 r
  RF_10/KA/U39/Y (XOR2X1TS)                               0.37      34.41 r
  RF_10/KA/DATA_OUT[120] (AddConstKey_1_1_38)             0.00      34.41 r
  RF_10/SR/X[120] (ShiftRows_1_38)                        0.00      34.41 r
  RF_10/SR/Y[120] (ShiftRows_1_38)                        0.00      34.41 r
  RF_10/MC/X[120] (MixColumns_1_38)                       0.00      34.41 r
  RF_10/MC/U42/Y (XOR2X1TS)                               0.41      34.82 r
  RF_10/MC/U43/Y (XOR2X1TS)                               0.36      35.18 f
  RF_10/MC/Y[120] (MixColumns_1_38)                       0.00      35.18 f
  RF_10/ROUND_OUT[120] (RoundFunction_1_1_38)             0.00      35.18 f
  RF_11/ROUND_IN[120] (RoundFunction_1_1_37)              0.00      35.18 f
  RF_11/S_15/X[0] (SBox_1_577)                            0.00      35.18 f
  RF_11/S_15/U11/Y (OAI31X1TS)                            0.48      35.67 r
  RF_11/S_15/U10/Y (OAI21X1TS)                            0.28      35.95 f
  RF_11/S_15/U9/Y (OAI31X1TS)                             0.23      36.18 r
  RF_11/S_15/U8/Y (OAI21X1TS)                             0.28      36.46 f
  RF_11/S_15/U7/Y (OAI31X1TS)                             0.18      36.63 r
  RF_11/S_15/U2/Y (OAI21X1TS)                             0.24      36.87 f
  RF_11/S_15/U1/Y (OAI31X1TS)                             0.13      37.00 r
  RF_11/S_15/Y[0] (SBox_1_577)                            0.00      37.00 r
  RF_11/KA/DATA_IN[120] (AddConstKey_1_1_37)              0.00      37.00 r
  RF_11/KA/U38/Y (XOR2X1TS)                               0.28      37.29 r
  RF_11/KA/U39/Y (XOR2X1TS)                               0.37      37.65 r
  RF_11/KA/DATA_OUT[120] (AddConstKey_1_1_37)             0.00      37.65 r
  RF_11/SR/X[120] (ShiftRows_1_37)                        0.00      37.65 r
  RF_11/SR/Y[120] (ShiftRows_1_37)                        0.00      37.65 r
  RF_11/MC/X[120] (MixColumns_1_37)                       0.00      37.65 r
  RF_11/MC/U42/Y (XOR2X1TS)                               0.41      38.07 r
  RF_11/MC/U43/Y (XOR2X1TS)                               0.36      38.43 f
  RF_11/MC/Y[120] (MixColumns_1_37)                       0.00      38.43 f
  RF_11/ROUND_OUT[120] (RoundFunction_1_1_37)             0.00      38.43 f
  RF_12/ROUND_IN[120] (RoundFunction_1_1_36)              0.00      38.43 f
  RF_12/S_15/X[0] (SBox_1_561)                            0.00      38.43 f
  RF_12/S_15/U11/Y (OAI31X1TS)                            0.48      38.91 r
  RF_12/S_15/U10/Y (OAI21X1TS)                            0.28      39.19 f
  RF_12/S_15/U9/Y (OAI31X1TS)                             0.23      39.42 r
  RF_12/S_15/U8/Y (OAI21X1TS)                             0.28      39.70 f
  RF_12/S_15/U7/Y (OAI31X1TS)                             0.18      39.88 r
  RF_12/S_15/U2/Y (OAI21X1TS)                             0.24      40.12 f
  RF_12/S_15/U1/Y (OAI31X1TS)                             0.13      40.25 r
  RF_12/S_15/Y[0] (SBox_1_561)                            0.00      40.25 r
  RF_12/KA/DATA_IN[120] (AddConstKey_1_1_36)              0.00      40.25 r
  RF_12/KA/U38/Y (XNOR2X1TS)                              0.27      40.52 f
  RF_12/KA/U39/Y (XOR2X1TS)                               0.33      40.85 r
  RF_12/KA/DATA_OUT[120] (AddConstKey_1_1_36)             0.00      40.85 r
  RF_12/SR/X[120] (ShiftRows_1_36)                        0.00      40.85 r
  RF_12/SR/Y[120] (ShiftRows_1_36)                        0.00      40.85 r
  RF_12/MC/X[120] (MixColumns_1_36)                       0.00      40.85 r
  RF_12/MC/U42/Y (XOR2X1TS)                               0.41      41.26 r
  RF_12/MC/U43/Y (XOR2X1TS)                               0.36      41.62 f
  RF_12/MC/Y[120] (MixColumns_1_36)                       0.00      41.62 f
  RF_12/ROUND_OUT[120] (RoundFunction_1_1_36)             0.00      41.62 f
  RF_13/ROUND_IN[120] (RoundFunction_1_1_35)              0.00      41.62 f
  RF_13/S_15/X[0] (SBox_1_545)                            0.00      41.62 f
  RF_13/S_15/U11/Y (OAI31X1TS)                            0.48      42.10 r
  RF_13/S_15/U10/Y (OAI21X1TS)                            0.28      42.38 f
  RF_13/S_15/U9/Y (OAI31X1TS)                             0.23      42.61 r
  RF_13/S_15/U8/Y (OAI21X1TS)                             0.28      42.89 f
  RF_13/S_15/U7/Y (OAI31X1TS)                             0.18      43.07 r
  RF_13/S_15/U2/Y (OAI21X1TS)                             0.24      43.31 f
  RF_13/S_15/U1/Y (OAI31X1TS)                             0.13      43.44 r
  RF_13/S_15/Y[0] (SBox_1_545)                            0.00      43.44 r
  RF_13/KA/DATA_IN[120] (AddConstKey_1_1_35)              0.00      43.44 r
  RF_13/KA/U30/Y (XNOR2X1TS)                              0.27      43.71 f
  RF_13/KA/U31/Y (XOR2X1TS)                               0.33      44.04 r
  RF_13/KA/DATA_OUT[120] (AddConstKey_1_1_35)             0.00      44.04 r
  RF_13/SR/X[120] (ShiftRows_1_35)                        0.00      44.04 r
  RF_13/SR/Y[120] (ShiftRows_1_35)                        0.00      44.04 r
  RF_13/MC/X[120] (MixColumns_1_35)                       0.00      44.04 r
  RF_13/MC/U42/Y (XOR2X1TS)                               0.41      44.45 r
  RF_13/MC/U43/Y (XOR2X1TS)                               0.36      44.82 f
  RF_13/MC/Y[120] (MixColumns_1_35)                       0.00      44.82 f
  RF_13/ROUND_OUT[120] (RoundFunction_1_1_35)             0.00      44.82 f
  RF_14/ROUND_IN[120] (RoundFunction_1_1_34)              0.00      44.82 f
  RF_14/S_15/X[0] (SBox_1_529)                            0.00      44.82 f
  RF_14/S_15/U11/Y (OAI31X1TS)                            0.48      45.30 r
  RF_14/S_15/U10/Y (OAI21X1TS)                            0.28      45.58 f
  RF_14/S_15/U9/Y (OAI31X1TS)                             0.23      45.81 r
  RF_14/S_15/U8/Y (OAI21X1TS)                             0.28      46.09 f
  RF_14/S_15/U7/Y (OAI31X1TS)                             0.18      46.27 r
  RF_14/S_15/U2/Y (OAI21X1TS)                             0.24      46.51 f
  RF_14/S_15/U1/Y (OAI31X1TS)                             0.13      46.64 r
  RF_14/S_15/Y[0] (SBox_1_529)                            0.00      46.64 r
  RF_14/KA/DATA_IN[120] (AddConstKey_1_1_34)              0.00      46.64 r
  RF_14/KA/U30/Y (XNOR2X1TS)                              0.27      46.90 f
  RF_14/KA/U31/Y (XOR2X1TS)                               0.33      47.24 r
  RF_14/KA/DATA_OUT[120] (AddConstKey_1_1_34)             0.00      47.24 r
  RF_14/SR/X[120] (ShiftRows_1_34)                        0.00      47.24 r
  RF_14/SR/Y[120] (ShiftRows_1_34)                        0.00      47.24 r
  RF_14/MC/X[120] (MixColumns_1_34)                       0.00      47.24 r
  RF_14/MC/U42/Y (XOR2X1TS)                               0.41      47.65 r
  RF_14/MC/U43/Y (XOR2X1TS)                               0.36      48.01 f
  RF_14/MC/Y[120] (MixColumns_1_34)                       0.00      48.01 f
  RF_14/ROUND_OUT[120] (RoundFunction_1_1_34)             0.00      48.01 f
  RF_15/ROUND_IN[120] (RoundFunction_1_1_33)              0.00      48.01 f
  RF_15/S_15/X[0] (SBox_1_513)                            0.00      48.01 f
  RF_15/S_15/U11/Y (OAI31X1TS)                            0.48      48.49 r
  RF_15/S_15/U10/Y (OAI21X1TS)                            0.28      48.77 f
  RF_15/S_15/U9/Y (OAI31X1TS)                             0.23      49.00 r
  RF_15/S_15/U8/Y (OAI21X1TS)                             0.28      49.28 f
  RF_15/S_15/U7/Y (OAI31X1TS)                             0.18      49.46 r
  RF_15/S_15/U2/Y (OAI21X1TS)                             0.24      49.70 f
  RF_15/S_15/U1/Y (OAI31X1TS)                             0.13      49.83 r
  RF_15/S_15/Y[0] (SBox_1_513)                            0.00      49.83 r
  RF_15/KA/DATA_IN[120] (AddConstKey_1_1_33)              0.00      49.83 r
  RF_15/KA/U30/Y (XOR2X1TS)                               0.28      50.11 r
  RF_15/KA/U31/Y (XOR2X1TS)                               0.37      50.48 r
  RF_15/KA/DATA_OUT[120] (AddConstKey_1_1_33)             0.00      50.48 r
  RF_15/SR/X[120] (ShiftRows_1_33)                        0.00      50.48 r
  RF_15/SR/Y[120] (ShiftRows_1_33)                        0.00      50.48 r
  RF_15/MC/X[120] (MixColumns_1_33)                       0.00      50.48 r
  RF_15/MC/U42/Y (XOR2X1TS)                               0.41      50.89 r
  RF_15/MC/U43/Y (XOR2X1TS)                               0.36      51.26 f
  RF_15/MC/Y[120] (MixColumns_1_33)                       0.00      51.26 f
  RF_15/ROUND_OUT[120] (RoundFunction_1_1_33)             0.00      51.26 f
  RF_16/ROUND_IN[120] (RoundFunction_1_1_32)              0.00      51.26 f
  RF_16/S_15/X[0] (SBox_1_497)                            0.00      51.26 f
  RF_16/S_15/U11/Y (OAI31X1TS)                            0.48      51.74 r
  RF_16/S_15/U10/Y (OAI21X1TS)                            0.28      52.02 f
  RF_16/S_15/U9/Y (OAI31X1TS)                             0.23      52.25 r
  RF_16/S_15/U8/Y (OAI21X1TS)                             0.28      52.53 f
  RF_16/S_15/U7/Y (OAI31X1TS)                             0.18      52.71 r
  RF_16/S_15/U2/Y (OAI21X1TS)                             0.24      52.95 f
  RF_16/S_15/U1/Y (OAI31X1TS)                             0.13      53.08 r
  RF_16/S_15/Y[0] (SBox_1_497)                            0.00      53.08 r
  RF_16/KA/DATA_IN[120] (AddConstKey_1_1_32)              0.00      53.08 r
  RF_16/KA/U30/Y (XNOR2X1TS)                              0.27      53.34 f
  RF_16/KA/U31/Y (XOR2X1TS)                               0.33      53.67 r
  RF_16/KA/DATA_OUT[120] (AddConstKey_1_1_32)             0.00      53.67 r
  RF_16/SR/X[120] (ShiftRows_1_32)                        0.00      53.67 r
  RF_16/SR/Y[120] (ShiftRows_1_32)                        0.00      53.67 r
  RF_16/MC/X[120] (MixColumns_1_32)                       0.00      53.67 r
  RF_16/MC/U42/Y (XOR2X1TS)                               0.41      54.09 r
  RF_16/MC/U43/Y (XOR2X1TS)                               0.36      54.45 f
  RF_16/MC/Y[120] (MixColumns_1_32)                       0.00      54.45 f
  RF_16/ROUND_OUT[120] (RoundFunction_1_1_32)             0.00      54.45 f
  RF_17/ROUND_IN[120] (RoundFunction_1_1_31)              0.00      54.45 f
  RF_17/S_15/X[0] (SBox_1_481)                            0.00      54.45 f
  RF_17/S_15/U11/Y (OAI31X1TS)                            0.48      54.93 r
  RF_17/S_15/U10/Y (OAI21X1TS)                            0.28      55.21 f
  RF_17/S_15/U9/Y (OAI31X1TS)                             0.23      55.44 r
  RF_17/S_15/U8/Y (OAI21X1TS)                             0.28      55.72 f
  RF_17/S_15/U7/Y (OAI31X1TS)                             0.18      55.90 r
  RF_17/S_15/U2/Y (OAI21X1TS)                             0.24      56.14 f
  RF_17/S_15/U1/Y (OAI31X1TS)                             0.13      56.27 r
  RF_17/S_15/Y[0] (SBox_1_481)                            0.00      56.27 r
  RF_17/KA/DATA_IN[120] (AddConstKey_1_1_31)              0.00      56.27 r
  RF_17/KA/U30/Y (XOR2X1TS)                               0.28      56.55 r
  RF_17/KA/U31/Y (XOR2X1TS)                               0.37      56.92 r
  RF_17/KA/DATA_OUT[120] (AddConstKey_1_1_31)             0.00      56.92 r
  RF_17/SR/X[120] (ShiftRows_1_31)                        0.00      56.92 r
  RF_17/SR/Y[120] (ShiftRows_1_31)                        0.00      56.92 r
  RF_17/MC/X[120] (MixColumns_1_31)                       0.00      56.92 r
  RF_17/MC/U42/Y (XOR2X1TS)                               0.41      57.33 r
  RF_17/MC/U43/Y (XOR2X1TS)                               0.36      57.69 f
  RF_17/MC/Y[120] (MixColumns_1_31)                       0.00      57.69 f
  RF_17/ROUND_OUT[120] (RoundFunction_1_1_31)             0.00      57.69 f
  RF_18/ROUND_IN[120] (RoundFunction_1_1_30)              0.00      57.69 f
  RF_18/S_15/X[0] (SBox_1_465)                            0.00      57.69 f
  RF_18/S_15/U11/Y (OAI31X1TS)                            0.48      58.18 r
  RF_18/S_15/U10/Y (OAI21X1TS)                            0.28      58.46 f
  RF_18/S_15/U9/Y (OAI31X1TS)                             0.23      58.69 r
  RF_18/S_15/U8/Y (OAI21X1TS)                             0.28      58.97 f
  RF_18/S_15/U7/Y (OAI31X1TS)                             0.18      59.14 r
  RF_18/S_15/U2/Y (OAI21X1TS)                             0.24      59.38 f
  RF_18/S_15/U1/Y (OAI31X1TS)                             0.13      59.51 r
  RF_18/S_15/Y[0] (SBox_1_465)                            0.00      59.51 r
  RF_18/KA/DATA_IN[120] (AddConstKey_1_1_30)              0.00      59.51 r
  RF_18/KA/U30/Y (XNOR2X1TS)                              0.27      59.78 f
  RF_18/KA/U31/Y (XOR2X1TS)                               0.33      60.11 r
  RF_18/KA/DATA_OUT[120] (AddConstKey_1_1_30)             0.00      60.11 r
  RF_18/SR/X[120] (ShiftRows_1_30)                        0.00      60.11 r
  RF_18/SR/Y[120] (ShiftRows_1_30)                        0.00      60.11 r
  RF_18/MC/X[120] (MixColumns_1_30)                       0.00      60.11 r
  RF_18/MC/U42/Y (XOR2X1TS)                               0.41      60.52 r
  RF_18/MC/U43/Y (XOR2X1TS)                               0.36      60.89 f
  RF_18/MC/Y[120] (MixColumns_1_30)                       0.00      60.89 f
  RF_18/ROUND_OUT[120] (RoundFunction_1_1_30)             0.00      60.89 f
  RF_19/ROUND_IN[120] (RoundFunction_1_1_29)              0.00      60.89 f
  RF_19/S_15/X[0] (SBox_1_449)                            0.00      60.89 f
  RF_19/S_15/U11/Y (OAI31X1TS)                            0.48      61.37 r
  RF_19/S_15/U10/Y (OAI21X1TS)                            0.28      61.65 f
  RF_19/S_15/U9/Y (OAI31X1TS)                             0.23      61.88 r
  RF_19/S_15/U8/Y (OAI21X1TS)                             0.28      62.16 f
  RF_19/S_15/U7/Y (OAI31X1TS)                             0.18      62.34 r
  RF_19/S_15/U2/Y (OAI21X1TS)                             0.24      62.58 f
  RF_19/S_15/U1/Y (OAI31X1TS)                             0.13      62.71 r
  RF_19/S_15/Y[0] (SBox_1_449)                            0.00      62.71 r
  RF_19/KA/DATA_IN[120] (AddConstKey_1_1_29)              0.00      62.71 r
  RF_19/KA/U34/Y (XNOR2X1TS)                              0.27      62.98 f
  RF_19/KA/U35/Y (XOR2X1TS)                               0.33      63.31 r
  RF_19/KA/DATA_OUT[120] (AddConstKey_1_1_29)             0.00      63.31 r
  RF_19/SR/X[120] (ShiftRows_1_29)                        0.00      63.31 r
  RF_19/SR/Y[120] (ShiftRows_1_29)                        0.00      63.31 r
  RF_19/MC/X[120] (MixColumns_1_29)                       0.00      63.31 r
  RF_19/MC/U42/Y (XOR2X1TS)                               0.41      63.72 r
  RF_19/MC/U43/Y (XOR2X1TS)                               0.36      64.08 f
  RF_19/MC/Y[120] (MixColumns_1_29)                       0.00      64.08 f
  RF_19/ROUND_OUT[120] (RoundFunction_1_1_29)             0.00      64.08 f
  RF_20/ROUND_IN[120] (RoundFunction_1_1_28)              0.00      64.08 f
  RF_20/S_15/X[0] (SBox_1_433)                            0.00      64.08 f
  RF_20/S_15/U11/Y (OAI31X1TS)                            0.48      64.57 r
  RF_20/S_15/U10/Y (OAI21X1TS)                            0.28      64.85 f
  RF_20/S_15/U9/Y (OAI31X1TS)                             0.23      65.07 r
  RF_20/S_15/U8/Y (OAI21X1TS)                             0.28      65.35 f
  RF_20/S_15/U7/Y (OAI31X1TS)                             0.18      65.53 r
  RF_20/S_15/U2/Y (OAI21X1TS)                             0.24      65.77 f
  RF_20/S_15/U1/Y (OAI31X1TS)                             0.13      65.90 r
  RF_20/S_15/Y[0] (SBox_1_433)                            0.00      65.90 r
  RF_20/KA/DATA_IN[120] (AddConstKey_1_1_28)              0.00      65.90 r
  RF_20/KA/U34/Y (XOR2X1TS)                               0.28      66.18 r
  RF_20/KA/U35/Y (XOR2X1TS)                               0.37      66.55 r
  RF_20/KA/DATA_OUT[120] (AddConstKey_1_1_28)             0.00      66.55 r
  RF_20/SR/X[120] (ShiftRows_1_28)                        0.00      66.55 r
  RF_20/SR/Y[120] (ShiftRows_1_28)                        0.00      66.55 r
  RF_20/MC/X[120] (MixColumns_1_28)                       0.00      66.55 r
  RF_20/MC/U42/Y (XOR2X1TS)                               0.41      66.96 r
  RF_20/MC/U43/Y (XOR2X1TS)                               0.36      67.33 f
  RF_20/MC/Y[120] (MixColumns_1_28)                       0.00      67.33 f
  RF_20/ROUND_OUT[120] (RoundFunction_1_1_28)             0.00      67.33 f
  RF_21/ROUND_IN[120] (RoundFunction_1_1_27)              0.00      67.33 f
  RF_21/S_15/X[0] (SBox_1_417)                            0.00      67.33 f
  RF_21/S_15/U11/Y (OAI31X1TS)                            0.48      67.81 r
  RF_21/S_15/U10/Y (OAI21X1TS)                            0.28      68.09 f
  RF_21/S_15/U9/Y (OAI31X1TS)                             0.23      68.32 r
  RF_21/S_15/U8/Y (OAI21X1TS)                             0.28      68.60 f
  RF_21/S_15/U7/Y (OAI31X1TS)                             0.18      68.78 r
  RF_21/S_15/U2/Y (OAI21X1TS)                             0.24      69.02 f
  RF_21/S_15/U1/Y (OAI31X1TS)                             0.13      69.15 r
  RF_21/S_15/Y[0] (SBox_1_417)                            0.00      69.15 r
  RF_21/KA/DATA_IN[120] (AddConstKey_1_1_27)              0.00      69.15 r
  RF_21/KA/U38/Y (XOR2X1TS)                               0.28      69.43 r
  RF_21/KA/U39/Y (XOR2X1TS)                               0.37      69.80 r
  RF_21/KA/DATA_OUT[120] (AddConstKey_1_1_27)             0.00      69.80 r
  RF_21/SR/X[120] (ShiftRows_1_27)                        0.00      69.80 r
  RF_21/SR/Y[120] (ShiftRows_1_27)                        0.00      69.80 r
  RF_21/MC/X[120] (MixColumns_1_27)                       0.00      69.80 r
  RF_21/MC/U42/Y (XOR2X1TS)                               0.41      70.21 r
  RF_21/MC/U43/Y (XOR2X1TS)                               0.36      70.57 f
  RF_21/MC/Y[120] (MixColumns_1_27)                       0.00      70.57 f
  RF_21/ROUND_OUT[120] (RoundFunction_1_1_27)             0.00      70.57 f
  RF_22/ROUND_IN[120] (RoundFunction_1_1_26)              0.00      70.57 f
  RF_22/S_15/X[0] (SBox_1_401)                            0.00      70.57 f
  RF_22/S_15/U11/Y (OAI31X1TS)                            0.48      71.05 r
  RF_22/S_15/U10/Y (OAI21X1TS)                            0.28      71.33 f
  RF_22/S_15/U9/Y (OAI31X1TS)                             0.23      71.56 r
  RF_22/S_15/U8/Y (OAI21X1TS)                             0.28      71.84 f
  RF_22/S_15/U7/Y (OAI31X1TS)                             0.18      72.02 r
  RF_22/S_15/U2/Y (OAI21X1TS)                             0.24      72.26 f
  RF_22/S_15/U1/Y (OAI31X1TS)                             0.13      72.39 r
  RF_22/S_15/Y[0] (SBox_1_401)                            0.00      72.39 r
  RF_22/KA/DATA_IN[120] (AddConstKey_1_1_26)              0.00      72.39 r
  RF_22/KA/U38/Y (XOR2X1TS)                               0.28      72.67 r
  RF_22/KA/U39/Y (XOR2X1TS)                               0.37      73.04 r
  RF_22/KA/DATA_OUT[120] (AddConstKey_1_1_26)             0.00      73.04 r
  RF_22/SR/X[120] (ShiftRows_1_26)                        0.00      73.04 r
  RF_22/SR/Y[120] (ShiftRows_1_26)                        0.00      73.04 r
  RF_22/MC/X[120] (MixColumns_1_26)                       0.00      73.04 r
  RF_22/MC/U42/Y (XOR2X1TS)                               0.41      73.45 r
  RF_22/MC/U43/Y (XOR2X1TS)                               0.36      73.81 f
  RF_22/MC/Y[120] (MixColumns_1_26)                       0.00      73.81 f
  RF_22/ROUND_OUT[120] (RoundFunction_1_1_26)             0.00      73.81 f
  RF_23/ROUND_IN[120] (RoundFunction_1_1_25)              0.00      73.81 f
  RF_23/S_15/X[0] (SBox_1_385)                            0.00      73.81 f
  RF_23/S_15/U11/Y (OAI31X1TS)                            0.48      74.30 r
  RF_23/S_15/U10/Y (OAI21X1TS)                            0.28      74.58 f
  RF_23/S_15/U9/Y (OAI31X1TS)                             0.23      74.81 r
  RF_23/S_15/U8/Y (OAI21X1TS)                             0.28      75.09 f
  RF_23/S_15/U7/Y (OAI31X1TS)                             0.18      75.26 r
  RF_23/S_15/U2/Y (OAI21X1TS)                             0.24      75.50 f
  RF_23/S_15/U1/Y (OAI31X1TS)                             0.13      75.63 r
  RF_23/S_15/Y[0] (SBox_1_385)                            0.00      75.63 r
  RF_23/KA/DATA_IN[120] (AddConstKey_1_1_25)              0.00      75.63 r
  RF_23/KA/U38/Y (XOR2X1TS)                               0.28      75.92 r
  RF_23/KA/U39/Y (XOR2X1TS)                               0.37      76.28 r
  RF_23/KA/DATA_OUT[120] (AddConstKey_1_1_25)             0.00      76.28 r
  RF_23/SR/X[120] (ShiftRows_1_25)                        0.00      76.28 r
  RF_23/SR/Y[120] (ShiftRows_1_25)                        0.00      76.28 r
  RF_23/MC/X[120] (MixColumns_1_25)                       0.00      76.28 r
  RF_23/MC/U42/Y (XOR2X1TS)                               0.41      76.69 r
  RF_23/MC/U43/Y (XOR2X1TS)                               0.36      77.06 f
  RF_23/MC/Y[120] (MixColumns_1_25)                       0.00      77.06 f
  RF_23/ROUND_OUT[120] (RoundFunction_1_1_25)             0.00      77.06 f
  RF_24/ROUND_IN[120] (RoundFunction_1_1_24)              0.00      77.06 f
  RF_24/S_15/X[0] (SBox_1_369)                            0.00      77.06 f
  RF_24/S_15/U11/Y (OAI31X1TS)                            0.48      77.54 r
  RF_24/S_15/U10/Y (OAI21X1TS)                            0.28      77.82 f
  RF_24/S_15/U9/Y (OAI31X1TS)                             0.23      78.05 r
  RF_24/S_15/U8/Y (OAI21X1TS)                             0.28      78.33 f
  RF_24/S_15/U7/Y (OAI31X1TS)                             0.18      78.51 r
  RF_24/S_15/U2/Y (OAI21X1TS)                             0.24      78.75 f
  RF_24/S_15/U1/Y (OAI31X1TS)                             0.13      78.88 r
  RF_24/S_15/Y[0] (SBox_1_369)                            0.00      78.88 r
  RF_24/KA/DATA_IN[120] (AddConstKey_1_1_24)              0.00      78.88 r
  RF_24/KA/U38/Y (XNOR2X1TS)                              0.27      79.14 f
  RF_24/KA/U39/Y (XOR2X1TS)                               0.33      79.48 r
  RF_24/KA/DATA_OUT[120] (AddConstKey_1_1_24)             0.00      79.48 r
  RF_24/SR/X[120] (ShiftRows_1_24)                        0.00      79.48 r
  RF_24/SR/Y[120] (ShiftRows_1_24)                        0.00      79.48 r
  RF_24/MC/X[120] (MixColumns_1_24)                       0.00      79.48 r
  RF_24/MC/U42/Y (XOR2X1TS)                               0.41      79.89 r
  RF_24/MC/U43/Y (XOR2X1TS)                               0.36      80.25 f
  RF_24/MC/Y[120] (MixColumns_1_24)                       0.00      80.25 f
  RF_24/ROUND_OUT[120] (RoundFunction_1_1_24)             0.00      80.25 f
  RF_25/ROUND_IN[120] (RoundFunction_1_1_23)              0.00      80.25 f
  RF_25/S_15/X[0] (SBox_1_353)                            0.00      80.25 f
  RF_25/S_15/U11/Y (OAI31X1TS)                            0.48      80.73 r
  RF_25/S_15/U10/Y (OAI21X1TS)                            0.28      81.01 f
  RF_25/S_15/U9/Y (OAI31X1TS)                             0.23      81.24 r
  RF_25/S_15/U8/Y (OAI21X1TS)                             0.28      81.52 f
  RF_25/S_15/U7/Y (OAI31X1TS)                             0.18      81.70 r
  RF_25/S_15/U2/Y (OAI21X1TS)                             0.24      81.94 f
  RF_25/S_15/U1/Y (OAI31X1TS)                             0.13      82.07 r
  RF_25/S_15/Y[0] (SBox_1_353)                            0.00      82.07 r
  RF_25/KA/DATA_IN[120] (AddConstKey_1_1_23)              0.00      82.07 r
  RF_25/KA/U38/Y (XOR2X1TS)                               0.28      82.35 r
  RF_25/KA/U39/Y (XOR2X1TS)                               0.37      82.72 r
  RF_25/KA/DATA_OUT[120] (AddConstKey_1_1_23)             0.00      82.72 r
  RF_25/SR/X[120] (ShiftRows_1_23)                        0.00      82.72 r
  RF_25/SR/Y[120] (ShiftRows_1_23)                        0.00      82.72 r
  RF_25/MC/X[120] (MixColumns_1_23)                       0.00      82.72 r
  RF_25/MC/U42/Y (XOR2X1TS)                               0.41      83.13 r
  RF_25/MC/U43/Y (XOR2X1TS)                               0.36      83.50 f
  RF_25/MC/Y[120] (MixColumns_1_23)                       0.00      83.50 f
  RF_25/ROUND_OUT[120] (RoundFunction_1_1_23)             0.00      83.50 f
  RF_26/ROUND_IN[120] (RoundFunction_1_1_22)              0.00      83.50 f
  RF_26/S_15/X[0] (SBox_1_337)                            0.00      83.50 f
  RF_26/S_15/U11/Y (OAI31X1TS)                            0.48      83.98 r
  RF_26/S_15/U10/Y (OAI21X1TS)                            0.28      84.26 f
  RF_26/S_15/U9/Y (OAI31X1TS)                             0.23      84.49 r
  RF_26/S_15/U8/Y (OAI21X1TS)                             0.28      84.77 f
  RF_26/S_15/U7/Y (OAI31X1TS)                             0.18      84.95 r
  RF_26/S_15/U2/Y (OAI21X1TS)                             0.24      85.19 f
  RF_26/S_15/U1/Y (OAI31X1TS)                             0.13      85.32 r
  RF_26/S_15/Y[0] (SBox_1_337)                            0.00      85.32 r
  RF_26/KA/DATA_IN[120] (AddConstKey_1_1_22)              0.00      85.32 r
  RF_26/KA/U38/Y (XNOR2X1TS)                              0.27      85.58 f
  RF_26/KA/U39/Y (XOR2X1TS)                               0.33      85.91 r
  RF_26/KA/DATA_OUT[120] (AddConstKey_1_1_22)             0.00      85.91 r
  RF_26/SR/X[120] (ShiftRows_1_22)                        0.00      85.91 r
  RF_26/SR/Y[120] (ShiftRows_1_22)                        0.00      85.91 r
  RF_26/MC/X[120] (MixColumns_1_22)                       0.00      85.91 r
  RF_26/MC/U42/Y (XOR2X1TS)                               0.41      86.33 r
  RF_26/MC/U43/Y (XOR2X1TS)                               0.36      86.69 f
  RF_26/MC/Y[120] (MixColumns_1_22)                       0.00      86.69 f
  RF_26/ROUND_OUT[120] (RoundFunction_1_1_22)             0.00      86.69 f
  RF_27/ROUND_IN[120] (RoundFunction_1_1_21)              0.00      86.69 f
  RF_27/S_15/X[0] (SBox_1_321)                            0.00      86.69 f
  RF_27/S_15/U11/Y (OAI31X1TS)                            0.48      87.17 r
  RF_27/S_15/U10/Y (OAI21X1TS)                            0.28      87.45 f
  RF_27/S_15/U9/Y (OAI31X1TS)                             0.23      87.68 r
  RF_27/S_15/U8/Y (OAI21X1TS)                             0.28      87.96 f
  RF_27/S_15/U7/Y (OAI31X1TS)                             0.18      88.14 r
  RF_27/S_15/U2/Y (OAI21X1TS)                             0.24      88.38 f
  RF_27/S_15/U1/Y (OAI31X1TS)                             0.13      88.51 r
  RF_27/S_15/Y[0] (SBox_1_321)                            0.00      88.51 r
  RF_27/KA/DATA_IN[120] (AddConstKey_1_1_21)              0.00      88.51 r
  RF_27/KA/U38/Y (XNOR2X1TS)                              0.27      88.78 f
  RF_27/KA/U39/Y (XOR2X1TS)                               0.33      89.11 r
  RF_27/KA/DATA_OUT[120] (AddConstKey_1_1_21)             0.00      89.11 r
  RF_27/SR/X[120] (ShiftRows_1_21)                        0.00      89.11 r
  RF_27/SR/Y[120] (ShiftRows_1_21)                        0.00      89.11 r
  RF_27/MC/X[120] (MixColumns_1_21)                       0.00      89.11 r
  RF_27/MC/U42/Y (XOR2X1TS)                               0.41      89.52 r
  RF_27/MC/U43/Y (XOR2X1TS)                               0.36      89.88 f
  RF_27/MC/Y[120] (MixColumns_1_21)                       0.00      89.88 f
  RF_27/ROUND_OUT[120] (RoundFunction_1_1_21)             0.00      89.88 f
  RF_28/ROUND_IN[120] (RoundFunction_1_1_20)              0.00      89.88 f
  RF_28/S_15/X[0] (SBox_1_305)                            0.00      89.88 f
  RF_28/S_15/U11/Y (OAI31X1TS)                            0.48      90.37 r
  RF_28/S_15/U10/Y (OAI21X1TS)                            0.28      90.65 f
  RF_28/S_15/U9/Y (OAI31X1TS)                             0.23      90.88 r
  RF_28/S_15/U8/Y (OAI21X1TS)                             0.28      91.16 f
  RF_28/S_15/U7/Y (OAI31X1TS)                             0.18      91.33 r
  RF_28/S_15/U2/Y (OAI21X1TS)                             0.24      91.57 f
  RF_28/S_15/U1/Y (OAI31X1TS)                             0.13      91.71 r
  RF_28/S_15/Y[0] (SBox_1_305)                            0.00      91.71 r
  RF_28/KA/DATA_IN[120] (AddConstKey_1_1_20)              0.00      91.71 r
  RF_28/KA/U38/Y (XNOR2X1TS)                              0.27      91.97 f
  RF_28/KA/U39/Y (XOR2X1TS)                               0.33      92.30 r
  RF_28/KA/DATA_OUT[120] (AddConstKey_1_1_20)             0.00      92.30 r
  RF_28/SR/X[120] (ShiftRows_1_20)                        0.00      92.30 r
  RF_28/SR/Y[120] (ShiftRows_1_20)                        0.00      92.30 r
  RF_28/MC/X[120] (MixColumns_1_20)                       0.00      92.30 r
  RF_28/MC/U42/Y (XOR2X1TS)                               0.41      92.72 r
  RF_28/MC/U43/Y (XOR2X1TS)                               0.36      93.08 f
  RF_28/MC/Y[120] (MixColumns_1_20)                       0.00      93.08 f
  RF_28/ROUND_OUT[120] (RoundFunction_1_1_20)             0.00      93.08 f
  RF_29/ROUND_IN[120] (RoundFunction_1_1_19)              0.00      93.08 f
  RF_29/S_15/X[0] (SBox_1_289)                            0.00      93.08 f
  RF_29/S_15/U11/Y (OAI31X1TS)                            0.48      93.56 r
  RF_29/S_15/U10/Y (OAI21X1TS)                            0.28      93.84 f
  RF_29/S_15/U9/Y (OAI31X1TS)                             0.23      94.07 r
  RF_29/S_15/U8/Y (OAI21X1TS)                             0.28      94.35 f
  RF_29/S_15/U7/Y (OAI31X1TS)                             0.18      94.53 r
  RF_29/S_15/U2/Y (OAI21X1TS)                             0.24      94.77 f
  RF_29/S_15/U1/Y (OAI31X1TS)                             0.13      94.90 r
  RF_29/S_15/Y[0] (SBox_1_289)                            0.00      94.90 r
  RF_29/KA/DATA_IN[120] (AddConstKey_1_1_19)              0.00      94.90 r
  RF_29/KA/U30/Y (XOR2X1TS)                               0.28      95.18 r
  RF_29/KA/U31/Y (XOR2X1TS)                               0.37      95.55 r
  RF_29/KA/DATA_OUT[120] (AddConstKey_1_1_19)             0.00      95.55 r
  RF_29/SR/X[120] (ShiftRows_1_19)                        0.00      95.55 r
  RF_29/SR/Y[120] (ShiftRows_1_19)                        0.00      95.55 r
  RF_29/MC/X[120] (MixColumns_1_19)                       0.00      95.55 r
  RF_29/MC/U42/Y (XOR2X1TS)                               0.41      95.96 r
  RF_29/MC/U43/Y (XOR2X1TS)                               0.36      96.32 f
  RF_29/MC/Y[120] (MixColumns_1_19)                       0.00      96.32 f
  RF_29/ROUND_OUT[120] (RoundFunction_1_1_19)             0.00      96.32 f
  RF_30/ROUND_IN[120] (RoundFunction_1_1_18)              0.00      96.32 f
  RF_30/S_15/X[0] (SBox_1_273)                            0.00      96.32 f
  RF_30/S_15/U11/Y (OAI31X1TS)                            0.48      96.81 r
  RF_30/S_15/U10/Y (OAI21X1TS)                            0.28      97.09 f
  RF_30/S_15/U9/Y (OAI31X1TS)                             0.23      97.32 r
  RF_30/S_15/U8/Y (OAI21X1TS)                             0.28      97.60 f
  RF_30/S_15/U7/Y (OAI31X1TS)                             0.18      97.77 r
  RF_30/S_15/U2/Y (OAI21X1TS)                             0.24      98.01 f
  RF_30/S_15/U1/Y (OAI31X1TS)                             0.13      98.14 r
  RF_30/S_15/Y[0] (SBox_1_273)                            0.00      98.14 r
  RF_30/KA/DATA_IN[120] (AddConstKey_1_1_18)              0.00      98.14 r
  RF_30/KA/U30/Y (XOR2X1TS)                               0.28      98.42 r
  RF_30/KA/U31/Y (XOR2X1TS)                               0.37      98.79 r
  RF_30/KA/DATA_OUT[120] (AddConstKey_1_1_18)             0.00      98.79 r
  RF_30/SR/X[120] (ShiftRows_1_18)                        0.00      98.79 r
  RF_30/SR/Y[120] (ShiftRows_1_18)                        0.00      98.79 r
  RF_30/MC/X[120] (MixColumns_1_18)                       0.00      98.79 r
  RF_30/MC/U42/Y (XOR2X1TS)                               0.41      99.20 r
  RF_30/MC/U43/Y (XOR2X1TS)                               0.36      99.57 f
  RF_30/MC/Y[120] (MixColumns_1_18)                       0.00      99.57 f
  RF_30/ROUND_OUT[120] (RoundFunction_1_1_18)             0.00      99.57 f
  RF_31/ROUND_IN[120] (RoundFunction_1_1_17)              0.00      99.57 f
  RF_31/S_15/X[0] (SBox_1_257)                            0.00      99.57 f
  RF_31/S_15/U11/Y (OAI31X1TS)                            0.48     100.05 r
  RF_31/S_15/U10/Y (OAI21X1TS)                            0.28     100.33 f
  RF_31/S_15/U9/Y (OAI31X1TS)                             0.23     100.56 r
  RF_31/S_15/U8/Y (OAI21X1TS)                             0.28     100.84 f
  RF_31/S_15/U7/Y (OAI31X1TS)                             0.18     101.02 r
  RF_31/S_15/U2/Y (OAI21X1TS)                             0.24     101.26 f
  RF_31/S_15/U1/Y (OAI31X1TS)                             0.13     101.39 r
  RF_31/S_15/Y[0] (SBox_1_257)                            0.00     101.39 r
  RF_31/KA/DATA_IN[120] (AddConstKey_1_1_17)              0.00     101.39 r
  RF_31/KA/U30/Y (XOR2X1TS)                               0.28     101.67 r
  RF_31/KA/U31/Y (XOR2X1TS)                               0.37     102.04 r
  RF_31/KA/DATA_OUT[120] (AddConstKey_1_1_17)             0.00     102.04 r
  RF_31/SR/X[120] (ShiftRows_1_17)                        0.00     102.04 r
  RF_31/SR/Y[120] (ShiftRows_1_17)                        0.00     102.04 r
  RF_31/MC/X[120] (MixColumns_1_17)                       0.00     102.04 r
  RF_31/MC/U42/Y (XOR2X1TS)                               0.41     102.45 r
  RF_31/MC/U43/Y (XOR2X1TS)                               0.36     102.81 f
  RF_31/MC/Y[120] (MixColumns_1_17)                       0.00     102.81 f
  RF_31/ROUND_OUT[120] (RoundFunction_1_1_17)             0.00     102.81 f
  RF_32/ROUND_IN[120] (RoundFunction_1_1_16)              0.00     102.81 f
  RF_32/S_15/X[0] (SBox_1_241)                            0.00     102.81 f
  RF_32/S_15/U11/Y (OAI31X1TS)                            0.48     103.29 r
  RF_32/S_15/U10/Y (OAI21X1TS)                            0.28     103.57 f
  RF_32/S_15/U9/Y (OAI31X1TS)                             0.23     103.80 r
  RF_32/S_15/U8/Y (OAI21X1TS)                             0.28     104.08 f
  RF_32/S_15/U7/Y (OAI31X1TS)                             0.18     104.26 r
  RF_32/S_15/U2/Y (OAI21X1TS)                             0.24     104.50 f
  RF_32/S_15/U1/Y (OAI31X1TS)                             0.13     104.63 r
  RF_32/S_15/Y[0] (SBox_1_241)                            0.00     104.63 r
  RF_32/KA/DATA_IN[120] (AddConstKey_1_1_16)              0.00     104.63 r
  RF_32/KA/U30/Y (XNOR2X1TS)                              0.27     104.90 f
  RF_32/KA/U31/Y (XOR2X1TS)                               0.33     105.23 r
  RF_32/KA/DATA_OUT[120] (AddConstKey_1_1_16)             0.00     105.23 r
  RF_32/SR/X[120] (ShiftRows_1_16)                        0.00     105.23 r
  RF_32/SR/Y[120] (ShiftRows_1_16)                        0.00     105.23 r
  RF_32/MC/X[120] (MixColumns_1_16)                       0.00     105.23 r
  RF_32/MC/U42/Y (XOR2X1TS)                               0.41     105.64 r
  RF_32/MC/U43/Y (XOR2X1TS)                               0.36     106.00 f
  RF_32/MC/Y[120] (MixColumns_1_16)                       0.00     106.00 f
  RF_32/ROUND_OUT[120] (RoundFunction_1_1_16)             0.00     106.00 f
  RF_33/ROUND_IN[120] (RoundFunction_1_1_15)              0.00     106.00 f
  RF_33/S_15/X[0] (SBox_1_225)                            0.00     106.00 f
  RF_33/S_15/U11/Y (OAI31X1TS)                            0.48     106.49 r
  RF_33/S_15/U10/Y (OAI21X1TS)                            0.28     106.77 f
  RF_33/S_15/U9/Y (OAI31X1TS)                             0.23     107.00 r
  RF_33/S_15/U8/Y (OAI21X1TS)                             0.28     107.28 f
  RF_33/S_15/U7/Y (OAI31X1TS)                             0.18     107.45 r
  RF_33/S_15/U2/Y (OAI21X1TS)                             0.24     107.69 f
  RF_33/S_15/U1/Y (OAI31X1TS)                             0.13     107.83 r
  RF_33/S_15/Y[0] (SBox_1_225)                            0.00     107.83 r
  RF_33/KA/DATA_IN[120] (AddConstKey_1_1_15)              0.00     107.83 r
  RF_33/KA/U30/Y (XNOR2X1TS)                              0.27     108.09 f
  RF_33/KA/U31/Y (XOR2X1TS)                               0.33     108.42 r
  RF_33/KA/DATA_OUT[120] (AddConstKey_1_1_15)             0.00     108.42 r
  RF_33/SR/X[120] (ShiftRows_1_15)                        0.00     108.42 r
  RF_33/SR/Y[120] (ShiftRows_1_15)                        0.00     108.42 r
  RF_33/MC/X[120] (MixColumns_1_15)                       0.00     108.42 r
  RF_33/MC/U42/Y (XOR2X1TS)                               0.41     108.84 r
  RF_33/MC/U43/Y (XOR2X1TS)                               0.36     109.20 f
  RF_33/MC/Y[120] (MixColumns_1_15)                       0.00     109.20 f
  RF_33/ROUND_OUT[120] (RoundFunction_1_1_15)             0.00     109.20 f
  RF_34/ROUND_IN[120] (RoundFunction_1_1_14)              0.00     109.20 f
  RF_34/S_15/X[0] (SBox_1_209)                            0.00     109.20 f
  RF_34/S_15/U11/Y (OAI31X1TS)                            0.48     109.68 r
  RF_34/S_15/U10/Y (OAI21X1TS)                            0.28     109.96 f
  RF_34/S_15/U9/Y (OAI31X1TS)                             0.23     110.19 r
  RF_34/S_15/U8/Y (OAI21X1TS)                             0.28     110.47 f
  RF_34/S_15/U7/Y (OAI31X1TS)                             0.18     110.65 r
  RF_34/S_15/U2/Y (OAI21X1TS)                             0.24     110.89 f
  RF_34/S_15/U1/Y (OAI31X1TS)                             0.13     111.02 r
  RF_34/S_15/Y[0] (SBox_1_209)                            0.00     111.02 r
  RF_34/KA/DATA_IN[120] (AddConstKey_1_1_14)              0.00     111.02 r
  RF_34/KA/U30/Y (XOR2X1TS)                               0.28     111.30 r
  RF_34/KA/U31/Y (XOR2X1TS)                               0.37     111.67 r
  RF_34/KA/DATA_OUT[120] (AddConstKey_1_1_14)             0.00     111.67 r
  RF_34/SR/X[120] (ShiftRows_1_14)                        0.00     111.67 r
  RF_34/SR/Y[120] (ShiftRows_1_14)                        0.00     111.67 r
  RF_34/MC/X[120] (MixColumns_1_14)                       0.00     111.67 r
  RF_34/MC/U42/Y (XOR2X1TS)                               0.41     112.08 r
  RF_34/MC/U43/Y (XOR2X1TS)                               0.36     112.44 f
  RF_34/MC/Y[120] (MixColumns_1_14)                       0.00     112.44 f
  RF_34/ROUND_OUT[120] (RoundFunction_1_1_14)             0.00     112.44 f
  RF_35/ROUND_IN[120] (RoundFunction_1_1_13)              0.00     112.44 f
  RF_35/S_15/X[0] (SBox_1_193)                            0.00     112.44 f
  RF_35/S_15/U11/Y (OAI31X1TS)                            0.48     112.92 r
  RF_35/S_15/U10/Y (OAI21X1TS)                            0.28     113.20 f
  RF_35/S_15/U9/Y (OAI31X1TS)                             0.23     113.43 r
  RF_35/S_15/U8/Y (OAI21X1TS)                             0.28     113.71 f
  RF_35/S_15/U7/Y (OAI31X1TS)                             0.18     113.89 r
  RF_35/S_15/U2/Y (OAI21X1TS)                             0.24     114.13 f
  RF_35/S_15/U1/Y (OAI31X1TS)                             0.13     114.26 r
  RF_35/S_15/Y[0] (SBox_1_193)                            0.00     114.26 r
  RF_35/KA/DATA_IN[120] (AddConstKey_1_1_13)              0.00     114.26 r
  RF_35/KA/U34/Y (XNOR2X1TS)                              0.27     114.53 f
  RF_35/KA/U35/Y (XOR2X1TS)                               0.33     114.86 r
  RF_35/KA/DATA_OUT[120] (AddConstKey_1_1_13)             0.00     114.86 r
  RF_35/SR/X[120] (ShiftRows_1_13)                        0.00     114.86 r
  RF_35/SR/Y[120] (ShiftRows_1_13)                        0.00     114.86 r
  RF_35/MC/X[120] (MixColumns_1_13)                       0.00     114.86 r
  RF_35/MC/U42/Y (XOR2X1TS)                               0.41     115.27 r
  RF_35/MC/U43/Y (XOR2X1TS)                               0.36     115.63 f
  RF_35/MC/Y[120] (MixColumns_1_13)                       0.00     115.63 f
  RF_35/ROUND_OUT[120] (RoundFunction_1_1_13)             0.00     115.63 f
  RF_36/ROUND_IN[120] (RoundFunction_1_1_12)              0.00     115.63 f
  RF_36/S_15/X[0] (SBox_1_177)                            0.00     115.63 f
  RF_36/S_15/U11/Y (OAI31X1TS)                            0.48     116.12 r
  RF_36/S_15/U10/Y (OAI21X1TS)                            0.28     116.40 f
  RF_36/S_15/U9/Y (OAI31X1TS)                             0.23     116.63 r
  RF_36/S_15/U8/Y (OAI21X1TS)                             0.28     116.91 f
  RF_36/S_15/U7/Y (OAI31X1TS)                             0.18     117.08 r
  RF_36/S_15/U2/Y (OAI21X1TS)                             0.24     117.32 f
  RF_36/S_15/U1/Y (OAI31X1TS)                             0.13     117.46 r
  RF_36/S_15/Y[0] (SBox_1_177)                            0.00     117.46 r
  RF_36/KA/DATA_IN[120] (AddConstKey_1_1_12)              0.00     117.46 r
  RF_36/KA/U34/Y (XNOR2X1TS)                              0.27     117.72 f
  RF_36/KA/U35/Y (XOR2X1TS)                               0.33     118.05 r
  RF_36/KA/DATA_OUT[120] (AddConstKey_1_1_12)             0.00     118.05 r
  RF_36/SR/X[120] (ShiftRows_1_12)                        0.00     118.05 r
  RF_36/SR/Y[120] (ShiftRows_1_12)                        0.00     118.05 r
  RF_36/MC/X[120] (MixColumns_1_12)                       0.00     118.05 r
  RF_36/MC/U42/Y (XOR2X1TS)                               0.41     118.46 r
  RF_36/MC/U43/Y (XOR2X1TS)                               0.36     118.83 f
  RF_36/MC/Y[120] (MixColumns_1_12)                       0.00     118.83 f
  RF_36/ROUND_OUT[120] (RoundFunction_1_1_12)             0.00     118.83 f
  RF_37/ROUND_IN[120] (RoundFunction_1_1_11)              0.00     118.83 f
  RF_37/S_15/X[0] (SBox_1_161)                            0.00     118.83 f
  RF_37/S_15/U11/Y (OAI31X1TS)                            0.48     119.31 r
  RF_37/S_15/U10/Y (OAI21X1TS)                            0.28     119.59 f
  RF_37/S_15/U9/Y (OAI31X1TS)                             0.23     119.82 r
  RF_37/S_15/U8/Y (OAI21X1TS)                             0.28     120.10 f
  RF_37/S_15/U7/Y (OAI31X1TS)                             0.18     120.28 r
  RF_37/S_15/U2/Y (OAI21X1TS)                             0.24     120.52 f
  RF_37/S_15/U1/Y (OAI31X1TS)                             0.13     120.65 r
  RF_37/S_15/Y[0] (SBox_1_161)                            0.00     120.65 r
  RF_37/KA/DATA_IN[120] (AddConstKey_1_1_11)              0.00     120.65 r
  RF_37/KA/U38/Y (XOR2X1TS)                               0.28     120.93 r
  RF_37/KA/U39/Y (XOR2X1TS)                               0.37     121.30 r
  RF_37/KA/DATA_OUT[120] (AddConstKey_1_1_11)             0.00     121.30 r
  RF_37/SR/X[120] (ShiftRows_1_11)                        0.00     121.30 r
  RF_37/SR/Y[120] (ShiftRows_1_11)                        0.00     121.30 r
  RF_37/MC/X[120] (MixColumns_1_11)                       0.00     121.30 r
  RF_37/MC/U42/Y (XOR2X1TS)                               0.41     121.71 r
  RF_37/MC/U43/Y (XOR2X1TS)                               0.36     122.07 f
  RF_37/MC/Y[120] (MixColumns_1_11)                       0.00     122.07 f
  RF_37/ROUND_OUT[120] (RoundFunction_1_1_11)             0.00     122.07 f
  RF_38/ROUND_IN[120] (RoundFunction_1_1_10)              0.00     122.07 f
  RF_38/S_15/X[0] (SBox_1_145)                            0.00     122.07 f
  RF_38/S_15/U11/Y (OAI31X1TS)                            0.48     122.55 r
  RF_38/S_15/U10/Y (OAI21X1TS)                            0.28     122.83 f
  RF_38/S_15/U9/Y (OAI31X1TS)                             0.23     123.06 r
  RF_38/S_15/U8/Y (OAI21X1TS)                             0.28     123.34 f
  RF_38/S_15/U7/Y (OAI31X1TS)                             0.18     123.52 r
  RF_38/S_15/U2/Y (OAI21X1TS)                             0.24     123.76 f
  RF_38/S_15/U1/Y (OAI31X1TS)                             0.13     123.89 r
  RF_38/S_15/Y[0] (SBox_1_145)                            0.00     123.89 r
  RF_38/KA/DATA_IN[120] (AddConstKey_1_1_10)              0.00     123.89 r
  RF_38/KA/U38/Y (XNOR2X1TS)                              0.27     124.16 f
  RF_38/KA/U39/Y (XOR2X1TS)                               0.33     124.49 r
  RF_38/KA/DATA_OUT[120] (AddConstKey_1_1_10)             0.00     124.49 r
  RF_38/SR/X[120] (ShiftRows_1_10)                        0.00     124.49 r
  RF_38/SR/Y[120] (ShiftRows_1_10)                        0.00     124.49 r
  RF_38/MC/X[120] (MixColumns_1_10)                       0.00     124.49 r
  RF_38/MC/U42/Y (XOR2X1TS)                               0.41     124.90 r
  RF_38/MC/U43/Y (XOR2X1TS)                               0.36     125.26 f
  RF_38/MC/Y[120] (MixColumns_1_10)                       0.00     125.26 f
  RF_38/ROUND_OUT[120] (RoundFunction_1_1_10)             0.00     125.26 f
  RF_39/ROUND_IN[120] (RoundFunction_1_1_9)               0.00     125.26 f
  RF_39/S_15/X[0] (SBox_1_129)                            0.00     125.26 f
  RF_39/S_15/U11/Y (OAI31X1TS)                            0.48     125.75 r
  RF_39/S_15/U10/Y (OAI21X1TS)                            0.28     126.03 f
  RF_39/S_15/U9/Y (OAI31X1TS)                             0.23     126.26 r
  RF_39/S_15/U8/Y (OAI21X1TS)                             0.28     126.54 f
  RF_39/S_15/U7/Y (OAI31X1TS)                             0.18     126.71 r
  RF_39/S_15/U2/Y (OAI21X1TS)                             0.24     126.95 f
  RF_39/S_15/U1/Y (OAI31X1TS)                             0.13     127.08 r
  RF_39/S_15/Y[0] (SBox_1_129)                            0.00     127.08 r
  RF_39/KA/DATA_IN[120] (AddConstKey_1_1_9)               0.00     127.08 r
  RF_39/KA/U38/Y (XOR2X1TS)                               0.28     127.37 r
  RF_39/KA/U39/Y (XOR2X1TS)                               0.37     127.73 r
  RF_39/KA/DATA_OUT[120] (AddConstKey_1_1_9)              0.00     127.73 r
  RF_39/SR/X[120] (ShiftRows_1_9)                         0.00     127.73 r
  RF_39/SR/Y[120] (ShiftRows_1_9)                         0.00     127.73 r
  RF_39/MC/X[120] (MixColumns_1_9)                        0.00     127.73 r
  RF_39/MC/U42/Y (XOR2X1TS)                               0.41     128.14 r
  RF_39/MC/U43/Y (XOR2X1TS)                               0.36     128.50 f
  RF_39/MC/Y[120] (MixColumns_1_9)                        0.00     128.50 f
  RF_39/ROUND_OUT[120] (RoundFunction_1_1_9)              0.00     128.50 f
  RF_40/ROUND_IN[120] (RoundFunction_1_1_8)               0.00     128.50 f
  RF_40/S_15/X[0] (SBox_1_113)                            0.00     128.50 f
  RF_40/S_15/U11/Y (OAI31X1TS)                            0.48     128.99 r
  RF_40/S_15/U10/Y (OAI21X1TS)                            0.28     129.27 f
  RF_40/S_15/U9/Y (OAI31X1TS)                             0.23     129.50 r
  RF_40/S_15/U8/Y (OAI21X1TS)                             0.28     129.78 f
  RF_40/S_15/U7/Y (OAI31X1TS)                             0.18     129.95 r
  RF_40/S_15/U2/Y (OAI21X1TS)                             0.24     130.19 f
  RF_40/S_15/U1/Y (OAI31X1TS)                             0.13     130.32 r
  RF_40/S_15/Y[0] (SBox_1_113)                            0.00     130.32 r
  RF_40/KA/DATA_IN[120] (AddConstKey_1_1_8)               0.00     130.32 r
  RF_40/KA/U38/Y (XOR2X1TS)                               0.28     130.61 r
  RF_40/KA/U39/Y (XOR2X1TS)                               0.37     130.97 r
  RF_40/KA/DATA_OUT[120] (AddConstKey_1_1_8)              0.00     130.97 r
  RF_40/SR/X[120] (ShiftRows_1_8)                         0.00     130.97 r
  RF_40/SR/Y[120] (ShiftRows_1_8)                         0.00     130.97 r
  RF_40/MC/X[120] (MixColumns_1_8)                        0.00     130.97 r
  RF_40/MC/U42/Y (XOR2X1TS)                               0.41     131.38 r
  RF_40/MC/U43/Y (XOR2X1TS)                               0.36     131.75 f
  RF_40/MC/Y[120] (MixColumns_1_8)                        0.00     131.75 f
  RF_40/ROUND_OUT[120] (RoundFunction_1_1_8)              0.00     131.75 f
  RF_41/ROUND_IN[120] (RoundFunction_1_1_7)               0.00     131.75 f
  RF_41/S_15/X[0] (SBox_1_97)                             0.00     131.75 f
  RF_41/S_15/U11/Y (OAI31X1TS)                            0.48     132.23 r
  RF_41/S_15/U10/Y (OAI21X1TS)                            0.28     132.51 f
  RF_41/S_15/U9/Y (OAI31X1TS)                             0.23     132.74 r
  RF_41/S_15/U8/Y (OAI21X1TS)                             0.28     133.02 f
  RF_41/S_15/U7/Y (OAI31X1TS)                             0.18     133.19 r
  RF_41/S_15/U2/Y (OAI21X1TS)                             0.24     133.44 f
  RF_41/S_15/U1/Y (OAI31X1TS)                             0.13     133.57 r
  RF_41/S_15/Y[0] (SBox_1_97)                             0.00     133.57 r
  RF_41/KA/DATA_IN[120] (AddConstKey_1_1_7)               0.00     133.57 r
  RF_41/KA/U38/Y (XNOR2X1TS)                              0.27     133.83 f
  RF_41/KA/U39/Y (XOR2X1TS)                               0.33     134.16 r
  RF_41/KA/DATA_OUT[120] (AddConstKey_1_1_7)              0.00     134.16 r
  RF_41/SR/X[120] (ShiftRows_1_7)                         0.00     134.16 r
  RF_41/SR/Y[120] (ShiftRows_1_7)                         0.00     134.16 r
  RF_41/MC/X[120] (MixColumns_1_7)                        0.00     134.16 r
  RF_41/MC/U42/Y (XOR2X1TS)                               0.41     134.58 r
  RF_41/MC/U43/Y (XOR2X1TS)                               0.36     134.94 f
  RF_41/MC/Y[120] (MixColumns_1_7)                        0.00     134.94 f
  RF_41/ROUND_OUT[120] (RoundFunction_1_1_7)              0.00     134.94 f
  RF_42/ROUND_IN[120] (RoundFunction_1_1_6)               0.00     134.94 f
  RF_42/S_15/X[0] (SBox_1_81)                             0.00     134.94 f
  RF_42/S_15/U11/Y (OAI31X1TS)                            0.48     135.42 r
  RF_42/S_15/U10/Y (OAI21X1TS)                            0.28     135.70 f
  RF_42/S_15/U9/Y (OAI31X1TS)                             0.23     135.93 r
  RF_42/S_15/U8/Y (OAI21X1TS)                             0.28     136.21 f
  RF_42/S_15/U7/Y (OAI31X1TS)                             0.18     136.39 r
  RF_42/S_15/U2/Y (OAI21X1TS)                             0.24     136.63 f
  RF_42/S_15/U1/Y (OAI31X1TS)                             0.13     136.76 r
  RF_42/S_15/Y[0] (SBox_1_81)                             0.00     136.76 r
  RF_42/KA/DATA_IN[120] (AddConstKey_1_1_6)               0.00     136.76 r
  RF_42/KA/U38/Y (XOR2X1TS)                               0.28     137.04 r
  RF_42/KA/U39/Y (XOR2X1TS)                               0.37     137.41 r
  RF_42/KA/DATA_OUT[120] (AddConstKey_1_1_6)              0.00     137.41 r
  RF_42/SR/X[120] (ShiftRows_1_6)                         0.00     137.41 r
  RF_42/SR/Y[120] (ShiftRows_1_6)                         0.00     137.41 r
  RF_42/MC/X[120] (MixColumns_1_6)                        0.00     137.41 r
  RF_42/MC/U42/Y (XOR2X1TS)                               0.41     137.82 r
  RF_42/MC/U43/Y (XOR2X1TS)                               0.36     138.18 f
  RF_42/MC/Y[120] (MixColumns_1_6)                        0.00     138.18 f
  RF_42/ROUND_OUT[120] (RoundFunction_1_1_6)              0.00     138.18 f
  RF_43/ROUND_IN[120] (RoundFunction_1_1_5)               0.00     138.18 f
  RF_43/S_15/X[0] (SBox_1_65)                             0.00     138.18 f
  RF_43/S_15/U11/Y (OAI31X1TS)                            0.48     138.66 r
  RF_43/S_15/U10/Y (OAI21X1TS)                            0.28     138.94 f
  RF_43/S_15/U9/Y (OAI31X1TS)                             0.23     139.17 r
  RF_43/S_15/U8/Y (OAI21X1TS)                             0.28     139.45 f
  RF_43/S_15/U7/Y (OAI31X1TS)                             0.18     139.63 r
  RF_43/S_15/U2/Y (OAI21X1TS)                             0.24     139.87 f
  RF_43/S_15/U1/Y (OAI31X1TS)                             0.13     140.00 r
  RF_43/S_15/Y[0] (SBox_1_65)                             0.00     140.00 r
  RF_43/KA/DATA_IN[120] (AddConstKey_1_1_5)               0.00     140.00 r
  RF_43/KA/U38/Y (XOR2X1TS)                               0.28     140.28 r
  RF_43/KA/U39/Y (XOR2X1TS)                               0.37     140.65 r
  RF_43/KA/DATA_OUT[120] (AddConstKey_1_1_5)              0.00     140.65 r
  RF_43/SR/X[120] (ShiftRows_1_5)                         0.00     140.65 r
  RF_43/SR/Y[120] (ShiftRows_1_5)                         0.00     140.65 r
  RF_43/MC/X[120] (MixColumns_1_5)                        0.00     140.65 r
  RF_43/MC/U42/Y (XOR2X1TS)                               0.41     141.06 r
  RF_43/MC/U43/Y (XOR2X1TS)                               0.36     141.42 f
  RF_43/MC/Y[120] (MixColumns_1_5)                        0.00     141.42 f
  RF_43/ROUND_OUT[120] (RoundFunction_1_1_5)              0.00     141.42 f
  RF_44/ROUND_IN[120] (RoundFunction_1_1_4)               0.00     141.42 f
  RF_44/S_15/X[0] (SBox_1_49)                             0.00     141.42 f
  RF_44/S_15/U11/Y (OAI31X1TS)                            0.48     141.90 r
  RF_44/S_15/U10/Y (OAI21X1TS)                            0.28     142.18 f
  RF_44/S_15/U9/Y (OAI31X1TS)                             0.23     142.41 r
  RF_44/S_15/U8/Y (OAI21X1TS)                             0.28     142.69 f
  RF_44/S_15/U7/Y (OAI31X1TS)                             0.18     142.87 r
  RF_44/S_15/U2/Y (OAI21X1TS)                             0.24     143.11 f
  RF_44/S_15/U1/Y (OAI31X1TS)                             0.13     143.24 r
  RF_44/S_15/Y[0] (SBox_1_49)                             0.00     143.24 r
  RF_44/KA/DATA_IN[120] (AddConstKey_1_1_4)               0.00     143.24 r
  RF_44/KA/U39/Y (XOR2X1TS)                               0.28     143.52 r
  RF_44/KA/U40/Y (XOR2X1TS)                               0.37     143.89 r
  RF_44/KA/DATA_OUT[120] (AddConstKey_1_1_4)              0.00     143.89 r
  RF_44/SR/X[120] (ShiftRows_1_4)                         0.00     143.89 r
  RF_44/SR/Y[120] (ShiftRows_1_4)                         0.00     143.89 r
  RF_44/MC/X[120] (MixColumns_1_4)                        0.00     143.89 r
  RF_44/MC/U50/Y (XOR2X1TS)                               0.41     144.30 r
  RF_44/MC/U51/Y (XOR2X1TS)                               0.36     144.66 f
  RF_44/MC/Y[120] (MixColumns_1_4)                        0.00     144.66 f
  RF_44/ROUND_OUT[120] (RoundFunction_1_1_4)              0.00     144.66 f
  RF_45/ROUND_IN[120] (RoundFunction_1_1_3)               0.00     144.66 f
  RF_45/S_15/X[0] (SBox_1_33)                             0.00     144.66 f
  RF_45/S_15/U11/Y (OAI31X1TS)                            0.48     145.15 r
  RF_45/S_15/U10/Y (OAI21X1TS)                            0.28     145.43 f
  RF_45/S_15/U9/Y (OAI31X1TS)                             0.23     145.65 r
  RF_45/S_15/U8/Y (OAI21X1TS)                             0.28     145.93 f
  RF_45/S_15/U7/Y (OAI31X1TS)                             0.18     146.11 r
  RF_45/S_15/U4/Y (OAI21X1TS)                             0.24     146.35 f
  RF_45/S_15/U3/Y (OAI31X1TS)                             0.13     146.48 r
  RF_45/S_15/Y[0] (SBox_1_33)                             0.00     146.48 r
  RF_45/KA/DATA_IN[120] (AddConstKey_1_1_3)               0.00     146.48 r
  RF_45/KA/U31/Y (XNOR2X1TS)                              0.27     146.75 f
  RF_45/KA/U32/Y (XOR2X1TS)                               0.33     147.08 r
  RF_45/KA/DATA_OUT[120] (AddConstKey_1_1_3)              0.00     147.08 r
  RF_45/SR/X[120] (ShiftRows_1_3)                         0.00     147.08 r
  RF_45/SR/Y[120] (ShiftRows_1_3)                         0.00     147.08 r
  RF_45/MC/X[120] (MixColumns_1_3)                        0.00     147.08 r
  RF_45/MC/U63/Y (XOR2X1TS)                               0.41     147.49 r
  RF_45/MC/U64/Y (XOR2X1TS)                               0.36     147.85 f
  RF_45/MC/Y[120] (MixColumns_1_3)                        0.00     147.85 f
  RF_45/ROUND_OUT[120] (RoundFunction_1_1_3)              0.00     147.85 f
  RF_46/ROUND_IN[120] (RoundFunction_1_1_2)               0.00     147.85 f
  RF_46/S_15/X[0] (SBox_1_17)                             0.00     147.85 f
  RF_46/S_15/U15/Y (OAI31X1TS)                            0.48     148.34 r
  RF_46/S_15/U5/Y (OAI21X1TS)                             0.28     148.62 f
  RF_46/S_15/U11/Y (OAI31X1TS)                            0.23     148.85 r
  RF_46/S_15/U4/Y (OAI21X1TS)                             0.28     149.13 f
  RF_46/S_15/U8/Y (OAI31X1TS)                             0.18     149.30 r
  RF_46/S_15/U3/Y (OAI21X1TS)                             0.24     149.55 f
  RF_46/S_15/U7/Y (OAI31X1TS)                             0.13     149.68 r
  RF_46/S_15/Y[0] (SBox_1_17)                             0.00     149.68 r
  RF_46/KA/DATA_IN[120] (AddConstKey_1_1_2)               0.00     149.68 r
  RF_46/KA/U39/Y (XOR2X1TS)                               0.28     149.96 r
  RF_46/KA/U1/Y (XOR2X1TS)                                0.37     150.32 r
  RF_46/KA/DATA_OUT[120] (AddConstKey_1_1_2)              0.00     150.32 r
  RF_46/SR/X[120] (ShiftRows_1_2)                         0.00     150.32 r
  RF_46/SR/Y[120] (ShiftRows_1_2)                         0.00     150.32 r
  RF_46/MC/X[120] (MixColumns_1_2)                        0.00     150.32 r
  RF_46/MC/U70/Y (XOR2X1TS)                               0.41     150.73 r
  RF_46/MC/U71/Y (XOR2X1TS)                               0.36     151.10 f
  RF_46/MC/Y[120] (MixColumns_1_2)                        0.00     151.10 f
  RF_46/ROUND_OUT[120] (RoundFunction_1_1_2)              0.00     151.10 f
  RF_47/ROUND_IN[120] (RoundFunction_1_1_1)               0.00     151.10 f
  RF_47/S_15/X[0] (SBox_1_1)                              0.00     151.10 f
  RF_47/S_15/U15/Y (OAI31X1TS)                            0.48     151.58 r
  RF_47/S_15/U5/Y (OAI21X1TS)                             0.28     151.86 f
  RF_47/S_15/U11/Y (OAI31X1TS)                            0.23     152.09 r
  RF_47/S_15/U4/Y (OAI21X1TS)                             0.28     152.37 f
  RF_47/S_15/U8/Y (OAI31X1TS)                             0.18     152.55 r
  RF_47/S_15/U3/Y (OAI21X1TS)                             0.24     152.79 f
  RF_47/S_15/U7/Y (OAI31X1TS)                             0.13     152.92 r
  RF_47/S_15/Y[0] (SBox_1_1)                              0.00     152.92 r
  RF_47/KA/DATA_IN[120] (AddConstKey_1_1_1)               0.00     152.92 r
  RF_47/KA/U13/Y (XOR2X1TS)                               0.28     153.20 r
  RF_47/KA/U12/Y (XOR2X1TS)                               0.30     153.50 r
  RF_47/KA/DATA_OUT[120] (AddConstKey_1_1_1)              0.00     153.50 r
  RF_47/SR/X[120] (ShiftRows_1_1)                         0.00     153.50 r
  RF_47/SR/Y[120] (ShiftRows_1_1)                         0.00     153.50 r
  RF_47/MC/X[120] (MixColumns_1_1)                        0.00     153.50 r
  RF_47/MC/U70/Y (XOR2X1TS)                               0.30     153.79 r
  RF_47/MC/U71/Y (XOR2X1TS)                               0.27     154.06 f
  RF_47/MC/Y[120] (MixColumns_1_1)                        0.00     154.06 f
  RF_47/ROUND_OUT[120] (RoundFunction_1_1_1)              0.00     154.06 f
  CIPHERTEXT[120] (out)                                   0.00     154.06 f
  data arrival time                                                154.06
  --------------------------------------------------------------------------
  (Path is unconstrained)


1
