Information: Updating graph... (UID-83)
 
****************************************
Report : area
Design : Skinny_1_0
Version: E-2010.12-SP2
Date   : Fri Jun 21 10:44:15 2019
****************************************

Information: Updating design information... (UID-85)
Library(s) Used:

    scx3_cmos8rf_lpvt_tt_1p2v_25c (File: /usr/flow/designkits/synthesis/ibm_0.13um/scx3_cmos8rf_lpvt_tt_1p2v_25c.db)

Number of ports:                            9
Number of nets:                            25
Number of cells:                            3
Number of combinational cells:              0
Number of sequential cells:                 0
Number of macros:                           0
Number of buf/inv:                          0
Number of references:                       3

Combinational area:       1088.640017
Noncombinational area:    7077.599903
Net Interconnect area:      undefined  (No wire load specified)

Total cell area:          8166.239920
Total area:                 undefined

Hierarchical area distribution
------------------------------

                                  Global cell area          Local cell area
                                  ------------------  ---------------------------- 
Hierarchical cell                 Absolute   Percent  Combi-     Noncombi-  Black
                                  Total      Total    national   national   boxes   Design
--------------------------------  ---------  -------  ---------  ---------  ------  ---------------------------------------
Skinny_1_0                        8166.2427    100.0     0.0000     0.0000  0.0000  Skinny_1_0
CL                                 734.4001      9.0   335.5201   352.8000  0.0000  ControlLogic_1_0
CL/clk_gate_COUNT_OP_reg            23.0400      0.3     0.0000    23.0400  0.0000  SNPS_CLOCK_GATE_HIGH_ControlLogic_1_0_0
CL/clk_gate_STATE_reg               23.0400      0.3     0.0000    23.0400  0.0000  SNPS_CLOCK_GATE_HIGH_ControlLogic_1_0_1
KE                                3283.1978     40.2    50.4000    34.5600  0.0000  KeyExpansion_1_0
KE/C00                             203.0400      2.5     0.0000     0.0000  0.0000  CellSD_SIZE8_1
KE/C00/DFF                         171.3600      2.1     0.0000   171.3600  0.0000  DataFF_SIZE7_1
KE/C00/SFF                          31.6800      0.4     0.0000    31.6800  0.0000  dflipfloplw_13
KE/C01                             195.8400      2.4     0.0000     0.0000  0.0000  CellDO_SIZE8_1
KE/C01/DFF                         195.8400      2.4     0.0000   195.8400  0.0000  DataFF_SIZE8_1
KE/C02                             195.8400      2.4     0.0000     0.0000  0.0000  CellDO_SIZE8_2
KE/C02/DFF                         195.8400      2.4     0.0000   195.8400  0.0000  DataFF_SIZE8_2
KE/C03                             195.8400      2.4     0.0000     0.0000  0.0000  CellDO_SIZE8_3
KE/C03/DFF                         195.8400      2.4     0.0000   195.8400  0.0000  DataFF_SIZE8_3
KE/C04                             195.8400      2.4     0.0000     0.0000  0.0000  CellDO_SIZE8_4
KE/C04/DFF                         195.8400      2.4     0.0000   195.8400  0.0000  DataFF_SIZE8_4
KE/C05                             195.8400      2.4     0.0000     0.0000  0.0000  CellDO_SIZE8_5
KE/C05/DFF                         195.8400      2.4     0.0000   195.8400  0.0000  DataFF_SIZE8_5
KE/C06                             195.8400      2.4     0.0000     0.0000  0.0000  CellDO_SIZE8_6
KE/C06/DFF                         195.8400      2.4     0.0000   195.8400  0.0000  DataFF_SIZE8_6
KE/C07                             195.8400      2.4     0.0000     0.0000  0.0000  CellDO_SIZE8_7
KE/C07/DFF                         195.8400      2.4     0.0000   195.8400  0.0000  DataFF_SIZE8_7
KE/C08                             203.0400      2.5     0.0000     0.0000  0.0000  CellSD_SIZE8_2
KE/C08/DFF                         171.3600      2.1     0.0000   171.3600  0.0000  DataFF_SIZE7_2
KE/C08/SFF                          31.6800      0.4     0.0000    31.6800  0.0000  dflipfloplw_14
KE/C09                             203.0400      2.5     0.0000     0.0000  0.0000  CellSD_SIZE8_3
KE/C09/DFF                         171.3600      2.1     0.0000   171.3600  0.0000  DataFF_SIZE7_3
KE/C09/SFF                          31.6800      0.4     0.0000    31.6800  0.0000  dflipfloplw_15
KE/C10                             203.0400      2.5     0.0000     0.0000  0.0000  CellSD_SIZE8_4
KE/C10/DFF                         171.3600      2.1     0.0000   171.3600  0.0000  DataFF_SIZE7_4
KE/C10/SFF                          31.6800      0.4     0.0000    31.6800  0.0000  dflipfloplw_16
KE/C11                             203.0400      2.5     0.0000     0.0000  0.0000  CellSD_SIZE8_5
KE/C11/DFF                         171.3600      2.1     0.0000   171.3600  0.0000  DataFF_SIZE7_5
KE/C11/SFF                          31.6800      0.4     0.0000    31.6800  0.0000  dflipfloplw_17
KE/C12                             203.0400      2.5     0.0000     0.0000  0.0000  CellSD_SIZE8_6
KE/C12/DFF                         171.3600      2.1     0.0000   171.3600  0.0000  DataFF_SIZE7_6
KE/C12/SFF                          31.6800      0.4     0.0000    31.6800  0.0000  dflipfloplw_18
KE/C13                             203.0400      2.5     0.0000     0.0000  0.0000  CellSD_SIZE8_7
KE/C13/DFF                         171.3600      2.1     0.0000   171.3600  0.0000  DataFF_SIZE7_7
KE/C13/SFF                          31.6800      0.4     0.0000    31.6800  0.0000  dflipfloplw_19
KE/C14                             203.0400      2.5     0.0000     0.0000  0.0000  CellSD_SIZE8_8
KE/C14/DFF                         171.3600      2.1     0.0000   171.3600  0.0000  DataFF_SIZE7_8
KE/C14/SFF                          31.6800      0.4     0.0000    31.6800  0.0000  dflipfloplw_20
KE/C15                             203.0400      2.5     0.0000     0.0000  0.0000  CellSD_SIZE8_9
KE/C15/DFF                         171.3600      2.1     0.0000   171.3600  0.0000  DataFF_SIZE7_9
KE/C15/SFF                          31.6800      0.4     0.0000    31.6800  0.0000  dflipfloplw_21
KE/P1                                0.0000      0.0     0.0000     0.0000  0.0000  Permutation_1
RF                                4148.6367     50.8    72.0000     0.0000  0.0000  RoundFunction_1_0
RF/C00                             203.0400      2.5     0.0000     0.0000  0.0000  CellSD_SIZE8_10
RF/C00/DFF                         171.3600      2.1     0.0000   171.3600  0.0000  DataFF_SIZE7_10
RF/C00/SFF                          31.6800      0.4     0.0000    31.6800  0.0000  dflipfloplw_22
RF/C01                             195.8400      2.4     0.0000     0.0000  0.0000  CellDO_SIZE8_8
RF/C01/DFF                         195.8400      2.4     0.0000   195.8400  0.0000  DataFF_SIZE8_8
RF/C02                             195.8400      2.4     0.0000     0.0000  0.0000  CellDO_SIZE8_9
RF/C02/DFF                         195.8400      2.4     0.0000   195.8400  0.0000  DataFF_SIZE8_9
RF/C03                             195.8400      2.4     0.0000     0.0000  0.0000  CellDO_SIZE8_0
RF/C03/DFF                         195.8400      2.4     0.0000   195.8400  0.0000  DataFF_SIZE8_0
RF/C04                             203.0400      2.5     0.0000     0.0000  0.0000  CellSD_SIZE8_11
RF/C04/DFF                         171.3600      2.1     0.0000   171.3600  0.0000  DataFF_SIZE7_11
RF/C04/SFF                          31.6800      0.4     0.0000    31.6800  0.0000  dflipfloplw_23
RF/C05                             203.0400      2.5     0.0000     0.0000  0.0000  CellSD_SIZE8_12
RF/C05/DFF                         171.3600      2.1     0.0000   171.3600  0.0000  DataFF_SIZE7_12
RF/C05/SFF                          31.6800      0.4     0.0000    31.6800  0.0000  dflipfloplw_24
RF/C06                             203.0400      2.5     0.0000     0.0000  0.0000  CellSD_SIZE8_13
RF/C06/DFF                         171.3600      2.1     0.0000   171.3600  0.0000  DataFF_SIZE7_13
RF/C06/SFF                          31.6800      0.4     0.0000    31.6800  0.0000  dflipfloplw_25
RF/C07                             593.2800      7.3   280.8000     0.0000  0.0000  CellSB_1_1
RF/C07/SB0                          31.6800      0.4     0.0000     0.0000  0.0000  ScanFF_SIZE1_3
RF/C07/SB0/SFF_0                    31.6800      0.4     0.0000    31.6800  0.0000  dflipfloplw_3
RF/C07/SB1                          24.4800      0.3     0.0000    24.4800  0.0000  DataFF_SIZE1_2
RF/C07/SB2                          24.4800      0.3     0.0000    24.4800  0.0000  DataFF_SIZE1_3
RF/C07/SB3                          31.6800      0.4     0.0000     0.0000  0.0000  ScanFF_SIZE1_4
RF/C07/SB3/SFF_0                    31.6800      0.4     0.0000    31.6800  0.0000  dflipfloplw_4
RF/C07/SB4                          24.4800      0.3     0.0000    24.4800  0.0000  DataFF_SIZE1_4
RF/C07/SB5                          24.4800      0.3     0.0000    24.4800  0.0000  DataFF_SIZE1_5
RF/C07/SB6                          31.6800      0.4     0.0000     0.0000  0.0000  ScanFF_SIZE1_5
RF/C07/SB6/SFF_0                    31.6800      0.4     0.0000    31.6800  0.0000  dflipfloplw_5
RF/C07/SB7                          31.6800      0.4     0.0000     0.0000  0.0000  ScanFF_SIZE1_6
RF/C07/SB7/SFF_0                    31.6800      0.4     0.0000    31.6800  0.0000  dflipfloplw_6
RF/C07/T00                          31.6800      0.4     0.0000     0.0000  0.0000  ScanFF_SIZE1_2
RF/C07/T00/SFF_0                    31.6800      0.4     0.0000    31.6800  0.0000  dflipfloplw_2
RF/C07/T01                          24.4800      0.3     0.0000    24.4800  0.0000  DataFF_SIZE1_1
RF/C07/T02                          31.6800      0.4     0.0000     0.0000  0.0000  ScanFF_SIZE1_1
RF/C07/T02/SFF_0                    31.6800      0.4     0.0000    31.6800  0.0000  dflipfloplw_1
RF/C08                             203.0400      2.5     0.0000     0.0000  0.0000  CellSD_SIZE8_14
RF/C08/DFF                         171.3600      2.1     0.0000   171.3600  0.0000  DataFF_SIZE7_14
RF/C08/SFF                          31.6800      0.4     0.0000    31.6800  0.0000  dflipfloplw_26
RF/C09                             203.0400      2.5     0.0000     0.0000  0.0000  CellSD_SIZE8_15
RF/C09/DFF                         171.3600      2.1     0.0000   171.3600  0.0000  DataFF_SIZE7_15
RF/C09/SFF                          31.6800      0.4     0.0000    31.6800  0.0000  dflipfloplw_27
RF/C10                             203.0400      2.5     0.0000     0.0000  0.0000  CellSD_SIZE8_16
RF/C10/DFF                         171.3600      2.1     0.0000   171.3600  0.0000  DataFF_SIZE7_16
RF/C10/SFF                          31.6800      0.4     0.0000    31.6800  0.0000  dflipfloplw_28
RF/C11                             203.0400      2.5     0.0000     0.0000  0.0000  CellSD_SIZE8_17
RF/C11/DFF                         171.3600      2.1     0.0000   171.3600  0.0000  DataFF_SIZE7_17
RF/C11/SFF                          31.6800      0.4     0.0000    31.6800  0.0000  dflipfloplw_29
RF/C12                             203.0400      2.5     0.0000     0.0000  0.0000  CellSD_SIZE8_18
RF/C12/DFF                         171.3600      2.1     0.0000   171.3600  0.0000  DataFF_SIZE7_18
RF/C12/SFF                          31.6800      0.4     0.0000    31.6800  0.0000  dflipfloplw_30
RF/C13                             203.0400      2.5     0.0000     0.0000  0.0000  CellSD_SIZE8_19
RF/C13/DFF                         171.3600      2.1     0.0000   171.3600  0.0000  DataFF_SIZE7_19
RF/C13/SFF                          31.6800      0.4     0.0000    31.6800  0.0000  dflipfloplw_31
RF/C14                             203.0400      2.5     0.0000     0.0000  0.0000  CellSD_SIZE8_0
RF/C14/DFF                         171.3600      2.1     0.0000   171.3600  0.0000  DataFF_SIZE7_0
RF/C14/SFF                          31.6800      0.4     0.0000    31.6800  0.0000  dflipfloplw_0
RF/C15                             593.2800      7.3   280.8000     0.0000  0.0000  CellSB_1_0
RF/C15/SB0                          31.6800      0.4     0.0000     0.0000  0.0000  ScanFF_SIZE1_9
RF/C15/SB0/SFF_0                    31.6800      0.4     0.0000    31.6800  0.0000  dflipfloplw_9
RF/C15/SB1                          24.4800      0.3     0.0000    24.4800  0.0000  DataFF_SIZE1_7
RF/C15/SB2                          24.4800      0.3     0.0000    24.4800  0.0000  DataFF_SIZE1_8
RF/C15/SB3                          31.6800      0.4     0.0000     0.0000  0.0000  ScanFF_SIZE1_10
RF/C15/SB3/SFF_0                    31.6800      0.4     0.0000    31.6800  0.0000  dflipfloplw_10
RF/C15/SB4                          24.4800      0.3     0.0000    24.4800  0.0000  DataFF_SIZE1_9
RF/C15/SB5                          24.4800      0.3     0.0000    24.4800  0.0000  DataFF_SIZE1_0
RF/C15/SB6                          31.6800      0.4     0.0000     0.0000  0.0000  ScanFF_SIZE1_11
RF/C15/SB6/SFF_0                    31.6800      0.4     0.0000    31.6800  0.0000  dflipfloplw_11
RF/C15/SB7                          31.6800      0.4     0.0000     0.0000  0.0000  ScanFF_SIZE1_0
RF/C15/SB7/SFF_0                    31.6800      0.4     0.0000    31.6800  0.0000  dflipfloplw_12
RF/C15/T00                          31.6800      0.4     0.0000     0.0000  0.0000  ScanFF_SIZE1_8
RF/C15/T00/SFF_0                    31.6800      0.4     0.0000    31.6800  0.0000  dflipfloplw_8
RF/C15/T01                          24.4800      0.3     0.0000    24.4800  0.0000  DataFF_SIZE1_6
RF/C15/T02                          31.6800      0.4     0.0000     0.0000  0.0000  ScanFF_SIZE1_7
RF/C15/T02/SFF_0                    31.6800      0.4     0.0000    31.6800  0.0000  dflipfloplw_7
RF/KA                               34.5600      0.4    34.5600     0.0000  0.0000  AddConstKey_1_0
RF/MC                               34.5600      0.4    34.5600     0.0000  0.0000  MixColumns_1
RF/SR                                0.0000      0.0     0.0000     0.0000  0.0000  ShiftRows_1
--------------------------------  ---------  -------  ---------  ---------  ------  ---------------------------------------
Total                                                 1088.6403  7077.6021  0.0000

1
